[  9%] Built target brisk_external
[ 11%] Built target okvis_util
[ 20%] Built target ceres_external
[ 29%] Built target opengv_external
[ 34%] Built target okvis_matcher
[ 35%] Built target okvis_ros_gencfg
[ 37%] Built target okvis_kinematics
[ 41%] Built target okvis_time
[ 44%] Built target okvis_timing
[ 48%] Built target okvis_cv
[ 51%] Built target okvis_common
[35m[1mScanning dependencies of target okvis_ceres[0m
[ 54%] [32mBuilding CXX object okvis/okvis_ceres/CMakeFiles/okvis_ceres.dir/src/pointclassifier.cpp.o[0m
[ 54%] [32mBuilding CXX object okvis/okvis_ceres/CMakeFiles/okvis_ceres.dir/src/Estimator.cpp.o[0m
[ 55%] [32m[1mLinking CXX static library /home/davencyw/catkinws/dynokvis/devel/.private/okvis_ros/lib/libokvis_ceres.a[0m
[ 72%] Built target okvis_ceres
[35m[1mScanning dependencies of target okvis_frontend[0m
[ 73%] [32mBuilding CXX object okvis/okvis_frontend/CMakeFiles/okvis_frontend.dir/src/Frontend.cpp.o[0m
[ 74%] [32mBuilding CXX object okvis/okvis_frontend/CMakeFiles/okvis_frontend.dir/src/VioKeyframeWindowMatchingAlgorithm.cpp.o[0m
[ 75%] [32mBuilding CXX object okvis/okvis_frontend/CMakeFiles/okvis_frontend.dir/src/FrameNoncentralAbsoluteAdapter.cpp.o[0m
[ 77%] [32mBuilding CXX object okvis/okvis_frontend/CMakeFiles/okvis_frontend.dir/src/FrameRelativeAdapter.cpp.o[0m
[ 78%] [32m[1mLinking CXX static library /home/davencyw/catkinws/dynokvis/devel/.private/okvis_ros/lib/libokvis_frontend.a[0m
[ 80%] Built target okvis_frontend
[35m[1mScanning dependencies of target okvis_multisensor_processing[0m
[ 82%] [32mBuilding CXX object okvis/okvis_multisensor_processing/CMakeFiles/okvis_multisensor_processing.dir/src/VioVisualizer.cpp.o[0m
[ 82%] [32mBuilding CXX object okvis/okvis_multisensor_processing/CMakeFiles/okvis_multisensor_processing.dir/src/ThreadedKFVio.cpp.o[0m
[01m[K/home/davencyw/catkinws/dynokvis/src/okvis_ros/okvis/okvis_multisensor_processing/src/VioVisualizer.cpp:[m[K In member function ‘[01m[Kcv::Mat okvis::VioVisualizer::drawMatches(okvis::VioVisualizer::VisualizationData::Ptr&, std::size_t)[m[K’:
[01m[K/home/davencyw/catkinws/dynokvis/src/okvis_ros/okvis/okvis_multisensor_processing/src/VioVisualizer.cpp:229:20:[m[K [01;35m[Kwarning: [m[Kunused variable ‘[01m[Kresidual[m[K’ [-Wunused-variable]
       const double residual(*residualptr);
[01;32m[K                    ^[m[K
[ 83%] [32m[1mLinking CXX static library /home/davencyw/catkinws/dynokvis/devel/.private/okvis_ros/lib/libokvis_multisensor_processing.a[0m
[ 86%] Built target okvis_multisensor_processing
[35m[1mScanning dependencies of target okvis_ros[0m
[35m[1mScanning dependencies of target okvis_app_synchronous[0m
[ 87%] [32mBuilding CXX object CMakeFiles/okvis_ros.dir/src/Subscriber.cpp.o[0m
[ 88%] [32mBuilding CXX object okvis/CMakeFiles/okvis_app_synchronous.dir/okvis_apps/src/okvis_app_synchronous.cpp.o[0m
In file included from [01m[K/home/davencyw/catkinws/dynokvis/src/okvis_ros/okvis/okvis_ceres/include/okvis/Estimator.hpp:66:0[m[K,
                 from [01m[K/home/davencyw/catkinws/dynokvis/src/okvis_ros/okvis/okvis_frontend/include/okvis/Frontend.hpp:46[m[K,
                 from [01m[K/home/davencyw/catkinws/dynokvis/src/okvis_ros/okvis/okvis_multisensor_processing/include/okvis/ThreadedKFVio.hpp:51[m[K,
                 from [01m[K/home/davencyw/catkinws/dynokvis/src/okvis_ros/include/okvis/Subscriber.hpp:70[m[K,
                 from [01m[K/home/davencyw/catkinws/dynokvis/src/okvis_ros/src/Subscriber.cpp:42[m[K:
[01m[K/home/davencyw/catkinws/dynokvis/src/okvis_ros/okvis/okvis_ceres/include/okvis/dynenv/pointclassifier.hpp:15:7:[m[K [01;35m[Kwarning: [m[K‘[01m[Kclass okvis::ceres::dynenv::Pointclassifier[m[K’ has virtual functions and accessible non-virtual destructor [-Wnon-virtual-dtor]
 class Pointclassifier {
[01;32m[K       ^[m[K
[01m[K/home/davencyw/catkinws/dynokvis/src/okvis_ros/okvis/okvis_ceres/include/okvis/dynenv/pointclassifier.hpp:81:7:[m[K [01;35m[Kwarning: [m[Kbase class ‘[01m[Kclass okvis::ceres::dynenv::Pointclassifier[m[K’ has accessible non-virtual destructor [-Wnon-virtual-dtor]
 class Dep3 : public Pointclassifier{
[01;32m[K       ^[m[K
[01m[K/home/davencyw/catkinws/dynokvis/src/okvis_ros/okvis/okvis_ceres/include/okvis/dynenv/pointclassifier.hpp:81:7:[m[K [01;35m[Kwarning: [m[K‘[01m[Kclass okvis::ceres::dynenv::Dep3[m[K’ has virtual functions and accessible non-virtual destructor [-Wnon-virtual-dtor]
In file included from [01m[K/home/davencyw/catkinws/dynokvis/src/okvis_ros/okvis/okvis_ceres/include/okvis/Estimator.hpp:67:0[m[K,
                 from [01m[K/home/davencyw/catkinws/dynokvis/src/okvis_ros/okvis/okvis_frontend/include/okvis/Frontend.hpp:46[m[K,
                 from [01m[K/home/davencyw/catkinws/dynokvis/src/okvis_ros/okvis/okvis_multisensor_processing/include/okvis/ThreadedKFVio.hpp:51[m[K,
                 from [01m[K/home/davencyw/catkinws/dynokvis/src/okvis_ros/include/okvis/Subscriber.hpp:70[m[K,
                 from [01m[K/home/davencyw/catkinws/dynokvis/src/okvis_ros/src/Subscriber.cpp:42[m[K:
[01m[K/home/davencyw/catkinws/dynokvis/src/okvis_ros/okvis/okvis_ceres/include/okvis/dynenv/cluster.hpp:29:7:[m[K [01;35m[Kwarning: [m[K‘[01m[Kclass okvis::ceres::dynenv::ClusterAlgorithm[m[K’ has virtual functions and accessible non-virtual destructor [-Wnon-virtual-dtor]
 class ClusterAlgorithm{
[01;32m[K       ^[m[K
[01m[K/home/davencyw/catkinws/dynokvis/src/okvis_ros/okvis/okvis_ceres/include/okvis/dynenv/cluster.hpp:65:7:[m[K [01;35m[Kwarning: [m[Kbase class ‘[01m[Kclass okvis::ceres::dynenv::ClusterAlgorithm[m[K’ has accessible non-virtual destructor [-Wnon-virtual-dtor]
 class SimpleCluster : public ClusterAlgorithm{
[01;32m[K       ^[m[K
[01m[K/home/davencyw/catkinws/dynokvis/src/okvis_ros/okvis/okvis_ceres/include/okvis/dynenv/cluster.hpp:65:7:[m[K [01;35m[Kwarning: [m[K‘[01m[Kclass okvis::ceres::dynenv::SimpleCluster[m[K’ has virtual functions and accessible non-virtual destructor [-Wnon-virtual-dtor]
[ 89%] [32m[1mLinking CXX executable /home/davencyw/catkinws/dynokvis/devel/.private/okvis_ros/lib/okvis_ros/okvis_app_synchronous[0m
/usr/bin/ld: warning: libboost_system.so.1.58.0, needed by /usr/local/lib/libvisensor.so, may conflict with libboost_system.so.1.67.0
[ 89%] Built target okvis_app_synchronous
[ 90%] [32m[1mLinking CXX static library /home/davencyw/catkinws/dynokvis/devel/.private/okvis_ros/lib/libokvis_ros.a[0m
[ 93%] Built target okvis_ros
[35m[1mScanning dependencies of target okvis_node_synchronous[0m
[35m[1mScanning dependencies of target okvis_node[0m
[ 94%] [32m[1mLinking CXX executable /home/davencyw/catkinws/dynokvis/devel/.private/okvis_ros/lib/okvis_ros/dataset_convertor[0m
[ 95%] [32mBuilding CXX object CMakeFiles/okvis_node.dir/src/okvis_node.cpp.o[0m
[ 96%] [32mBuilding CXX object CMakeFiles/okvis_node_synchronous.dir/src/okvis_node_synchronous.cpp.o[0m
[ 97%] Built target dataset_convertor
In file included from [01m[K/home/davencyw/catkinws/dynokvis/src/okvis_ros/okvis/okvis_ceres/include/okvis/Estimator.hpp:66:0[m[K,
                 from [01m[K/home/davencyw/catkinws/dynokvis/src/okvis_ros/okvis/okvis_frontend/include/okvis/Frontend.hpp:46[m[K,
                 from [01m[K/home/davencyw/catkinws/dynokvis/src/okvis_ros/okvis/okvis_multisensor_processing/include/okvis/ThreadedKFVio.hpp:51[m[K,
                 from [01m[K/home/davencyw/catkinws/dynokvis/src/okvis_ros/include/okvis/Subscriber.hpp:70[m[K,
                 from [01m[K/home/davencyw/catkinws/dynokvis/src/okvis_ros/src/okvis_node.cpp:55[m[K:
[01m[K/home/davencyw/catkinws/dynokvis/src/okvis_ros/okvis/okvis_ceres/include/okvis/dynenv/pointclassifier.hpp:15:7:[m[K [01;35m[Kwarning: [m[K‘[01m[Kclass okvis::ceres::dynenv::Pointclassifier[m[K’ has virtual functions and accessible non-virtual destructor [-Wnon-virtual-dtor]
 class Pointclassifier {
[01;32m[K       ^[m[K
[01m[K/home/davencyw/catkinws/dynokvis/src/okvis_ros/okvis/okvis_ceres/include/okvis/dynenv/pointclassifier.hpp:81:7:[m[K [01;35m[Kwarning: [m[Kbase class ‘[01m[Kclass okvis::ceres::dynenv::Pointclassifier[m[K’ has accessible non-virtual destructor [-Wnon-virtual-dtor]
 class Dep3 : public Pointclassifier{
[01;32m[K       ^[m[K
[01m[K/home/davencyw/catkinws/dynokvis/src/okvis_ros/okvis/okvis_ceres/include/okvis/dynenv/pointclassifier.hpp:81:7:[m[K [01;35m[Kwarning: [m[K‘[01m[Kclass okvis::ceres::dynenv::Dep3[m[K’ has virtual functions and accessible non-virtual destructor [-Wnon-virtual-dtor]
In file included from [01m[K/home/davencyw/catkinws/dynokvis/src/okvis_ros/okvis/okvis_ceres/include/okvis/Estimator.hpp:66:0[m[K,
                 from [01m[K/home/davencyw/catkinws/dynokvis/src/okvis_ros/okvis/okvis_frontend/include/okvis/Frontend.hpp:46[m[K,
                 from [01m[K/home/davencyw/catkinws/dynokvis/src/okvis_ros/okvis/okvis_multisensor_processing/include/okvis/ThreadedKFVio.hpp:51[m[K,
                 from [01m[K/home/davencyw/catkinws/dynokvis/src/okvis_ros/include/okvis/Subscriber.hpp:70[m[K,
                 from [01m[K/home/davencyw/catkinws/dynokvis/src/okvis_ros/src/okvis_node_synchronous.cpp:59[m[K:
[01m[K/home/davencyw/catkinws/dynokvis/src/okvis_ros/okvis/okvis_ceres/include/okvis/dynenv/pointclassifier.hpp:15:7:[m[K [01;35m[Kwarning: [m[K‘[01m[Kclass okvis::ceres::dynenv::Pointclassifier[m[K’ has virtual functions and accessible non-virtual destructor [-Wnon-virtual-dtor]
 class Pointclassifier {
[01;32m[K       ^[m[K
[01m[K/home/davencyw/catkinws/dynokvis/src/okvis_ros/okvis/okvis_ceres/include/okvis/dynenv/pointclassifier.hpp:81:7:[m[K [01;35m[Kwarning: [m[Kbase class ‘[01m[Kclass okvis::ceres::dynenv::Pointclassifier[m[K’ has accessible non-virtual destructor [-Wnon-virtual-dtor]
 class Dep3 : public Pointclassifier{
[01;32m[K       ^[m[K
[01m[K/home/davencyw/catkinws/dynokvis/src/okvis_ros/okvis/okvis_ceres/include/okvis/dynenv/pointclassifier.hpp:81:7:[m[K [01;35m[Kwarning: [m[K‘[01m[Kclass okvis::ceres::dynenv::Dep3[m[K’ has virtual functions and accessible non-virtual destructor [-Wnon-virtual-dtor]
In file included from [01m[K/home/davencyw/catkinws/dynokvis/src/okvis_ros/okvis/okvis_ceres/include/okvis/Estimator.hpp:67:0[m[K,
                 from [01m[K/home/davencyw/catkinws/dynokvis/src/okvis_ros/okvis/okvis_frontend/include/okvis/Frontend.hpp:46[m[K,
                 from [01m[K/home/davencyw/catkinws/dynokvis/src/okvis_ros/okvis/okvis_multisensor_processing/include/okvis/ThreadedKFVio.hpp:51[m[K,
                 from [01m[K/home/davencyw/catkinws/dynokvis/src/okvis_ros/include/okvis/Subscriber.hpp:70[m[K,
                 from [01m[K/home/davencyw/catkinws/dynokvis/src/okvis_ros/src/okvis_node.cpp:55[m[K:
[01m[K/home/davencyw/catkinws/dynokvis/src/okvis_ros/okvis/okvis_ceres/include/okvis/dynenv/cluster.hpp:29:7:[m[K [01;35m[Kwarning: [m[K‘[01m[Kclass okvis::ceres::dynenv::ClusterAlgorithm[m[K’ has virtual functions and accessible non-virtual destructor [-Wnon-virtual-dtor]
 class ClusterAlgorithm{
[01;32m[K       ^[m[K
[01m[K/home/davencyw/catkinws/dynokvis/src/okvis_ros/okvis/okvis_ceres/include/okvis/dynenv/cluster.hpp:65:7:[m[K [01;35m[Kwarning: [m[Kbase class ‘[01m[Kclass okvis::ceres::dynenv::ClusterAlgorithm[m[K’ has accessible non-virtual destructor [-Wnon-virtual-dtor]
 class SimpleCluster : public ClusterAlgorithm{
[01;32m[K       ^[m[K
[01m[K/home/davencyw/catkinws/dynokvis/src/okvis_ros/okvis/okvis_ceres/include/okvis/dynenv/cluster.hpp:65:7:[m[K [01;35m[Kwarning: [m[K‘[01m[Kclass okvis::ceres::dynenv::SimpleCluster[m[K’ has virtual functions and accessible non-virtual destructor [-Wnon-virtual-dtor]
In file included from [01m[K/home/davencyw/catkinws/dynokvis/src/okvis_ros/okvis/okvis_ceres/include/okvis/Estimator.hpp:67:0[m[K,
                 from [01m[K/home/davencyw/catkinws/dynokvis/src/okvis_ros/okvis/okvis_frontend/include/okvis/Frontend.hpp:46[m[K,
                 from [01m[K/home/davencyw/catkinws/dynokvis/src/okvis_ros/okvis/okvis_multisensor_processing/include/okvis/ThreadedKFVio.hpp:51[m[K,
                 from [01m[K/home/davencyw/catkinws/dynokvis/src/okvis_ros/include/okvis/Subscriber.hpp:70[m[K,
                 from [01m[K/home/davencyw/catkinws/dynokvis/src/okvis_ros/src/okvis_node_synchronous.cpp:59[m[K:
[01m[K/home/davencyw/catkinws/dynokvis/src/okvis_ros/okvis/okvis_ceres/include/okvis/dynenv/cluster.hpp:29:7:[m[K [01;35m[Kwarning: [m[K‘[01m[Kclass okvis::ceres::dynenv::ClusterAlgorithm[m[K’ has virtual functions and accessible non-virtual destructor [-Wnon-virtual-dtor]
 class ClusterAlgorithm{
[01;32m[K       ^[m[K
[01m[K/home/davencyw/catkinws/dynokvis/src/okvis_ros/okvis/okvis_ceres/include/okvis/dynenv/cluster.hpp:65:7:[m[K [01;35m[Kwarning: [m[Kbase class ‘[01m[Kclass okvis::ceres::dynenv::ClusterAlgorithm[m[K’ has accessible non-virtual destructor [-Wnon-virtual-dtor]
 class SimpleCluster : public ClusterAlgorithm{
[01;32m[K       ^[m[K
[01m[K/home/davencyw/catkinws/dynokvis/src/okvis_ros/okvis/okvis_ceres/include/okvis/dynenv/cluster.hpp:65:7:[m[K [01;35m[Kwarning: [m[K‘[01m[Kclass okvis::ceres::dynenv::SimpleCluster[m[K’ has virtual functions and accessible non-virtual destructor [-Wnon-virtual-dtor]
[ 98%] [32m[1mLinking CXX executable /home/davencyw/catkinws/dynokvis/devel/.private/okvis_ros/lib/okvis_ros/okvis_node[0m
[100%] [32m[1mLinking CXX executable /home/davencyw/catkinws/dynokvis/devel/.private/okvis_ros/lib/okvis_ros/okvis_node_synchronous[0m
[100%] Built target okvis_node
[100%] Built target okvis_node_synchronous
