In file included from [01m[K/home/davencyw/catkinws/dynokvis/src/okvis_ros/okvis/okvis_ceres/src/cluster.cpp:1:0[m[K:
[01m[K/home/davencyw/catkinws/dynokvis/src/okvis_ros/okvis/okvis_ceres/include/okvis/dynenv/cluster.hpp:32:16:[m[K [01;31m[Kerror: [m[K‘[01m[KMultiFramePtr[m[K’ in namespace ‘[01m[Kokvis[m[K’ does not name a type
   const okvis::MultiFramePtr frame);
[01;32m[K                ^[m[K
[01m[K/home/davencyw/catkinws/dynokvis/src/okvis_ros/okvis/okvis_ceres/include/okvis/dynenv/cluster.hpp:49:47:[m[K [01;31m[Kerror: [m[K‘[01m[KMultiFramePtr[m[K’ in namespace ‘[01m[Kokvis[m[K’ does not name a type
                                  const okvis::MultiFramePtr frame);
[01;32m[K                                               ^[m[K
[01m[K/home/davencyw/catkinws/dynokvis/src/okvis_ros/okvis/okvis_ceres/src/cluster.cpp:9:45:[m[K [01;31m[Kerror: [m[K‘[01m[KMultiFramePtr[m[K’ in namespace ‘[01m[Kokvis[m[K’ does not name a type
                                const okvis::MultiFramePtr frame) {
[01;32m[K                                             ^[m[K
[01m[K/home/davencyw/catkinws/dynokvis/src/okvis_ros/okvis/okvis_ceres/src/cluster.cpp:[m[K In member function ‘[01m[Kvoid okvis::ceres::dynenv::ClusterAlgorithm::cluster(okvis::PointMap&, std::deque<std::vector<okvis::ceres::dynenv::Cluster> >&, uint64_t, uint64_t, int)[m[K’:
[01m[K/home/davencyw/catkinws/dynokvis/src/okvis_ros/okvis/okvis_ceres/src/cluster.cpp:17:71:[m[K [01;31m[Kerror: [m[Kno matching function for call to ‘[01m[Kokvis::ceres::dynenv::ClusterAlgorithm::selectPointsAndReduce(okvis::PointMap&, std::vector<std::pair<okvis::MapPoint*, double> >&, std::deque<std::vector<okvis::ceres::dynenv::Cluster> >&, const uint64_t&)[m[K’
   selectPointsAndReduce(pointmap, cluster_candidates, cluster, frameId);
[01;32m[K                                                                       ^[m[K
In file included from [01m[K/home/davencyw/catkinws/dynokvis/src/okvis_ros/okvis/okvis_ceres/src/cluster.cpp:1:0[m[K:
[01m[K/home/davencyw/catkinws/dynokvis/src/okvis_ros/okvis/okvis_ceres/include/okvis/dynenv/cluster.hpp:46:8:[m[K [01;36m[Knote: [m[Kcandidate: void okvis::ceres::dynenv::ClusterAlgorithm::selectPointsAndReduce(okvis::PointMap&, std::deque<std::vector<okvis::ceres::dynenv::Cluster> >&, uint64_t, uint64_t, int)
   void selectPointsAndReduce(PointMap& pointmap,
[01;32m[K        ^[m[K
[01m[K/home/davencyw/catkinws/dynokvis/src/okvis_ros/okvis/okvis_ceres/include/okvis/dynenv/cluster.hpp:46:8:[m[K [01;36m[Knote: [m[K  candidate expects 5 arguments, 4 provided
[01m[K/home/davencyw/catkinws/dynokvis/src/okvis_ros/okvis/okvis_ceres/src/cluster.cpp:[m[K At global scope:
[01m[K/home/davencyw/catkinws/dynokvis/src/okvis_ros/okvis/okvis_ceres/src/cluster.cpp:73:31:[m[K [01;31m[Kerror: [m[Kexpected ‘[01m[K,[m[K’ or ‘[01m[K...[m[K’ before ‘[01m[Kconst[m[K’
                               const std::deque<std::vector<Cluster>> &cluster, const uint64_t frameId,
[01;32m[K                               ^[m[K
[01m[K/home/davencyw/catkinws/dynokvis/src/okvis_ros/okvis/okvis_ceres/src/cluster.cpp:71:6:[m[K [01;31m[Kerror: [m[Kprototype for ‘[01m[Kvoid okvis::ceres::dynenv::ClusterAlgorithm::selectPointsAndReduce(okvis::PointMap&, std::vector<std::pair<okvis::MapPoint*, double> >&)[m[K’ does not match any in class ‘[01m[Kokvis::ceres::dynenv::ClusterAlgorithm[m[K’
 void ClusterAlgorithm::selectPointsAndReduce(PointMap& pointmap,
[01;32m[K      ^[m[K
In file included from [01m[K/home/davencyw/catkinws/dynokvis/src/okvis_ros/okvis/okvis_ceres/src/cluster.cpp:1:0[m[K:
[01m[K/home/davencyw/catkinws/dynokvis/src/okvis_ros/okvis/okvis_ceres/include/okvis/dynenv/cluster.hpp:46:8:[m[K [01;31m[Kerror: [m[Kcandidate is: void okvis::ceres::dynenv::ClusterAlgorithm::selectPointsAndReduce(okvis::PointMap&, std::deque<std::vector<okvis::ceres::dynenv::Cluster> >&, uint64_t, uint64_t, int)
   void selectPointsAndReduce(PointMap& pointmap,
[01;32m[K        ^[m[K
make[2]: *** [okvis/okvis_ceres/CMakeFiles/okvis_ceres.dir/src/cluster.cpp.o] Error 1
make[2]: *** Waiting for unfinished jobs....
make[1]: *** [okvis/okvis_ceres/CMakeFiles/okvis_ceres.dir/all] Error 2
make: *** [all] Error 2
