[01m[K/home/davencyw/catkinws/dynokvis/src/okvis_ros/src/dataset_convertor.cpp:161:40:[m[K [01;31m[Kerror: [m[Ktemplate argument 1 is invalid
 void writeImuHeader(shared_ptr<ofstream> file)
[01;32m[K                                        ^[m[K
[01m[K/home/davencyw/catkinws/dynokvis/src/okvis_ros/src/dataset_convertor.cpp:161:40:[m[K [01;31m[Kerror: [m[Ktemplate argument 1 is invalid
[01m[K/home/davencyw/catkinws/dynokvis/src/okvis_ros/src/dataset_convertor.cpp:161:40:[m[K [01;31m[Kerror: [m[Ktemplate argument 1 is invalid
[01m[K/home/davencyw/catkinws/dynokvis/src/okvis_ros/src/dataset_convertor.cpp:161:40:[m[K [01;31m[Kerror: [m[Ktemplate argument 1 is invalid
[01m[K/home/davencyw/catkinws/dynokvis/src/okvis_ros/src/dataset_convertor.cpp:161:40:[m[K [01;31m[Kerror: [m[Ktemplate argument 1 is invalid
[01m[K/home/davencyw/catkinws/dynokvis/src/okvis_ros/src/dataset_convertor.cpp:161:21:[m[K [01;31m[Kerror: [m[Kvariable or field ‘[01m[KwriteImuHeader[m[K’ declared void
 void writeImuHeader(shared_ptr<ofstream> file)
[01;32m[K                     ^[m[K
[01m[K/home/davencyw/catkinws/dynokvis/src/okvis_ros/src/dataset_convertor.cpp:161:40:[m[K [01;31m[Kerror: [m[Ktemplate argument 1 is invalid
 void writeImuHeader(shared_ptr<ofstream> file)
[01;32m[K                                        ^[m[K
[01m[K/home/davencyw/catkinws/dynokvis/src/okvis_ros/src/dataset_convertor.cpp:168:42:[m[K [01;31m[Kerror: [m[Ktemplate argument 1 is invalid
 void writeViconHeader(shared_ptr<ofstream> file)
[01;32m[K                                          ^[m[K
[01m[K/home/davencyw/catkinws/dynokvis/src/okvis_ros/src/dataset_convertor.cpp:168:42:[m[K [01;31m[Kerror: [m[Ktemplate argument 1 is invalid
[01m[K/home/davencyw/catkinws/dynokvis/src/okvis_ros/src/dataset_convertor.cpp:168:42:[m[K [01;31m[Kerror: [m[Ktemplate argument 1 is invalid
[01m[K/home/davencyw/catkinws/dynokvis/src/okvis_ros/src/dataset_convertor.cpp:168:42:[m[K [01;31m[Kerror: [m[Ktemplate argument 1 is invalid
[01m[K/home/davencyw/catkinws/dynokvis/src/okvis_ros/src/dataset_convertor.cpp:168:42:[m[K [01;31m[Kerror: [m[Ktemplate argument 1 is invalid
[01m[K/home/davencyw/catkinws/dynokvis/src/okvis_ros/src/dataset_convertor.cpp:168:23:[m[K [01;31m[Kerror: [m[Kvariable or field ‘[01m[KwriteViconHeader[m[K’ declared void
 void writeViconHeader(shared_ptr<ofstream> file)
[01;32m[K                       ^[m[K
[01m[K/home/davencyw/catkinws/dynokvis/src/okvis_ros/src/dataset_convertor.cpp:168:42:[m[K [01;31m[Kerror: [m[Ktemplate argument 1 is invalid
 void writeViconHeader(shared_ptr<ofstream> file)
[01;32m[K                                          ^[m[K
[01m[K/home/davencyw/catkinws/dynokvis/src/okvis_ros/src/dataset_convertor.cpp:[m[K In function ‘[01m[Kvoid writeCSVHeaders(std::map<std::__cxx11::basic_string<char>, std::shared_ptr<std::basic_ofstream<char> > >&, const std::map<std::__cxx11::basic_string<char>, std::map<std::__cxx11::basic_string<char>, std::__cxx11::basic_string<char> > >&)[m[K’:
[01m[K/home/davencyw/catkinws/dynokvis/src/okvis_ros/src/dataset_convertor.cpp:181:43:[m[K [01;31m[Kerror: [m[K‘[01m[KwriteImuHeader[m[K’ was not declared in this scope
       writeImuHeader(files[iterator.first]);
[01;32m[K                                           ^[m[K
[01m[K/home/davencyw/catkinws/dynokvis/src/okvis_ros/src/dataset_convertor.cpp:183:45:[m[K [01;31m[Kerror: [m[K‘[01m[KwriteViconHeader[m[K’ was not declared in this scope
       writeViconHeader(files[iterator.first]);
[01;32m[K                                             ^[m[K
[01m[K/home/davencyw/catkinws/dynokvis/src/okvis_ros/src/dataset_convertor.cpp:[m[K At global scope:
[01m[K/home/davencyw/catkinws/dynokvis/src/okvis_ros/src/dataset_convertor.cpp:187:32:[m[K [01;31m[Kerror: [m[Ktemplate argument 1 is invalid
 map<string, shared_ptr<ofstream> > openFileStreams(
[01;32m[K                                ^[m[K
[01m[K/home/davencyw/catkinws/dynokvis/src/okvis_ros/src/dataset_convertor.cpp:187:34:[m[K [01;31m[Kerror: [m[Ktemplate argument 2 is invalid
 map<string, shared_ptr<ofstream> > openFileStreams(
[01;32m[K                                  ^[m[K
[01m[K/home/davencyw/catkinws/dynokvis/src/okvis_ros/src/dataset_convertor.cpp:187:34:[m[K [01;31m[Kerror: [m[Ktemplate argument 4 is invalid
[01m[K/home/davencyw/catkinws/dynokvis/src/okvis_ros/src/dataset_convertor.cpp:[m[K In function ‘[01m[Kint openFileStreams(std::__cxx11::string, std::map<std::__cxx11::basic_string<char>, std::map<std::__cxx11::basic_string<char>, std::__cxx11::basic_string<char> > >&)[m[K’:
[01m[K/home/davencyw/catkinws/dynokvis/src/okvis_ros/src/dataset_convertor.cpp:190:26:[m[K [01;31m[Kerror: [m[Ktemplate argument 1 is invalid
   map<string, shared_ptr<ofstream>> topic2file_map;
[01;32m[K                          ^[m[K
[01m[K/home/davencyw/catkinws/dynokvis/src/okvis_ros/src/dataset_convertor.cpp:190:34:[m[K [01;31m[Kerror: [m[Ktemplate argument 2 is invalid
   map<string, shared_ptr<ofstream>> topic2file_map;
[01;32m[K                                  ^[m[K
[01m[K/home/davencyw/catkinws/dynokvis/src/okvis_ros/src/dataset_convertor.cpp:190:34:[m[K [01;31m[Kerror: [m[Ktemplate argument 4 is invalid
[01m[K/home/davencyw/catkinws/dynokvis/src/okvis_ros/src/dataset_convertor.cpp:194:5:[m[K [01;31m[Kerror: [m[Kreference to ‘[01m[Kofstream[m[K’ is ambiguous
     ofstream *file = new ofstream(csv_file_path.c_str());
[01;32m[K     ^[m[K
In file included from [01m[K/usr/include/c++/5/bits/localefwd.h:41:0[m[K,
                 from [01m[K/usr/include/c++/5/string:43[m[K,
                 from [01m[K/usr/include/c++/5/stdexcept:39[m[K,
                 from [01m[K/usr/include/c++/5/array:38[m[K,
                 from [01m[K/usr/include/c++/5/tuple:39[m[K,
                 from [01m[K/usr/include/c++/5/bits/stl_map.h:63[m[K,
                 from [01m[K/usr/include/c++/5/map:61[m[K,
                 from [01m[K/home/davencyw/catkinws/dynokvis/src/okvis_ros/src/dataset_convertor.cpp:41[m[K:
[01m[K/usr/include/c++/5/iosfwd:165:34:[m[K [01;36m[Knote: [m[Kcandidates are: typedef class std::basic_ofstream<char> std::ofstream
   typedef basic_ofstream<char>   ofstream;
[01;32m[K                                  ^[m[K
In file included from [01m[K/usr/local/include/boost/filesystem/string_file.hpp:14:0[m[K,
                 from [01m[K/usr/local/include/boost/filesystem.hpp:19[m[K,
                 from [01m[K/home/davencyw/catkinws/dynokvis/src/okvis_ros/src/dataset_convertor.cpp:71[m[K:
[01m[K/usr/local/include/boost/filesystem/fstream.hpp:170:32:[m[K [01;36m[Knote: [m[K                typedef class boost::filesystem::basic_ofstream<char> boost::filesystem::ofstream
   typedef basic_ofstream<char> ofstream;
[01;32m[K                                ^[m[K
[01m[K/home/davencyw/catkinws/dynokvis/src/okvis_ros/src/dataset_convertor.cpp:194:15:[m[K [01;31m[Kerror: [m[K‘[01m[Kfile[m[K’ was not declared in this scope
     ofstream *file = new ofstream(csv_file_path.c_str());
[01;32m[K               ^[m[K
[01m[K/home/davencyw/catkinws/dynokvis/src/okvis_ros/src/dataset_convertor.cpp:194:26:[m[K [01;31m[Kerror: [m[Kexpected type-specifier before ‘[01m[Kofstream[m[K’
     ofstream *file = new ofstream(csv_file_path.c_str());
[01;32m[K                          ^[m[K
[01m[K/home/davencyw/catkinws/dynokvis/src/okvis_ros/src/dataset_convertor.cpp:195:27:[m[K [01;31m[Kerror: [m[Ktemplate argument 1 is invalid
     shared_ptr < ofstream > file_ptr(file);
[01;32m[K                           ^[m[K
[01m[K/home/davencyw/catkinws/dynokvis/src/okvis_ros/src/dataset_convertor.cpp:196:20:[m[K [01;31m[Kerror: [m[Krequest for member ‘[01m[Kinsert[m[K’ in ‘[01m[Ktopic2file_map[m[K’, which is of non-class type ‘[01m[Kint[m[K’
     topic2file_map.insert(
[01;32m[K                    ^[m[K
[01m[K/home/davencyw/catkinws/dynokvis/src/okvis_ros/src/dataset_convertor.cpp:197:38:[m[K [01;31m[Kerror: [m[Ktemplate argument 1 is invalid
         std::pair<string, shared_ptr<ofstream>>(topic, file_ptr));
[01;32m[K                                      ^[m[K
[01m[K/home/davencyw/catkinws/dynokvis/src/okvis_ros/src/dataset_convertor.cpp:197:46:[m[K [01;31m[Kerror: [m[Ktemplate argument 2 is invalid
         std::pair<string, shared_ptr<ofstream>>(topic, file_ptr));
[01;32m[K                                              ^[m[K
[01m[K/home/davencyw/catkinws/dynokvis/src/okvis_ros/src/dataset_convertor.cpp:199:46:[m[K [01;31m[Kerror: [m[Kinvalid initialization of reference of type ‘[01m[Kstd::map<std::__cxx11::basic_string<char>, std::shared_ptr<std::basic_ofstream<char> > >&[m[K’ from expression of type ‘[01m[Kint[m[K’
   writeCSVHeaders(topic2file_map, sensor_info);
[01;32m[K                                              ^[m[K
[01m[K/home/davencyw/catkinws/dynokvis/src/okvis_ros/src/dataset_convertor.cpp:174:6:[m[K [01;36m[Knote: [m[Kin passing argument 1 of ‘[01m[Kvoid writeCSVHeaders(std::map<std::__cxx11::basic_string<char>, std::shared_ptr<std::basic_ofstream<char> > >&, const std::map<std::__cxx11::basic_string<char>, std::map<std::__cxx11::basic_string<char>, std::__cxx11::basic_string<char> > >&)[m[K’
 void writeCSVHeaders(map<string, shared_ptr<std::ofstream>> &files,
[01;32m[K      ^[m[K
[01m[K/home/davencyw/catkinws/dynokvis/src/okvis_ros/src/dataset_convertor.cpp:[m[K At global scope:
[01m[K/home/davencyw/catkinws/dynokvis/src/okvis_ros/src/dataset_convertor.cpp:295:39:[m[K [01;31m[Kerror: [m[Ktemplate argument 1 is invalid
 void writeCSVVicon(shared_ptr<ofstream> file,
[01;32m[K                                       ^[m[K
[01m[K/home/davencyw/catkinws/dynokvis/src/okvis_ros/src/dataset_convertor.cpp:295:39:[m[K [01;31m[Kerror: [m[Ktemplate argument 1 is invalid
[01m[K/home/davencyw/catkinws/dynokvis/src/okvis_ros/src/dataset_convertor.cpp:295:39:[m[K [01;31m[Kerror: [m[Ktemplate argument 1 is invalid
[01m[K/home/davencyw/catkinws/dynokvis/src/okvis_ros/src/dataset_convertor.cpp:295:39:[m[K [01;31m[Kerror: [m[Ktemplate argument 1 is invalid
[01m[K/home/davencyw/catkinws/dynokvis/src/okvis_ros/src/dataset_convertor.cpp:295:39:[m[K [01;31m[Kerror: [m[Ktemplate argument 1 is invalid
[01m[K/home/davencyw/catkinws/dynokvis/src/okvis_ros/src/dataset_convertor.cpp:295:20:[m[K [01;31m[Kerror: [m[Kvariable or field ‘[01m[KwriteCSVVicon[m[K’ declared void
 void writeCSVVicon(shared_ptr<ofstream> file,
[01;32m[K                    ^[m[K
[01m[K/home/davencyw/catkinws/dynokvis/src/okvis_ros/src/dataset_convertor.cpp:295:39:[m[K [01;31m[Kerror: [m[Ktemplate argument 1 is invalid
 void writeCSVVicon(shared_ptr<ofstream> file,
[01;32m[K                                       ^[m[K
[01m[K/home/davencyw/catkinws/dynokvis/src/okvis_ros/src/dataset_convertor.cpp:296:62:[m[K [01;31m[Kerror: [m[Kexpected primary-expression before ‘[01m[Kvicon[m[K’
                    geometry_msgs::TransformStamped::ConstPtr vicon)
[01;32m[K                                                              ^[m[K
[01m[K/home/davencyw/catkinws/dynokvis/src/okvis_ros/src/dataset_convertor.cpp:[m[K In function ‘[01m[Kint main(int, char**)[m[K’:
[01m[K/home/davencyw/catkinws/dynokvis/src/okvis_ros/src/dataset_convertor.cpp:434:26:[m[K [01;31m[Kerror: [m[Ktemplate argument 1 is invalid
   map<string, shared_ptr<ofstream>> topic2file = openFileStreams(
[01;32m[K                          ^[m[K
[01m[K/home/davencyw/catkinws/dynokvis/src/okvis_ros/src/dataset_convertor.cpp:434:34:[m[K [01;31m[Kerror: [m[Ktemplate argument 2 is invalid
   map<string, shared_ptr<ofstream>> topic2file = openFileStreams(
[01;32m[K                                  ^[m[K
[01m[K/home/davencyw/catkinws/dynokvis/src/okvis_ros/src/dataset_convertor.cpp:434:34:[m[K [01;31m[Kerror: [m[Ktemplate argument 4 is invalid
[01m[K/home/davencyw/catkinws/dynokvis/src/okvis_ros/src/dataset_convertor.cpp:468:33:[m[K [01;31m[Kerror: [m[Krequest for member ‘[01m[Kfind[m[K’ in ‘[01m[Ktopic2file[m[K’, which is of non-class type ‘[01m[Kint[m[K’
       writeCSVCamera(topic2file.find(sensor_it->first)->second,
[01;32m[K                                 ^[m[K
[01m[K/home/davencyw/catkinws/dynokvis/src/okvis_ros/src/dataset_convertor.cpp:475:30:[m[K [01;31m[Kerror: [m[Krequest for member ‘[01m[Kfind[m[K’ in ‘[01m[Ktopic2file[m[K’, which is of non-class type ‘[01m[Kint[m[K’
       writeCSVImu(topic2file.find(sensor_it->first)->second, imuReading);
[01;32m[K                              ^[m[K
[01m[K/home/davencyw/catkinws/dynokvis/src/okvis_ros/src/dataset_convertor.cpp:481:32:[m[K [01;31m[Kerror: [m[Krequest for member ‘[01m[Kfind[m[K’ in ‘[01m[Ktopic2file[m[K’, which is of non-class type ‘[01m[Kint[m[K’
       writeCSVVicon(topic2file.find(sensor_it->first)->second, viconReading);
[01;32m[K                                ^[m[K
[01m[K/home/davencyw/catkinws/dynokvis/src/okvis_ros/src/dataset_convertor.cpp:481:76:[m[K [01;31m[Kerror: [m[K‘[01m[KwriteCSVVicon[m[K’ was not declared in this scope
       writeCSVVicon(topic2file.find(sensor_it->first)->second, viconReading);
[01;32m[K                                                                            ^[m[K
[01m[K/home/davencyw/catkinws/dynokvis/src/okvis_ros/src/dataset_convertor.cpp:493:18:[m[K [01;31m[Kerror: [m[K‘[01m[Kbegin[m[K’ was not declared in this scope
   for (auto it : topic2file) {
[01;32m[K                  ^[m[K
[01m[K/home/davencyw/catkinws/dynokvis/src/okvis_ros/src/dataset_convertor.cpp:493:18:[m[K [01;36m[Knote: [m[Ksuggested alternatives:
In file included from [01m[K/usr/local/include/boost/filesystem.hpp:17:0[m[K,
                 from [01m[K/home/davencyw/catkinws/dynokvis/src/okvis_ros/src/dataset_convertor.cpp:71[m[K:
[01m[K/usr/local/include/boost/filesystem/operations.hpp:1306:5:[m[K [01;36m[Knote: [m[K  ‘[01m[Kboost::filesystem::begin[m[K’
     begin(const recursive_directory_iterator& iter) BOOST_NOEXCEPT
[01;32m[K     ^[m[K
In file included from [01m[K/usr/include/c++/5/vector:66:0[m[K,
                 from [01m[K/home/davencyw/catkinws/dynokvis/src/okvis_ros/src/dataset_convertor.cpp:40[m[K:
[01m[K/usr/include/c++/5/bits/range_access.h:87:5:[m[K [01;36m[Knote: [m[K  ‘[01m[Kstd::begin[m[K’
     begin(_Tp (&__arr)[_Nm])
[01;32m[K     ^[m[K
In file included from [01m[K/usr/local/include/boost/range/functions.hpp:18:0[m[K,
                 from [01m[K/usr/local/include/boost/range/iterator_range_core.hpp:38[m[K,
                 from [01m[K/usr/local/include/boost/lexical_cast.hpp:30[m[K,
                 from [01m[K/opt/ros/kinetic/include/ros/transport_hints.h:34[m[K,
                 from [01m[K/opt/ros/kinetic/include/ros/subscribe_options.h:33[m[K,
                 from [01m[K/opt/ros/kinetic/include/ros/node_handle.h:42[m[K,
                 from [01m[K/opt/ros/kinetic/include/ros/ros.h:45[m[K,
                 from [01m[K/home/davencyw/catkinws/dynokvis/src/okvis_ros/src/dataset_convertor.cpp:51[m[K:
[01m[K/usr/local/include/boost/range/begin.hpp:106:61:[m[K [01;36m[Knote: [m[K  ‘[01m[Kboost::range_adl_barrier::begin[m[K’
 inline BOOST_DEDUCED_TYPENAME range_iterator<const T>::type begin( const T& r )
[01;32m[K                                                             ^[m[K
In file included from [01m[K/usr/local/include/boost/mpl/list/aux_/begin_end.hpp:17:0[m[K,
                 from [01m[K/usr/local/include/boost/mpl/list/list0.hpp:27[m[K,
                 from [01m[K/usr/local/include/boost/mpl/list/list10.hpp:18[m[K,
                 from [01m[K/usr/local/include/boost/mpl/list/list20.hpp:18[m[K,
                 from [01m[K/usr/local/include/boost/mpl/list.hpp:36[m[K,
                 from [01m[K/usr/local/include/boost/math/policies/policy.hpp:9[m[K,
                 from [01m[K/usr/local/include/boost/math/policies/error_handling.hpp:21[m[K,
                 from [01m[K/usr/local/include/boost/math/special_functions/round.hpp:14[m[K,
                 from [01m[K/opt/ros/kinetic/include/ros/time.h:58[m[K,
                 from [01m[K/opt/ros/kinetic/include/ros/ros.h:38[m[K,
                 from [01m[K/home/davencyw/catkinws/dynokvis/src/okvis_ros/src/dataset_convertor.cpp:51[m[K:
[01m[K/usr/local/include/boost/mpl/begin_end_fwd.hpp:22:38:[m[K [01;36m[Knote: [m[K  ‘[01m[Kboost::mpl::begin[m[K’
 template< typename Sequence > struct begin;
[01;32m[K                                      ^[m[K
In file included from [01m[K/usr/local/include/boost/range/functions.hpp:18:0[m[K,
                 from [01m[K/usr/local/include/boost/range/iterator_range_core.hpp:38[m[K,
                 from [01m[K/usr/local/include/boost/lexical_cast.hpp:30[m[K,
                 from [01m[K/opt/ros/kinetic/include/ros/transport_hints.h:34[m[K,
                 from [01m[K/opt/ros/kinetic/include/ros/subscribe_options.h:33[m[K,
                 from [01m[K/opt/ros/kinetic/include/ros/node_handle.h:42[m[K,
                 from [01m[K/opt/ros/kinetic/include/ros/ros.h:45[m[K,
                 from [01m[K/home/davencyw/catkinws/dynokvis/src/okvis_ros/src/dataset_convertor.cpp:51[m[K:
[01m[K/usr/local/include/boost/range/begin.hpp:106:61:[m[K [01;36m[Knote: [m[K  ‘[01m[Kboost::range_adl_barrier::begin[m[K’
 inline BOOST_DEDUCED_TYPENAME range_iterator<const T>::type begin( const T& r )
[01;32m[K                                                             ^[m[K
In file included from [01m[K/home/davencyw/catkinws/dynokvis/src/okvis_ros/src/dataset_convertor.cpp:70:0[m[K:
[01m[K/usr/local/include/boost/foreach.hpp:689:1:[m[K [01;36m[Knote: [m[K  ‘[01m[Kboost::foreach_detail_::begin[m[K’
 begin(auto_any_t col, type2type<T *, C> *, boost::mpl::true_ *) // null-terminated C-style strings
[01;32m[K ^[m[K
In file included from [01m[K/usr/local/include/boost/filesystem.hpp:17:0[m[K,
                 from [01m[K/home/davencyw/catkinws/dynokvis/src/okvis_ros/src/dataset_convertor.cpp:71[m[K:
[01m[K/usr/local/include/boost/filesystem/operations.hpp:1306:5:[m[K [01;36m[Knote: [m[K  ‘[01m[Kboost::filesystem::begin[m[K’
     begin(const recursive_directory_iterator& iter) BOOST_NOEXCEPT
[01;32m[K     ^[m[K
[01m[K/home/davencyw/catkinws/dynokvis/src/okvis_ros/src/dataset_convertor.cpp:493:18:[m[K [01;31m[Kerror: [m[K‘[01m[Kend[m[K’ was not declared in this scope
   for (auto it : topic2file) {
[01;32m[K                  ^[m[K
[01m[K/home/davencyw/catkinws/dynokvis/src/okvis_ros/src/dataset_convertor.cpp:493:18:[m[K [01;36m[Knote: [m[Ksuggested alternatives:
In file included from [01m[K/usr/local/include/boost/filesystem.hpp:17:0[m[K,
                 from [01m[K/home/davencyw/catkinws/dynokvis/src/okvis_ros/src/dataset_convertor.cpp:71[m[K:
[01m[K/usr/local/include/boost/filesystem/operations.hpp:1309:32:[m[K [01;36m[Knote: [m[K  ‘[01m[Kboost::filesystem::end[m[K’
   recursive_directory_iterator end(const recursive_directory_iterator&) BOOST_NOEXCEPT
[01;32m[K                                ^[m[K
In file included from [01m[K/usr/include/c++/5/vector:66:0[m[K,
                 from [01m[K/home/davencyw/catkinws/dynokvis/src/okvis_ros/src/dataset_convertor.cpp:40[m[K:
[01m[K/usr/include/c++/5/bits/range_access.h:97:5:[m[K [01;36m[Knote: [m[K  ‘[01m[Kstd::end[m[K’
     end(_Tp (&__arr)[_Nm])
[01;32m[K     ^[m[K
In file included from [01m[K/usr/local/include/boost/range/functions.hpp:19:0[m[K,
                 from [01m[K/usr/local/include/boost/range/iterator_range_core.hpp:38[m[K,
                 from [01m[K/usr/local/include/boost/lexical_cast.hpp:30[m[K,
                 from [01m[K/opt/ros/kinetic/include/ros/transport_hints.h:34[m[K,
                 from [01m[K/opt/ros/kinetic/include/ros/subscribe_options.h:33[m[K,
                 from [01m[K/opt/ros/kinetic/include/ros/node_handle.h:42[m[K,
                 from [01m[K/opt/ros/kinetic/include/ros/ros.h:45[m[K,
                 from [01m[K/home/davencyw/catkinws/dynokvis/src/okvis_ros/src/dataset_convertor.cpp:51[m[K:
[01m[K/usr/local/include/boost/range/end.hpp:100:61:[m[K [01;36m[Knote: [m[K  ‘[01m[Kboost::range_adl_barrier::end[m[K’
 inline BOOST_DEDUCED_TYPENAME range_iterator<const T>::type end( const T& r )
[01;32m[K                                                             ^[m[K
In file included from [01m[K/usr/local/include/boost/mpl/list/aux_/begin_end.hpp:17:0[m[K,
                 from [01m[K/usr/local/include/boost/mpl/list/list0.hpp:27[m[K,
                 from [01m[K/usr/local/include/boost/mpl/list/list10.hpp:18[m[K,
                 from [01m[K/usr/local/include/boost/mpl/list/list20.hpp:18[m[K,
                 from [01m[K/usr/local/include/boost/mpl/list.hpp:36[m[K,
                 from [01m[K/usr/local/include/boost/math/policies/policy.hpp:9[m[K,
                 from [01m[K/usr/local/include/boost/math/policies/error_handling.hpp:21[m[K,
                 from [01m[K/usr/local/include/boost/math/special_functions/round.hpp:14[m[K,
                 from [01m[K/opt/ros/kinetic/include/ros/time.h:58[m[K,
                 from [01m[K/opt/ros/kinetic/include/ros/ros.h:38[m[K,
                 from [01m[K/home/davencyw/catkinws/dynokvis/src/okvis_ros/src/dataset_convertor.cpp:51[m[K:
[01m[K/usr/local/include/boost/mpl/begin_end_fwd.hpp:23:38:[m[K [01;36m[Knote: [m[K  ‘[01m[Kboost::mpl::end[m[K’
 template< typename Sequence > struct end;
[01;32m[K                                      ^[m[K
In file included from [01m[K/usr/local/include/boost/range/functions.hpp:19:0[m[K,
                 from [01m[K/usr/local/include/boost/range/iterator_range_core.hpp:38[m[K,
                 from [01m[K/usr/local/include/boost/lexical_cast.hpp:30[m[K,
                 from [01m[K/opt/ros/kinetic/include/ros/transport_hints.h:34[m[K,
                 from [01m[K/opt/ros/kinetic/include/ros/subscribe_options.h:33[m[K,
                 from [01m[K/opt/ros/kinetic/include/ros/node_handle.h:42[m[K,
                 from [01m[K/opt/ros/kinetic/include/ros/ros.h:45[m[K,
                 from [01m[K/home/davencyw/catkinws/dynokvis/src/okvis_ros/src/dataset_convertor.cpp:51[m[K:
[01m[K/usr/local/include/boost/range/end.hpp:100:61:[m[K [01;36m[Knote: [m[K  ‘[01m[Kboost::range_adl_barrier::end[m[K’
 inline BOOST_DEDUCED_TYPENAME range_iterator<const T>::type end( const T& r )
[01;32m[K                                                             ^[m[K
In file included from [01m[K/home/davencyw/catkinws/dynokvis/src/okvis_ros/src/dataset_convertor.cpp:70:0[m[K:
[01m[K/usr/local/include/boost/foreach.hpp:729:1:[m[K [01;36m[Knote: [m[K  ‘[01m[Kboost::foreach_detail_::end[m[K’
 end(auto_any_t, type2type<T *, C> *, boost::mpl::true_ *) // null-terminated C-style strings
[01;32m[K ^[m[K
In file included from [01m[K/usr/local/include/boost/filesystem.hpp:17:0[m[K,
                 from [01m[K/home/davencyw/catkinws/dynokvis/src/okvis_ros/src/dataset_convertor.cpp:71[m[K:
[01m[K/usr/local/include/boost/filesystem/operations.hpp:1309:32:[m[K [01;36m[Knote: [m[K  ‘[01m[Kboost::filesystem::end[m[K’
   recursive_directory_iterator end(const recursive_directory_iterator&) BOOST_NOEXCEPT
[01;32m[K                                ^[m[K
make[2]: *** [CMakeFiles/dataset_convertor.dir/src/dataset_convertor.cpp.o] Error 1
make[1]: *** [CMakeFiles/dataset_convertor.dir/all] Error 2
make: *** [all] Error 2
