Not searching for unused variables given on the command line.
[36m--[0m Using CATKIN_DEVEL_PREFIX: /home/davencyw/catkinws/dynokvis/devel/.private/okvis_ros
[36m--[0m Using CMAKE_PREFIX_PATH: /home/davencyw/catkinws/dynokvis/devel;/opt/ros/kinetic
[36m--[0m This workspace overlays: /home/davencyw/catkinws/dynokvis/devel;/opt/ros/kinetic
[36m--[0m Using PYTHON_EXECUTABLE: /usr/bin/python
[36m--[0m Using Debian Python package layout
[36m--[0m Using empy: /usr/bin/empy
[36m--[0m Using CATKIN_ENABLE_TESTING: ON
[36m--[0m Call enable_testing()
[36m--[0m Using CATKIN_TEST_RESULTS_DIR: /home/davencyw/catkinws/dynokvis/build/okvis_ros/test_results
[36m--[0m Found gmock sources under '/usr/src/gmock': gmock will be built
[36m--[0m Found gtest sources under '/usr/src/gmock': gtests will be built
[36m--[0m Using Python nosetests: /usr/bin/nosetests-2.7
[36m--[0m catkin 0.7.11
[36m--[0m Using these message generators: gencpp;geneus;genlisp;gennodejs;genpy
[36m--[0m Building with Release
[31m[1mCMake Error[0m at /home/davencyw/catkinws/dynokvis/src/okvis_ros/CMakeLists.txt:37 (add_subdirectory):
  The source directory

    /home/davencyw/catkinws/dynokvis/src/okvis_ros/okvis

  does not contain a CMakeLists.txt file.


[33m[1mCMake Warning[0m at /home/davencyw/catkinws/dynokvis/src/okvis_ros/CMakeLists.txt:42 (find_package):
  By not providing "FindVISensor.cmake" in CMAKE_MODULE_PATH this project has
  asked CMake to find a package configuration file provided by "VISensor",
  but CMake did not find one.

  Could not find a package configuration file provided by "VISensor" with any
  of the following names:

    VISensorConfig.cmake
    visensor-config.cmake

  Add the installation prefix of "VISensor" to CMAKE_PREFIX_PATH or set
  "VISensor_DIR" to a directory containing one of the above files.  If
  "VISensor" provides a separate development package or SDK, be sure it has
  been installed.


[33m[1mCMake Warning[0m at /home/davencyw/catkinws/dynokvis/src/okvis_ros/CMakeLists.txt:49 (message):
  libvisensor not found


[36m--[0m Configuring incomplete, errors occurred!
See also "/home/davencyw/catkinws/dynokvis/build/okvis_ros/CMakeFiles/CMakeOutput.log".
See also "/home/davencyw/catkinws/dynokvis/build/okvis_ros/CMakeFiles/CMakeError.log".
