[01m[K/home/davencyw/catkinws/dynokvis/src/okvis_ros/okvis/okvis_ceres/src/cluster.cpp:[m[K In member function ‘[01m[Kvirtual std::vector<okvis::ceres::dynenv::Cluster> okvis::ceres::dynenv::SimpleCluster::computecluster(std::vector<std::pair<okvis::MapPoint*, double> >&, std::vector<std::tuple<Eigen::Matrix<double, 2, 1, 0, 2, 1>, double, Eigen::Matrix<double, 2, 1, 0, 2, 1> > >)[m[K’:
[01m[K/home/davencyw/catkinws/dynokvis/src/okvis_ros/okvis/okvis_ceres/src/cluster.cpp:213:50:[m[K [01;35m[Kwarning: [m[Kcomparison between signed and unsigned integer expressions [-Wsign-compare]
         for(unsigned candidate_i(0); candidate_i < num_in_cluster; ++candidate_i){
[01;32m[K                                                  ^[m[K
[01m[K/home/davencyw/catkinws/dynokvis/src/okvis_ros/okvis/okvis_ceres/src/cluster.cpp:214:49:[m[K [01;31m[Kerror: [m[K‘[01m[Kconst value_type {aka const class std::tuple<Eigen::Matrix<double, 2, 1, 0, 2, 1>, double, Eigen::Matrix<double, 2, 1, 0, 2, 1> >}[m[K’ has no member named ‘[01m[Kfirst[m[K’
           center += candidate_info[candidate_i].first;
[01;32m[K                                                 ^[m[K
[01m[K/home/davencyw/catkinws/dynokvis/src/okvis_ros/okvis/okvis_ceres/src/cluster.cpp:215:56:[m[K [01;31m[Kerror: [m[K‘[01m[Kconst value_type {aka const class std::tuple<Eigen::Matrix<double, 2, 1, 0, 2, 1>, double, Eigen::Matrix<double, 2, 1, 0, 2, 1> >}[m[K’ has no member named ‘[01m[Ksecond[m[K’
           averageweight += candidate_info[candidate_i].second;
[01;32m[K                                                        ^[m[K
[01m[K/home/davencyw/catkinws/dynokvis/src/okvis_ros/okvis/okvis_ceres/src/cluster.cpp:228:52:[m[K [01;35m[Kwarning: [m[Kcomparison between signed and unsigned integer expressions [-Wsign-compare]
           for(unsigned candidate_i(0); candidate_i < num_in_cluster; ++candidate_i){
[01;32m[K                                                    ^[m[K
[01m[K/home/davencyw/catkinws/dynokvis/src/okvis_ros/okvis/okvis_ceres/src/cluster.cpp:229:68:[m[K [01;31m[Kerror: [m[K‘[01m[Kconst value_type {aka const class std::tuple<Eigen::Matrix<double, 2, 1, 0, 2, 1>, double, Eigen::Matrix<double, 2, 1, 0, 2, 1> >}[m[K’ has no member named ‘[01m[Kfirst[m[K’
             const Eigen::Vector2d dist(candidate_info[candidate_i].first -
[01;32m[K                                                                    ^[m[K
[01m[K/home/davencyw/catkinws/dynokvis/src/okvis_ros/okvis/okvis_ceres/src/cluster.cpp:247:58:[m[K [01;31m[Kerror: [m[K‘[01m[Kconst value_type {aka const class std::tuple<Eigen::Matrix<double, 2, 1, 0, 2, 1>, double, Eigen::Matrix<double, 2, 1, 0, 2, 1> >}[m[K’ has no member named ‘[01m[Kfirst[m[K’
             const auto puv = candidate_info[candidate_i].first;
[01;32m[K                                                          ^[m[K
[01m[K/home/davencyw/catkinws/dynokvis/src/okvis_ros/okvis/okvis_ceres/src/cluster.cpp:250:58:[m[K [01;31m[Kerror: [m[K‘[01m[Kconst value_type {aka const class std::tuple<Eigen::Matrix<double, 2, 1, 0, 2, 1>, double, Eigen::Matrix<double, 2, 1, 0, 2, 1> >}[m[K’ has no member named ‘[01m[Ksecond[m[K’
             averageweight += candidate_info[candidate_i].second;
[01;32m[K                                                          ^[m[K
make[2]: *** [okvis/okvis_ceres/CMakeFiles/okvis_ceres.dir/src/cluster.cpp.o] Error 1
make[1]: *** [okvis/okvis_ceres/CMakeFiles/okvis_ceres.dir/all] Error 2
make: *** [all] Error 2
