[01m[K/home/davencyw/catkinws/dynokvis/src/okvis_ros/okvis/okvis_ceres/src/cluster.cpp:[m[K In member function ‘[01m[Kvirtual std::vector<okvis::ceres::dynenv::Cluster> okvis::ceres::dynenv::SimpleCluster::computecluster(std::vector<std::pair<okvis::MapPoint*, double> >&)[m[K’:
[01m[K/home/davencyw/catkinws/dynokvis/src/okvis_ros/okvis/okvis_ceres/src/cluster.cpp:182:5:[m[K [01;35m[Kwarning: [m[Kno return statement in function returning non-void [-Wreturn-type]
     }
[01;32m[K     ^[m[K
[01m[K/home/davencyw/catkinws/dynokvis/src/okvis_ros/okvis/okvis_ceres/src/Estimator.cpp:[m[K In constructor ‘[01m[Kokvis::Estimator::Estimator(std::shared_ptr<okvis::ceres::Map>)[m[K’:
[01m[K/home/davencyw/catkinws/dynokvis/src/okvis_ros/okvis/okvis_ceres/src/Estimator.cpp:64:7:[m[K [01;31m[Kerror: [m[Kexpected ‘[01m[K{[m[K’ before ‘[01m[Kclusteralgo_[m[K’
       clusteralgo_(new ceres::dynenv::SimpleCluster())
[01;32m[K       ^[m[K
[01m[K/home/davencyw/catkinws/dynokvis/src/okvis_ros/okvis/okvis_ceres/src/Estimator.cpp:[m[K At global scope:
[01m[K/home/davencyw/catkinws/dynokvis/src/okvis_ros/okvis/okvis_ceres/src/Estimator.cpp:64:19:[m[K [01;31m[Kerror: [m[Kexpected constructor, destructor, or type conversion before ‘[01m[K([m[K’ token
       clusteralgo_(new ceres::dynenv::SimpleCluster())
[01;32m[K                   ^[m[K
[01m[K/home/davencyw/catkinws/dynokvis/src/okvis_ros/okvis/okvis_ceres/src/Estimator.cpp:[m[K In constructor ‘[01m[Kokvis::Estimator::Estimator()[m[K’:
[01m[K/home/davencyw/catkinws/dynokvis/src/okvis_ros/okvis/okvis_ceres/src/Estimator.cpp:76:7:[m[K [01;31m[Kerror: [m[Kexpected ‘[01m[K{[m[K’ before ‘[01m[Kclusteralgo_[m[K’
       clusteralgo_(new ceres::dynenv::SimpleCluster())
[01;32m[K       ^[m[K
[01m[K/home/davencyw/catkinws/dynokvis/src/okvis_ros/okvis/okvis_ceres/src/Estimator.cpp:[m[K At global scope:
[01m[K/home/davencyw/catkinws/dynokvis/src/okvis_ros/okvis/okvis_ceres/src/Estimator.cpp:76:19:[m[K [01;31m[Kerror: [m[Kexpected constructor, destructor, or type conversion before ‘[01m[K([m[K’ token
       clusteralgo_(new ceres::dynenv::SimpleCluster())
[01;32m[K                   ^[m[K
make[2]: *** [okvis/okvis_ceres/CMakeFiles/okvis_ceres.dir/src/Estimator.cpp.o] Error 1
make[1]: *** [okvis/okvis_ceres/CMakeFiles/okvis_ceres.dir/all] Error 2
make: *** [all] Error 2
