Not searching for unused variables given on the command line.
[36m--[0m Using CATKIN_DEVEL_PREFIX: /home/davencyw/catkinws/dynokvis/devel/.private/okvis_ros
[36m--[0m Using CMAKE_PREFIX_PATH: /home/davencyw/catkinws/dynokvis/devel;/opt/ros/kinetic
[36m--[0m This workspace overlays: /home/davencyw/catkinws/dynokvis/devel;/opt/ros/kinetic
[36m--[0m Using PYTHON_EXECUTABLE: /usr/bin/python
[36m--[0m Using Debian Python package layout
[36m--[0m Using empy: /usr/bin/empy
[36m--[0m Using CATKIN_ENABLE_TESTING: ON
[36m--[0m Call enable_testing()
[36m--[0m Using CATKIN_TEST_RESULTS_DIR: /home/davencyw/catkinws/dynokvis/build/okvis_ros/test_results
[36m--[0m Found gmock sources under '/usr/src/gmock': gmock will be built
[36m--[0m Found gtest sources under '/usr/src/gmock': gtests will be built
[36m--[0m Using Python nosetests: /usr/bin/nosetests-2.7
[36m--[0m catkin 0.7.11
[36m--[0m Using these message generators: gencpp;geneus;genlisp;gennodejs;genpy
[36m--[0m Building with Release
[36m--[0m Building with build type 'Release'
[36m--[0m Assuming SSE instructions available.
[36m--[0m Found Eigen: /usr/include/eigen3 (Required is at least version "2.91.0")
[36m--[0m Found PkgConfig: /usr/bin/pkg-config (found version "0.29.1")
[36m--[0m Checking for module 'visensor'
[36m--[0m   Found visensor, version
[36m--[0m Found VISensorDriver: /usr/local/lib/libvisensor.so
[36m--[0m Found libvisensor. Setting HAVE_LIBVISENSOR flag.
[36m--[0m Found Glog: /usr/include
[36m--[0m A library with BLAS API found.
[36m--[0m Found AMD library: /usr/lib/x86_64-linux-gnu/libamd.so
[36m--[0m Found AMD header in: /usr/include/suitesparse
[36m--[0m Found CAMD library: /usr/lib/x86_64-linux-gnu/libcamd.so
[36m--[0m Found CAMD header in: /usr/include/suitesparse
[36m--[0m Found COLAMD library: /usr/lib/x86_64-linux-gnu/libcolamd.so
[36m--[0m Found COLAMD header in: /usr/include/suitesparse
[36m--[0m Found CCOLAMD library: /usr/lib/x86_64-linux-gnu/libccolamd.so
[36m--[0m Found CCOLAMD header in: /usr/include/suitesparse
[36m--[0m Found CHOLMOD library: /usr/lib/x86_64-linux-gnu/libcholmod.so
[36m--[0m Found CHOLMOD header in: /usr/include/suitesparse
[36m--[0m Found SuiteSparseQR library: /usr/lib/x86_64-linux-gnu/libspqr.so
[36m--[0m Found SuiteSparseQR header in: /usr/include/suitesparse
[36m--[0m Found Intel Thread Building Blocks (TBB) library: /usr/lib/x86_64-linux-gnu/libtbb.so, assuming SuiteSparseQR was compiled with TBB.
[36m--[0m Found Intel Thread Building Blocks (TBB) Malloc library: /usr/lib/x86_64-linux-gnu/libtbbmalloc.so
[36m--[0m Found SuiteSparse_config library: /usr/lib/x86_64-linux-gnu/libsuitesparseconfig.so
[36m--[0m Found SuiteSparse_config header in: /usr/include/suitesparse
[36m--[0m Adding librt: /usr/lib/x86_64-linux-gnu/librt.so to SuiteSparse_config libraries (required on Linux & Unix [not OSX] if SuiteSparse is compiled with timing).
[36m--[0m Did not find METIS library (optional SuiteSparse dependency)
[36m--[0m Failed to find CXSparse - Could not find CXSparse include directory, set CXSPARSE_INCLUDE_DIR to directory containing cs.h
[36m--[0m OpenMP found
[36m--[0m NOTE: Suppressing some warnings when compiling OpenGV.
[36m--[0m Found OpenCV: /opt/ros/kinetic (found version "3.3.1") found components:  core highgui imgproc features2d
[36m--[0m Deactivating timers.
[36m--[0m Deactivating timers.
[36m--[0m /home/davencyw/catkinws/dynokvis/build/okvis_ros/okvis/okvis_multisensor_processing/okvisConfig.hpp
[33m[1mCMake Warning[0m at /usr/share/cmake-3.5/Modules/FindBoost.cmake:725 (message):
  Imported targets not available for Boost version 106700
[36mCall Stack (most recent call first):[0m
  /usr/share/cmake-3.5/Modules/FindBoost.cmake:763 (_Boost_COMPONENT_DEPENDENCIES)
  /usr/share/cmake-3.5/Modules/FindBoost.cmake:1332 (_Boost_MISSING_DEPENDENCIES)
  okvis/CMakeLists.txt:317 (FIND_PACKAGE)


[33m[1mCMake Warning[0m at /usr/share/cmake-3.5/Modules/FindBoost.cmake:725 (message):
  Imported targets not available for Boost version 106700
[36mCall Stack (most recent call first):[0m
  /usr/share/cmake-3.5/Modules/FindBoost.cmake:763 (_Boost_COMPONENT_DEPENDENCIES)
  /usr/share/cmake-3.5/Modules/FindBoost.cmake:1332 (_Boost_MISSING_DEPENDENCIES)
  okvis/CMakeLists.txt:317 (FIND_PACKAGE)


[36m--[0m Boost version: 1.67.0
[36m--[0m Found the following Boost libraries:
[36m--[0m   filesystem
[36m--[0m   system
[36m--[0m Found libvisensor in ROS interface.
[36m--[0m Configuring done
[36m--[0m Generating done
[36m--[0m Build files have been written to: /home/davencyw/catkinws/dynokvis/build/okvis_ros
