In file included from [01m[K/home/davencyw/catkinws/dynokvis/src/okvis_ros/okvis/okvis_ceres/include/okvis/Estimator.hpp:67:0[m[K,
                 from [01m[K/home/davencyw/catkinws/dynokvis/src/okvis_ros/okvis/okvis_frontend/include/okvis/Frontend.hpp:46[m[K,
                 from [01m[K/home/davencyw/catkinws/dynokvis/src/okvis_ros/okvis/okvis_multisensor_processing/include/okvis/ThreadedKFVio.hpp:51[m[K,
                 from [01m[K/home/davencyw/catkinws/dynokvis/src/okvis_ros/include/okvis/Subscriber.hpp:70[m[K,
                 from [01m[K/home/davencyw/catkinws/dynokvis/src/okvis_ros/src/Subscriber.cpp:42[m[K:
[01m[K/home/davencyw/catkinws/dynokvis/src/okvis_ros/okvis/okvis_ceres/include/okvis/dynenv/cluster.hpp:27:7:[m[K [01;35m[Kwarning: [m[K‘[01m[Kclass okvis::ceres::dynenv::ClusterAlgorithm[m[K’ has virtual functions and accessible non-virtual destructor [-Wnon-virtual-dtor]
 class ClusterAlgorithm{
[01;32m[K       ^[m[K
[01m[K/home/davencyw/catkinws/dynokvis/src/okvis_ros/okvis/okvis_ceres/include/okvis/dynenv/cluster.hpp:54:7:[m[K [01;35m[Kwarning: [m[Kbase class ‘[01m[Kclass okvis::ceres::dynenv::ClusterAlgorithm[m[K’ has accessible non-virtual destructor [-Wnon-virtual-dtor]
 class SimpleCluster : public ClusterAlgorithm{
[01;32m[K       ^[m[K
[01m[K/home/davencyw/catkinws/dynokvis/src/okvis_ros/okvis/okvis_ceres/include/okvis/dynenv/cluster.hpp:54:7:[m[K [01;35m[Kwarning: [m[K‘[01m[Kclass okvis::ceres::dynenv::SimpleCluster[m[K’ has virtual functions and accessible non-virtual destructor [-Wnon-virtual-dtor]
/usr/bin/ld: warning: libboost_system.so.1.58.0, needed by /usr/local/lib/libvisensor.so, may conflict with libboost_system.so.1.67.0
/home/davencyw/catkinws/dynokvis/devel/.private/okvis_ros/lib/libokvis_ceres.a(cluster.cpp.o): In function `okvis::ceres::dynenv::ClusterAlgorithm::cluster(std::map<unsigned long, okvis::MapPoint, std::less<unsigned long>, Eigen::aligned_allocator<okvis::MapPoint> >&, std::deque<std::vector<okvis::ceres::dynenv::Cluster, std::allocator<okvis::ceres::dynenv::Cluster> >, std::allocator<std::vector<okvis::ceres::dynenv::Cluster, std::allocator<okvis::ceres::dynenv::Cluster> > > >&)':
cluster.cpp:(.text+0xc8e): undefined reference to `okvis::ceres::dynenv::ClusterAlgorithm::addInliers(std::map<unsigned long, okvis::MapPoint, std::less<unsigned long>, Eigen::aligned_allocator<okvis::MapPoint> >&, std::vector<okvis::ceres::dynenv::Cluster, std::allocator<okvis::ceres::dynenv::Cluster> > const&)'
collect2: error: ld returned 1 exit status
make[2]: *** [/home/davencyw/catkinws/dynokvis/devel/.private/okvis_ros/lib/okvis_ros/okvis_app_synchronous] Error 1
make[1]: *** [okvis/CMakeFiles/okvis_app_synchronous.dir/all] Error 2
make[1]: *** Waiting for unfinished jobs....
make: *** [all] Error 2
