In file included from [01m[K/home/davencyw/catkinws/dynokvis/src/okvis_ros/okvis/okvis_ceres/src/cluster.cpp:1:0[m[K:
[01m[K/home/davencyw/catkinws/dynokvis/src/okvis_ros/okvis/okvis_ceres/include/okvis/dynenv/cluster.hpp:48:33:[m[K [01;31m[Kerror: [m[Kexpected ‘[01m[K,[m[K’ or ‘[01m[K...[m[K’ before ‘[01m[Kstd[m[K’
                                 std::vector<std::pair<MapPoint *, double>>& cluster_candidates,
[01;32m[K                                 ^[m[K
[01m[K/home/davencyw/catkinws/dynokvis/src/okvis_ros/okvis/okvis_ceres/src/cluster.cpp:[m[K In member function ‘[01m[Kvoid okvis::ceres::dynenv::ClusterAlgorithm::cluster(okvis::PointMap&, std::deque<std::vector<okvis::ceres::dynenv::Cluster> >&, uint64_t, uint64_t, okvis::MultiFramePtr)[m[K’:
[01m[K/home/davencyw/catkinws/dynokvis/src/okvis_ros/okvis/okvis_ceres/src/cluster.cpp:17:77:[m[K [01;31m[Kerror: [m[Kno matching function for call to ‘[01m[Kokvis::ceres::dynenv::ClusterAlgorithm::selectPointsAndReduce(okvis::PointMap&, std::vector<std::pair<okvis::MapPoint*, double> >&, std::deque<std::vector<okvis::ceres::dynenv::Cluster> >&, const uint64_t&, const MultiFramePtr&)[m[K’
   selectPointsAndReduce(pointmap, cluster_candidates,cluster, frameId, frame);
[01;32m[K                                                                             ^[m[K
In file included from [01m[K/home/davencyw/catkinws/dynokvis/src/okvis_ros/okvis/okvis_ceres/src/cluster.cpp:1:0[m[K:
[01m[K/home/davencyw/catkinws/dynokvis/src/okvis_ros/okvis/okvis_ceres/include/okvis/dynenv/cluster.hpp:47:8:[m[K [01;36m[Knote: [m[Kcandidate: void okvis::ceres::dynenv::ClusterAlgorithm::selectPointsAndReduce(okvis::PointMap&)
   void selectPointsAndReduce(PointMap& pointmap
[01;32m[K        ^[m[K
[01m[K/home/davencyw/catkinws/dynokvis/src/okvis_ros/okvis/okvis_ceres/include/okvis/dynenv/cluster.hpp:47:8:[m[K [01;36m[Knote: [m[K  candidate expects 1 argument, 5 provided
[01m[K/home/davencyw/catkinws/dynokvis/src/okvis_ros/okvis/okvis_ceres/src/cluster.cpp:[m[K At global scope:
[01m[K/home/davencyw/catkinws/dynokvis/src/okvis_ros/okvis/okvis_ceres/src/cluster.cpp:73:31:[m[K [01;31m[Kerror: [m[Kexpected ‘[01m[K,[m[K’ or ‘[01m[K...[m[K’ before ‘[01m[Kconst[m[K’
                               const std::deque<std::vector<Cluster>> &cluster, const uint64_t frameId,
[01;32m[K                               ^[m[K
[01m[K/home/davencyw/catkinws/dynokvis/src/okvis_ros/okvis/okvis_ceres/src/cluster.cpp:71:6:[m[K [01;31m[Kerror: [m[Kprototype for ‘[01m[Kvoid okvis::ceres::dynenv::ClusterAlgorithm::selectPointsAndReduce(okvis::PointMap&, std::vector<std::pair<okvis::MapPoint*, double> >&)[m[K’ does not match any in class ‘[01m[Kokvis::ceres::dynenv::ClusterAlgorithm[m[K’
 void ClusterAlgorithm::selectPointsAndReduce(PointMap& pointmap,
[01;32m[K      ^[m[K
In file included from [01m[K/home/davencyw/catkinws/dynokvis/src/okvis_ros/okvis/okvis_ceres/src/cluster.cpp:1:0[m[K:
[01m[K/home/davencyw/catkinws/dynokvis/src/okvis_ros/okvis/okvis_ceres/include/okvis/dynenv/cluster.hpp:47:8:[m[K [01;31m[Kerror: [m[Kcandidate is: void okvis::ceres::dynenv::ClusterAlgorithm::selectPointsAndReduce(okvis::PointMap&)
   void selectPointsAndReduce(PointMap& pointmap
[01;32m[K        ^[m[K
In file included from [01m[K/home/davencyw/catkinws/dynokvis/src/okvis_ros/okvis/okvis_ceres/include/okvis/Estimator.hpp:67:0[m[K,
                 from [01m[K/home/davencyw/catkinws/dynokvis/src/okvis_ros/okvis/okvis_ceres/src/Estimator.cpp:42[m[K:
[01m[K/home/davencyw/catkinws/dynokvis/src/okvis_ros/okvis/okvis_ceres/include/okvis/dynenv/cluster.hpp:48:33:[m[K [01;31m[Kerror: [m[Kexpected ‘[01m[K,[m[K’ or ‘[01m[K...[m[K’ before ‘[01m[Kstd[m[K’
                                 std::vector<std::pair<MapPoint *, double>>& cluster_candidates,
[01;32m[K                                 ^[m[K
make[2]: *** [okvis/okvis_ceres/CMakeFiles/okvis_ceres.dir/src/cluster.cpp.o] Error 1
make[2]: *** Waiting for unfinished jobs....
make[2]: *** [okvis/okvis_ceres/CMakeFiles/okvis_ceres.dir/src/Estimator.cpp.o] Error 1
make[1]: *** [okvis/okvis_ceres/CMakeFiles/okvis_ceres.dir/all] Error 2
make: *** [all] Error 2
