Linked: (/home/davencyw/catkinws/dynokvis/devel/.private/okvis_ros/lib/libokvis_frontend.a, /home/davencyw/catkinws/dynokvis/devel/lib/libokvis_frontend.a)
Linked: (/home/davencyw/catkinws/dynokvis/devel/.private/okvis_ros/lib/libokvis_timing.a, /home/davencyw/catkinws/dynokvis/devel/lib/libokvis_timing.a)
Linked: (/home/davencyw/catkinws/dynokvis/devel/.private/okvis_ros/lib/libokvis_matcher.a, /home/davencyw/catkinws/dynokvis/devel/lib/libokvis_matcher.a)
Linked: (/home/davencyw/catkinws/dynokvis/devel/.private/okvis_ros/lib/libokvis_util.a, /home/davencyw/catkinws/dynokvis/devel/lib/libokvis_util.a)
Linked: (/home/davencyw/catkinws/dynokvis/devel/.private/okvis_ros/lib/libokvis_multisensor_processing.a, /home/davencyw/catkinws/dynokvis/devel/lib/libokvis_multisensor_processing.a)
Linked: (/home/davencyw/catkinws/dynokvis/devel/.private/okvis_ros/lib/libokvis_time.a, /home/davencyw/catkinws/dynokvis/devel/lib/libokvis_time.a)
Linked: (/home/davencyw/catkinws/dynokvis/devel/.private/okvis_ros/lib/libokvis_kinematics.a, /home/davencyw/catkinws/dynokvis/devel/lib/libokvis_kinematics.a)
Linked: (/home/davencyw/catkinws/dynokvis/devel/.private/okvis_ros/lib/libokvis_cv.a, /home/davencyw/catkinws/dynokvis/devel/lib/libokvis_cv.a)
Linked: (/home/davencyw/catkinws/dynokvis/devel/.private/okvis_ros/lib/libokvis_ros.a, /home/davencyw/catkinws/dynokvis/devel/lib/libokvis_ros.a)
Linked: (/home/davencyw/catkinws/dynokvis/devel/.private/okvis_ros/lib/libokvis_common.a, /home/davencyw/catkinws/dynokvis/devel/lib/libokvis_common.a)
Linked: (/home/davencyw/catkinws/dynokvis/devel/.private/okvis_ros/lib/libokvis_ceres.a, /home/davencyw/catkinws/dynokvis/devel/lib/libokvis_ceres.a)
Linked: (/home/davencyw/catkinws/dynokvis/devel/.private/okvis_ros/lib/python2.7/dist-packages/okvis_ros/__init__.py, /home/davencyw/catkinws/dynokvis/devel/lib/python2.7/dist-packages/okvis_ros/__init__.py)
Linked: (/home/davencyw/catkinws/dynokvis/devel/.private/okvis_ros/lib/python2.7/dist-packages/okvis_ros/cfg/CameraConfig.py, /home/davencyw/catkinws/dynokvis/devel/lib/python2.7/dist-packages/okvis_ros/cfg/CameraConfig.py)
Linked: (/home/davencyw/catkinws/dynokvis/devel/.private/okvis_ros/lib/python2.7/dist-packages/okvis_ros/cfg/__init__.py, /home/davencyw/catkinws/dynokvis/devel/lib/python2.7/dist-packages/okvis_ros/cfg/__init__.py)
Linked: (/home/davencyw/catkinws/dynokvis/devel/.private/okvis_ros/lib/okvis_ros/okvis_node, /home/davencyw/catkinws/dynokvis/devel/lib/okvis_ros/okvis_node)
Linked: (/home/davencyw/catkinws/dynokvis/devel/.private/okvis_ros/lib/okvis_ros/okvis_app_synchronous, /home/davencyw/catkinws/dynokvis/devel/lib/okvis_ros/okvis_app_synchronous)
Linked: (/home/davencyw/catkinws/dynokvis/devel/.private/okvis_ros/lib/okvis_ros/dataset_convertor, /home/davencyw/catkinws/dynokvis/devel/lib/okvis_ros/dataset_convertor)
Linked: (/home/davencyw/catkinws/dynokvis/devel/.private/okvis_ros/lib/okvis_ros/okvis_node_synchronous, /home/davencyw/catkinws/dynokvis/devel/lib/okvis_ros/okvis_node_synchronous)
Linked: (/home/davencyw/catkinws/dynokvis/devel/.private/okvis_ros/lib/pkgconfig/okvis_ros.pc, /home/davencyw/catkinws/dynokvis/devel/lib/pkgconfig/okvis_ros.pc)
Linked: (/home/davencyw/catkinws/dynokvis/devel/.private/okvis_ros/share/okvis_ros/docs/CameraConfig.wikidoc, /home/davencyw/catkinws/dynokvis/devel/share/okvis_ros/docs/CameraConfig.wikidoc)
Linked: (/home/davencyw/catkinws/dynokvis/devel/.private/okvis_ros/share/okvis_ros/docs/CameraConfig.dox, /home/davencyw/catkinws/dynokvis/devel/share/okvis_ros/docs/CameraConfig.dox)
Linked: (/home/davencyw/catkinws/dynokvis/devel/.private/okvis_ros/share/okvis_ros/docs/CameraConfig-usage.dox, /home/davencyw/catkinws/dynokvis/devel/share/okvis_ros/docs/CameraConfig-usage.dox)
Linked: (/home/davencyw/catkinws/dynokvis/devel/.private/okvis_ros/share/okvis_ros/cmake/okvis_rosConfig-version.cmake, /home/davencyw/catkinws/dynokvis/devel/share/okvis_ros/cmake/okvis_rosConfig-version.cmake)
Linked: (/home/davencyw/catkinws/dynokvis/devel/.private/okvis_ros/share/okvis_ros/cmake/okvis_rosConfig.cmake, /home/davencyw/catkinws/dynokvis/devel/share/okvis_ros/cmake/okvis_rosConfig.cmake)
Linked: (/home/davencyw/catkinws/dynokvis/devel/.private/okvis_ros/include/okvis_ros/CameraConfig.h, /home/davencyw/catkinws/dynokvis/devel/include/okvis_ros/CameraConfig.h)
