In file included from [01m[K/home/davencyw/catkinws/dynokvis/src/okvis_ros/okvis/okvis_ceres/include/okvis/Estimator.hpp:64:0[m[K,
                 from [01m[K/home/davencyw/catkinws/dynokvis/src/okvis_ros/okvis/okvis_ceres/src/Estimator.cpp:42[m[K:
[01m[K/home/davencyw/catkinws/dynokvis/src/okvis_ros/okvis/okvis_ceres/include/okvis/dynenv/pointclassifier.hpp:[m[K In member function ‘[01m[Kvoid okvis::Estimator::updateWeights()[m[K’:
[01m[K/home/davencyw/catkinws/dynokvis/src/okvis_ros/okvis/okvis_ceres/include/okvis/dynenv/pointclassifier.hpp:30:8:[m[K [01;31m[Kerror: [m[K‘[01m[Kvoid okvis::ceres::dynenv::Pointclassifier::updateReprojectErrorMax(double)[m[K’ is protected
   void updateReprojectErrorMax(const double reproject_error_max){
[01;32m[K        ^[m[K
[01m[K/home/davencyw/catkinws/dynokvis/src/okvis_ros/okvis/okvis_ceres/src/Estimator.cpp:1313:62:[m[K [01;31m[Kerror: [m[Kwithin this context
     classifier_->updateReprojectErrorMax(reprojectionerrormax);
[01;32m[K                                                              ^[m[K
In file included from [01m[K/home/davencyw/catkinws/dynokvis/src/okvis_ros/okvis/okvis_ceres/include/okvis/Estimator.hpp:64:0[m[K,
                 from [01m[K/home/davencyw/catkinws/dynokvis/src/okvis_ros/okvis/okvis_ceres/src/Estimator.cpp:42[m[K:
[01m[K/home/davencyw/catkinws/dynokvis/src/okvis_ros/okvis/okvis_ceres/include/okvis/dynenv/pointclassifier.hpp:56:16:[m[K [01;31m[Kerror: [m[K‘[01m[Kvirtual void okvis::ceres::dynenv::Pointclassifier::classify()[m[K’ is protected
   virtual void classify() =0;
[01;32m[K                ^[m[K
[01m[K/home/davencyw/catkinws/dynokvis/src/okvis_ros/okvis/okvis_ceres/src/Estimator.cpp:1315:27:[m[K [01;31m[Kerror: [m[Kwithin this context
     classifier_->classify();
[01;32m[K                           ^[m[K
make[2]: *** [okvis/okvis_ceres/CMakeFiles/okvis_ceres.dir/src/Estimator.cpp.o] Error 1
make[1]: *** [okvis/okvis_ceres/CMakeFiles/okvis_ceres.dir/all] Error 2
make: *** [all] Error 2
