[01m[K/home/davencyw/catkinws/dynokvis/src/okvis_ros/okvis/okvis_ceres/src/cluster.cpp:[m[K In member function ‘[01m[Kvoid okvis::ceres::dynenv::ClusterAlgorithm::selectPointsAndReduce(okvis::PointMap&, std::vector<std::pair<okvis::MapPoint*, double> >&, const std::deque<std::vector<okvis::ceres::dynenv::Cluster> >&, uint64_t, okvis::MultiFramePtr)[m[K’:
[01m[K/home/davencyw/catkinws/dynokvis/src/okvis_ros/okvis/okvis_ceres/src/cluster.cpp:85:38:[m[K [01;31m[Kerror: [m[Kpassing ‘[01m[Kconst okvis::KeypointIdentifier[m[K’ as ‘[01m[Kthis[m[K’ argument discards qualifiers [-fpermissive]
   if (observation_i.first.getFrameId() > latestobservation.getFrameId()){
[01;32m[K                                      ^[m[K
In file included from [01m[K/home/davencyw/catkinws/dynokvis/src/okvis_ros/okvis/okvis_ceres/include/okvis/ceres/Map.hpp:49:0[m[K,
                 from [01m[K/home/davencyw/catkinws/dynokvis/src/okvis_ros/okvis/okvis_ceres/include/okvis/dynenv/cluster.hpp:4[m[K,
                 from [01m[K/home/davencyw/catkinws/dynokvis/src/okvis_ros/okvis/okvis_ceres/src/cluster.cpp:1[m[K:
[01m[K/home/davencyw/catkinws/dynokvis/src/okvis_ros/okvis/okvis_common/include/okvis/FrameTypedefs.hpp:78:12:[m[K [01;36m[Knote: [m[K  in call to ‘[01m[Kuint64_t okvis::KeypointIdentifier::getFrameId()[m[K’
   uint64_t getFrameId()
[01;32m[K            ^[m[K
[01m[K/home/davencyw/catkinws/dynokvis/src/okvis_ros/okvis/okvis_ceres/src/cluster.cpp:86:23:[m[K [01;31m[Kerror: [m[Kno match for ‘[01m[Koperator=[m[K’ (operand types are ‘[01m[Kokvis::KeypointIdentifier[m[K’ and ‘[01m[Kstd::pair<const okvis::KeypointIdentifier, long unsigned int>[m[K’)
     latestobservation = observation_i;
[01;32m[K                       ^[m[K
In file included from [01m[K/home/davencyw/catkinws/dynokvis/src/okvis_ros/okvis/okvis_ceres/include/okvis/ceres/Map.hpp:49:0[m[K,
                 from [01m[K/home/davencyw/catkinws/dynokvis/src/okvis_ros/okvis/okvis_ceres/include/okvis/dynenv/cluster.hpp:4[m[K,
                 from [01m[K/home/davencyw/catkinws/dynokvis/src/okvis_ros/okvis/okvis_ceres/src/cluster.cpp:1[m[K:
[01m[K/home/davencyw/catkinws/dynokvis/src/okvis_ros/okvis/okvis_common/include/okvis/FrameTypedefs.hpp:58:8:[m[K [01;36m[Knote: [m[Kcandidate: constexpr okvis::KeypointIdentifier& okvis::KeypointIdentifier::operator=(const okvis::KeypointIdentifier&)
 struct KeypointIdentifier
[01;32m[K        ^[m[K
[01m[K/home/davencyw/catkinws/dynokvis/src/okvis_ros/okvis/okvis_common/include/okvis/FrameTypedefs.hpp:58:8:[m[K [01;36m[Knote: [m[K  no known conversion for argument 1 from ‘[01m[Kstd::pair<const okvis::KeypointIdentifier, long unsigned int>[m[K’ to ‘[01m[Kconst okvis::KeypointIdentifier&[m[K’
[01m[K/home/davencyw/catkinws/dynokvis/src/okvis_ros/okvis/okvis_common/include/okvis/FrameTypedefs.hpp:58:8:[m[K [01;36m[Knote: [m[Kcandidate: constexpr okvis::KeypointIdentifier& okvis::KeypointIdentifier::operator=(okvis::KeypointIdentifier&&)
[01m[K/home/davencyw/catkinws/dynokvis/src/okvis_ros/okvis/okvis_common/include/okvis/FrameTypedefs.hpp:58:8:[m[K [01;36m[Knote: [m[K  no known conversion for argument 1 from ‘[01m[Kstd::pair<const okvis::KeypointIdentifier, long unsigned int>[m[K’ to ‘[01m[Kokvis::KeypointIdentifier&&[m[K’
[01m[K/home/davencyw/catkinws/dynokvis/src/okvis_ros/okvis/okvis_ceres/src/cluster.cpp:90:22:[m[K [01;31m[Kerror: [m[K‘[01m[Kstruct okvis::KeypointIdentifier[m[K’ has no member named ‘[01m[Kfirst[m[K’
 if(latestobservation.first.getFrameId() != frameId){
[01;32m[K                      ^[m[K
[01m[K/home/davencyw/catkinws/dynokvis/src/okvis_ros/okvis/okvis_ceres/src/cluster.cpp:97:42:[m[K [01;31m[Kerror: [m[K‘[01m[Kstruct okvis::KeypointIdentifier[m[K’ has no member named ‘[01m[Kfirst[m[K’
   frame->getKeypoint(0,latestobservation.first.keypointIndex, puv);
[01;32m[K                                          ^[m[K
make[2]: *** [okvis/okvis_ceres/CMakeFiles/okvis_ceres.dir/src/cluster.cpp.o] Error 1
make[1]: *** [okvis/okvis_ceres/CMakeFiles/okvis_ceres.dir/all] Error 2
make: *** [all] Error 2
