In file included from [01m[K/home/davencyw/catkinws/dynokvis/src/okvis_ros/okvis/okvis_cv/include/okvis/Frame.hpp:210:0[m[K,
                 from [01m[K/home/davencyw/catkinws/dynokvis/src/okvis_ros/okvis/okvis_cv/include/okvis/MultiFrame.hpp:46[m[K,
                 from [01m[K/home/davencyw/catkinws/dynokvis/src/okvis_ros/okvis/okvis_common/include/okvis/Parameters.hpp:52[m[K,
                 from [01m[K/home/davencyw/catkinws/dynokvis/src/okvis_ros/okvis/okvis_common/src/VioInterface.cpp:46[m[K:
[01m[K/home/davencyw/catkinws/dynokvis/src/okvis_ros/okvis/okvis_cv/include/okvis/implementation/Frame.hpp:[m[K In member function ‘[01m[Kbool okvis::Frame::getKeypointResidualPtr(std::size_t, double*&) const[m[K’:
[01m[K/home/davencyw/catkinws/dynokvis/src/okvis_ros/okvis/okvis_cv/include/okvis/implementation/Frame.hpp:233:15:[m[K [01;31m[Kerror: [m[Kinvalid conversion from ‘[01m[Kconst value_type* {aka const double*}[m[K’ to ‘[01m[Kdouble*[m[K’ [-fpermissive]
   residualptr = &(residuals_[keypointIdx]);
[01;32m[K               ^[m[K
In file included from [01m[K/home/davencyw/catkinws/dynokvis/src/okvis_ros/okvis/okvis_cv/include/okvis/Frame.hpp:210:0[m[K,
                 from [01m[K/home/davencyw/catkinws/dynokvis/src/okvis_ros/okvis/okvis_cv/include/okvis/MultiFrame.hpp:46[m[K,
                 from [01m[K/home/davencyw/catkinws/dynokvis/src/okvis_ros/okvis/okvis_common/include/okvis/Parameters.hpp:52[m[K,
                 from [01m[K/home/davencyw/catkinws/dynokvis/src/okvis_ros/okvis/okvis_common/include/okvis/VioParametersReader.hpp:52[m[K,
                 from [01m[K/home/davencyw/catkinws/dynokvis/src/okvis_ros/okvis/okvis_common/src/VioParametersReader.cpp:53[m[K:
[01m[K/home/davencyw/catkinws/dynokvis/src/okvis_ros/okvis/okvis_cv/include/okvis/implementation/Frame.hpp:[m[K In member function ‘[01m[Kbool okvis::Frame::getKeypointResidualPtr(std::size_t, double*&) const[m[K’:
[01m[K/home/davencyw/catkinws/dynokvis/src/okvis_ros/okvis/okvis_cv/include/okvis/implementation/Frame.hpp:233:15:[m[K [01;31m[Kerror: [m[Kinvalid conversion from ‘[01m[Kconst value_type* {aka const double*}[m[K’ to ‘[01m[Kdouble*[m[K’ [-fpermissive]
   residualptr = &(residuals_[keypointIdx]);
[01;32m[K               ^[m[K
make[2]: *** [okvis/okvis_common/CMakeFiles/okvis_common.dir/src/VioInterface.cpp.o] Error 1
make[2]: *** Waiting for unfinished jobs....
make[2]: *** [okvis/okvis_common/CMakeFiles/okvis_common.dir/src/VioParametersReader.cpp.o] Error 1
make[1]: *** [okvis/okvis_common/CMakeFiles/okvis_common.dir/all] Error 2
make: *** [all] Error 2
