/usr/bin/ld: warning: libboost_system.so.1.58.0, needed by /usr/local/lib/libvisensor.so, may conflict with libboost_system.so.1.67.0
In file included from [01m[K/home/davencyw/catkinws/dynokvis/src/okvis_ros/okvis/okvis_ceres/include/okvis/Estimator.hpp:67:0[m[K,
                 from [01m[K/home/davencyw/catkinws/dynokvis/src/okvis_ros/okvis/okvis_frontend/include/okvis/Frontend.hpp:46[m[K,
                 from [01m[K/home/davencyw/catkinws/dynokvis/src/okvis_ros/okvis/okvis_multisensor_processing/include/okvis/ThreadedKFVio.hpp:51[m[K,
                 from [01m[K/home/davencyw/catkinws/dynokvis/src/okvis_ros/include/okvis/Subscriber.hpp:70[m[K,
                 from [01m[K/home/davencyw/catkinws/dynokvis/src/okvis_ros/src/okvis_node_synchronous.cpp:59[m[K:
[01m[K/home/davencyw/catkinws/dynokvis/src/okvis_ros/okvis/okvis_ceres/include/okvis/dynenv/cluster.hpp:27:7:[m[K [01;35m[Kwarning: [m[K‘[01m[Kclass okvis::ceres::dynenv::ClusterAlgorithm[m[K’ has virtual functions and accessible non-virtual destructor [-Wnon-virtual-dtor]
 class ClusterAlgorithm{
[01;32m[K       ^[m[K
In file included from [01m[K/home/davencyw/catkinws/dynokvis/src/okvis_ros/okvis/okvis_ceres/include/okvis/Estimator.hpp:67:0[m[K,
                 from [01m[K/home/davencyw/catkinws/dynokvis/src/okvis_ros/okvis/okvis_frontend/include/okvis/Frontend.hpp:46[m[K,
                 from [01m[K/home/davencyw/catkinws/dynokvis/src/okvis_ros/okvis/okvis_multisensor_processing/include/okvis/ThreadedKFVio.hpp:51[m[K,
                 from [01m[K/home/davencyw/catkinws/dynokvis/src/okvis_ros/include/okvis/Subscriber.hpp:70[m[K,
                 from [01m[K/home/davencyw/catkinws/dynokvis/src/okvis_ros/src/okvis_node.cpp:55[m[K:
[01m[K/home/davencyw/catkinws/dynokvis/src/okvis_ros/okvis/okvis_ceres/include/okvis/dynenv/cluster.hpp:27:7:[m[K [01;35m[Kwarning: [m[K‘[01m[Kclass okvis::ceres::dynenv::ClusterAlgorithm[m[K’ has virtual functions and accessible non-virtual destructor [-Wnon-virtual-dtor]
 class ClusterAlgorithm{
[01;32m[K       ^[m[K
[01m[K/home/davencyw/catkinws/dynokvis/src/okvis_ros/okvis/okvis_ceres/include/okvis/dynenv/cluster.hpp:54:7:[m[K [01;35m[Kwarning: [m[Kbase class ‘[01m[Kclass okvis::ceres::dynenv::ClusterAlgorithm[m[K’ has accessible non-virtual destructor [-Wnon-virtual-dtor]
 class SimpleCluster : public ClusterAlgorithm{
[01;32m[K       ^[m[K
[01m[K/home/davencyw/catkinws/dynokvis/src/okvis_ros/okvis/okvis_ceres/include/okvis/dynenv/cluster.hpp:54:7:[m[K [01;35m[Kwarning: [m[Kbase class ‘[01m[Kclass okvis::ceres::dynenv::ClusterAlgorithm[m[K’ has accessible non-virtual destructor [-Wnon-virtual-dtor]
 class SimpleCluster : public ClusterAlgorithm{
[01;32m[K       ^[m[K
[01m[K/home/davencyw/catkinws/dynokvis/src/okvis_ros/okvis/okvis_ceres/include/okvis/dynenv/cluster.hpp:54:7:[m[K [01;35m[Kwarning: [m[K‘[01m[Kclass okvis::ceres::dynenv::SimpleCluster[m[K’ has virtual functions and accessible non-virtual destructor [-Wnon-virtual-dtor]
[01m[K/home/davencyw/catkinws/dynokvis/src/okvis_ros/okvis/okvis_ceres/include/okvis/dynenv/cluster.hpp:54:7:[m[K [01;35m[Kwarning: [m[K‘[01m[Kclass okvis::ceres::dynenv::SimpleCluster[m[K’ has virtual functions and accessible non-virtual destructor [-Wnon-virtual-dtor]
