-- Found Eigen version 3.2.92: /usr/include
-- Found LAPACK library: /usr/lib/liblapack.so;/usr/lib/libf77blas.so;/usr/lib/libatlas.so
-- Found BLAS library: /usr/lib/libf77blas.so;/usr/lib/libatlas.so
make[3]: warning: -jN forced in submake: disabling jobserver mode.
-- Found SuiteSparse 4.4.6, building with SuiteSparse.
-- Building without CXSparse.
-- Found Google Flags header in: /usr/include
-- Found Google Log header in: /usr/include
-- Building with OpenMP.
-- Found unordered_map/set in std namespace.
-- Found shared_ptr in std namespace using <memory> header.
-- Building Ceres as a static library.
-- Do not build any example.
make[3]: warning: -jN forced in submake: disabling jobserver mode.
make[3]: warning: jobserver unavailable: using -j1.  Add '+' to parent make rule.
In file included from [01m[K/home/davencyw/catkinws/dynokvis/src/okvis_ros/okvis/okvis_ceres/include/okvis/Estimator.hpp:64:0[m[K,
                 from [01m[K/home/davencyw/catkinws/dynokvis/src/okvis_ros/okvis/okvis_ceres/src/Estimator.cpp:42[m[K:
[01m[K/home/davencyw/catkinws/dynokvis/src/okvis_ros/okvis/okvis_ceres/include/okvis/dynenv/pointclassifier.hpp:[m[K In member function ‘[01m[Kvirtual void okvis::ceres::dynenv::Dep3::classify(okvis::PointMap&)[m[K’:
[01m[K/home/davencyw/catkinws/dynokvis/src/okvis_ros/okvis/okvis_ceres/include/okvis/dynenv/pointclassifier.hpp:81:15:[m[K [01;31m[Kerror: [m[Kexpected unqualified-id before ‘[01m[K[[m[K’ token
     for(auto& [landmarkIdx, mappoint] : pointmap ){
[01;32m[K               ^[m[K
[01m[K/home/davencyw/catkinws/dynokvis/src/okvis_ros/okvis/okvis_ceres/include/okvis/dynenv/pointclassifier.hpp:81:15:[m[K [01;31m[Kerror: [m[Kexpected ‘[01m[K;[m[K’ before ‘[01m[K[[m[K’ token
[01m[K/home/davencyw/catkinws/dynokvis/src/okvis_ros/okvis/okvis_ceres/include/okvis/dynenv/pointclassifier.hpp:81:16:[m[K [01;31m[Kerror: [m[K‘[01m[KlandmarkIdx[m[K’ was not declared in this scope
     for(auto& [landmarkIdx, mappoint] : pointmap ){
[01;32m[K                ^[m[K
[01m[K/home/davencyw/catkinws/dynokvis/src/okvis_ros/okvis/okvis_ceres/include/okvis/dynenv/pointclassifier.hpp:81:29:[m[K [01;31m[Kerror: [m[K‘[01m[Kmappoint[m[K’ was not declared in this scope
     for(auto& [landmarkIdx, mappoint] : pointmap ){
[01;32m[K                             ^[m[K
[01m[K/home/davencyw/catkinws/dynokvis/src/okvis_ros/okvis/okvis_ceres/include/okvis/dynenv/pointclassifier.hpp:[m[K In lambda function:
[01m[K/home/davencyw/catkinws/dynokvis/src/okvis_ros/okvis/okvis_ceres/include/okvis/dynenv/pointclassifier.hpp:81:39:[m[K [01;31m[Kerror: [m[Kexpected ‘[01m[K{[m[K’ before ‘[01m[K:[m[K’ token
     for(auto& [landmarkIdx, mappoint] : pointmap ){
[01;32m[K                                       ^[m[K
[01m[K/home/davencyw/catkinws/dynokvis/src/okvis_ros/okvis/okvis_ceres/include/okvis/dynenv/pointclassifier.hpp:[m[K In member function ‘[01m[Kvirtual void okvis::ceres::dynenv::Dep3::classify(okvis::PointMap&)[m[K’:
[01m[K/home/davencyw/catkinws/dynokvis/src/okvis_ros/okvis/okvis_ceres/include/okvis/dynenv/pointclassifier.hpp:81:39:[m[K [01;31m[Kerror: [m[Kexpected ‘[01m[K;[m[K’ before ‘[01m[K:[m[K’ token
[01m[K/home/davencyw/catkinws/dynokvis/src/okvis_ros/okvis/okvis_ceres/include/okvis/dynenv/pointclassifier.hpp:81:39:[m[K [01;31m[Kerror: [m[Kexpected primary-expression before ‘[01m[K:[m[K’ token
[01m[K/home/davencyw/catkinws/dynokvis/src/okvis_ros/okvis/okvis_ceres/include/okvis/dynenv/pointclassifier.hpp:81:39:[m[K [01;31m[Kerror: [m[Kexpected ‘[01m[K)[m[K’ before ‘[01m[K:[m[K’ token
[01m[K/home/davencyw/catkinws/dynokvis/src/okvis_ros/okvis/okvis_ceres/include/okvis/dynenv/pointclassifier.hpp:81:39:[m[K [01;31m[Kerror: [m[Kexpected primary-expression before ‘[01m[K:[m[K’ token
[01m[K/home/davencyw/catkinws/dynokvis/src/okvis_ros/okvis/okvis_ceres/src/Estimator.cpp:[m[K In member function ‘[01m[Kvoid okvis::Estimator::updateWeights()[m[K’:
[01m[K/home/davencyw/catkinws/dynokvis/src/okvis_ros/okvis/okvis_ceres/src/Estimator.cpp:1310:13:[m[K [01;31m[Kerror: [m[Kexpected unqualified-id before ‘[01m[K[[m[K’ token
   for(auto& [landmarkIdx, mappoint] : landmarksMap_ ){
[01;32m[K             ^[m[K
[01m[K/home/davencyw/catkinws/dynokvis/src/okvis_ros/okvis/okvis_ceres/src/Estimator.cpp:1310:13:[m[K [01;31m[Kerror: [m[Kexpected ‘[01m[K;[m[K’ before ‘[01m[K[[m[K’ token
[01m[K/home/davencyw/catkinws/dynokvis/src/okvis_ros/okvis/okvis_ceres/src/Estimator.cpp:1310:14:[m[K [01;31m[Kerror: [m[K‘[01m[KlandmarkIdx[m[K’ was not declared in this scope
   for(auto& [landmarkIdx, mappoint] : landmarksMap_ ){
[01;32m[K              ^[m[K
[01m[K/home/davencyw/catkinws/dynokvis/src/okvis_ros/okvis/okvis_ceres/src/Estimator.cpp:1310:27:[m[K [01;31m[Kerror: [m[K‘[01m[Kmappoint[m[K’ was not declared in this scope
   for(auto& [landmarkIdx, mappoint] : landmarksMap_ ){
[01;32m[K                           ^[m[K
[01m[K/home/davencyw/catkinws/dynokvis/src/okvis_ros/okvis/okvis_ceres/src/Estimator.cpp:[m[K In lambda function:
[01m[K/home/davencyw/catkinws/dynokvis/src/okvis_ros/okvis/okvis_ceres/src/Estimator.cpp:1310:37:[m[K [01;31m[Kerror: [m[Kexpected ‘[01m[K{[m[K’ before ‘[01m[K:[m[K’ token
   for(auto& [landmarkIdx, mappoint] : landmarksMap_ ){
[01;32m[K                                     ^[m[K
[01m[K/home/davencyw/catkinws/dynokvis/src/okvis_ros/okvis/okvis_ceres/src/Estimator.cpp:[m[K In member function ‘[01m[Kvoid okvis::Estimator::updateWeights()[m[K’:
[01m[K/home/davencyw/catkinws/dynokvis/src/okvis_ros/okvis/okvis_ceres/src/Estimator.cpp:1310:37:[m[K [01;31m[Kerror: [m[Kexpected ‘[01m[K;[m[K’ before ‘[01m[K:[m[K’ token
[01m[K/home/davencyw/catkinws/dynokvis/src/okvis_ros/okvis/okvis_ceres/src/Estimator.cpp:1310:37:[m[K [01;31m[Kerror: [m[Kexpected primary-expression before ‘[01m[K:[m[K’ token
[01m[K/home/davencyw/catkinws/dynokvis/src/okvis_ros/okvis/okvis_ceres/src/Estimator.cpp:1310:37:[m[K [01;31m[Kerror: [m[Kexpected ‘[01m[K)[m[K’ before ‘[01m[K:[m[K’ token
[01m[K/home/davencyw/catkinws/dynokvis/src/okvis_ros/okvis/okvis_ceres/src/Estimator.cpp:1310:37:[m[K [01;31m[Kerror: [m[Kexpected primary-expression before ‘[01m[K:[m[K’ token
make[2]: *** [okvis/okvis_ceres/CMakeFiles/okvis_ceres.dir/src/Estimator.cpp.o] Error 1
make[2]: *** Waiting for unfinished jobs....
make[1]: *** [okvis/okvis_ceres/CMakeFiles/okvis_ceres.dir/all] Error 2
make[1]: *** Waiting for unfinished jobs....
make[3]: warning: jobserver unavailable: using -j1.  Add '+' to parent make rule.
make: *** [all] Error 2
