[01m[K/home/davencyw/catkinws/dynokvis/src/okvis_ros/okvis/okvis_multisensor_processing/src/VioVisualizer.cpp:[m[K In member function ‘[01m[Kcv::Mat okvis::VioVisualizer::drawMatches(okvis::VioVisualizer::VisualizationData::Ptr&, std::size_t)[m[K’:
[01m[K/home/davencyw/catkinws/dynokvis/src/okvis_ros/okvis/okvis_multisensor_processing/src/VioVisualizer.cpp:229:20:[m[K [01;35m[Kwarning: [m[Kunused variable ‘[01m[Kresidual[m[K’ [-Wunused-variable]
       const double residual(*residualptr);
[01;32m[K                    ^[m[K
In file included from [01m[K/home/davencyw/catkinws/dynokvis/src/okvis_ros/okvis/okvis_ceres/include/okvis/Estimator.hpp:66:0[m[K,
                 from [01m[K/home/davencyw/catkinws/dynokvis/src/okvis_ros/okvis/okvis_frontend/include/okvis/Frontend.hpp:46[m[K,
                 from [01m[K/home/davencyw/catkinws/dynokvis/src/okvis_ros/okvis/okvis_multisensor_processing/include/okvis/ThreadedKFVio.hpp:51[m[K,
                 from [01m[K/home/davencyw/catkinws/dynokvis/src/okvis_ros/include/okvis/Subscriber.hpp:70[m[K,
                 from [01m[K/home/davencyw/catkinws/dynokvis/src/okvis_ros/src/Subscriber.cpp:42[m[K:
[01m[K/home/davencyw/catkinws/dynokvis/src/okvis_ros/okvis/okvis_ceres/include/okvis/dynenv/pointclassifier.hpp:15:7:[m[K [01;35m[Kwarning: [m[K‘[01m[Kclass okvis::ceres::dynenv::Pointclassifier[m[K’ has virtual functions and accessible non-virtual destructor [-Wnon-virtual-dtor]
 class Pointclassifier {
[01;32m[K       ^[m[K
[01m[K/home/davencyw/catkinws/dynokvis/src/okvis_ros/okvis/okvis_ceres/include/okvis/dynenv/pointclassifier.hpp:81:7:[m[K [01;35m[Kwarning: [m[Kbase class ‘[01m[Kclass okvis::ceres::dynenv::Pointclassifier[m[K’ has accessible non-virtual destructor [-Wnon-virtual-dtor]
 class Dep3 : public Pointclassifier{
[01;32m[K       ^[m[K
[01m[K/home/davencyw/catkinws/dynokvis/src/okvis_ros/okvis/okvis_ceres/include/okvis/dynenv/pointclassifier.hpp:81:7:[m[K [01;35m[Kwarning: [m[K‘[01m[Kclass okvis::ceres::dynenv::Dep3[m[K’ has virtual functions and accessible non-virtual destructor [-Wnon-virtual-dtor]
In file included from [01m[K/home/davencyw/catkinws/dynokvis/src/okvis_ros/okvis/okvis_ceres/include/okvis/Estimator.hpp:67:0[m[K,
                 from [01m[K/home/davencyw/catkinws/dynokvis/src/okvis_ros/okvis/okvis_frontend/include/okvis/Frontend.hpp:46[m[K,
                 from [01m[K/home/davencyw/catkinws/dynokvis/src/okvis_ros/okvis/okvis_multisensor_processing/include/okvis/ThreadedKFVio.hpp:51[m[K,
                 from [01m[K/home/davencyw/catkinws/dynokvis/src/okvis_ros/include/okvis/Subscriber.hpp:70[m[K,
                 from [01m[K/home/davencyw/catkinws/dynokvis/src/okvis_ros/src/Subscriber.cpp:42[m[K:
[01m[K/home/davencyw/catkinws/dynokvis/src/okvis_ros/okvis/okvis_ceres/include/okvis/dynenv/cluster.hpp:29:7:[m[K [01;35m[Kwarning: [m[K‘[01m[Kclass okvis::ceres::dynenv::ClusterAlgorithm[m[K’ has virtual functions and accessible non-virtual destructor [-Wnon-virtual-dtor]
 class ClusterAlgorithm{
[01;32m[K       ^[m[K
[01m[K/home/davencyw/catkinws/dynokvis/src/okvis_ros/okvis/okvis_ceres/include/okvis/dynenv/cluster.hpp:65:7:[m[K [01;35m[Kwarning: [m[Kbase class ‘[01m[Kclass okvis::ceres::dynenv::ClusterAlgorithm[m[K’ has accessible non-virtual destructor [-Wnon-virtual-dtor]
 class SimpleCluster : public ClusterAlgorithm{
[01;32m[K       ^[m[K
[01m[K/home/davencyw/catkinws/dynokvis/src/okvis_ros/okvis/okvis_ceres/include/okvis/dynenv/cluster.hpp:65:7:[m[K [01;35m[Kwarning: [m[K‘[01m[Kclass okvis::ceres::dynenv::SimpleCluster[m[K’ has virtual functions and accessible non-virtual destructor [-Wnon-virtual-dtor]
/usr/bin/ld: warning: libboost_system.so.1.58.0, needed by /usr/local/lib/libvisensor.so, may conflict with libboost_system.so.1.67.0
In file included from [01m[K/home/davencyw/catkinws/dynokvis/src/okvis_ros/okvis/okvis_ceres/include/okvis/Estimator.hpp:66:0[m[K,
                 from [01m[K/home/davencyw/catkinws/dynokvis/src/okvis_ros/okvis/okvis_frontend/include/okvis/Frontend.hpp:46[m[K,
                 from [01m[K/home/davencyw/catkinws/dynokvis/src/okvis_ros/okvis/okvis_multisensor_processing/include/okvis/ThreadedKFVio.hpp:51[m[K,
                 from [01m[K/home/davencyw/catkinws/dynokvis/src/okvis_ros/include/okvis/Subscriber.hpp:70[m[K,
                 from [01m[K/home/davencyw/catkinws/dynokvis/src/okvis_ros/src/okvis_node_synchronous.cpp:59[m[K:
[01m[K/home/davencyw/catkinws/dynokvis/src/okvis_ros/okvis/okvis_ceres/include/okvis/dynenv/pointclassifier.hpp:15:7:[m[K [01;35m[Kwarning: [m[K‘[01m[Kclass okvis::ceres::dynenv::Pointclassifier[m[K’ has virtual functions and accessible non-virtual destructor [-Wnon-virtual-dtor]
 class Pointclassifier {
[01;32m[K       ^[m[K
[01m[K/home/davencyw/catkinws/dynokvis/src/okvis_ros/okvis/okvis_ceres/include/okvis/dynenv/pointclassifier.hpp:81:7:[m[K [01;35m[Kwarning: [m[Kbase class ‘[01m[Kclass okvis::ceres::dynenv::Pointclassifier[m[K’ has accessible non-virtual destructor [-Wnon-virtual-dtor]
 class Dep3 : public Pointclassifier{
[01;32m[K       ^[m[K
[01m[K/home/davencyw/catkinws/dynokvis/src/okvis_ros/okvis/okvis_ceres/include/okvis/dynenv/pointclassifier.hpp:81:7:[m[K [01;35m[Kwarning: [m[K‘[01m[Kclass okvis::ceres::dynenv::Dep3[m[K’ has virtual functions and accessible non-virtual destructor [-Wnon-virtual-dtor]
In file included from [01m[K/home/davencyw/catkinws/dynokvis/src/okvis_ros/okvis/okvis_ceres/include/okvis/Estimator.hpp:66:0[m[K,
                 from [01m[K/home/davencyw/catkinws/dynokvis/src/okvis_ros/okvis/okvis_frontend/include/okvis/Frontend.hpp:46[m[K,
                 from [01m[K/home/davencyw/catkinws/dynokvis/src/okvis_ros/okvis/okvis_multisensor_processing/include/okvis/ThreadedKFVio.hpp:51[m[K,
                 from [01m[K/home/davencyw/catkinws/dynokvis/src/okvis_ros/include/okvis/Subscriber.hpp:70[m[K,
                 from [01m[K/home/davencyw/catkinws/dynokvis/src/okvis_ros/src/okvis_node.cpp:55[m[K:
[01m[K/home/davencyw/catkinws/dynokvis/src/okvis_ros/okvis/okvis_ceres/include/okvis/dynenv/pointclassifier.hpp:15:7:[m[K [01;35m[Kwarning: [m[K‘[01m[Kclass okvis::ceres::dynenv::Pointclassifier[m[K’ has virtual functions and accessible non-virtual destructor [-Wnon-virtual-dtor]
 class Pointclassifier {
[01;32m[K       ^[m[K
[01m[K/home/davencyw/catkinws/dynokvis/src/okvis_ros/okvis/okvis_ceres/include/okvis/dynenv/pointclassifier.hpp:81:7:[m[K [01;35m[Kwarning: [m[Kbase class ‘[01m[Kclass okvis::ceres::dynenv::Pointclassifier[m[K’ has accessible non-virtual destructor [-Wnon-virtual-dtor]
 class Dep3 : public Pointclassifier{
[01;32m[K       ^[m[K
[01m[K/home/davencyw/catkinws/dynokvis/src/okvis_ros/okvis/okvis_ceres/include/okvis/dynenv/pointclassifier.hpp:81:7:[m[K [01;35m[Kwarning: [m[K‘[01m[Kclass okvis::ceres::dynenv::Dep3[m[K’ has virtual functions and accessible non-virtual destructor [-Wnon-virtual-dtor]
In file included from [01m[K/home/davencyw/catkinws/dynokvis/src/okvis_ros/okvis/okvis_ceres/include/okvis/Estimator.hpp:67:0[m[K,
                 from [01m[K/home/davencyw/catkinws/dynokvis/src/okvis_ros/okvis/okvis_frontend/include/okvis/Frontend.hpp:46[m[K,
                 from [01m[K/home/davencyw/catkinws/dynokvis/src/okvis_ros/okvis/okvis_multisensor_processing/include/okvis/ThreadedKFVio.hpp:51[m[K,
                 from [01m[K/home/davencyw/catkinws/dynokvis/src/okvis_ros/include/okvis/Subscriber.hpp:70[m[K,
                 from [01m[K/home/davencyw/catkinws/dynokvis/src/okvis_ros/src/okvis_node_synchronous.cpp:59[m[K:
[01m[K/home/davencyw/catkinws/dynokvis/src/okvis_ros/okvis/okvis_ceres/include/okvis/dynenv/cluster.hpp:29:7:[m[K [01;35m[Kwarning: [m[K‘[01m[Kclass okvis::ceres::dynenv::ClusterAlgorithm[m[K’ has virtual functions and accessible non-virtual destructor [-Wnon-virtual-dtor]
 class ClusterAlgorithm{
[01;32m[K       ^[m[K
[01m[K/home/davencyw/catkinws/dynokvis/src/okvis_ros/okvis/okvis_ceres/include/okvis/dynenv/cluster.hpp:65:7:[m[K [01;35m[Kwarning: [m[Kbase class ‘[01m[Kclass okvis::ceres::dynenv::ClusterAlgorithm[m[K’ has accessible non-virtual destructor [-Wnon-virtual-dtor]
 class SimpleCluster : public ClusterAlgorithm{
[01;32m[K       ^[m[K
[01m[K/home/davencyw/catkinws/dynokvis/src/okvis_ros/okvis/okvis_ceres/include/okvis/dynenv/cluster.hpp:65:7:[m[K [01;35m[Kwarning: [m[K‘[01m[Kclass okvis::ceres::dynenv::SimpleCluster[m[K’ has virtual functions and accessible non-virtual destructor [-Wnon-virtual-dtor]
In file included from [01m[K/home/davencyw/catkinws/dynokvis/src/okvis_ros/okvis/okvis_ceres/include/okvis/Estimator.hpp:67:0[m[K,
                 from [01m[K/home/davencyw/catkinws/dynokvis/src/okvis_ros/okvis/okvis_frontend/include/okvis/Frontend.hpp:46[m[K,
                 from [01m[K/home/davencyw/catkinws/dynokvis/src/okvis_ros/okvis/okvis_multisensor_processing/include/okvis/ThreadedKFVio.hpp:51[m[K,
                 from [01m[K/home/davencyw/catkinws/dynokvis/src/okvis_ros/include/okvis/Subscriber.hpp:70[m[K,
                 from [01m[K/home/davencyw/catkinws/dynokvis/src/okvis_ros/src/okvis_node.cpp:55[m[K:
[01m[K/home/davencyw/catkinws/dynokvis/src/okvis_ros/okvis/okvis_ceres/include/okvis/dynenv/cluster.hpp:29:7:[m[K [01;35m[Kwarning: [m[K‘[01m[Kclass okvis::ceres::dynenv::ClusterAlgorithm[m[K’ has virtual functions and accessible non-virtual destructor [-Wnon-virtual-dtor]
 class ClusterAlgorithm{
[01;32m[K       ^[m[K
[01m[K/home/davencyw/catkinws/dynokvis/src/okvis_ros/okvis/okvis_ceres/include/okvis/dynenv/cluster.hpp:65:7:[m[K [01;35m[Kwarning: [m[Kbase class ‘[01m[Kclass okvis::ceres::dynenv::ClusterAlgorithm[m[K’ has accessible non-virtual destructor [-Wnon-virtual-dtor]
 class SimpleCluster : public ClusterAlgorithm{
[01;32m[K       ^[m[K
[01m[K/home/davencyw/catkinws/dynokvis/src/okvis_ros/okvis/okvis_ceres/include/okvis/dynenv/cluster.hpp:65:7:[m[K [01;35m[Kwarning: [m[K‘[01m[Kclass okvis::ceres::dynenv::SimpleCluster[m[K’ has virtual functions and accessible non-virtual destructor [-Wnon-virtual-dtor]
