In file included from [01m[K/home/davencyw/catkinws/dynokvis/src/okvis_ros/okvis/okvis_ceres/src/cluster.cpp:1:0[m[K:
[01m[K/home/davencyw/catkinws/dynokvis/src/okvis_ros/okvis/okvis_ceres/include/okvis/dynenv/cluster.hpp:74:24:[m[K [01;31m[Kerror: [m[K‘[01m[Kstd::vector<okvis::ceres::dynenv::Cluster> okvis::ceres::dynenv::SimpleCluster::computecluster(std::vector<std::pair<okvis::MapPoint*, double> >&, std::vector<std::tuple<Eigen::Matrix<double, 2, 1, 0, 2, 1>, double, Eigen::Matrix<double, 2, 1, 0, 2, 1> > >)[m[K’ marked ‘[01m[Koverride[m[K’, but does not override
   std::vector<Cluster> computecluster(
[01;32m[K                        ^[m[K
[01m[K/home/davencyw/catkinws/dynokvis/src/okvis_ros/okvis/okvis_ceres/src/cluster.cpp:[m[K In member function ‘[01m[Kvoid okvis::ceres::dynenv::ClusterAlgorithm::cluster(okvis::PointMap&, std::deque<std::vector<okvis::ceres::dynenv::Cluster> >&, uint64_t, uint64_t, okvis::MultiFramePtr)[m[K’:
[01m[K/home/davencyw/catkinws/dynokvis/src/okvis_ros/okvis/okvis_ceres/src/cluster.cpp:17:93:[m[K [01;31m[Kerror: [m[Kno matching function for call to ‘[01m[Kokvis::ceres::dynenv::ClusterAlgorithm::selectPointsAndReduce(okvis::PointMap&, std::vector<std::pair<okvis::MapPoint*, double> >&, std::deque<std::vector<okvis::ceres::dynenv::Cluster> >&, const uint64_t&, const MultiFramePtr&, std::vector<std::pair<Eigen::Matrix<double, 2, 1>, double> >&)[m[K’
   selectPointsAndReduce(pointmap, cluster_candidates,cluster, frameId, frame, candidate_info);
[01;32m[K                                                                                             ^[m[K
In file included from [01m[K/home/davencyw/catkinws/dynokvis/src/okvis_ros/okvis/okvis_ceres/src/cluster.cpp:1:0[m[K:
[01m[K/home/davencyw/catkinws/dynokvis/src/okvis_ros/okvis/okvis_ceres/include/okvis/dynenv/cluster.hpp:50:8:[m[K [01;36m[Knote: [m[Kcandidate: void okvis::ceres::dynenv::ClusterAlgorithm::selectPointsAndReduce(okvis::PointMap&, std::vector<std::pair<okvis::MapPoint*, double> >&, const std::deque<std::vector<okvis::ceres::dynenv::Cluster> >&, uint64_t, okvis::MultiFramePtr, std::vector<std::tuple<Eigen::Matrix<double, 2, 1, 0, 2, 1>, double, Eigen::Matrix<double, 2, 1, 0, 2, 1> > >)
   void selectPointsAndReduce(PointMap& pointmap,
[01;32m[K        ^[m[K
[01m[K/home/davencyw/catkinws/dynokvis/src/okvis_ros/okvis/okvis_ceres/include/okvis/dynenv/cluster.hpp:50:8:[m[K [01;36m[Knote: [m[K  no known conversion for argument 6 from ‘[01m[Kstd::vector<std::pair<Eigen::Matrix<double, 2, 1>, double> >[m[K’ to ‘[01m[Kstd::vector<std::tuple<Eigen::Matrix<double, 2, 1, 0, 2, 1>, double, Eigen::Matrix<double, 2, 1, 0, 2, 1> > >[m[K’
[01m[K/home/davencyw/catkinws/dynokvis/src/okvis_ros/okvis/okvis_ceres/src/cluster.cpp:[m[K In member function ‘[01m[Kvoid okvis::ceres::dynenv::ClusterAlgorithm::selectPointsAndReduce(okvis::PointMap&, std::vector<std::pair<okvis::MapPoint*, double> >&, const std::deque<std::vector<okvis::ceres::dynenv::Cluster> >&, uint64_t, okvis::MultiFramePtr, std::vector<std::tuple<Eigen::Matrix<double, 2, 1, 0, 2, 1>, double, Eigen::Matrix<double, 2, 1, 0, 2, 1> > >)[m[K’:
[01m[K/home/davencyw/catkinws/dynokvis/src/okvis_ros/okvis/okvis_ceres/src/cluster.cpp:153:63:[m[K [01;31m[Kerror: [m[Kno matching function for call to ‘[01m[Kmake_pair(Eigen::Vector2d&, double&, Eigen::Vector2d&)[m[K’
     candidate_info.push_back(std::make_pair(puv, *res_ptr,flow));
[01;32m[K                                                               ^[m[K
In file included from [01m[K/usr/include/c++/5/bits/stl_algobase.h:64:0[m[K,
                 from [01m[K/usr/include/c++/5/memory:62[m[K,
                 from [01m[K/home/davencyw/catkinws/dynokvis/src/okvis_ros/okvis/okvis_ceres/include/okvis/ceres/Map.hpp:42[m[K,
                 from [01m[K/home/davencyw/catkinws/dynokvis/src/okvis_ros/okvis/okvis_ceres/include/okvis/dynenv/cluster.hpp:4[m[K,
                 from [01m[K/home/davencyw/catkinws/dynokvis/src/okvis_ros/okvis/okvis_ceres/src/cluster.cpp:1[m[K:
[01m[K/usr/include/c++/5/bits/stl_pair.h:276:5:[m[K [01;36m[Knote: [m[Kcandidate: template<class _T1, class _T2> constexpr std::pair<typename std::__decay_and_strip<_Tp>::__type, typename std::__decay_and_strip<_T2>::__type> std::make_pair(_T1&&, _T2&&)
     make_pair(_T1&& __x, _T2&& __y)
[01;32m[K     ^[m[K
[01m[K/usr/include/c++/5/bits/stl_pair.h:276:5:[m[K [01;36m[Knote: [m[K  template argument deduction/substitution failed:
[01m[K/home/davencyw/catkinws/dynokvis/src/okvis_ros/okvis/okvis_ceres/src/cluster.cpp:153:63:[m[K [01;36m[Knote: [m[K  candidate expects 2 arguments, 3 provided
     candidate_info.push_back(std::make_pair(puv, *res_ptr,flow));
[01;32m[K                                                               ^[m[K
[01m[K/home/davencyw/catkinws/dynokvis/src/okvis_ros/okvis/okvis_ceres/src/cluster.cpp:[m[K In member function ‘[01m[Kstd::vector<okvis::ceres::dynenv::Cluster> okvis::ceres::dynenv::SimpleCluster::computecluster(std::vector<std::pair<okvis::MapPoint*, double> >&, std::vector<std::tuple<Eigen::Matrix<double, 2, 1, 0, 2, 1>, double, Eigen::Matrix<double, 2, 1, 0, 2, 1> > >)[m[K’:
[01m[K/home/davencyw/catkinws/dynokvis/src/okvis_ros/okvis/okvis_ceres/src/cluster.cpp:213:50:[m[K [01;35m[Kwarning: [m[Kcomparison between signed and unsigned integer expressions [-Wsign-compare]
         for(unsigned candidate_i(0); candidate_i < num_in_cluster; ++candidate_i){
[01;32m[K                                                  ^[m[K
[01m[K/home/davencyw/catkinws/dynokvis/src/okvis_ros/okvis/okvis_ceres/src/cluster.cpp:214:49:[m[K [01;31m[Kerror: [m[K‘[01m[Kconst value_type {aka const class std::tuple<Eigen::Matrix<double, 2, 1, 0, 2, 1>, double, Eigen::Matrix<double, 2, 1, 0, 2, 1> >}[m[K’ has no member named ‘[01m[Kfirst[m[K’
           center += candidate_info[candidate_i].first;
[01;32m[K                                                 ^[m[K
[01m[K/home/davencyw/catkinws/dynokvis/src/okvis_ros/okvis/okvis_ceres/src/cluster.cpp:215:56:[m[K [01;31m[Kerror: [m[K‘[01m[Kconst value_type {aka const class std::tuple<Eigen::Matrix<double, 2, 1, 0, 2, 1>, double, Eigen::Matrix<double, 2, 1, 0, 2, 1> >}[m[K’ has no member named ‘[01m[Ksecond[m[K’
           averageweight += candidate_info[candidate_i].second;
[01;32m[K                                                        ^[m[K
[01m[K/home/davencyw/catkinws/dynokvis/src/okvis_ros/okvis/okvis_ceres/src/cluster.cpp:228:52:[m[K [01;35m[Kwarning: [m[Kcomparison between signed and unsigned integer expressions [-Wsign-compare]
           for(unsigned candidate_i(0); candidate_i < num_in_cluster; ++candidate_i){
[01;32m[K                                                    ^[m[K
[01m[K/home/davencyw/catkinws/dynokvis/src/okvis_ros/okvis/okvis_ceres/src/cluster.cpp:229:68:[m[K [01;31m[Kerror: [m[K‘[01m[Kconst value_type {aka const class std::tuple<Eigen::Matrix<double, 2, 1, 0, 2, 1>, double, Eigen::Matrix<double, 2, 1, 0, 2, 1> >}[m[K’ has no member named ‘[01m[Kfirst[m[K’
             const Eigen::Vector2d dist(candidate_info[candidate_i].first -
[01;32m[K                                                                    ^[m[K
[01m[K/home/davencyw/catkinws/dynokvis/src/okvis_ros/okvis/okvis_ceres/src/cluster.cpp:247:58:[m[K [01;31m[Kerror: [m[K‘[01m[Kconst value_type {aka const class std::tuple<Eigen::Matrix<double, 2, 1, 0, 2, 1>, double, Eigen::Matrix<double, 2, 1, 0, 2, 1> >}[m[K’ has no member named ‘[01m[Kfirst[m[K’
             const auto puv = candidate_info[candidate_i].first;
[01;32m[K                                                          ^[m[K
[01m[K/home/davencyw/catkinws/dynokvis/src/okvis_ros/okvis/okvis_ceres/src/cluster.cpp:250:58:[m[K [01;31m[Kerror: [m[K‘[01m[Kconst value_type {aka const class std::tuple<Eigen::Matrix<double, 2, 1, 0, 2, 1>, double, Eigen::Matrix<double, 2, 1, 0, 2, 1> >}[m[K’ has no member named ‘[01m[Ksecond[m[K’
             averageweight += candidate_info[candidate_i].second;
[01;32m[K                                                          ^[m[K
In file included from [01m[K/home/davencyw/catkinws/dynokvis/src/okvis_ros/okvis/okvis_ceres/include/okvis/Estimator.hpp:67:0[m[K,
                 from [01m[K/home/davencyw/catkinws/dynokvis/src/okvis_ros/okvis/okvis_ceres/src/Estimator.cpp:42[m[K:
[01m[K/home/davencyw/catkinws/dynokvis/src/okvis_ros/okvis/okvis_ceres/include/okvis/dynenv/cluster.hpp:74:24:[m[K [01;31m[Kerror: [m[K‘[01m[Kstd::vector<okvis::ceres::dynenv::Cluster> okvis::ceres::dynenv::SimpleCluster::computecluster(std::vector<std::pair<okvis::MapPoint*, double> >&, std::vector<std::tuple<Eigen::Matrix<double, 2, 1, 0, 2, 1>, double, Eigen::Matrix<double, 2, 1, 0, 2, 1> > >)[m[K’ marked ‘[01m[Koverride[m[K’, but does not override
   std::vector<Cluster> computecluster(
[01;32m[K                        ^[m[K
make[2]: *** [okvis/okvis_ceres/CMakeFiles/okvis_ceres.dir/src/cluster.cpp.o] Error 1
make[2]: *** Waiting for unfinished jobs....
make[2]: *** [okvis/okvis_ceres/CMakeFiles/okvis_ceres.dir/src/Estimator.cpp.o] Error 1
make[1]: *** [okvis/okvis_ceres/CMakeFiles/okvis_ceres.dir/all] Error 2
make: *** [all] Error 2
