[01m[K/home/davencyw/catkinws/dynokvis/src/okvis_ros/okvis/okvis_multisensor_processing/src/VioVisualizer.cpp:[m[K In member function ‘[01m[Kcv::Mat okvis::VioVisualizer::drawMatches(okvis::VioVisualizer::VisualizationData::Ptr&, std::size_t)[m[K’:
[01m[K/home/davencyw/catkinws/dynokvis/src/okvis_ros/okvis/okvis_multisensor_processing/src/VioVisualizer.cpp:204:51:[m[K [01;31m[Kerror: [m[Kno matching function for call to ‘[01m[Kto_string(double*&)[m[K’
     std::string weightstring(std::to_string(weight));
[01;32m[K                                                   ^[m[K
In file included from [01m[K/usr/include/c++/5/string:52:0[m[K,
                 from [01m[K/usr/include/c++/5/bits/locale_classes.h:40[m[K,
                 from [01m[K/usr/include/c++/5/bits/ios_base.h:41[m[K,
                 from [01m[K/usr/include/c++/5/ios:42[m[K,
                 from [01m[K/usr/include/c++/5/istream:38[m[K,
                 from [01m[K/usr/include/c++/5/sstream:38[m[K,
                 from [01m[K/usr/include/c++/5/complex:45[m[K,
                 from [01m[K/usr/include/eigen3/Eigen/Core:70[m[K,
                 from [01m[K/home/davencyw/catkinws/dynokvis/src/okvis_ros/okvis/okvis_kinematics/include/okvis/kinematics/Transformation.hpp:44[m[K,
                 from [01m[K/home/davencyw/catkinws/dynokvis/src/okvis_ros/okvis/okvis_multisensor_processing/src/VioVisualizer.cpp:44[m[K:
[01m[K/usr/include/c++/5/bits/basic_string.h:5299:3:[m[K [01;36m[Knote: [m[Kcandidate: std::__cxx11::string std::__cxx11::to_string(int) <near match>
   to_string(int __val)
[01;32m[K   ^[m[K
[01m[K/usr/include/c++/5/bits/basic_string.h:5299:3:[m[K [01;36m[Knote: [m[K  conversion of argument 1 would be ill-formed:
[01m[K/home/davencyw/catkinws/dynokvis/src/okvis_ros/okvis/okvis_multisensor_processing/src/VioVisualizer.cpp:204:51:[m[K [01;31m[Kerror: [m[Kinvalid conversion from ‘[01m[Kdouble*[m[K’ to ‘[01m[Kint[m[K’ [-fpermissive]
     std::string weightstring(std::to_string(weight));
[01;32m[K                                                   ^[m[K
In file included from [01m[K/usr/include/c++/5/string:52:0[m[K,
                 from [01m[K/usr/include/c++/5/bits/locale_classes.h:40[m[K,
                 from [01m[K/usr/include/c++/5/bits/ios_base.h:41[m[K,
                 from [01m[K/usr/include/c++/5/ios:42[m[K,
                 from [01m[K/usr/include/c++/5/istream:38[m[K,
                 from [01m[K/usr/include/c++/5/sstream:38[m[K,
                 from [01m[K/usr/include/c++/5/complex:45[m[K,
                 from [01m[K/usr/include/eigen3/Eigen/Core:70[m[K,
                 from [01m[K/home/davencyw/catkinws/dynokvis/src/okvis_ros/okvis/okvis_kinematics/include/okvis/kinematics/Transformation.hpp:44[m[K,
                 from [01m[K/home/davencyw/catkinws/dynokvis/src/okvis_ros/okvis/okvis_multisensor_processing/src/VioVisualizer.cpp:44[m[K:
[01m[K/usr/include/c++/5/bits/basic_string.h:5304:3:[m[K [01;36m[Knote: [m[Kcandidate: std::__cxx11::string std::__cxx11::to_string(unsigned int) <near match>
   to_string(unsigned __val)
[01;32m[K   ^[m[K
[01m[K/usr/include/c++/5/bits/basic_string.h:5304:3:[m[K [01;36m[Knote: [m[K  conversion of argument 1 would be ill-formed:
[01m[K/home/davencyw/catkinws/dynokvis/src/okvis_ros/okvis/okvis_multisensor_processing/src/VioVisualizer.cpp:204:51:[m[K [01;31m[Kerror: [m[Kinvalid conversion from ‘[01m[Kdouble*[m[K’ to ‘[01m[Kunsigned int[m[K’ [-fpermissive]
     std::string weightstring(std::to_string(weight));
[01;32m[K                                                   ^[m[K
In file included from [01m[K/usr/include/c++/5/string:52:0[m[K,
                 from [01m[K/usr/include/c++/5/bits/locale_classes.h:40[m[K,
                 from [01m[K/usr/include/c++/5/bits/ios_base.h:41[m[K,
                 from [01m[K/usr/include/c++/5/ios:42[m[K,
                 from [01m[K/usr/include/c++/5/istream:38[m[K,
                 from [01m[K/usr/include/c++/5/sstream:38[m[K,
                 from [01m[K/usr/include/c++/5/complex:45[m[K,
                 from [01m[K/usr/include/eigen3/Eigen/Core:70[m[K,
                 from [01m[K/home/davencyw/catkinws/dynokvis/src/okvis_ros/okvis/okvis_kinematics/include/okvis/kinematics/Transformation.hpp:44[m[K,
                 from [01m[K/home/davencyw/catkinws/dynokvis/src/okvis_ros/okvis/okvis_multisensor_processing/src/VioVisualizer.cpp:44[m[K:
[01m[K/usr/include/c++/5/bits/basic_string.h:5310:3:[m[K [01;36m[Knote: [m[Kcandidate: std::__cxx11::string std::__cxx11::to_string(long int) <near match>
   to_string(long __val)
[01;32m[K   ^[m[K
[01m[K/usr/include/c++/5/bits/basic_string.h:5310:3:[m[K [01;36m[Knote: [m[K  conversion of argument 1 would be ill-formed:
[01m[K/home/davencyw/catkinws/dynokvis/src/okvis_ros/okvis/okvis_multisensor_processing/src/VioVisualizer.cpp:204:51:[m[K [01;31m[Kerror: [m[Kinvalid conversion from ‘[01m[Kdouble*[m[K’ to ‘[01m[Klong int[m[K’ [-fpermissive]
     std::string weightstring(std::to_string(weight));
[01;32m[K                                                   ^[m[K
In file included from [01m[K/usr/include/c++/5/string:52:0[m[K,
                 from [01m[K/usr/include/c++/5/bits/locale_classes.h:40[m[K,
                 from [01m[K/usr/include/c++/5/bits/ios_base.h:41[m[K,
                 from [01m[K/usr/include/c++/5/ios:42[m[K,
                 from [01m[K/usr/include/c++/5/istream:38[m[K,
                 from [01m[K/usr/include/c++/5/sstream:38[m[K,
                 from [01m[K/usr/include/c++/5/complex:45[m[K,
                 from [01m[K/usr/include/eigen3/Eigen/Core:70[m[K,
                 from [01m[K/home/davencyw/catkinws/dynokvis/src/okvis_ros/okvis/okvis_kinematics/include/okvis/kinematics/Transformation.hpp:44[m[K,
                 from [01m[K/home/davencyw/catkinws/dynokvis/src/okvis_ros/okvis/okvis_multisensor_processing/src/VioVisualizer.cpp:44[m[K:
[01m[K/usr/include/c++/5/bits/basic_string.h:5315:3:[m[K [01;36m[Knote: [m[Kcandidate: std::__cxx11::string std::__cxx11::to_string(long unsigned int) <near match>
   to_string(unsigned long __val)
[01;32m[K   ^[m[K
[01m[K/usr/include/c++/5/bits/basic_string.h:5315:3:[m[K [01;36m[Knote: [m[K  conversion of argument 1 would be ill-formed:
[01m[K/home/davencyw/catkinws/dynokvis/src/okvis_ros/okvis/okvis_multisensor_processing/src/VioVisualizer.cpp:204:51:[m[K [01;31m[Kerror: [m[Kinvalid conversion from ‘[01m[Kdouble*[m[K’ to ‘[01m[Klong unsigned int[m[K’ [-fpermissive]
     std::string weightstring(std::to_string(weight));
[01;32m[K                                                   ^[m[K
In file included from [01m[K/usr/include/c++/5/string:52:0[m[K,
                 from [01m[K/usr/include/c++/5/bits/locale_classes.h:40[m[K,
                 from [01m[K/usr/include/c++/5/bits/ios_base.h:41[m[K,
                 from [01m[K/usr/include/c++/5/ios:42[m[K,
                 from [01m[K/usr/include/c++/5/istream:38[m[K,
                 from [01m[K/usr/include/c++/5/sstream:38[m[K,
                 from [01m[K/usr/include/c++/5/complex:45[m[K,
                 from [01m[K/usr/include/eigen3/Eigen/Core:70[m[K,
                 from [01m[K/home/davencyw/catkinws/dynokvis/src/okvis_ros/okvis/okvis_kinematics/include/okvis/kinematics/Transformation.hpp:44[m[K,
                 from [01m[K/home/davencyw/catkinws/dynokvis/src/okvis_ros/okvis/okvis_multisensor_processing/src/VioVisualizer.cpp:44[m[K:
[01m[K/usr/include/c++/5/bits/basic_string.h:5321:3:[m[K [01;36m[Knote: [m[Kcandidate: std::__cxx11::string std::__cxx11::to_string(long long int) <near match>
   to_string(long long __val)
[01;32m[K   ^[m[K
[01m[K/usr/include/c++/5/bits/basic_string.h:5321:3:[m[K [01;36m[Knote: [m[K  conversion of argument 1 would be ill-formed:
[01m[K/home/davencyw/catkinws/dynokvis/src/okvis_ros/okvis/okvis_multisensor_processing/src/VioVisualizer.cpp:204:51:[m[K [01;31m[Kerror: [m[Kinvalid conversion from ‘[01m[Kdouble*[m[K’ to ‘[01m[Klong long int[m[K’ [-fpermissive]
     std::string weightstring(std::to_string(weight));
[01;32m[K                                                   ^[m[K
In file included from [01m[K/usr/include/c++/5/string:52:0[m[K,
                 from [01m[K/usr/include/c++/5/bits/locale_classes.h:40[m[K,
                 from [01m[K/usr/include/c++/5/bits/ios_base.h:41[m[K,
                 from [01m[K/usr/include/c++/5/ios:42[m[K,
                 from [01m[K/usr/include/c++/5/istream:38[m[K,
                 from [01m[K/usr/include/c++/5/sstream:38[m[K,
                 from [01m[K/usr/include/c++/5/complex:45[m[K,
                 from [01m[K/usr/include/eigen3/Eigen/Core:70[m[K,
                 from [01m[K/home/davencyw/catkinws/dynokvis/src/okvis_ros/okvis/okvis_kinematics/include/okvis/kinematics/Transformation.hpp:44[m[K,
                 from [01m[K/home/davencyw/catkinws/dynokvis/src/okvis_ros/okvis/okvis_multisensor_processing/src/VioVisualizer.cpp:44[m[K:
[01m[K/usr/include/c++/5/bits/basic_string.h:5327:3:[m[K [01;36m[Knote: [m[Kcandidate: std::__cxx11::string std::__cxx11::to_string(long long unsigned int) <near match>
   to_string(unsigned long long __val)
[01;32m[K   ^[m[K
[01m[K/usr/include/c++/5/bits/basic_string.h:5327:3:[m[K [01;36m[Knote: [m[K  conversion of argument 1 would be ill-formed:
[01m[K/home/davencyw/catkinws/dynokvis/src/okvis_ros/okvis/okvis_multisensor_processing/src/VioVisualizer.cpp:204:51:[m[K [01;31m[Kerror: [m[Kinvalid conversion from ‘[01m[Kdouble*[m[K’ to ‘[01m[Klong long unsigned int[m[K’ [-fpermissive]
     std::string weightstring(std::to_string(weight));
[01;32m[K                                                   ^[m[K
make[2]: *** [okvis/okvis_multisensor_processing/CMakeFiles/okvis_multisensor_processing.dir/src/VioVisualizer.cpp.o] Error 1
make[2]: *** Waiting for unfinished jobs....
make[1]: *** [okvis/okvis_multisensor_processing/CMakeFiles/okvis_multisensor_processing.dir/all] Error 2
make: *** [all] Error 2
