Determining if the pthread_create exist failed with the following output:
Change Dir: /home/davencyw/catkinws/dynvinsmono/build/vins_estimator/CMakeFiles/CMakeTmp

Run Build Command:"/usr/bin/make" "cmTC_7665c/fast"
/usr/bin/make -f CMakeFiles/cmTC_7665c.dir/build.make CMakeFiles/cmTC_7665c.dir/build
make[1]: Entering directory '/home/davencyw/catkinws/dynvinsmono/build/vins_estimator/CMakeFiles/CMakeTmp'
Building C object CMakeFiles/cmTC_7665c.dir/CheckSymbolExists.c.o
/usr/bin/cc     -o CMakeFiles/cmTC_7665c.dir/CheckSymbolExists.c.o   -c /home/davencyw/catkinws/dynvinsmono/build/vins_estimator/CMakeFiles/CMakeTmp/CheckSymbolExists.c
Linking C executable cmTC_7665c
/usr/bin/cmake -E cmake_link_script CMakeFiles/cmTC_7665c.dir/link.txt --verbose=1
/usr/bin/cc       CMakeFiles/cmTC_7665c.dir/CheckSymbolExists.c.o  -o cmTC_7665c -rdynamic 
CMakeFiles/cmTC_7665c.dir/CheckSymbolExists.c.o: In function `main':
CheckSymbolExists.c:(.text+0x16): undefined reference to `pthread_create'
collect2: error: ld returned 1 exit status
CMakeFiles/cmTC_7665c.dir/build.make:97: recipe for target 'cmTC_7665c' failed
make[1]: *** [cmTC_7665c] Error 1
make[1]: Leaving directory '/home/davencyw/catkinws/dynvinsmono/build/vins_estimator/CMakeFiles/CMakeTmp'
Makefile:126: recipe for target 'cmTC_7665c/fast' failed
make: *** [cmTC_7665c/fast] Error 2

File /home/davencyw/catkinws/dynvinsmono/build/vins_estimator/CMakeFiles/CMakeTmp/CheckSymbolExists.c:
/* */
#include <pthread.h>

int main(int argc, char** argv)
{
  (void)argv;
#ifndef pthread_create
  return ((int*)(&pthread_create))[argc];
#else
  (void)argc;
  return 0;
#endif
}

Determining if the function pthread_create exists in the pthreads failed with the following output:
Change Dir: /home/davencyw/catkinws/dynvinsmono/build/vins_estimator/CMakeFiles/CMakeTmp

Run Build Command:"/usr/bin/make" "cmTC_8f050/fast"
/usr/bin/make -f CMakeFiles/cmTC_8f050.dir/build.make CMakeFiles/cmTC_8f050.dir/build
make[1]: Entering directory '/home/davencyw/catkinws/dynvinsmono/build/vins_estimator/CMakeFiles/CMakeTmp'
Building C object CMakeFiles/cmTC_8f050.dir/CheckFunctionExists.c.o
/usr/bin/cc    -DCHECK_FUNCTION_EXISTS=pthread_create   -o CMakeFiles/cmTC_8f050.dir/CheckFunctionExists.c.o   -c /usr/share/cmake-3.5/Modules/CheckFunctionExists.c
Linking C executable cmTC_8f050
/usr/bin/cmake -E cmake_link_script CMakeFiles/cmTC_8f050.dir/link.txt --verbose=1
/usr/bin/cc   -DCHECK_FUNCTION_EXISTS=pthread_create    CMakeFiles/cmTC_8f050.dir/CheckFunctionExists.c.o  -o cmTC_8f050 -rdynamic -lpthreads 
/usr/bin/ld: cannot find -lpthreads
collect2: error: ld returned 1 exit status
CMakeFiles/cmTC_8f050.dir/build.make:97: recipe for target 'cmTC_8f050' failed
make[1]: *** [cmTC_8f050] Error 1
make[1]: Leaving directory '/home/davencyw/catkinws/dynvinsmono/build/vins_estimator/CMakeFiles/CMakeTmp'
Makefile:126: recipe for target 'cmTC_8f050/fast' failed
make: *** [cmTC_8f050/fast] Error 2


