Determining if the pthread_create exist failed with the following output:
Change Dir: /home/davencyw/catkinws/dynokvis/build/okvis_ros/okvis/ceres/src/ceres_external-build/CMakeFiles/CMakeTmp

Run Build Command:"/usr/bin/make" "cmTC_3345b/fast"
make[3]: Entering directory '/home/davencyw/catkinws/dynokvis/build/okvis_ros/okvis/ceres/src/ceres_external-build/CMakeFiles/CMakeTmp'
/usr/bin/make -f CMakeFiles/cmTC_3345b.dir/build.make CMakeFiles/cmTC_3345b.dir/build
make[4]: Entering directory '/home/davencyw/catkinws/dynokvis/build/okvis_ros/okvis/ceres/src/ceres_external-build/CMakeFiles/CMakeTmp'
Building C object CMakeFiles/cmTC_3345b.dir/CheckSymbolExists.c.o
/usr/bin/cc     -o CMakeFiles/cmTC_3345b.dir/CheckSymbolExists.c.o   -c /home/davencyw/catkinws/dynokvis/build/okvis_ros/okvis/ceres/src/ceres_external-build/CMakeFiles/CMakeTmp/CheckSymbolExists.c
Linking C executable cmTC_3345b
/usr/bin/cmake -E cmake_link_script CMakeFiles/cmTC_3345b.dir/link.txt --verbose=1
/usr/bin/cc       CMakeFiles/cmTC_3345b.dir/CheckSymbolExists.c.o  -o cmTC_3345b -rdynamic 
CMakeFiles/cmTC_3345b.dir/CheckSymbolExists.c.o: In function `main':
CheckSymbolExists.c:(.text+0x16): undefined reference to `pthread_create'
collect2: error: ld returned 1 exit status
CMakeFiles/cmTC_3345b.dir/build.make:97: recipe for target 'cmTC_3345b' failed
make[4]: *** [cmTC_3345b] Error 1
make[4]: Leaving directory '/home/davencyw/catkinws/dynokvis/build/okvis_ros/okvis/ceres/src/ceres_external-build/CMakeFiles/CMakeTmp'
Makefile:126: recipe for target 'cmTC_3345b/fast' failed
make[3]: *** [cmTC_3345b/fast] Error 2
make[3]: Leaving directory '/home/davencyw/catkinws/dynokvis/build/okvis_ros/okvis/ceres/src/ceres_external-build/CMakeFiles/CMakeTmp'

File /home/davencyw/catkinws/dynokvis/build/okvis_ros/okvis/ceres/src/ceres_external-build/CMakeFiles/CMakeTmp/CheckSymbolExists.c:
/* */
#include <pthread.h>

int main(int argc, char** argv)
{
  (void)argv;
#ifndef pthread_create
  return ((int*)(&pthread_create))[argc];
#else
  (void)argc;
  return 0;
#endif
}

Determining if the function pthread_create exists in the pthreads failed with the following output:
Change Dir: /home/davencyw/catkinws/dynokvis/build/okvis_ros/okvis/ceres/src/ceres_external-build/CMakeFiles/CMakeTmp

Run Build Command:"/usr/bin/make" "cmTC_2c44e/fast"
make[3]: Entering directory '/home/davencyw/catkinws/dynokvis/build/okvis_ros/okvis/ceres/src/ceres_external-build/CMakeFiles/CMakeTmp'
/usr/bin/make -f CMakeFiles/cmTC_2c44e.dir/build.make CMakeFiles/cmTC_2c44e.dir/build
make[4]: Entering directory '/home/davencyw/catkinws/dynokvis/build/okvis_ros/okvis/ceres/src/ceres_external-build/CMakeFiles/CMakeTmp'
Building C object CMakeFiles/cmTC_2c44e.dir/CheckFunctionExists.c.o
/usr/bin/cc    -DCHECK_FUNCTION_EXISTS=pthread_create   -o CMakeFiles/cmTC_2c44e.dir/CheckFunctionExists.c.o   -c /usr/share/cmake-3.5/Modules/CheckFunctionExists.c
Linking C executable cmTC_2c44e
/usr/bin/cmake -E cmake_link_script CMakeFiles/cmTC_2c44e.dir/link.txt --verbose=1
/usr/bin/cc   -DCHECK_FUNCTION_EXISTS=pthread_create    CMakeFiles/cmTC_2c44e.dir/CheckFunctionExists.c.o  -o cmTC_2c44e -rdynamic -lpthreads 
/usr/bin/ld: cannot find -lpthreads
collect2: error: ld returned 1 exit status
CMakeFiles/cmTC_2c44e.dir/build.make:97: recipe for target 'cmTC_2c44e' failed
make[4]: *** [cmTC_2c44e] Error 1
make[4]: Leaving directory '/home/davencyw/catkinws/dynokvis/build/okvis_ros/okvis/ceres/src/ceres_external-build/CMakeFiles/CMakeTmp'
Makefile:126: recipe for target 'cmTC_2c44e/fast' failed
make[3]: *** [cmTC_2c44e/fast] Error 2
make[3]: Leaving directory '/home/davencyw/catkinws/dynokvis/build/okvis_ros/okvis/ceres/src/ceres_external-build/CMakeFiles/CMakeTmp'


