The system is: Linux - 4.15.0-32-generic - x86_64
Compiling the C compiler identification source file "CMakeCCompilerId.c" succeeded.
Compiler: /usr/bin/cc 
Build flags: 
Id flags: 

The output was:
0


Compilation of the C compiler identification source "CMakeCCompilerId.c" produced "a.out"

The C compiler identification is GNU, found in "/home/davencyw/catkinws/dynokvis/build/okvis_ros/okvis/ceres/src/ceres_external-build/CMakeFiles/3.5.1/CompilerIdC/a.out"

Compiling the CXX compiler identification source file "CMakeCXXCompilerId.cpp" succeeded.
Compiler: /usr/bin/c++ 
Build flags: ;-march=native;-Wall;-std=c++11;-fPIC;-mssse3
Id flags: 

The output was:
0


Compilation of the CXX compiler identification source "CMakeCXXCompilerId.cpp" produced "a.out"

The CXX compiler identification is GNU, found in "/home/davencyw/catkinws/dynokvis/build/okvis_ros/okvis/ceres/src/ceres_external-build/CMakeFiles/3.5.1/CompilerIdCXX/a.out"

Determining if the C compiler works passed with the following output:
Change Dir: /home/davencyw/catkinws/dynokvis/build/okvis_ros/okvis/ceres/src/ceres_external-build/CMakeFiles/CMakeTmp

Run Build Command:"/usr/bin/make" "cmTC_f0aaf/fast"
make[3]: Entering directory '/home/davencyw/catkinws/dynokvis/build/okvis_ros/okvis/ceres/src/ceres_external-build/CMakeFiles/CMakeTmp'
/usr/bin/make -f CMakeFiles/cmTC_f0aaf.dir/build.make CMakeFiles/cmTC_f0aaf.dir/build
make[4]: Entering directory '/home/davencyw/catkinws/dynokvis/build/okvis_ros/okvis/ceres/src/ceres_external-build/CMakeFiles/CMakeTmp'
Building C object CMakeFiles/cmTC_f0aaf.dir/testCCompiler.c.o
/usr/bin/cc     -o CMakeFiles/cmTC_f0aaf.dir/testCCompiler.c.o   -c /home/davencyw/catkinws/dynokvis/build/okvis_ros/okvis/ceres/src/ceres_external-build/CMakeFiles/CMakeTmp/testCCompiler.c
Linking C executable cmTC_f0aaf
/usr/bin/cmake -E cmake_link_script CMakeFiles/cmTC_f0aaf.dir/link.txt --verbose=1
/usr/bin/cc       CMakeFiles/cmTC_f0aaf.dir/testCCompiler.c.o  -o cmTC_f0aaf -rdynamic 
make[4]: Leaving directory '/home/davencyw/catkinws/dynokvis/build/okvis_ros/okvis/ceres/src/ceres_external-build/CMakeFiles/CMakeTmp'
make[3]: Leaving directory '/home/davencyw/catkinws/dynokvis/build/okvis_ros/okvis/ceres/src/ceres_external-build/CMakeFiles/CMakeTmp'


Detecting C compiler ABI info compiled with the following output:
Change Dir: /home/davencyw/catkinws/dynokvis/build/okvis_ros/okvis/ceres/src/ceres_external-build/CMakeFiles/CMakeTmp

Run Build Command:"/usr/bin/make" "cmTC_dc320/fast"
make[3]: Entering directory '/home/davencyw/catkinws/dynokvis/build/okvis_ros/okvis/ceres/src/ceres_external-build/CMakeFiles/CMakeTmp'
/usr/bin/make -f CMakeFiles/cmTC_dc320.dir/build.make CMakeFiles/cmTC_dc320.dir/build
make[4]: Entering directory '/home/davencyw/catkinws/dynokvis/build/okvis_ros/okvis/ceres/src/ceres_external-build/CMakeFiles/CMakeTmp'
Building C object CMakeFiles/cmTC_dc320.dir/CMakeCCompilerABI.c.o
/usr/bin/cc     -o CMakeFiles/cmTC_dc320.dir/CMakeCCompilerABI.c.o   -c /usr/share/cmake-3.5/Modules/CMakeCCompilerABI.c
Linking C executable cmTC_dc320
/usr/bin/cmake -E cmake_link_script CMakeFiles/cmTC_dc320.dir/link.txt --verbose=1
/usr/bin/cc      -v CMakeFiles/cmTC_dc320.dir/CMakeCCompilerABI.c.o  -o cmTC_dc320 -rdynamic  
Using built-in specs.
COLLECT_GCC=/usr/bin/cc
COLLECT_LTO_WRAPPER=/usr/lib/gcc/x86_64-linux-gnu/5/lto-wrapper
Target: x86_64-linux-gnu
Configured with: ../src/configure -v --with-pkgversion='Ubuntu 5.4.0-6ubuntu1~16.04.10' --with-bugurl=file:///usr/share/doc/gcc-5/README.Bugs --enable-languages=c,ada,c++,java,go,d,fortran,objc,obj-c++ --prefix=/usr --program-suffix=-5 --enable-shared --enable-linker-build-id --libexecdir=/usr/lib --without-included-gettext --enable-threads=posix --libdir=/usr/lib --enable-nls --with-sysroot=/ --enable-clocale=gnu --enable-libstdcxx-debug --enable-libstdcxx-time=yes --with-default-libstdcxx-abi=new --enable-gnu-unique-object --disable-vtable-verify --enable-libmpx --enable-plugin --with-system-zlib --disable-browser-plugin --enable-java-awt=gtk --enable-gtk-cairo --with-java-home=/usr/lib/jvm/java-1.5.0-gcj-5-amd64/jre --enable-java-home --with-jvm-root-dir=/usr/lib/jvm/java-1.5.0-gcj-5-amd64 --with-jvm-jar-dir=/usr/lib/jvm-exports/java-1.5.0-gcj-5-amd64 --with-arch-directory=amd64 --with-ecj-jar=/usr/share/java/eclipse-ecj.jar --enable-objc-gc --enable-multiarch --disable-werror --with-arch-32=i686 --with-abi=m64 --with-multilib-list=m32,m64,mx32 --enable-multilib --with-tune=generic --enable-checking=release --build=x86_64-linux-gnu --host=x86_64-linux-gnu --target=x86_64-linux-gnu
Thread model: posix
gcc version 5.4.0 20160609 (Ubuntu 5.4.0-6ubuntu1~16.04.10) 
COMPILER_PATH=/usr/lib/gcc/x86_64-linux-gnu/5/:/usr/lib/gcc/x86_64-linux-gnu/5/:/usr/lib/gcc/x86_64-linux-gnu/:/usr/lib/gcc/x86_64-linux-gnu/5/:/usr/lib/gcc/x86_64-linux-gnu/
LIBRARY_PATH=/usr/lib/gcc/x86_64-linux-gnu/5/:/usr/lib/gcc/x86_64-linux-gnu/5/../../../x86_64-linux-gnu/:/usr/lib/gcc/x86_64-linux-gnu/5/../../../../lib/:/lib/x86_64-linux-gnu/:/lib/../lib/:/usr/lib/x86_64-linux-gnu/:/usr/lib/../lib/:/usr/lib/gcc/x86_64-linux-gnu/5/../../../:/lib/:/usr/lib/
COLLECT_GCC_OPTIONS='-v' '-o' 'cmTC_dc320' '-rdynamic' '-mtune=generic' '-march=x86-64'
 /usr/lib/gcc/x86_64-linux-gnu/5/collect2 -plugin /usr/lib/gcc/x86_64-linux-gnu/5/liblto_plugin.so -plugin-opt=/usr/lib/gcc/x86_64-linux-gnu/5/lto-wrapper -plugin-opt=-fresolution=/tmp/ccotcO4X.res -plugin-opt=-pass-through=-lgcc -plugin-opt=-pass-through=-lgcc_s -plugin-opt=-pass-through=-lc -plugin-opt=-pass-through=-lgcc -plugin-opt=-pass-through=-lgcc_s --sysroot=/ --build-id --eh-frame-hdr -m elf_x86_64 --hash-style=gnu --as-needed -export-dynamic -dynamic-linker /lib64/ld-linux-x86-64.so.2 -z relro -o cmTC_dc320 /usr/lib/gcc/x86_64-linux-gnu/5/../../../x86_64-linux-gnu/crt1.o /usr/lib/gcc/x86_64-linux-gnu/5/../../../x86_64-linux-gnu/crti.o /usr/lib/gcc/x86_64-linux-gnu/5/crtbegin.o -L/usr/lib/gcc/x86_64-linux-gnu/5 -L/usr/lib/gcc/x86_64-linux-gnu/5/../../../x86_64-linux-gnu -L/usr/lib/gcc/x86_64-linux-gnu/5/../../../../lib -L/lib/x86_64-linux-gnu -L/lib/../lib -L/usr/lib/x86_64-linux-gnu -L/usr/lib/../lib -L/usr/lib/gcc/x86_64-linux-gnu/5/../../.. CMakeFiles/cmTC_dc320.dir/CMakeCCompilerABI.c.o -lgcc --as-needed -lgcc_s --no-as-needed -lc -lgcc --as-needed -lgcc_s --no-as-needed /usr/lib/gcc/x86_64-linux-gnu/5/crtend.o /usr/lib/gcc/x86_64-linux-gnu/5/../../../x86_64-linux-gnu/crtn.o
make[4]: Leaving directory '/home/davencyw/catkinws/dynokvis/build/okvis_ros/okvis/ceres/src/ceres_external-build/CMakeFiles/CMakeTmp'
make[3]: Leaving directory '/home/davencyw/catkinws/dynokvis/build/okvis_ros/okvis/ceres/src/ceres_external-build/CMakeFiles/CMakeTmp'


Parsed C implicit link information from above output:
  link line regex: [^( *|.*[/\])(ld|([^/\]+-)?ld|collect2)[^/\]*( |$)]
  ignore line: [Change Dir: /home/davencyw/catkinws/dynokvis/build/okvis_ros/okvis/ceres/src/ceres_external-build/CMakeFiles/CMakeTmp]
  ignore line: []
  ignore line: [Run Build Command:"/usr/bin/make" "cmTC_dc320/fast"]
  ignore line: [make[3]: Entering directory '/home/davencyw/catkinws/dynokvis/build/okvis_ros/okvis/ceres/src/ceres_external-build/CMakeFiles/CMakeTmp']
  ignore line: [/usr/bin/make -f CMakeFiles/cmTC_dc320.dir/build.make CMakeFiles/cmTC_dc320.dir/build]
  ignore line: [make[4]: Entering directory '/home/davencyw/catkinws/dynokvis/build/okvis_ros/okvis/ceres/src/ceres_external-build/CMakeFiles/CMakeTmp']
  ignore line: [Building C object CMakeFiles/cmTC_dc320.dir/CMakeCCompilerABI.c.o]
  ignore line: [/usr/bin/cc     -o CMakeFiles/cmTC_dc320.dir/CMakeCCompilerABI.c.o   -c /usr/share/cmake-3.5/Modules/CMakeCCompilerABI.c]
  ignore line: [Linking C executable cmTC_dc320]
  ignore line: [/usr/bin/cmake -E cmake_link_script CMakeFiles/cmTC_dc320.dir/link.txt --verbose=1]
  ignore line: [/usr/bin/cc      -v CMakeFiles/cmTC_dc320.dir/CMakeCCompilerABI.c.o  -o cmTC_dc320 -rdynamic  ]
  ignore line: [Using built-in specs.]
  ignore line: [COLLECT_GCC=/usr/bin/cc]
  ignore line: [COLLECT_LTO_WRAPPER=/usr/lib/gcc/x86_64-linux-gnu/5/lto-wrapper]
  ignore line: [Target: x86_64-linux-gnu]
  ignore line: [Configured with: ../src/configure -v --with-pkgversion='Ubuntu 5.4.0-6ubuntu1~16.04.10' --with-bugurl=file:///usr/share/doc/gcc-5/README.Bugs --enable-languages=c,ada,c++,java,go,d,fortran,objc,obj-c++ --prefix=/usr --program-suffix=-5 --enable-shared --enable-linker-build-id --libexecdir=/usr/lib --without-included-gettext --enable-threads=posix --libdir=/usr/lib --enable-nls --with-sysroot=/ --enable-clocale=gnu --enable-libstdcxx-debug --enable-libstdcxx-time=yes --with-default-libstdcxx-abi=new --enable-gnu-unique-object --disable-vtable-verify --enable-libmpx --enable-plugin --with-system-zlib --disable-browser-plugin --enable-java-awt=gtk --enable-gtk-cairo --with-java-home=/usr/lib/jvm/java-1.5.0-gcj-5-amd64/jre --enable-java-home --with-jvm-root-dir=/usr/lib/jvm/java-1.5.0-gcj-5-amd64 --with-jvm-jar-dir=/usr/lib/jvm-exports/java-1.5.0-gcj-5-amd64 --with-arch-directory=amd64 --with-ecj-jar=/usr/share/java/eclipse-ecj.jar --enable-objc-gc --enable-multiarch --disable-werror --with-arch-32=i686 --with-abi=m64 --with-multilib-list=m32,m64,mx32 --enable-multilib --with-tune=generic --enable-checking=release --build=x86_64-linux-gnu --host=x86_64-linux-gnu --target=x86_64-linux-gnu]
  ignore line: [Thread model: posix]
  ignore line: [gcc version 5.4.0 20160609 (Ubuntu 5.4.0-6ubuntu1~16.04.10) ]
  ignore line: [COMPILER_PATH=/usr/lib/gcc/x86_64-linux-gnu/5/:/usr/lib/gcc/x86_64-linux-gnu/5/:/usr/lib/gcc/x86_64-linux-gnu/:/usr/lib/gcc/x86_64-linux-gnu/5/:/usr/lib/gcc/x86_64-linux-gnu/]
  ignore line: [LIBRARY_PATH=/usr/lib/gcc/x86_64-linux-gnu/5/:/usr/lib/gcc/x86_64-linux-gnu/5/../../../x86_64-linux-gnu/:/usr/lib/gcc/x86_64-linux-gnu/5/../../../../lib/:/lib/x86_64-linux-gnu/:/lib/../lib/:/usr/lib/x86_64-linux-gnu/:/usr/lib/../lib/:/usr/lib/gcc/x86_64-linux-gnu/5/../../../:/lib/:/usr/lib/]
  ignore line: [COLLECT_GCC_OPTIONS='-v' '-o' 'cmTC_dc320' '-rdynamic' '-mtune=generic' '-march=x86-64']
  link line: [ /usr/lib/gcc/x86_64-linux-gnu/5/collect2 -plugin /usr/lib/gcc/x86_64-linux-gnu/5/liblto_plugin.so -plugin-opt=/usr/lib/gcc/x86_64-linux-gnu/5/lto-wrapper -plugin-opt=-fresolution=/tmp/ccotcO4X.res -plugin-opt=-pass-through=-lgcc -plugin-opt=-pass-through=-lgcc_s -plugin-opt=-pass-through=-lc -plugin-opt=-pass-through=-lgcc -plugin-opt=-pass-through=-lgcc_s --sysroot=/ --build-id --eh-frame-hdr -m elf_x86_64 --hash-style=gnu --as-needed -export-dynamic -dynamic-linker /lib64/ld-linux-x86-64.so.2 -z relro -o cmTC_dc320 /usr/lib/gcc/x86_64-linux-gnu/5/../../../x86_64-linux-gnu/crt1.o /usr/lib/gcc/x86_64-linux-gnu/5/../../../x86_64-linux-gnu/crti.o /usr/lib/gcc/x86_64-linux-gnu/5/crtbegin.o -L/usr/lib/gcc/x86_64-linux-gnu/5 -L/usr/lib/gcc/x86_64-linux-gnu/5/../../../x86_64-linux-gnu -L/usr/lib/gcc/x86_64-linux-gnu/5/../../../../lib -L/lib/x86_64-linux-gnu -L/lib/../lib -L/usr/lib/x86_64-linux-gnu -L/usr/lib/../lib -L/usr/lib/gcc/x86_64-linux-gnu/5/../../.. CMakeFiles/cmTC_dc320.dir/CMakeCCompilerABI.c.o -lgcc --as-needed -lgcc_s --no-as-needed -lc -lgcc --as-needed -lgcc_s --no-as-needed /usr/lib/gcc/x86_64-linux-gnu/5/crtend.o /usr/lib/gcc/x86_64-linux-gnu/5/../../../x86_64-linux-gnu/crtn.o]
    arg [/usr/lib/gcc/x86_64-linux-gnu/5/collect2] ==> ignore
    arg [-plugin] ==> ignore
    arg [/usr/lib/gcc/x86_64-linux-gnu/5/liblto_plugin.so] ==> ignore
    arg [-plugin-opt=/usr/lib/gcc/x86_64-linux-gnu/5/lto-wrapper] ==> ignore
    arg [-plugin-opt=-fresolution=/tmp/ccotcO4X.res] ==> ignore
    arg [-plugin-opt=-pass-through=-lgcc] ==> ignore
    arg [-plugin-opt=-pass-through=-lgcc_s] ==> ignore
    arg [-plugin-opt=-pass-through=-lc] ==> ignore
    arg [-plugin-opt=-pass-through=-lgcc] ==> ignore
    arg [-plugin-opt=-pass-through=-lgcc_s] ==> ignore
    arg [--sysroot=/] ==> ignore
    arg [--build-id] ==> ignore
    arg [--eh-frame-hdr] ==> ignore
    arg [-m] ==> ignore
    arg [elf_x86_64] ==> ignore
    arg [--hash-style=gnu] ==> ignore
    arg [--as-needed] ==> ignore
    arg [-export-dynamic] ==> ignore
    arg [-dynamic-linker] ==> ignore
    arg [/lib64/ld-linux-x86-64.so.2] ==> ignore
    arg [-zrelro] ==> ignore
    arg [-o] ==> ignore
    arg [cmTC_dc320] ==> ignore
    arg [/usr/lib/gcc/x86_64-linux-gnu/5/../../../x86_64-linux-gnu/crt1.o] ==> ignore
    arg [/usr/lib/gcc/x86_64-linux-gnu/5/../../../x86_64-linux-gnu/crti.o] ==> ignore
    arg [/usr/lib/gcc/x86_64-linux-gnu/5/crtbegin.o] ==> ignore
    arg [-L/usr/lib/gcc/x86_64-linux-gnu/5] ==> dir [/usr/lib/gcc/x86_64-linux-gnu/5]
    arg [-L/usr/lib/gcc/x86_64-linux-gnu/5/../../../x86_64-linux-gnu] ==> dir [/usr/lib/gcc/x86_64-linux-gnu/5/../../../x86_64-linux-gnu]
    arg [-L/usr/lib/gcc/x86_64-linux-gnu/5/../../../../lib] ==> dir [/usr/lib/gcc/x86_64-linux-gnu/5/../../../../lib]
    arg [-L/lib/x86_64-linux-gnu] ==> dir [/lib/x86_64-linux-gnu]
    arg [-L/lib/../lib] ==> dir [/lib/../lib]
    arg [-L/usr/lib/x86_64-linux-gnu] ==> dir [/usr/lib/x86_64-linux-gnu]
    arg [-L/usr/lib/../lib] ==> dir [/usr/lib/../lib]
    arg [-L/usr/lib/gcc/x86_64-linux-gnu/5/../../..] ==> dir [/usr/lib/gcc/x86_64-linux-gnu/5/../../..]
    arg [CMakeFiles/cmTC_dc320.dir/CMakeCCompilerABI.c.o] ==> ignore
    arg [-lgcc] ==> lib [gcc]
    arg [--as-needed] ==> ignore
    arg [-lgcc_s] ==> lib [gcc_s]
    arg [--no-as-needed] ==> ignore
    arg [-lc] ==> lib [c]
    arg [-lgcc] ==> lib [gcc]
    arg [--as-needed] ==> ignore
    arg [-lgcc_s] ==> lib [gcc_s]
    arg [--no-as-needed] ==> ignore
    arg [/usr/lib/gcc/x86_64-linux-gnu/5/crtend.o] ==> ignore
    arg [/usr/lib/gcc/x86_64-linux-gnu/5/../../../x86_64-linux-gnu/crtn.o] ==> ignore
  remove lib [gcc]
  remove lib [gcc_s]
  remove lib [gcc]
  remove lib [gcc_s]
  collapse library dir [/usr/lib/gcc/x86_64-linux-gnu/5] ==> [/usr/lib/gcc/x86_64-linux-gnu/5]
  collapse library dir [/usr/lib/gcc/x86_64-linux-gnu/5/../../../x86_64-linux-gnu] ==> [/usr/lib/x86_64-linux-gnu]
  collapse library dir [/usr/lib/gcc/x86_64-linux-gnu/5/../../../../lib] ==> [/usr/lib]
  collapse library dir [/lib/x86_64-linux-gnu] ==> [/lib/x86_64-linux-gnu]
  collapse library dir [/lib/../lib] ==> [/lib]
  collapse library dir [/usr/lib/x86_64-linux-gnu] ==> [/usr/lib/x86_64-linux-gnu]
  collapse library dir [/usr/lib/../lib] ==> [/usr/lib]
  collapse library dir [/usr/lib/gcc/x86_64-linux-gnu/5/../../..] ==> [/usr/lib]
  implicit libs: [c]
  implicit dirs: [/usr/lib/gcc/x86_64-linux-gnu/5;/usr/lib/x86_64-linux-gnu;/usr/lib;/lib/x86_64-linux-gnu;/lib]
  implicit fwks: []




Detecting C [-std=c11] compiler features compiled with the following output:
Change Dir: /home/davencyw/catkinws/dynokvis/build/okvis_ros/okvis/ceres/src/ceres_external-build/CMakeFiles/CMakeTmp

Run Build Command:"/usr/bin/make" "cmTC_c6578/fast"
make[3]: Entering directory '/home/davencyw/catkinws/dynokvis/build/okvis_ros/okvis/ceres/src/ceres_external-build/CMakeFiles/CMakeTmp'
/usr/bin/make -f CMakeFiles/cmTC_c6578.dir/build.make CMakeFiles/cmTC_c6578.dir/build
make[4]: Entering directory '/home/davencyw/catkinws/dynokvis/build/okvis_ros/okvis/ceres/src/ceres_external-build/CMakeFiles/CMakeTmp'
Building C object CMakeFiles/cmTC_c6578.dir/feature_tests.c.o
/usr/bin/cc    -std=c11 -o CMakeFiles/cmTC_c6578.dir/feature_tests.c.o   -c /home/davencyw/catkinws/dynokvis/build/okvis_ros/okvis/ceres/src/ceres_external-build/CMakeFiles/feature_tests.c
Linking C executable cmTC_c6578
/usr/bin/cmake -E cmake_link_script CMakeFiles/cmTC_c6578.dir/link.txt --verbose=1
/usr/bin/cc       CMakeFiles/cmTC_c6578.dir/feature_tests.c.o  -o cmTC_c6578 -rdynamic 
make[4]: Leaving directory '/home/davencyw/catkinws/dynokvis/build/okvis_ros/okvis/ceres/src/ceres_external-build/CMakeFiles/CMakeTmp'
make[3]: Leaving directory '/home/davencyw/catkinws/dynokvis/build/okvis_ros/okvis/ceres/src/ceres_external-build/CMakeFiles/CMakeTmp'


    Feature record: C_FEATURE:1c_function_prototypes
    Feature record: C_FEATURE:1c_restrict
    Feature record: C_FEATURE:1c_static_assert
    Feature record: C_FEATURE:1c_variadic_macros


Detecting C [-std=c99] compiler features compiled with the following output:
Change Dir: /home/davencyw/catkinws/dynokvis/build/okvis_ros/okvis/ceres/src/ceres_external-build/CMakeFiles/CMakeTmp

Run Build Command:"/usr/bin/make" "cmTC_8490e/fast"
make[3]: Entering directory '/home/davencyw/catkinws/dynokvis/build/okvis_ros/okvis/ceres/src/ceres_external-build/CMakeFiles/CMakeTmp'
/usr/bin/make -f CMakeFiles/cmTC_8490e.dir/build.make CMakeFiles/cmTC_8490e.dir/build
make[4]: Entering directory '/home/davencyw/catkinws/dynokvis/build/okvis_ros/okvis/ceres/src/ceres_external-build/CMakeFiles/CMakeTmp'
Building C object CMakeFiles/cmTC_8490e.dir/feature_tests.c.o
/usr/bin/cc    -std=c99 -o CMakeFiles/cmTC_8490e.dir/feature_tests.c.o   -c /home/davencyw/catkinws/dynokvis/build/okvis_ros/okvis/ceres/src/ceres_external-build/CMakeFiles/feature_tests.c
Linking C executable cmTC_8490e
/usr/bin/cmake -E cmake_link_script CMakeFiles/cmTC_8490e.dir/link.txt --verbose=1
/usr/bin/cc       CMakeFiles/cmTC_8490e.dir/feature_tests.c.o  -o cmTC_8490e -rdynamic 
make[4]: Leaving directory '/home/davencyw/catkinws/dynokvis/build/okvis_ros/okvis/ceres/src/ceres_external-build/CMakeFiles/CMakeTmp'
make[3]: Leaving directory '/home/davencyw/catkinws/dynokvis/build/okvis_ros/okvis/ceres/src/ceres_external-build/CMakeFiles/CMakeTmp'


    Feature record: C_FEATURE:1c_function_prototypes
    Feature record: C_FEATURE:1c_restrict
    Feature record: C_FEATURE:0c_static_assert
    Feature record: C_FEATURE:1c_variadic_macros


Detecting C [-std=c90] compiler features compiled with the following output:
Change Dir: /home/davencyw/catkinws/dynokvis/build/okvis_ros/okvis/ceres/src/ceres_external-build/CMakeFiles/CMakeTmp

Run Build Command:"/usr/bin/make" "cmTC_bb187/fast"
make[3]: Entering directory '/home/davencyw/catkinws/dynokvis/build/okvis_ros/okvis/ceres/src/ceres_external-build/CMakeFiles/CMakeTmp'
/usr/bin/make -f CMakeFiles/cmTC_bb187.dir/build.make CMakeFiles/cmTC_bb187.dir/build
make[4]: Entering directory '/home/davencyw/catkinws/dynokvis/build/okvis_ros/okvis/ceres/src/ceres_external-build/CMakeFiles/CMakeTmp'
Building C object CMakeFiles/cmTC_bb187.dir/feature_tests.c.o
/usr/bin/cc    -std=c90 -o CMakeFiles/cmTC_bb187.dir/feature_tests.c.o   -c /home/davencyw/catkinws/dynokvis/build/okvis_ros/okvis/ceres/src/ceres_external-build/CMakeFiles/feature_tests.c
Linking C executable cmTC_bb187
/usr/bin/cmake -E cmake_link_script CMakeFiles/cmTC_bb187.dir/link.txt --verbose=1
/usr/bin/cc       CMakeFiles/cmTC_bb187.dir/feature_tests.c.o  -o cmTC_bb187 -rdynamic 
make[4]: Leaving directory '/home/davencyw/catkinws/dynokvis/build/okvis_ros/okvis/ceres/src/ceres_external-build/CMakeFiles/CMakeTmp'
make[3]: Leaving directory '/home/davencyw/catkinws/dynokvis/build/okvis_ros/okvis/ceres/src/ceres_external-build/CMakeFiles/CMakeTmp'


    Feature record: C_FEATURE:1c_function_prototypes
    Feature record: C_FEATURE:0c_restrict
    Feature record: C_FEATURE:0c_static_assert
    Feature record: C_FEATURE:0c_variadic_macros
Determining if the CXX compiler works passed with the following output:
Change Dir: /home/davencyw/catkinws/dynokvis/build/okvis_ros/okvis/ceres/src/ceres_external-build/CMakeFiles/CMakeTmp

Run Build Command:"/usr/bin/make" "cmTC_76b45/fast"
make[3]: Entering directory '/home/davencyw/catkinws/dynokvis/build/okvis_ros/okvis/ceres/src/ceres_external-build/CMakeFiles/CMakeTmp'
/usr/bin/make -f CMakeFiles/cmTC_76b45.dir/build.make CMakeFiles/cmTC_76b45.dir/build
make[4]: Entering directory '/home/davencyw/catkinws/dynokvis/build/okvis_ros/okvis/ceres/src/ceres_external-build/CMakeFiles/CMakeTmp'
Building CXX object CMakeFiles/cmTC_76b45.dir/testCXXCompiler.cxx.o
/usr/bin/c++     -march=native -Wall -std=c++11 -fPIC -mssse3    -o CMakeFiles/cmTC_76b45.dir/testCXXCompiler.cxx.o -c /home/davencyw/catkinws/dynokvis/build/okvis_ros/okvis/ceres/src/ceres_external-build/CMakeFiles/CMakeTmp/testCXXCompiler.cxx
Linking CXX executable cmTC_76b45
/usr/bin/cmake -E cmake_link_script CMakeFiles/cmTC_76b45.dir/link.txt --verbose=1
/usr/bin/c++    -march=native -Wall -std=c++11 -fPIC -mssse3     CMakeFiles/cmTC_76b45.dir/testCXXCompiler.cxx.o  -o cmTC_76b45 -rdynamic 
make[4]: Leaving directory '/home/davencyw/catkinws/dynokvis/build/okvis_ros/okvis/ceres/src/ceres_external-build/CMakeFiles/CMakeTmp'
make[3]: Leaving directory '/home/davencyw/catkinws/dynokvis/build/okvis_ros/okvis/ceres/src/ceres_external-build/CMakeFiles/CMakeTmp'


Detecting CXX compiler ABI info compiled with the following output:
Change Dir: /home/davencyw/catkinws/dynokvis/build/okvis_ros/okvis/ceres/src/ceres_external-build/CMakeFiles/CMakeTmp

Run Build Command:"/usr/bin/make" "cmTC_009bd/fast"
make[3]: Entering directory '/home/davencyw/catkinws/dynokvis/build/okvis_ros/okvis/ceres/src/ceres_external-build/CMakeFiles/CMakeTmp'
/usr/bin/make -f CMakeFiles/cmTC_009bd.dir/build.make CMakeFiles/cmTC_009bd.dir/build
make[4]: Entering directory '/home/davencyw/catkinws/dynokvis/build/okvis_ros/okvis/ceres/src/ceres_external-build/CMakeFiles/CMakeTmp'
Building CXX object CMakeFiles/cmTC_009bd.dir/CMakeCXXCompilerABI.cpp.o
/usr/bin/c++     -march=native -Wall -std=c++11 -fPIC -mssse3    -o CMakeFiles/cmTC_009bd.dir/CMakeCXXCompilerABI.cpp.o -c /usr/share/cmake-3.5/Modules/CMakeCXXCompilerABI.cpp
Linking CXX executable cmTC_009bd
/usr/bin/cmake -E cmake_link_script CMakeFiles/cmTC_009bd.dir/link.txt --verbose=1
/usr/bin/c++    -march=native -Wall -std=c++11 -fPIC -mssse3    -v CMakeFiles/cmTC_009bd.dir/CMakeCXXCompilerABI.cpp.o  -o cmTC_009bd -rdynamic  
Using built-in specs.
COLLECT_GCC=/usr/bin/c++
COLLECT_LTO_WRAPPER=/usr/lib/gcc/x86_64-linux-gnu/5/lto-wrapper
Target: x86_64-linux-gnu
Configured with: ../src/configure -v --with-pkgversion='Ubuntu 5.4.0-6ubuntu1~16.04.10' --with-bugurl=file:///usr/share/doc/gcc-5/README.Bugs --enable-languages=c,ada,c++,java,go,d,fortran,objc,obj-c++ --prefix=/usr --program-suffix=-5 --enable-shared --enable-linker-build-id --libexecdir=/usr/lib --without-included-gettext --enable-threads=posix --libdir=/usr/lib --enable-nls --with-sysroot=/ --enable-clocale=gnu --enable-libstdcxx-debug --enable-libstdcxx-time=yes --with-default-libstdcxx-abi=new --enable-gnu-unique-object --disable-vtable-verify --enable-libmpx --enable-plugin --with-system-zlib --disable-browser-plugin --enable-java-awt=gtk --enable-gtk-cairo --with-java-home=/usr/lib/jvm/java-1.5.0-gcj-5-amd64/jre --enable-java-home --with-jvm-root-dir=/usr/lib/jvm/java-1.5.0-gcj-5-amd64 --with-jvm-jar-dir=/usr/lib/jvm-exports/java-1.5.0-gcj-5-amd64 --with-arch-directory=amd64 --with-ecj-jar=/usr/share/java/eclipse-ecj.jar --enable-objc-gc --enable-multiarch --disable-werror --with-arch-32=i686 --with-abi=m64 --with-multilib-list=m32,m64,mx32 --enable-multilib --with-tune=generic --enable-checking=release --build=x86_64-linux-gnu --host=x86_64-linux-gnu --target=x86_64-linux-gnu
Thread model: posix
gcc version 5.4.0 20160609 (Ubuntu 5.4.0-6ubuntu1~16.04.10) 
COMPILER_PATH=/usr/lib/gcc/x86_64-linux-gnu/5/:/usr/lib/gcc/x86_64-linux-gnu/5/:/usr/lib/gcc/x86_64-linux-gnu/:/usr/lib/gcc/x86_64-linux-gnu/5/:/usr/lib/gcc/x86_64-linux-gnu/
LIBRARY_PATH=/usr/lib/gcc/x86_64-linux-gnu/5/:/usr/lib/gcc/x86_64-linux-gnu/5/../../../x86_64-linux-gnu/:/usr/lib/gcc/x86_64-linux-gnu/5/../../../../lib/:/lib/x86_64-linux-gnu/:/lib/../lib/:/usr/lib/x86_64-linux-gnu/:/usr/lib/../lib/:/usr/lib/gcc/x86_64-linux-gnu/5/../../../:/lib/:/usr/lib/
COLLECT_GCC_OPTIONS='-march=native' '-Wall' '-std=c++11' '-fPIC' '-mssse3' '-v' '-o' 'cmTC_009bd' '-rdynamic' '-shared-libgcc'
 /usr/lib/gcc/x86_64-linux-gnu/5/collect2 -plugin /usr/lib/gcc/x86_64-linux-gnu/5/liblto_plugin.so -plugin-opt=/usr/lib/gcc/x86_64-linux-gnu/5/lto-wrapper -plugin-opt=-fresolution=/tmp/ccmt11p7.res -plugin-opt=-pass-through=-lgcc_s -plugin-opt=-pass-through=-lgcc -plugin-opt=-pass-through=-lc -plugin-opt=-pass-through=-lgcc_s -plugin-opt=-pass-through=-lgcc --sysroot=/ --build-id --eh-frame-hdr -m elf_x86_64 --hash-style=gnu --as-needed -export-dynamic -dynamic-linker /lib64/ld-linux-x86-64.so.2 -z relro -o cmTC_009bd /usr/lib/gcc/x86_64-linux-gnu/5/../../../x86_64-linux-gnu/crt1.o /usr/lib/gcc/x86_64-linux-gnu/5/../../../x86_64-linux-gnu/crti.o /usr/lib/gcc/x86_64-linux-gnu/5/crtbegin.o -L/usr/lib/gcc/x86_64-linux-gnu/5 -L/usr/lib/gcc/x86_64-linux-gnu/5/../../../x86_64-linux-gnu -L/usr/lib/gcc/x86_64-linux-gnu/5/../../../../lib -L/lib/x86_64-linux-gnu -L/lib/../lib -L/usr/lib/x86_64-linux-gnu -L/usr/lib/../lib -L/usr/lib/gcc/x86_64-linux-gnu/5/../../.. CMakeFiles/cmTC_009bd.dir/CMakeCXXCompilerABI.cpp.o -lstdc++ -lm -lgcc_s -lgcc -lc -lgcc_s -lgcc /usr/lib/gcc/x86_64-linux-gnu/5/crtend.o /usr/lib/gcc/x86_64-linux-gnu/5/../../../x86_64-linux-gnu/crtn.o
make[4]: Leaving directory '/home/davencyw/catkinws/dynokvis/build/okvis_ros/okvis/ceres/src/ceres_external-build/CMakeFiles/CMakeTmp'
make[3]: Leaving directory '/home/davencyw/catkinws/dynokvis/build/okvis_ros/okvis/ceres/src/ceres_external-build/CMakeFiles/CMakeTmp'


Parsed CXX implicit link information from above output:
  link line regex: [^( *|.*[/\])(ld|([^/\]+-)?ld|collect2)[^/\]*( |$)]
  ignore line: [Change Dir: /home/davencyw/catkinws/dynokvis/build/okvis_ros/okvis/ceres/src/ceres_external-build/CMakeFiles/CMakeTmp]
  ignore line: []
  ignore line: [Run Build Command:"/usr/bin/make" "cmTC_009bd/fast"]
  ignore line: [make[3]: Entering directory '/home/davencyw/catkinws/dynokvis/build/okvis_ros/okvis/ceres/src/ceres_external-build/CMakeFiles/CMakeTmp']
  ignore line: [/usr/bin/make -f CMakeFiles/cmTC_009bd.dir/build.make CMakeFiles/cmTC_009bd.dir/build]
  ignore line: [make[4]: Entering directory '/home/davencyw/catkinws/dynokvis/build/okvis_ros/okvis/ceres/src/ceres_external-build/CMakeFiles/CMakeTmp']
  ignore line: [Building CXX object CMakeFiles/cmTC_009bd.dir/CMakeCXXCompilerABI.cpp.o]
  ignore line: [/usr/bin/c++     -march=native -Wall -std=c++11 -fPIC -mssse3    -o CMakeFiles/cmTC_009bd.dir/CMakeCXXCompilerABI.cpp.o -c /usr/share/cmake-3.5/Modules/CMakeCXXCompilerABI.cpp]
  ignore line: [Linking CXX executable cmTC_009bd]
  ignore line: [/usr/bin/cmake -E cmake_link_script CMakeFiles/cmTC_009bd.dir/link.txt --verbose=1]
  ignore line: [/usr/bin/c++    -march=native -Wall -std=c++11 -fPIC -mssse3    -v CMakeFiles/cmTC_009bd.dir/CMakeCXXCompilerABI.cpp.o  -o cmTC_009bd -rdynamic  ]
  ignore line: [Using built-in specs.]
  ignore line: [COLLECT_GCC=/usr/bin/c++]
  ignore line: [COLLECT_LTO_WRAPPER=/usr/lib/gcc/x86_64-linux-gnu/5/lto-wrapper]
  ignore line: [Target: x86_64-linux-gnu]
  ignore line: [Configured with: ../src/configure -v --with-pkgversion='Ubuntu 5.4.0-6ubuntu1~16.04.10' --with-bugurl=file:///usr/share/doc/gcc-5/README.Bugs --enable-languages=c,ada,c++,java,go,d,fortran,objc,obj-c++ --prefix=/usr --program-suffix=-5 --enable-shared --enable-linker-build-id --libexecdir=/usr/lib --without-included-gettext --enable-threads=posix --libdir=/usr/lib --enable-nls --with-sysroot=/ --enable-clocale=gnu --enable-libstdcxx-debug --enable-libstdcxx-time=yes --with-default-libstdcxx-abi=new --enable-gnu-unique-object --disable-vtable-verify --enable-libmpx --enable-plugin --with-system-zlib --disable-browser-plugin --enable-java-awt=gtk --enable-gtk-cairo --with-java-home=/usr/lib/jvm/java-1.5.0-gcj-5-amd64/jre --enable-java-home --with-jvm-root-dir=/usr/lib/jvm/java-1.5.0-gcj-5-amd64 --with-jvm-jar-dir=/usr/lib/jvm-exports/java-1.5.0-gcj-5-amd64 --with-arch-directory=amd64 --with-ecj-jar=/usr/share/java/eclipse-ecj.jar --enable-objc-gc --enable-multiarch --disable-werror --with-arch-32=i686 --with-abi=m64 --with-multilib-list=m32,m64,mx32 --enable-multilib --with-tune=generic --enable-checking=release --build=x86_64-linux-gnu --host=x86_64-linux-gnu --target=x86_64-linux-gnu]
  ignore line: [Thread model: posix]
  ignore line: [gcc version 5.4.0 20160609 (Ubuntu 5.4.0-6ubuntu1~16.04.10) ]
  ignore line: [COMPILER_PATH=/usr/lib/gcc/x86_64-linux-gnu/5/:/usr/lib/gcc/x86_64-linux-gnu/5/:/usr/lib/gcc/x86_64-linux-gnu/:/usr/lib/gcc/x86_64-linux-gnu/5/:/usr/lib/gcc/x86_64-linux-gnu/]
  ignore line: [LIBRARY_PATH=/usr/lib/gcc/x86_64-linux-gnu/5/:/usr/lib/gcc/x86_64-linux-gnu/5/../../../x86_64-linux-gnu/:/usr/lib/gcc/x86_64-linux-gnu/5/../../../../lib/:/lib/x86_64-linux-gnu/:/lib/../lib/:/usr/lib/x86_64-linux-gnu/:/usr/lib/../lib/:/usr/lib/gcc/x86_64-linux-gnu/5/../../../:/lib/:/usr/lib/]
  ignore line: [COLLECT_GCC_OPTIONS='-march=native' '-Wall' '-std=c++11' '-fPIC' '-mssse3' '-v' '-o' 'cmTC_009bd' '-rdynamic' '-shared-libgcc']
  link line: [ /usr/lib/gcc/x86_64-linux-gnu/5/collect2 -plugin /usr/lib/gcc/x86_64-linux-gnu/5/liblto_plugin.so -plugin-opt=/usr/lib/gcc/x86_64-linux-gnu/5/lto-wrapper -plugin-opt=-fresolution=/tmp/ccmt11p7.res -plugin-opt=-pass-through=-lgcc_s -plugin-opt=-pass-through=-lgcc -plugin-opt=-pass-through=-lc -plugin-opt=-pass-through=-lgcc_s -plugin-opt=-pass-through=-lgcc --sysroot=/ --build-id --eh-frame-hdr -m elf_x86_64 --hash-style=gnu --as-needed -export-dynamic -dynamic-linker /lib64/ld-linux-x86-64.so.2 -z relro -o cmTC_009bd /usr/lib/gcc/x86_64-linux-gnu/5/../../../x86_64-linux-gnu/crt1.o /usr/lib/gcc/x86_64-linux-gnu/5/../../../x86_64-linux-gnu/crti.o /usr/lib/gcc/x86_64-linux-gnu/5/crtbegin.o -L/usr/lib/gcc/x86_64-linux-gnu/5 -L/usr/lib/gcc/x86_64-linux-gnu/5/../../../x86_64-linux-gnu -L/usr/lib/gcc/x86_64-linux-gnu/5/../../../../lib -L/lib/x86_64-linux-gnu -L/lib/../lib -L/usr/lib/x86_64-linux-gnu -L/usr/lib/../lib -L/usr/lib/gcc/x86_64-linux-gnu/5/../../.. CMakeFiles/cmTC_009bd.dir/CMakeCXXCompilerABI.cpp.o -lstdc++ -lm -lgcc_s -lgcc -lc -lgcc_s -lgcc /usr/lib/gcc/x86_64-linux-gnu/5/crtend.o /usr/lib/gcc/x86_64-linux-gnu/5/../../../x86_64-linux-gnu/crtn.o]
    arg [/usr/lib/gcc/x86_64-linux-gnu/5/collect2] ==> ignore
    arg [-plugin] ==> ignore
    arg [/usr/lib/gcc/x86_64-linux-gnu/5/liblto_plugin.so] ==> ignore
    arg [-plugin-opt=/usr/lib/gcc/x86_64-linux-gnu/5/lto-wrapper] ==> ignore
    arg [-plugin-opt=-fresolution=/tmp/ccmt11p7.res] ==> ignore
    arg [-plugin-opt=-pass-through=-lgcc_s] ==> ignore
    arg [-plugin-opt=-pass-through=-lgcc] ==> ignore
    arg [-plugin-opt=-pass-through=-lc] ==> ignore
    arg [-plugin-opt=-pass-through=-lgcc_s] ==> ignore
    arg [-plugin-opt=-pass-through=-lgcc] ==> ignore
    arg [--sysroot=/] ==> ignore
    arg [--build-id] ==> ignore
    arg [--eh-frame-hdr] ==> ignore
    arg [-m] ==> ignore
    arg [elf_x86_64] ==> ignore
    arg [--hash-style=gnu] ==> ignore
    arg [--as-needed] ==> ignore
    arg [-export-dynamic] ==> ignore
    arg [-dynamic-linker] ==> ignore
    arg [/lib64/ld-linux-x86-64.so.2] ==> ignore
    arg [-zrelro] ==> ignore
    arg [-o] ==> ignore
    arg [cmTC_009bd] ==> ignore
    arg [/usr/lib/gcc/x86_64-linux-gnu/5/../../../x86_64-linux-gnu/crt1.o] ==> ignore
    arg [/usr/lib/gcc/x86_64-linux-gnu/5/../../../x86_64-linux-gnu/crti.o] ==> ignore
    arg [/usr/lib/gcc/x86_64-linux-gnu/5/crtbegin.o] ==> ignore
    arg [-L/usr/lib/gcc/x86_64-linux-gnu/5] ==> dir [/usr/lib/gcc/x86_64-linux-gnu/5]
    arg [-L/usr/lib/gcc/x86_64-linux-gnu/5/../../../x86_64-linux-gnu] ==> dir [/usr/lib/gcc/x86_64-linux-gnu/5/../../../x86_64-linux-gnu]
    arg [-L/usr/lib/gcc/x86_64-linux-gnu/5/../../../../lib] ==> dir [/usr/lib/gcc/x86_64-linux-gnu/5/../../../../lib]
    arg [-L/lib/x86_64-linux-gnu] ==> dir [/lib/x86_64-linux-gnu]
    arg [-L/lib/../lib] ==> dir [/lib/../lib]
    arg [-L/usr/lib/x86_64-linux-gnu] ==> dir [/usr/lib/x86_64-linux-gnu]
    arg [-L/usr/lib/../lib] ==> dir [/usr/lib/../lib]
    arg [-L/usr/lib/gcc/x86_64-linux-gnu/5/../../..] ==> dir [/usr/lib/gcc/x86_64-linux-gnu/5/../../..]
    arg [CMakeFiles/cmTC_009bd.dir/CMakeCXXCompilerABI.cpp.o] ==> ignore
    arg [-lstdc++] ==> lib [stdc++]
    arg [-lm] ==> lib [m]
    arg [-lgcc_s] ==> lib [gcc_s]
    arg [-lgcc] ==> lib [gcc]
    arg [-lc] ==> lib [c]
    arg [-lgcc_s] ==> lib [gcc_s]
    arg [-lgcc] ==> lib [gcc]
    arg [/usr/lib/gcc/x86_64-linux-gnu/5/crtend.o] ==> ignore
    arg [/usr/lib/gcc/x86_64-linux-gnu/5/../../../x86_64-linux-gnu/crtn.o] ==> ignore
  remove lib [gcc_s]
  remove lib [gcc]
  remove lib [gcc_s]
  remove lib [gcc]
  collapse library dir [/usr/lib/gcc/x86_64-linux-gnu/5] ==> [/usr/lib/gcc/x86_64-linux-gnu/5]
  collapse library dir [/usr/lib/gcc/x86_64-linux-gnu/5/../../../x86_64-linux-gnu] ==> [/usr/lib/x86_64-linux-gnu]
  collapse library dir [/usr/lib/gcc/x86_64-linux-gnu/5/../../../../lib] ==> [/usr/lib]
  collapse library dir [/lib/x86_64-linux-gnu] ==> [/lib/x86_64-linux-gnu]
  collapse library dir [/lib/../lib] ==> [/lib]
  collapse library dir [/usr/lib/x86_64-linux-gnu] ==> [/usr/lib/x86_64-linux-gnu]
  collapse library dir [/usr/lib/../lib] ==> [/usr/lib]
  collapse library dir [/usr/lib/gcc/x86_64-linux-gnu/5/../../..] ==> [/usr/lib]
  implicit libs: [stdc++;m;c]
  implicit dirs: [/usr/lib/gcc/x86_64-linux-gnu/5;/usr/lib/x86_64-linux-gnu;/usr/lib;/lib/x86_64-linux-gnu;/lib]
  implicit fwks: []




Detecting CXX [-std=c++14] compiler features compiled with the following output:
Change Dir: /home/davencyw/catkinws/dynokvis/build/okvis_ros/okvis/ceres/src/ceres_external-build/CMakeFiles/CMakeTmp

Run Build Command:"/usr/bin/make" "cmTC_754b0/fast"
make[3]: Entering directory '/home/davencyw/catkinws/dynokvis/build/okvis_ros/okvis/ceres/src/ceres_external-build/CMakeFiles/CMakeTmp'
/usr/bin/make -f CMakeFiles/cmTC_754b0.dir/build.make CMakeFiles/cmTC_754b0.dir/build
make[4]: Entering directory '/home/davencyw/catkinws/dynokvis/build/okvis_ros/okvis/ceres/src/ceres_external-build/CMakeFiles/CMakeTmp'
Building CXX object CMakeFiles/cmTC_754b0.dir/feature_tests.cxx.o
/usr/bin/c++     -march=native -Wall -std=c++11 -fPIC -mssse3    -std=c++14 -o CMakeFiles/cmTC_754b0.dir/feature_tests.cxx.o -c /home/davencyw/catkinws/dynokvis/build/okvis_ros/okvis/ceres/src/ceres_external-build/CMakeFiles/feature_tests.cxx
Linking CXX executable cmTC_754b0
/usr/bin/cmake -E cmake_link_script CMakeFiles/cmTC_754b0.dir/link.txt --verbose=1
/usr/bin/c++    -march=native -Wall -std=c++11 -fPIC -mssse3     CMakeFiles/cmTC_754b0.dir/feature_tests.cxx.o  -o cmTC_754b0 -rdynamic 
make[4]: Leaving directory '/home/davencyw/catkinws/dynokvis/build/okvis_ros/okvis/ceres/src/ceres_external-build/CMakeFiles/CMakeTmp'
make[3]: Leaving directory '/home/davencyw/catkinws/dynokvis/build/okvis_ros/okvis/ceres/src/ceres_external-build/CMakeFiles/CMakeTmp'


    Feature record: CXX_FEATURE:1cxx_aggregate_default_initializers
    Feature record: CXX_FEATURE:1cxx_alias_templates
    Feature record: CXX_FEATURE:1cxx_alignas
    Feature record: CXX_FEATURE:1cxx_alignof
    Feature record: CXX_FEATURE:1cxx_attributes
    Feature record: CXX_FEATURE:1cxx_attribute_deprecated
    Feature record: CXX_FEATURE:1cxx_auto_type
    Feature record: CXX_FEATURE:1cxx_binary_literals
    Feature record: CXX_FEATURE:1cxx_constexpr
    Feature record: CXX_FEATURE:1cxx_contextual_conversions
    Feature record: CXX_FEATURE:1cxx_decltype
    Feature record: CXX_FEATURE:1cxx_decltype_auto
    Feature record: CXX_FEATURE:1cxx_decltype_incomplete_return_types
    Feature record: CXX_FEATURE:1cxx_default_function_template_args
    Feature record: CXX_FEATURE:1cxx_defaulted_functions
    Feature record: CXX_FEATURE:1cxx_defaulted_move_initializers
    Feature record: CXX_FEATURE:1cxx_delegating_constructors
    Feature record: CXX_FEATURE:1cxx_deleted_functions
    Feature record: CXX_FEATURE:1cxx_digit_separators
    Feature record: CXX_FEATURE:1cxx_enum_forward_declarations
    Feature record: CXX_FEATURE:1cxx_explicit_conversions
    Feature record: CXX_FEATURE:1cxx_extended_friend_declarations
    Feature record: CXX_FEATURE:1cxx_extern_templates
    Feature record: CXX_FEATURE:1cxx_final
    Feature record: CXX_FEATURE:1cxx_func_identifier
    Feature record: CXX_FEATURE:1cxx_generalized_initializers
    Feature record: CXX_FEATURE:1cxx_generic_lambdas
    Feature record: CXX_FEATURE:1cxx_inheriting_constructors
    Feature record: CXX_FEATURE:1cxx_inline_namespaces
    Feature record: CXX_FEATURE:1cxx_lambdas
    Feature record: CXX_FEATURE:1cxx_lambda_init_captures
    Feature record: CXX_FEATURE:1cxx_local_type_template_args
    Feature record: CXX_FEATURE:1cxx_long_long_type
    Feature record: CXX_FEATURE:1cxx_noexcept
    Feature record: CXX_FEATURE:1cxx_nonstatic_member_init
    Feature record: CXX_FEATURE:1cxx_nullptr
    Feature record: CXX_FEATURE:1cxx_override
    Feature record: CXX_FEATURE:1cxx_range_for
    Feature record: CXX_FEATURE:1cxx_raw_string_literals
    Feature record: CXX_FEATURE:1cxx_reference_qualified_functions
    Feature record: CXX_FEATURE:1cxx_relaxed_constexpr
    Feature record: CXX_FEATURE:1cxx_return_type_deduction
    Feature record: CXX_FEATURE:1cxx_right_angle_brackets
    Feature record: CXX_FEATURE:1cxx_rvalue_references
    Feature record: CXX_FEATURE:1cxx_sizeof_member
    Feature record: CXX_FEATURE:1cxx_static_assert
    Feature record: CXX_FEATURE:1cxx_strong_enums
    Feature record: CXX_FEATURE:1cxx_template_template_parameters
    Feature record: CXX_FEATURE:1cxx_thread_local
    Feature record: CXX_FEATURE:1cxx_trailing_return_types
    Feature record: CXX_FEATURE:1cxx_unicode_literals
    Feature record: CXX_FEATURE:1cxx_uniform_initialization
    Feature record: CXX_FEATURE:1cxx_unrestricted_unions
    Feature record: CXX_FEATURE:1cxx_user_literals
    Feature record: CXX_FEATURE:1cxx_variable_templates
    Feature record: CXX_FEATURE:1cxx_variadic_macros
    Feature record: CXX_FEATURE:1cxx_variadic_templates


Detecting CXX [-std=c++11] compiler features compiled with the following output:
Change Dir: /home/davencyw/catkinws/dynokvis/build/okvis_ros/okvis/ceres/src/ceres_external-build/CMakeFiles/CMakeTmp

Run Build Command:"/usr/bin/make" "cmTC_011b1/fast"
make[3]: Entering directory '/home/davencyw/catkinws/dynokvis/build/okvis_ros/okvis/ceres/src/ceres_external-build/CMakeFiles/CMakeTmp'
/usr/bin/make -f CMakeFiles/cmTC_011b1.dir/build.make CMakeFiles/cmTC_011b1.dir/build
make[4]: Entering directory '/home/davencyw/catkinws/dynokvis/build/okvis_ros/okvis/ceres/src/ceres_external-build/CMakeFiles/CMakeTmp'
Building CXX object CMakeFiles/cmTC_011b1.dir/feature_tests.cxx.o
/usr/bin/c++     -march=native -Wall -std=c++11 -fPIC -mssse3    -std=c++11 -o CMakeFiles/cmTC_011b1.dir/feature_tests.cxx.o -c /home/davencyw/catkinws/dynokvis/build/okvis_ros/okvis/ceres/src/ceres_external-build/CMakeFiles/feature_tests.cxx
Linking CXX executable cmTC_011b1
/usr/bin/cmake -E cmake_link_script CMakeFiles/cmTC_011b1.dir/link.txt --verbose=1
/usr/bin/c++    -march=native -Wall -std=c++11 -fPIC -mssse3     CMakeFiles/cmTC_011b1.dir/feature_tests.cxx.o  -o cmTC_011b1 -rdynamic 
make[4]: Leaving directory '/home/davencyw/catkinws/dynokvis/build/okvis_ros/okvis/ceres/src/ceres_external-build/CMakeFiles/CMakeTmp'
make[3]: Leaving directory '/home/davencyw/catkinws/dynokvis/build/okvis_ros/okvis/ceres/src/ceres_external-build/CMakeFiles/CMakeTmp'


    Feature record: CXX_FEATURE:0cxx_aggregate_default_initializers
    Feature record: CXX_FEATURE:1cxx_alias_templates
    Feature record: CXX_FEATURE:1cxx_alignas
    Feature record: CXX_FEATURE:1cxx_alignof
    Feature record: CXX_FEATURE:1cxx_attributes
    Feature record: CXX_FEATURE:0cxx_attribute_deprecated
    Feature record: CXX_FEATURE:1cxx_auto_type
    Feature record: CXX_FEATURE:0cxx_binary_literals
    Feature record: CXX_FEATURE:1cxx_constexpr
    Feature record: CXX_FEATURE:0cxx_contextual_conversions
    Feature record: CXX_FEATURE:1cxx_decltype
    Feature record: CXX_FEATURE:0cxx_decltype_auto
    Feature record: CXX_FEATURE:1cxx_decltype_incomplete_return_types
    Feature record: CXX_FEATURE:1cxx_default_function_template_args
    Feature record: CXX_FEATURE:1cxx_defaulted_functions
    Feature record: CXX_FEATURE:1cxx_defaulted_move_initializers
    Feature record: CXX_FEATURE:1cxx_delegating_constructors
    Feature record: CXX_FEATURE:1cxx_deleted_functions
    Feature record: CXX_FEATURE:0cxx_digit_separators
    Feature record: CXX_FEATURE:1cxx_enum_forward_declarations
    Feature record: CXX_FEATURE:1cxx_explicit_conversions
    Feature record: CXX_FEATURE:1cxx_extended_friend_declarations
    Feature record: CXX_FEATURE:1cxx_extern_templates
    Feature record: CXX_FEATURE:1cxx_final
    Feature record: CXX_FEATURE:1cxx_func_identifier
    Feature record: CXX_FEATURE:1cxx_generalized_initializers
    Feature record: CXX_FEATURE:0cxx_generic_lambdas
    Feature record: CXX_FEATURE:1cxx_inheriting_constructors
    Feature record: CXX_FEATURE:1cxx_inline_namespaces
    Feature record: CXX_FEATURE:1cxx_lambdas
    Feature record: CXX_FEATURE:0cxx_lambda_init_captures
    Feature record: CXX_FEATURE:1cxx_local_type_template_args
    Feature record: CXX_FEATURE:1cxx_long_long_type
    Feature record: CXX_FEATURE:1cxx_noexcept
    Feature record: CXX_FEATURE:1cxx_nonstatic_member_init
    Feature record: CXX_FEATURE:1cxx_nullptr
    Feature record: CXX_FEATURE:1cxx_override
    Feature record: CXX_FEATURE:1cxx_range_for
    Feature record: CXX_FEATURE:1cxx_raw_string_literals
    Feature record: CXX_FEATURE:1cxx_reference_qualified_functions
    Feature record: CXX_FEATURE:0cxx_relaxed_constexpr
    Feature record: CXX_FEATURE:0cxx_return_type_deduction
    Feature record: CXX_FEATURE:1cxx_right_angle_brackets
    Feature record: CXX_FEATURE:1cxx_rvalue_references
    Feature record: CXX_FEATURE:1cxx_sizeof_member
    Feature record: CXX_FEATURE:1cxx_static_assert
    Feature record: CXX_FEATURE:1cxx_strong_enums
    Feature record: CXX_FEATURE:1cxx_template_template_parameters
    Feature record: CXX_FEATURE:1cxx_thread_local
    Feature record: CXX_FEATURE:1cxx_trailing_return_types
    Feature record: CXX_FEATURE:1cxx_unicode_literals
    Feature record: CXX_FEATURE:1cxx_uniform_initialization
    Feature record: CXX_FEATURE:1cxx_unrestricted_unions
    Feature record: CXX_FEATURE:1cxx_user_literals
    Feature record: CXX_FEATURE:0cxx_variable_templates
    Feature record: CXX_FEATURE:1cxx_variadic_macros
    Feature record: CXX_FEATURE:1cxx_variadic_templates


Detecting CXX [-std=c++98] compiler features compiled with the following output:
Change Dir: /home/davencyw/catkinws/dynokvis/build/okvis_ros/okvis/ceres/src/ceres_external-build/CMakeFiles/CMakeTmp

Run Build Command:"/usr/bin/make" "cmTC_9a392/fast"
make[3]: Entering directory '/home/davencyw/catkinws/dynokvis/build/okvis_ros/okvis/ceres/src/ceres_external-build/CMakeFiles/CMakeTmp'
/usr/bin/make -f CMakeFiles/cmTC_9a392.dir/build.make CMakeFiles/cmTC_9a392.dir/build
make[4]: Entering directory '/home/davencyw/catkinws/dynokvis/build/okvis_ros/okvis/ceres/src/ceres_external-build/CMakeFiles/CMakeTmp'
Building CXX object CMakeFiles/cmTC_9a392.dir/feature_tests.cxx.o
/usr/bin/c++     -march=native -Wall -std=c++11 -fPIC -mssse3    -std=c++98 -o CMakeFiles/cmTC_9a392.dir/feature_tests.cxx.o -c /home/davencyw/catkinws/dynokvis/build/okvis_ros/okvis/ceres/src/ceres_external-build/CMakeFiles/feature_tests.cxx
Linking CXX executable cmTC_9a392
/usr/bin/cmake -E cmake_link_script CMakeFiles/cmTC_9a392.dir/link.txt --verbose=1
/usr/bin/c++    -march=native -Wall -std=c++11 -fPIC -mssse3     CMakeFiles/cmTC_9a392.dir/feature_tests.cxx.o  -o cmTC_9a392 -rdynamic 
make[4]: Leaving directory '/home/davencyw/catkinws/dynokvis/build/okvis_ros/okvis/ceres/src/ceres_external-build/CMakeFiles/CMakeTmp'
make[3]: Leaving directory '/home/davencyw/catkinws/dynokvis/build/okvis_ros/okvis/ceres/src/ceres_external-build/CMakeFiles/CMakeTmp'


    Feature record: CXX_FEATURE:0cxx_aggregate_default_initializers
    Feature record: CXX_FEATURE:0cxx_alias_templates
    Feature record: CXX_FEATURE:0cxx_alignas
    Feature record: CXX_FEATURE:0cxx_alignof
    Feature record: CXX_FEATURE:0cxx_attributes
    Feature record: CXX_FEATURE:0cxx_attribute_deprecated
    Feature record: CXX_FEATURE:0cxx_auto_type
    Feature record: CXX_FEATURE:0cxx_binary_literals
    Feature record: CXX_FEATURE:0cxx_constexpr
    Feature record: CXX_FEATURE:0cxx_contextual_conversions
    Feature record: CXX_FEATURE:0cxx_decltype
    Feature record: CXX_FEATURE:0cxx_decltype_auto
    Feature record: CXX_FEATURE:0cxx_decltype_incomplete_return_types
    Feature record: CXX_FEATURE:0cxx_default_function_template_args
    Feature record: CXX_FEATURE:0cxx_defaulted_functions
    Feature record: CXX_FEATURE:0cxx_defaulted_move_initializers
    Feature record: CXX_FEATURE:0cxx_delegating_constructors
    Feature record: CXX_FEATURE:0cxx_deleted_functions
    Feature record: CXX_FEATURE:0cxx_digit_separators
    Feature record: CXX_FEATURE:0cxx_enum_forward_declarations
    Feature record: CXX_FEATURE:0cxx_explicit_conversions
    Feature record: CXX_FEATURE:0cxx_extended_friend_declarations
    Feature record: CXX_FEATURE:0cxx_extern_templates
    Feature record: CXX_FEATURE:0cxx_final
    Feature record: CXX_FEATURE:0cxx_func_identifier
    Feature record: CXX_FEATURE:0cxx_generalized_initializers
    Feature record: CXX_FEATURE:0cxx_generic_lambdas
    Feature record: CXX_FEATURE:0cxx_inheriting_constructors
    Feature record: CXX_FEATURE:0cxx_inline_namespaces
    Feature record: CXX_FEATURE:0cxx_lambdas
    Feature record: CXX_FEATURE:0cxx_lambda_init_captures
    Feature record: CXX_FEATURE:0cxx_local_type_template_args
    Feature record: CXX_FEATURE:0cxx_long_long_type
    Feature record: CXX_FEATURE:0cxx_noexcept
    Feature record: CXX_FEATURE:0cxx_nonstatic_member_init
    Feature record: CXX_FEATURE:0cxx_nullptr
    Feature record: CXX_FEATURE:0cxx_override
    Feature record: CXX_FEATURE:0cxx_range_for
    Feature record: CXX_FEATURE:0cxx_raw_string_literals
    Feature record: CXX_FEATURE:0cxx_reference_qualified_functions
    Feature record: CXX_FEATURE:0cxx_relaxed_constexpr
    Feature record: CXX_FEATURE:0cxx_return_type_deduction
    Feature record: CXX_FEATURE:0cxx_right_angle_brackets
    Feature record: CXX_FEATURE:0cxx_rvalue_references
    Feature record: CXX_FEATURE:0cxx_sizeof_member
    Feature record: CXX_FEATURE:0cxx_static_assert
    Feature record: CXX_FEATURE:0cxx_strong_enums
    Feature record: CXX_FEATURE:1cxx_template_template_parameters
    Feature record: CXX_FEATURE:0cxx_thread_local
    Feature record: CXX_FEATURE:0cxx_trailing_return_types
    Feature record: CXX_FEATURE:0cxx_unicode_literals
    Feature record: CXX_FEATURE:0cxx_uniform_initialization
    Feature record: CXX_FEATURE:0cxx_unrestricted_unions
    Feature record: CXX_FEATURE:0cxx_user_literals
    Feature record: CXX_FEATURE:0cxx_variable_templates
    Feature record: CXX_FEATURE:0cxx_variadic_macros
    Feature record: CXX_FEATURE:0cxx_variadic_templates
Determining if the function dgemm_ exists passed with the following output:
Change Dir: /home/davencyw/catkinws/dynokvis/build/okvis_ros/okvis/ceres/src/ceres_external-build/CMakeFiles/CMakeTmp

Run Build Command:"/usr/bin/make" "cmTC_00a3c/fast"
make[3]: Entering directory '/home/davencyw/catkinws/dynokvis/build/okvis_ros/okvis/ceres/src/ceres_external-build/CMakeFiles/CMakeTmp'
/usr/bin/make -f CMakeFiles/cmTC_00a3c.dir/build.make CMakeFiles/cmTC_00a3c.dir/build
make[4]: Entering directory '/home/davencyw/catkinws/dynokvis/build/okvis_ros/okvis/ceres/src/ceres_external-build/CMakeFiles/CMakeTmp'
Building C object CMakeFiles/cmTC_00a3c.dir/CheckFunctionExists.c.o
/usr/bin/cc    -DCHECK_FUNCTION_EXISTS=dgemm_   -o CMakeFiles/cmTC_00a3c.dir/CheckFunctionExists.c.o   -c /usr/share/cmake-3.5/Modules/CheckFunctionExists.c
Linking C executable cmTC_00a3c
/usr/bin/cmake -E cmake_link_script CMakeFiles/cmTC_00a3c.dir/link.txt --verbose=1
/usr/bin/cc   -DCHECK_FUNCTION_EXISTS=dgemm_    CMakeFiles/cmTC_00a3c.dir/CheckFunctionExists.c.o  -o cmTC_00a3c -rdynamic /usr/lib/libf77blas.so /usr/lib/libatlas.so 
make[4]: Leaving directory '/home/davencyw/catkinws/dynokvis/build/okvis_ros/okvis/ceres/src/ceres_external-build/CMakeFiles/CMakeTmp'
make[3]: Leaving directory '/home/davencyw/catkinws/dynokvis/build/okvis_ros/okvis/ceres/src/ceres_external-build/CMakeFiles/CMakeTmp'


Determining if the include file pthread.h exists passed with the following output:
Change Dir: /home/davencyw/catkinws/dynokvis/build/okvis_ros/okvis/ceres/src/ceres_external-build/CMakeFiles/CMakeTmp

Run Build Command:"/usr/bin/make" "cmTC_7f3ad/fast"
make[3]: Entering directory '/home/davencyw/catkinws/dynokvis/build/okvis_ros/okvis/ceres/src/ceres_external-build/CMakeFiles/CMakeTmp'
/usr/bin/make -f CMakeFiles/cmTC_7f3ad.dir/build.make CMakeFiles/cmTC_7f3ad.dir/build
make[4]: Entering directory '/home/davencyw/catkinws/dynokvis/build/okvis_ros/okvis/ceres/src/ceres_external-build/CMakeFiles/CMakeTmp'
Building C object CMakeFiles/cmTC_7f3ad.dir/CheckIncludeFile.c.o
/usr/bin/cc     -o CMakeFiles/cmTC_7f3ad.dir/CheckIncludeFile.c.o   -c /home/davencyw/catkinws/dynokvis/build/okvis_ros/okvis/ceres/src/ceres_external-build/CMakeFiles/CMakeTmp/CheckIncludeFile.c
Linking C executable cmTC_7f3ad
/usr/bin/cmake -E cmake_link_script CMakeFiles/cmTC_7f3ad.dir/link.txt --verbose=1
/usr/bin/cc       CMakeFiles/cmTC_7f3ad.dir/CheckIncludeFile.c.o  -o cmTC_7f3ad -rdynamic 
make[4]: Leaving directory '/home/davencyw/catkinws/dynokvis/build/okvis_ros/okvis/ceres/src/ceres_external-build/CMakeFiles/CMakeTmp'
make[3]: Leaving directory '/home/davencyw/catkinws/dynokvis/build/okvis_ros/okvis/ceres/src/ceres_external-build/CMakeFiles/CMakeTmp'


Determining if the function pthread_create exists in the pthread passed with the following output:
Change Dir: /home/davencyw/catkinws/dynokvis/build/okvis_ros/okvis/ceres/src/ceres_external-build/CMakeFiles/CMakeTmp

Run Build Command:"/usr/bin/make" "cmTC_7959f/fast"
make[3]: Entering directory '/home/davencyw/catkinws/dynokvis/build/okvis_ros/okvis/ceres/src/ceres_external-build/CMakeFiles/CMakeTmp'
/usr/bin/make -f CMakeFiles/cmTC_7959f.dir/build.make CMakeFiles/cmTC_7959f.dir/build
make[4]: Entering directory '/home/davencyw/catkinws/dynokvis/build/okvis_ros/okvis/ceres/src/ceres_external-build/CMakeFiles/CMakeTmp'
Building C object CMakeFiles/cmTC_7959f.dir/CheckFunctionExists.c.o
/usr/bin/cc    -DCHECK_FUNCTION_EXISTS=pthread_create   -o CMakeFiles/cmTC_7959f.dir/CheckFunctionExists.c.o   -c /usr/share/cmake-3.5/Modules/CheckFunctionExists.c
Linking C executable cmTC_7959f
/usr/bin/cmake -E cmake_link_script CMakeFiles/cmTC_7959f.dir/link.txt --verbose=1
/usr/bin/cc   -DCHECK_FUNCTION_EXISTS=pthread_create    CMakeFiles/cmTC_7959f.dir/CheckFunctionExists.c.o  -o cmTC_7959f -rdynamic -lpthread 
make[4]: Leaving directory '/home/davencyw/catkinws/dynokvis/build/okvis_ros/okvis/ceres/src/ceres_external-build/CMakeFiles/CMakeTmp'
make[3]: Leaving directory '/home/davencyw/catkinws/dynokvis/build/okvis_ros/okvis/ceres/src/ceres_external-build/CMakeFiles/CMakeTmp'


Determining if the function cheev_ exists passed with the following output:
Change Dir: /home/davencyw/catkinws/dynokvis/build/okvis_ros/okvis/ceres/src/ceres_external-build/CMakeFiles/CMakeTmp

Run Build Command:"/usr/bin/make" "cmTC_c7915/fast"
make[3]: Entering directory '/home/davencyw/catkinws/dynokvis/build/okvis_ros/okvis/ceres/src/ceres_external-build/CMakeFiles/CMakeTmp'
/usr/bin/make -f CMakeFiles/cmTC_c7915.dir/build.make CMakeFiles/cmTC_c7915.dir/build
make[4]: Entering directory '/home/davencyw/catkinws/dynokvis/build/okvis_ros/okvis/ceres/src/ceres_external-build/CMakeFiles/CMakeTmp'
Building C object CMakeFiles/cmTC_c7915.dir/CheckFunctionExists.c.o
/usr/bin/cc    -DCHECK_FUNCTION_EXISTS=cheev_   -o CMakeFiles/cmTC_c7915.dir/CheckFunctionExists.c.o   -c /usr/share/cmake-3.5/Modules/CheckFunctionExists.c
Linking C executable cmTC_c7915
/usr/bin/cmake -E cmake_link_script CMakeFiles/cmTC_c7915.dir/link.txt --verbose=1
/usr/bin/cc   -DCHECK_FUNCTION_EXISTS=cheev_    CMakeFiles/cmTC_c7915.dir/CheckFunctionExists.c.o  -o cmTC_c7915 -rdynamic /usr/lib/liblapack.so /usr/lib/libf77blas.so /usr/lib/libatlas.so 
make[4]: Leaving directory '/home/davencyw/catkinws/dynokvis/build/okvis_ros/okvis/ceres/src/ceres_external-build/CMakeFiles/CMakeTmp'
make[3]: Leaving directory '/home/davencyw/catkinws/dynokvis/build/okvis_ros/okvis/ceres/src/ceres_external-build/CMakeFiles/CMakeTmp'


Performing C SOURCE FILE Test OpenMP_FLAG_DETECTED succeeded with the following output:
Change Dir: /home/davencyw/catkinws/dynokvis/build/okvis_ros/okvis/ceres/src/ceres_external-build/CMakeFiles/CMakeTmp

Run Build Command:"/usr/bin/make" "cmTC_2177f/fast"
make[3]: Entering directory '/home/davencyw/catkinws/dynokvis/build/okvis_ros/okvis/ceres/src/ceres_external-build/CMakeFiles/CMakeTmp'
/usr/bin/make -f CMakeFiles/cmTC_2177f.dir/build.make CMakeFiles/cmTC_2177f.dir/build
make[4]: Entering directory '/home/davencyw/catkinws/dynokvis/build/okvis_ros/okvis/ceres/src/ceres_external-build/CMakeFiles/CMakeTmp'
Building C object CMakeFiles/cmTC_2177f.dir/src.c.o
/usr/bin/cc    -DOpenMP_FLAG_DETECTED -fopenmp   -o CMakeFiles/cmTC_2177f.dir/src.c.o   -c /home/davencyw/catkinws/dynokvis/build/okvis_ros/okvis/ceres/src/ceres_external-build/CMakeFiles/CMakeTmp/src.c
Linking C executable cmTC_2177f
/usr/bin/cmake -E cmake_link_script CMakeFiles/cmTC_2177f.dir/link.txt --verbose=1
/usr/bin/cc   -DOpenMP_FLAG_DETECTED -fopenmp    CMakeFiles/cmTC_2177f.dir/src.c.o  -o cmTC_2177f -rdynamic 
make[4]: Leaving directory '/home/davencyw/catkinws/dynokvis/build/okvis_ros/okvis/ceres/src/ceres_external-build/CMakeFiles/CMakeTmp'
make[3]: Leaving directory '/home/davencyw/catkinws/dynokvis/build/okvis_ros/okvis/ceres/src/ceres_external-build/CMakeFiles/CMakeTmp'

Source file was:

#include <omp.h>
int main() {
#ifdef _OPENMP
  return 0;
#else
  breaks_on_purpose
#endif
}

Performing C++ SOURCE FILE Test OpenMP_FLAG_DETECTED succeeded with the following output:
Change Dir: /home/davencyw/catkinws/dynokvis/build/okvis_ros/okvis/ceres/src/ceres_external-build/CMakeFiles/CMakeTmp

Run Build Command:"/usr/bin/make" "cmTC_27e25/fast"
make[3]: Entering directory '/home/davencyw/catkinws/dynokvis/build/okvis_ros/okvis/ceres/src/ceres_external-build/CMakeFiles/CMakeTmp'
/usr/bin/make -f CMakeFiles/cmTC_27e25.dir/build.make CMakeFiles/cmTC_27e25.dir/build
make[4]: Entering directory '/home/davencyw/catkinws/dynokvis/build/okvis_ros/okvis/ceres/src/ceres_external-build/CMakeFiles/CMakeTmp'
Building CXX object CMakeFiles/cmTC_27e25.dir/src.cxx.o
/usr/bin/c++     -march=native -Wall -std=c++11 -fPIC -mssse3 -DOpenMP_FLAG_DETECTED -fopenmp   -o CMakeFiles/cmTC_27e25.dir/src.cxx.o -c /home/davencyw/catkinws/dynokvis/build/okvis_ros/okvis/ceres/src/ceres_external-build/CMakeFiles/CMakeTmp/src.cxx
Linking CXX executable cmTC_27e25
/usr/bin/cmake -E cmake_link_script CMakeFiles/cmTC_27e25.dir/link.txt --verbose=1
/usr/bin/c++    -march=native -Wall -std=c++11 -fPIC -mssse3 -DOpenMP_FLAG_DETECTED -fopenmp    CMakeFiles/cmTC_27e25.dir/src.cxx.o  -o cmTC_27e25 -rdynamic 
make[4]: Leaving directory '/home/davencyw/catkinws/dynokvis/build/okvis_ros/okvis/ceres/src/ceres_external-build/CMakeFiles/CMakeTmp'
make[3]: Leaving directory '/home/davencyw/catkinws/dynokvis/build/okvis_ros/okvis/ceres/src/ceres_external-build/CMakeFiles/CMakeTmp'

Source file was:

#include <omp.h>
int main() {
#ifdef _OPENMP
  return 0;
#else
  breaks_on_purpose
#endif
}

Determining if the include file unordered_map exists passed with the following output:
Change Dir: /home/davencyw/catkinws/dynokvis/build/okvis_ros/okvis/ceres/src/ceres_external-build/CMakeFiles/CMakeTmp

Run Build Command:"/usr/bin/make" "cmTC_78aee/fast"
make[3]: Entering directory '/home/davencyw/catkinws/dynokvis/build/okvis_ros/okvis/ceres/src/ceres_external-build/CMakeFiles/CMakeTmp'
/usr/bin/make -f CMakeFiles/cmTC_78aee.dir/build.make CMakeFiles/cmTC_78aee.dir/build
make[4]: Entering directory '/home/davencyw/catkinws/dynokvis/build/okvis_ros/okvis/ceres/src/ceres_external-build/CMakeFiles/CMakeTmp'
Building CXX object CMakeFiles/cmTC_78aee.dir/CheckIncludeFile.cxx.o
/usr/bin/c++     -march=native -Wall -std=c++11 -fPIC -mssse3 -fopenmp    -o CMakeFiles/cmTC_78aee.dir/CheckIncludeFile.cxx.o -c /home/davencyw/catkinws/dynokvis/build/okvis_ros/okvis/ceres/src/ceres_external-build/CMakeFiles/CMakeTmp/CheckIncludeFile.cxx
Linking CXX executable cmTC_78aee
/usr/bin/cmake -E cmake_link_script CMakeFiles/cmTC_78aee.dir/link.txt --verbose=1
/usr/bin/c++    -march=native -Wall -std=c++11 -fPIC -mssse3 -fopenmp     CMakeFiles/cmTC_78aee.dir/CheckIncludeFile.cxx.o  -o cmTC_78aee -rdynamic 
make[4]: Leaving directory '/home/davencyw/catkinws/dynokvis/build/okvis_ros/okvis/ceres/src/ceres_external-build/CMakeFiles/CMakeTmp'
make[3]: Leaving directory '/home/davencyw/catkinws/dynokvis/build/okvis_ros/okvis/ceres/src/ceres_external-build/CMakeFiles/CMakeTmp'


Performing C++ SOURCE FILE Test HAVE_UNORDERED_MAP_IN_STD_NAMESPACE succeeded with the following output:
Change Dir: /home/davencyw/catkinws/dynokvis/build/okvis_ros/okvis/ceres/src/ceres_external-build/CMakeFiles/CMakeTmp

Run Build Command:"/usr/bin/make" "cmTC_85b11/fast"
make[3]: Entering directory '/home/davencyw/catkinws/dynokvis/build/okvis_ros/okvis/ceres/src/ceres_external-build/CMakeFiles/CMakeTmp'
/usr/bin/make -f CMakeFiles/cmTC_85b11.dir/build.make CMakeFiles/cmTC_85b11.dir/build
make[4]: Entering directory '/home/davencyw/catkinws/dynokvis/build/okvis_ros/okvis/ceres/src/ceres_external-build/CMakeFiles/CMakeTmp'
Building CXX object CMakeFiles/cmTC_85b11.dir/src.cxx.o
/usr/bin/c++     -march=native -Wall -std=c++11 -fPIC -mssse3 -fopenmp -DHAVE_UNORDERED_MAP_IN_STD_NAMESPACE   -o CMakeFiles/cmTC_85b11.dir/src.cxx.o -c /home/davencyw/catkinws/dynokvis/build/okvis_ros/okvis/ceres/src/ceres_external-build/CMakeFiles/CMakeTmp/src.cxx
Linking CXX executable cmTC_85b11
/usr/bin/cmake -E cmake_link_script CMakeFiles/cmTC_85b11.dir/link.txt --verbose=1
/usr/bin/c++    -march=native -Wall -std=c++11 -fPIC -mssse3 -fopenmp -DHAVE_UNORDERED_MAP_IN_STD_NAMESPACE    CMakeFiles/cmTC_85b11.dir/src.cxx.o  -o cmTC_85b11 -rdynamic 
make[4]: Leaving directory '/home/davencyw/catkinws/dynokvis/build/okvis_ros/okvis/ceres/src/ceres_external-build/CMakeFiles/CMakeTmp'
make[3]: Leaving directory '/home/davencyw/catkinws/dynokvis/build/okvis_ros/okvis/ceres/src/ceres_external-build/CMakeFiles/CMakeTmp'

Source file was:
#include <unordered_map>
                             int main() {
                               std::unordered_map<int, int> map;
                               return 0;
                             }
Determining if the include file memory exists passed with the following output:
Change Dir: /home/davencyw/catkinws/dynokvis/build/okvis_ros/okvis/ceres/src/ceres_external-build/CMakeFiles/CMakeTmp

Run Build Command:"/usr/bin/make" "cmTC_b821e/fast"
make[3]: Entering directory '/home/davencyw/catkinws/dynokvis/build/okvis_ros/okvis/ceres/src/ceres_external-build/CMakeFiles/CMakeTmp'
/usr/bin/make -f CMakeFiles/cmTC_b821e.dir/build.make CMakeFiles/cmTC_b821e.dir/build
make[4]: Entering directory '/home/davencyw/catkinws/dynokvis/build/okvis_ros/okvis/ceres/src/ceres_external-build/CMakeFiles/CMakeTmp'
Building CXX object CMakeFiles/cmTC_b821e.dir/CheckIncludeFile.cxx.o
/usr/bin/c++     -march=native -Wall -std=c++11 -fPIC -mssse3 -fopenmp    -o CMakeFiles/cmTC_b821e.dir/CheckIncludeFile.cxx.o -c /home/davencyw/catkinws/dynokvis/build/okvis_ros/okvis/ceres/src/ceres_external-build/CMakeFiles/CMakeTmp/CheckIncludeFile.cxx
Linking CXX executable cmTC_b821e
/usr/bin/cmake -E cmake_link_script CMakeFiles/cmTC_b821e.dir/link.txt --verbose=1
/usr/bin/c++    -march=native -Wall -std=c++11 -fPIC -mssse3 -fopenmp     CMakeFiles/cmTC_b821e.dir/CheckIncludeFile.cxx.o  -o cmTC_b821e -rdynamic 
make[4]: Leaving directory '/home/davencyw/catkinws/dynokvis/build/okvis_ros/okvis/ceres/src/ceres_external-build/CMakeFiles/CMakeTmp'
make[3]: Leaving directory '/home/davencyw/catkinws/dynokvis/build/okvis_ros/okvis/ceres/src/ceres_external-build/CMakeFiles/CMakeTmp'


Performing C++ SOURCE FILE Test HAVE_SHARED_PTR_IN_STD_NAMESPACE succeeded with the following output:
Change Dir: /home/davencyw/catkinws/dynokvis/build/okvis_ros/okvis/ceres/src/ceres_external-build/CMakeFiles/CMakeTmp

Run Build Command:"/usr/bin/make" "cmTC_67629/fast"
make[3]: Entering directory '/home/davencyw/catkinws/dynokvis/build/okvis_ros/okvis/ceres/src/ceres_external-build/CMakeFiles/CMakeTmp'
/usr/bin/make -f CMakeFiles/cmTC_67629.dir/build.make CMakeFiles/cmTC_67629.dir/build
make[4]: Entering directory '/home/davencyw/catkinws/dynokvis/build/okvis_ros/okvis/ceres/src/ceres_external-build/CMakeFiles/CMakeTmp'
Building CXX object CMakeFiles/cmTC_67629.dir/src.cxx.o
/usr/bin/c++     -march=native -Wall -std=c++11 -fPIC -mssse3 -fopenmp -DHAVE_SHARED_PTR_IN_STD_NAMESPACE   -o CMakeFiles/cmTC_67629.dir/src.cxx.o -c /home/davencyw/catkinws/dynokvis/build/okvis_ros/okvis/ceres/src/ceres_external-build/CMakeFiles/CMakeTmp/src.cxx
Linking CXX executable cmTC_67629
/usr/bin/cmake -E cmake_link_script CMakeFiles/cmTC_67629.dir/link.txt --verbose=1
/usr/bin/c++    -march=native -Wall -std=c++11 -fPIC -mssse3 -fopenmp -DHAVE_SHARED_PTR_IN_STD_NAMESPACE    CMakeFiles/cmTC_67629.dir/src.cxx.o  -o cmTC_67629 -rdynamic 
make[4]: Leaving directory '/home/davencyw/catkinws/dynokvis/build/okvis_ros/okvis/ceres/src/ceres_external-build/CMakeFiles/CMakeTmp'
make[3]: Leaving directory '/home/davencyw/catkinws/dynokvis/build/okvis_ros/okvis/ceres/src/ceres_external-build/CMakeFiles/CMakeTmp'

Source file was:
#include <memory>
                               int main() {
                                 std::shared_ptr<int> int_ptr;
                                 return 0;
                               }
