Determining if the pthread_create exist failed with the following output:
Change Dir: /home/davencyw/catkinws/dynvinsmono/build/feature_tracker/CMakeFiles/CMakeTmp

Run Build Command:"/usr/bin/make" "cmTC_e96ec/fast"
/usr/bin/make -f CMakeFiles/cmTC_e96ec.dir/build.make CMakeFiles/cmTC_e96ec.dir/build
make[1]: Entering directory '/home/davencyw/catkinws/dynvinsmono/build/feature_tracker/CMakeFiles/CMakeTmp'
Building C object CMakeFiles/cmTC_e96ec.dir/CheckSymbolExists.c.o
/usr/bin/cc     -o CMakeFiles/cmTC_e96ec.dir/CheckSymbolExists.c.o   -c /home/davencyw/catkinws/dynvinsmono/build/feature_tracker/CMakeFiles/CMakeTmp/CheckSymbolExists.c
Linking C executable cmTC_e96ec
/usr/bin/cmake -E cmake_link_script CMakeFiles/cmTC_e96ec.dir/link.txt --verbose=1
/usr/bin/cc       CMakeFiles/cmTC_e96ec.dir/CheckSymbolExists.c.o  -o cmTC_e96ec -rdynamic 
CMakeFiles/cmTC_e96ec.dir/CheckSymbolExists.c.o: In function `main':
CheckSymbolExists.c:(.text+0x16): undefined reference to `pthread_create'
collect2: error: ld returned 1 exit status
CMakeFiles/cmTC_e96ec.dir/build.make:97: recipe for target 'cmTC_e96ec' failed
make[1]: *** [cmTC_e96ec] Error 1
make[1]: Leaving directory '/home/davencyw/catkinws/dynvinsmono/build/feature_tracker/CMakeFiles/CMakeTmp'
Makefile:126: recipe for target 'cmTC_e96ec/fast' failed
make: *** [cmTC_e96ec/fast] Error 2

File /home/davencyw/catkinws/dynvinsmono/build/feature_tracker/CMakeFiles/CMakeTmp/CheckSymbolExists.c:
/* */
#include <pthread.h>

int main(int argc, char** argv)
{
  (void)argv;
#ifndef pthread_create
  return ((int*)(&pthread_create))[argc];
#else
  (void)argc;
  return 0;
#endif
}

Determining if the function pthread_create exists in the pthreads failed with the following output:
Change Dir: /home/davencyw/catkinws/dynvinsmono/build/feature_tracker/CMakeFiles/CMakeTmp

Run Build Command:"/usr/bin/make" "cmTC_39a40/fast"
/usr/bin/make -f CMakeFiles/cmTC_39a40.dir/build.make CMakeFiles/cmTC_39a40.dir/build
make[1]: Entering directory '/home/davencyw/catkinws/dynvinsmono/build/feature_tracker/CMakeFiles/CMakeTmp'
Building C object CMakeFiles/cmTC_39a40.dir/CheckFunctionExists.c.o
/usr/bin/cc    -DCHECK_FUNCTION_EXISTS=pthread_create   -o CMakeFiles/cmTC_39a40.dir/CheckFunctionExists.c.o   -c /usr/share/cmake-3.5/Modules/CheckFunctionExists.c
Linking C executable cmTC_39a40
/usr/bin/cmake -E cmake_link_script CMakeFiles/cmTC_39a40.dir/link.txt --verbose=1
/usr/bin/cc   -DCHECK_FUNCTION_EXISTS=pthread_create    CMakeFiles/cmTC_39a40.dir/CheckFunctionExists.c.o  -o cmTC_39a40 -rdynamic -lpthreads 
/usr/bin/ld: cannot find -lpthreads
collect2: error: ld returned 1 exit status
CMakeFiles/cmTC_39a40.dir/build.make:97: recipe for target 'cmTC_39a40' failed
make[1]: *** [cmTC_39a40] Error 1
make[1]: Leaving directory '/home/davencyw/catkinws/dynvinsmono/build/feature_tracker/CMakeFiles/CMakeTmp'
Makefile:126: recipe for target 'cmTC_39a40/fast' failed
make: *** [cmTC_39a40/fast] Error 2


