[36m--[0m Using CATKIN_DEVEL_PREFIX: /home/davencyw/catkinws/dynvinsmono/devel/.private/pose_graph
[36m--[0m Using CMAKE_PREFIX_PATH: /home/davencyw/catkinws/dynvinsmono/devel;/opt/ros/kinetic
[36m--[0m This workspace overlays: /home/davencyw/catkinws/dynvinsmono/devel;/opt/ros/kinetic
[36m--[0m Using PYTHON_EXECUTABLE: /usr/bin/python
[36m--[0m Using Debian Python package layout
[36m--[0m Using empy: /usr/bin/empy
[36m--[0m Using CATKIN_ENABLE_TESTING: ON
[36m--[0m Call enable_testing()
[36m--[0m Using CATKIN_TEST_RESULTS_DIR: /home/davencyw/catkinws/dynvinsmono/build/pose_graph/test_results
[36m--[0m Found gmock sources under '/usr/src/gmock': gmock will be built
[36m--[0m Found gtest sources under '/usr/src/gmock': gtests will be built
[36m--[0m Using Python nosetests: /usr/bin/nosetests-2.7
[36m--[0m catkin 0.7.14
[36m--[0m Using these message generators: gencpp;geneus;genlisp;gennodejs;genpy
[36m--[0m Found installed version of Eigen: /usr/lib/cmake/eigen3
[36m--[0m Found required Ceres dependency: Eigen version 3.2.92 in /usr/include/eigen3
[36m--[0m Found required Ceres dependency: glog
[36m--[0m Found required Ceres dependency: gflags
[36m--[0m Found Ceres version: 1.14.0 installed in: /usr/local with components: [EigenSparse, SparseLinearAlgebraLibrary, LAPACK, SuiteSparse, CXSparse, SchurSpecializations, OpenMP, Multithreading]
catkin_lib  /home/davencyw/catkinws/dynvinsmono/devel/.private/camera_model/lib/libcamera_model.so;/opt/ros/kinetic/lib/libroscpp.so;/usr/lib/x86_64-linux-gnu/libboost_signals.so;/opt/ros/kinetic/lib/libxmlrpcpp.so;/opt/ros/kinetic/lib/libcv_bridge.so;/opt/ros/kinetic/lib/x86_64-linux-gnu/libopencv_core3.so.3.3.1;/opt/ros/kinetic/lib/x86_64-linux-gnu/libopencv_imgproc3.so.3.3.1;/opt/ros/kinetic/lib/x86_64-linux-gnu/libopencv_imgcodecs3.so.3.3.1;/opt/ros/kinetic/lib/librosconsole.so;/opt/ros/kinetic/lib/librosconsole_log4cxx.so;/opt/ros/kinetic/lib/librosconsole_backend_interface.so;/usr/lib/x86_64-linux-gnu/liblog4cxx.so;/usr/lib/x86_64-linux-gnu/libboost_regex.so;/opt/ros/kinetic/lib/libroscpp_serialization.so;/opt/ros/kinetic/lib/librostime.so;/opt/ros/kinetic/lib/libcpp_common.so;/usr/lib/x86_64-linux-gnu/libboost_thread.so;/usr/lib/x86_64-linux-gnu/libboost_chrono.so;/usr/lib/x86_64-linux-gnu/libboost_date_time.so;/usr/lib/x86_64-linux-gnu/libboost_atomic.so;/usr/lib/x86_64-linux-gnu/libpthread.so;/usr/lib/x86_64-linux-gnu/libconsole_bridge.so;/opt/ros/kinetic/lib/libroslib.so;/opt/ros/kinetic/lib/librospack.so;/usr/lib/x86_64-linux-gnu/libpython2.7.so;/usr/lib/x86_64-linux-gnu/libboost_filesystem.so;/usr/lib/x86_64-linux-gnu/libboost_program_options.so;/usr/lib/x86_64-linux-gnu/libboost_system.so;/usr/lib/x86_64-linux-gnu/libtinyxml.so
[36m--[0m Configuring done
[36m--[0m Generating done
[36m--[0m Build files have been written to: /home/davencyw/catkinws/dynvinsmono/build/pose_graph
