[01m[K/home/davencyw/catkinws/dynvinsmono/src/VINS-Mono/pose_graph/src/pose_graph.cpp:[m[K In member function ‘[01m[Kint PoseGraph::detectLoop(KeyFrame*, int)[m[K’:
[01m[K/home/davencyw/catkinws/dynvinsmono/src/VINS-Mono/pose_graph/src/pose_graph.cpp:378:47:[m[K [01;35m[Kwarning: [m[Kcomparison between signed and unsigned integer expressions [[01;35m[K-Wsign-compare[m[K]
             if (min_index == -1 || (ret[i].Id < min_index && ret[i].Score > 0.015))
In file included from [01m[K/home/davencyw/catkinws/dynvinsmono/src/VINS-Mono/pose_graph/src/ThirdParty/DBoW/DBoW2.h:63:0[m[K,
                 from [01m[K/home/davencyw/catkinws/dynvinsmono/src/VINS-Mono/pose_graph/src/keyframe.h:13[m[K,
                 from [01m[K/home/davencyw/catkinws/dynvinsmono/src/VINS-Mono/pose_graph/src/pose_graph.h:17[m[K,
                 from [01m[K/home/davencyw/catkinws/dynvinsmono/src/VINS-Mono/pose_graph/src/pose_graph.cpp:1[m[K:
/home/davencyw/catkinws/dynvinsmono/src/VINS-Mono/pose_graph/src/ThirdParty/DBoW/TemplatedVocabulary.h: In instantiation of ‘[01m[Kvoid DBoW2::TemplatedVocabulary<TDescriptor, F>::loadBin(const string&) [with TDescriptor = boost::dynamic_bitset<>; F = DBoW2::FBrief; std::__cxx11::string = std::__cxx11::basic_string<char>][m[K’:
[01m[K/home/davencyw/catkinws/dynvinsmono/src/VINS-Mono/pose_graph/src/ThirdParty/DBoW/TemplatedVocabulary.h:439:12:[m[K   required from ‘[01m[KDBoW2::TemplatedVocabulary<TDescriptor, F>::TemplatedVocabulary(const string&) [with TDescriptor = boost::dynamic_bitset<>; F = DBoW2::FBrief; std::__cxx11::string = std::__cxx11::basic_string<char>][m[K’
[01m[K/home/davencyw/catkinws/dynvinsmono/src/VINS-Mono/pose_graph/src/pose_graph.cpp:38:39:[m[K   required from here
[01m[K/home/davencyw/catkinws/dynvinsmono/src/VINS-Mono/pose_graph/src/ThirdParty/DBoW/TemplatedVocabulary.h:1529:29:[m[K [01;35m[Kwarning: [m[Kcomparison between signed and unsigned integer expressions [[01;35m[K-Wsign-compare[m[K]
   for(unsigned int i = 0; [01;35m[Ki < voc.nNodes[m[K; ++i)
                           [01;35m[K~~^~~~~~~~~~~~[m[K
[01m[K/home/davencyw/catkinws/dynvinsmono/src/VINS-Mono/pose_graph/src/ThirdParty/DBoW/TemplatedVocabulary.h:1553:29:[m[K [01;35m[Kwarning: [m[Kcomparison between signed and unsigned integer expressions [[01;35m[K-Wsign-compare[m[K]
   for(unsigned int i = 0; [01;35m[Ki < voc.nWords[m[K; ++i)
                           [01;35m[K~~^~~~~~~~~~~~[m[K
In file included from [01m[K/usr/include/eigen3/Eigen/Core:316:0[m[K,
                 from [01m[K/usr/include/eigen3/Eigen/Dense:1[m[K,
                 from [01m[K/home/davencyw/catkinws/dynvinsmono/src/VINS-Mono/pose_graph/src/utility/CameraPoseVisualization.h:7[m[K,
                 from [01m[K/home/davencyw/catkinws/dynvinsmono/src/VINS-Mono/pose_graph/src/utility/CameraPoseVisualization.cpp:1[m[K:
[01m[K/usr/include/eigen3/Eigen/src/Core/arch/SSE/PacketMath.h:60:39:[m[K [01;35m[Kwarning: [m[Kignoring attributes on template argument ‘[01m[K__m128 {aka __vector(4) float}[m[K’ [[01;35m[K-Wignored-attributes[m[K]
 template<> struct is_arithmetic<__m128[01;35m[K>[m[K  { enum { value = true }; };
                                       [01;35m[K^[m[K
[01m[K/usr/include/eigen3/Eigen/src/Core/arch/SSE/PacketMath.h:61:40:[m[K [01;35m[Kwarning: [m[Kignoring attributes on template argument ‘[01m[K__m128i {aka __vector(2) long long int}[m[K’ [[01;35m[K-Wignored-attributes[m[K]
 template<> struct is_arithmetic<__m128i[01;35m[K>[m[K { enum { value = true }; };
                                        [01;35m[K^[m[K
[01m[K/usr/include/eigen3/Eigen/src/Core/arch/SSE/PacketMath.h:62:40:[m[K [01;35m[Kwarning: [m[Kignoring attributes on template argument ‘[01m[K__m128d {aka __vector(2) double}[m[K’ [[01;35m[K-Wignored-attributes[m[K]
 template<> struct is_arithmetic<__m128d[01;35m[K>[m[K { enum { value = true }; };
                                        [01;35m[K^[m[K
[01m[K/usr/include/eigen3/Eigen/src/Core/arch/SSE/PacketMath.h:160:43:[m[K [01;35m[Kwarning: [m[Kignoring attributes on template argument ‘[01m[KEigen::internal::Packet4f {aka __vector(4) float}[m[K’ [[01;35m[K-Wignored-attributes[m[K]
 template<> struct unpacket_traits<Packet4f[01;35m[K>[m[K { typedef float  type; enum {size=4, alignment=Aligned16}; typedef Packet4f half; };
                                           [01;35m[K^[m[K
In file included from [01m[K/usr/include/eigen3/Eigen/Core:316:0[m[K,
                 from [01m[K/usr/include/eigen3/Eigen/Dense:1[m[K,
                 from [01m[K/home/davencyw/catkinws/dynvinsmono/src/VINS-Mono/pose_graph/src/utility/CameraPoseVisualization.h:7[m[K,
                 from [01m[K/home/davencyw/catkinws/dynvinsmono/src/VINS-Mono/pose_graph/src/utility/CameraPoseVisualization.cpp:1[m[K:
[01m[K/usr/include/eigen3/Eigen/src/Core/arch/SSE/PacketMath.h:161:43:[m[K [01;35m[Kwarning: [m[Kignoring attributes on template argument ‘[01m[KEigen::internal::Packet2d {aka __vector(2) double}[m[K’ [[01;35m[K-Wignored-attributes[m[K]
 template<> struct unpacket_traits<Packet2d[01;35m[K>[m[K { typedef double type; enum {size=2, alignment=Aligned16}; typedef Packet2d half; };
                                           [01;35m[K^[m[K
[01m[K/usr/include/eigen3/Eigen/src/Core/arch/SSE/PacketMath.h:162:43:[m[K [01;35m[Kwarning: [m[Kignoring attributes on template argument ‘[01m[KEigen::internal::Packet4i {aka __vector(2) long long int}[m[K’ [[01;35m[K-Wignored-attributes[m[K]
 template<> struct unpacket_traits<Packet4i[01;35m[K>[m[K { typedef int    type; enum {size=4, alignment=Aligned16}; typedef Packet4i half; };
                                           [01;35m[K^[m[K
[01m[K/usr/include/eigen3/Eigen/src/Core/arch/SSE/PacketMath.h:468:37:[m[K [01;35m[Kwarning: [m[Kignoring attributes on template argument ‘[01m[KEigen::internal::Packet4f {aka __vector(4) float}[m[K’ [[01;35m[K-Wignored-attributes[m[K]
 struct protate_impl<offset, Packet4f[01;35m[K>[m[K
                                     [01;35m[K^[m[K
[01m[K/usr/include/eigen3/Eigen/src/Core/arch/SSE/PacketMath.h:476:37:[m[K [01;35m[Kwarning: [m[Kignoring attributes on template argument ‘[01m[KEigen::internal::Packet4i {aka __vector(2) long long int}[m[K’ [[01;35m[K-Wignored-attributes[m[K]
 struct protate_impl<offset, Packet4i[01;35m[K>[m[K
                                     [01;35m[K^[m[K
[01m[K/usr/include/eigen3/Eigen/src/Core/arch/SSE/PacketMath.h:484:37:[m[K [01;35m[Kwarning: [m[Kignoring attributes on template argument ‘[01m[KEigen::internal::Packet2d {aka __vector(2) double}[m[K’ [[01;35m[K-Wignored-attributes[m[K]
 struct protate_impl<offset, Packet2d[01;35m[K>[m[K
                                     [01;35m[K^[m[K
[01m[K/usr/include/eigen3/Eigen/src/Core/arch/SSE/PacketMath.h:755:35:[m[K [01;35m[Kwarning: [m[Kignoring attributes on template argument ‘[01m[KEigen::internal::Packet4f {aka __vector(4) float}[m[K’ [[01;35m[K-Wignored-attributes[m[K]
 struct palign_impl<Offset,Packet4f[01;35m[K>[m[K
                                   [01;35m[K^[m[K
[01m[K/usr/include/eigen3/Eigen/src/Core/arch/SSE/PacketMath.h:778:35:[m[K [01;35m[Kwarning: [m[Kignoring attributes on template argument ‘[01m[KEigen::internal::Packet4i {aka __vector(2) long long int}[m[K’ [[01;35m[K-Wignored-attributes[m[K]
 struct palign_impl<Offset,Packet4i[01;35m[K>[m[K
                                   [01;35m[K^[m[K
[01m[K/usr/include/eigen3/Eigen/src/Core/arch/SSE/PacketMath.h:801:35:[m[K [01;35m[Kwarning: [m[Kignoring attributes on template argument ‘[01m[KEigen::internal::Packet2d {aka __vector(2) double}[m[K’ [[01;35m[K-Wignored-attributes[m[K]
 struct palign_impl<Offset,Packet2d[01;35m[K>[m[K
                                   [01;35m[K^[m[K
[01m[K/usr/include/eigen3/Eigen/src/Core/arch/SSE/PacketMath.h:815:34:[m[K [01;35m[Kwarning: [m[Kignoring attributes on template argument ‘[01m[KEigen::internal::Packet4f {aka __vector(4) float}[m[K’ [[01;35m[K-Wignored-attributes[m[K]
 ptranspose(PacketBlock<Packet4f,4[01;35m[K>[m[K& kernel) {
                                  [01;35m[K^[m[K
[01m[K/usr/include/eigen3/Eigen/src/Core/arch/SSE/PacketMath.h:820:34:[m[K [01;35m[Kwarning: [m[Kignoring attributes on template argument ‘[01m[KEigen::internal::Packet2d {aka __vector(2) double}[m[K’ [[01;35m[K-Wignored-attributes[m[K]
 ptranspose(PacketBlock<Packet2d,2[01;35m[K>[m[K& kernel) {
                                  [01;35m[K^[m[K
[01m[K/usr/include/eigen3/Eigen/src/Core/arch/SSE/PacketMath.h:827:34:[m[K [01;35m[Kwarning: [m[Kignoring attributes on template argument ‘[01m[KEigen::internal::Packet4i {aka __vector(2) long long int}[m[K’ [[01;35m[K-Wignored-attributes[m[K]
 ptranspose(PacketBlock<Packet4i,4[01;35m[K>[m[K& kernel) {
                                  [01;35m[K^[m[K
In file included from [01m[K/usr/include/eigen3/Eigen/Core:318:0[m[K,
                 from [01m[K/usr/include/eigen3/Eigen/Dense:1[m[K,
                 from [01m[K/home/davencyw/catkinws/dynvinsmono/src/VINS-Mono/pose_graph/src/utility/CameraPoseVisualization.h:7[m[K,
                 from [01m[K/home/davencyw/catkinws/dynvinsmono/src/VINS-Mono/pose_graph/src/utility/CameraPoseVisualization.cpp:1[m[K:
[01m[K/usr/include/eigen3/Eigen/src/Core/arch/SSE/Complex.h:232:63:[m[K [01;35m[Kwarning: [m[Kignoring attributes on template argument ‘[01m[KEigen::internal::Packet4f {aka __vector(4) float}[m[K’ [[01;35m[K-Wignored-attributes[m[K]
 template<> struct conj_helper<Packet4f, Packet2cf, false,false[01;35m[K>[m[K
                                                               [01;35m[K^[m[K
[01m[K/usr/include/eigen3/Eigen/src/Core/arch/SSE/Complex.h:241:63:[m[K [01;35m[Kwarning: [m[Kignoring attributes on template argument ‘[01m[KEigen::internal::Packet4f {aka __vector(4) float}[m[K’ [[01;35m[K-Wignored-attributes[m[K]
 template<> struct conj_helper<Packet2cf, Packet4f, false,false[01;35m[K>[m[K
                                                               [01;35m[K^[m[K
[01m[K/usr/include/eigen3/Eigen/src/Core/arch/SSE/Complex.h:433:63:[m[K [01;35m[Kwarning: [m[Kignoring attributes on template argument ‘[01m[KEigen::internal::Packet2d {aka __vector(2) double}[m[K’ [[01;35m[K-Wignored-attributes[m[K]
 template<> struct conj_helper<Packet2d, Packet1cd, false,false[01;35m[K>[m[K
                                                               [01;35m[K^[m[K
[01m[K/usr/include/eigen3/Eigen/src/Core/arch/SSE/Complex.h:442:63:[m[K [01;35m[Kwarning: [m[Kignoring attributes on template argument ‘[01m[KEigen::internal::Packet2d {aka __vector(2) double}[m[K’ [[01;35m[K-Wignored-attributes[m[K]
 template<> struct conj_helper<Packet1cd, Packet2d, false,false[01;35m[K>[m[K
                                                               [01;35m[K^[m[K
In file included from [01m[K/usr/include/eigen3/Eigen/Core:298:0[m[K,
                 from [01m[K/usr/include/eigen3/Eigen/Dense:1[m[K,
                 from [01m[K/home/davencyw/catkinws/dynvinsmono/src/VINS-Mono/pose_graph/src/utility/CameraPoseVisualization.h:7[m[K,
                 from [01m[K/home/davencyw/catkinws/dynvinsmono/src/VINS-Mono/pose_graph/src/utility/CameraPoseVisualization.cpp:1[m[K:
/usr/include/eigen3/Eigen/src/Core/util/XprHelper.h: In instantiation of ‘[01m[Kstruct Eigen::internal::find_best_packet<float, 4>[m[K’:
[01m[K/usr/include/eigen3/Eigen/src/Core/Matrix.h:144:57:[m[K   required from ‘[01m[Kstruct Eigen::internal::traits<Eigen::Matrix<float, 4, 1> >[m[K’
[01m[K/usr/include/eigen3/Eigen/src/Geometry/Quaternion.h:219:7:[m[K   required from ‘[01m[Kstruct Eigen::internal::traits<Eigen::Quaternion<float> >[m[K’
[01m[K/usr/include/eigen3/Eigen/src/Geometry/RotationBase.h:34:56:[m[K   required from ‘[01m[Kclass Eigen::RotationBase<Eigen::Quaternion<float>, 3>[m[K’
[01m[K/usr/include/eigen3/Eigen/src/Geometry/Quaternion.h:35:7:[m[K   required from ‘[01m[Kclass Eigen::QuaternionBase<Eigen::Quaternion<float> >[m[K’
[01m[K/usr/include/eigen3/Eigen/src/Geometry/Quaternion.h:227:7:[m[K   required from ‘[01m[Kclass Eigen::Quaternion<float>[m[K’
[01m[K/usr/include/eigen3/Eigen/src/Geometry/arch/Geometry_SSE.h:22:3:[m[K   required from here
[01m[K/usr/include/eigen3/Eigen/src/Core/util/XprHelper.h:130:44:[m[K [01;35m[Kwarning: [m[Kignoring attributes on template argument ‘[01m[KEigen::internal::packet_traits<float>::type {aka __vector(4) float}[m[K’ [[01;35m[K-Wignored-attributes[m[K]
          bool Stop = Size==Dynamic || [01;35m[K(Size%unpacket_traits<PacketType>::size)[m[K==0 || is_same<PacketType,typename unpacket_traits<PacketType>::half>::value>
                                       [01;35m[K~~~~~^~~~~~~~~~~~~~~~~~~~~~~~~~~~~~~~~~~[m[K
[01m[K/usr/include/eigen3/Eigen/src/Core/util/XprHelper.h:130:83:[m[K [01;35m[Kwarning: [m[Kignoring attributes on template argument ‘[01m[KEigen::internal::packet_traits<float>::type {aka __vector(4) float}[m[K’ [[01;35m[K-Wignored-attributes[m[K]
          bool Stop = [01;35m[KSize==Dynamic || (Size%unpacket_traits<PacketType>::size)==0 || is_same<PacketType,typename unpacket_traits<PacketType>::half>[m[K::value>
                      [01;35m[K~~~~~~~~~~~~~~~~~~~~~~~~~~~~~~~~~~~~~~~~~~~~~~~~~~~~~~~~~~~~~^~~~~~~~~~~~~~~~~~~~~~~~~~~~~~~~~~~~~~~~~~~~~~~~~~~~~~~~~~~~~~~~~[m[K
[01m[K/usr/include/eigen3/Eigen/src/Core/util/XprHelper.h:130:83:[m[K [01;35m[Kwarning: [m[Kignoring attributes on template argument ‘[01m[KEigen::internal::packet_traits<float>::type {aka __vector(4) float}[m[K’ [[01;35m[K-Wignored-attributes[m[K]
[01m[K/usr/include/eigen3/Eigen/src/Core/util/XprHelper.h:130:83:[m[K [01;35m[Kwarning: [m[Kignoring attributes on template argument ‘[01m[KEigen::internal::unpacket_traits<__vector(4) float>::half {aka __vector(4) float}[m[K’ [[01;35m[K-Wignored-attributes[m[K]
In file included from [01m[K/usr/include/eigen3/Eigen/Core:298:0[m[K,
                 from [01m[K/usr/include/eigen3/Eigen/Dense:1[m[K,
                 from [01m[K/home/davencyw/catkinws/dynvinsmono/src/VINS-Mono/pose_graph/src/utility/CameraPoseVisualization.h:7[m[K,
                 from [01m[K/home/davencyw/catkinws/dynvinsmono/src/VINS-Mono/pose_graph/src/utility/CameraPoseVisualization.cpp:1[m[K:
[01m[K/usr/include/eigen3/Eigen/src/Core/util/XprHelper.h:148:88:[m[K [01;35m[Kwarning: [m[Kignoring attributes on template argument ‘[01m[KEigen::internal::packet_traits<float>::type {aka __vector(4) float}[m[K’ [[01;35m[K-Wignored-attributes[m[K]
   typedef typename find_best_packet_helper<Size,typename packet_traits<T>::type>::type [01;35m[Ktype[m[K;
                                                                                        [01;35m[K^~~~[m[K
In file included from [01m[K/usr/include/eigen3/Eigen/Core:343:0[m[K,
                 from [01m[K/usr/include/eigen3/Eigen/Dense:1[m[K,
                 from [01m[K/home/davencyw/catkinws/dynvinsmono/src/VINS-Mono/pose_graph/src/utility/CameraPoseVisualization.h:7[m[K,
                 from [01m[K/home/davencyw/catkinws/dynvinsmono/src/VINS-Mono/pose_graph/src/utility/CameraPoseVisualization.cpp:1[m[K:
/usr/include/eigen3/Eigen/src/Core/DenseCoeffsBase.h: In instantiation of ‘[01m[Kclass Eigen::DenseCoeffsBase<Eigen::Matrix<float, 4, 1>, 0>[m[K’:
[01m[K/usr/include/eigen3/Eigen/src/Core/DenseCoeffsBase.h:288:7:[m[K   required from ‘[01m[Kclass Eigen::DenseCoeffsBase<Eigen::Matrix<float, 4, 1>, 1>[m[K’
[01m[K/usr/include/eigen3/Eigen/src/Core/DenseCoeffsBase.h:527:7:[m[K   required from ‘[01m[Kclass Eigen::DenseCoeffsBase<Eigen::Matrix<float, 4, 1>, 3>[m[K’
[01m[K/usr/include/eigen3/Eigen/src/Core/util/XprHelper.h:457:8:[m[K   required from ‘[01m[Kstruct Eigen::internal::special_scalar_op_base<Eigen::Matrix<float, 4, 1>, float, float, Eigen::DenseCoeffsBase<Eigen::Matrix<float, 4, 1>, 3>, false>[m[K’
[01m[K/usr/include/eigen3/Eigen/src/Core/DenseBase.h:41:34:[m[K   required from ‘[01m[Kclass Eigen::DenseBase<Eigen::Matrix<float, 4, 1> >[m[K’
[01m[K/usr/include/eigen3/Eigen/src/Core/MatrixBase.h:48:34:[m[K   required from ‘[01m[Kclass Eigen::MatrixBase<Eigen::Matrix<float, 4, 1> >[m[K’
[01m[K/usr/include/eigen3/Eigen/src/Core/PlainObjectBase.h:91:7:[m[K   required from ‘[01m[Kclass Eigen::PlainObjectBase<Eigen::Matrix<float, 4, 1> >[m[K’
[01m[K/usr/include/eigen3/Eigen/src/Core/Matrix.h:178:7:[m[K   required from ‘[01m[Kclass Eigen::Matrix<float, 4, 1>[m[K’
[01m[K/usr/include/eigen3/Eigen/src/Geometry/Quaternion.h:287:16:[m[K   required from ‘[01m[Kclass Eigen::Quaternion<float>[m[K’
[01m[K/usr/include/eigen3/Eigen/src/Geometry/arch/Geometry_SSE.h:22:3:[m[K   required from here
[01m[K/usr/include/eigen3/Eigen/src/Core/DenseCoeffsBase.h:55:30:[m[K [01;35m[Kwarning: [m[Kignoring attributes on template argument ‘[01m[KEigen::internal::packet_traits<float>::type {aka __vector(4) float}[m[K’ [[01;35m[K-Wignored-attributes[m[K]
                      >::type [01;35m[KPacketReturnType[m[K;
                              [01;35m[K^~~~~~~~~~~~~~~~[m[K
In file included from [01m[K/usr/include/eigen3/Eigen/Core:298:0[m[K,
                 from [01m[K/usr/include/eigen3/Eigen/Dense:1[m[K,
                 from [01m[K/home/davencyw/catkinws/dynvinsmono/src/VINS-Mono/pose_graph/src/utility/CameraPoseVisualization.h:7[m[K,
                 from [01m[K/home/davencyw/catkinws/dynvinsmono/src/VINS-Mono/pose_graph/src/utility/CameraPoseVisualization.cpp:1[m[K:
/usr/include/eigen3/Eigen/src/Core/util/XprHelper.h: In instantiation of ‘[01m[Kstruct Eigen::internal::find_best_packet<double, 4>[m[K’:
[01m[K/usr/include/eigen3/Eigen/src/Core/Matrix.h:144:57:[m[K   required from ‘[01m[Kstruct Eigen::internal::traits<Eigen::Matrix<double, 4, 1> >[m[K’
[01m[K/usr/include/eigen3/Eigen/src/Geometry/Quaternion.h:219:7:[m[K   required from ‘[01m[Kstruct Eigen::internal::traits<Eigen::Quaternion<double> >[m[K’
[01m[K/usr/include/eigen3/Eigen/src/Geometry/RotationBase.h:34:56:[m[K   required from ‘[01m[Kclass Eigen::RotationBase<Eigen::Quaternion<double>, 3>[m[K’
[01m[K/usr/include/eigen3/Eigen/src/Geometry/Quaternion.h:35:7:[m[K   required from ‘[01m[Kclass Eigen::QuaternionBase<Eigen::Quaternion<double> >[m[K’
[01m[K/usr/include/eigen3/Eigen/src/Geometry/Quaternion.h:227:7:[m[K   required from ‘[01m[Kclass Eigen::Quaternion<double>[m[K’
[01m[K/usr/include/eigen3/Eigen/src/Geometry/arch/Geometry_SSE.h:75:3:[m[K   required from here
[01m[K/usr/include/eigen3/Eigen/src/Core/util/XprHelper.h:130:44:[m[K [01;35m[Kwarning: [m[Kignoring attributes on template argument ‘[01m[KEigen::internal::packet_traits<double>::type {aka __vector(2) double}[m[K’ [[01;35m[K-Wignored-attributes[m[K]
          bool Stop = Size==Dynamic || [01;35m[K(Size%unpacket_traits<PacketType>::size)[m[K==0 || is_same<PacketType,typename unpacket_traits<PacketType>::half>::value>
                                       [01;35m[K~~~~~^~~~~~~~~~~~~~~~~~~~~~~~~~~~~~~~~~~[m[K
[01m[K/usr/include/eigen3/Eigen/src/Core/util/XprHelper.h:130:83:[m[K [01;35m[Kwarning: [m[Kignoring attributes on template argument ‘[01m[KEigen::internal::packet_traits<double>::type {aka __vector(2) double}[m[K’ [[01;35m[K-Wignored-attributes[m[K]
          bool Stop = [01;35m[KSize==Dynamic || (Size%unpacket_traits<PacketType>::size)==0 || is_same<PacketType,typename unpacket_traits<PacketType>::half>[m[K::value>
                      [01;35m[K~~~~~~~~~~~~~~~~~~~~~~~~~~~~~~~~~~~~~~~~~~~~~~~~~~~~~~~~~~~~~^~~~~~~~~~~~~~~~~~~~~~~~~~~~~~~~~~~~~~~~~~~~~~~~~~~~~~~~~~~~~~~~~[m[K
[01m[K/usr/include/eigen3/Eigen/src/Core/util/XprHelper.h:130:83:[m[K [01;35m[Kwarning: [m[Kignoring attributes on template argument ‘[01m[KEigen::internal::packet_traits<double>::type {aka __vector(2) double}[m[K’ [[01;35m[K-Wignored-attributes[m[K]
[01m[K/usr/include/eigen3/Eigen/src/Core/util/XprHelper.h:130:83:[m[K [01;35m[Kwarning: [m[Kignoring attributes on template argument ‘[01m[KEigen::internal::unpacket_traits<__vector(2) double>::half {aka __vector(2) double}[m[K’ [[01;35m[K-Wignored-attributes[m[K]
In file included from [01m[K/usr/include/eigen3/Eigen/Core:298:0[m[K,
                 from [01m[K/usr/include/eigen3/Eigen/Dense:1[m[K,
                 from [01m[K/home/davencyw/catkinws/dynvinsmono/src/VINS-Mono/pose_graph/src/utility/CameraPoseVisualization.h:7[m[K,
                 from [01m[K/home/davencyw/catkinws/dynvinsmono/src/VINS-Mono/pose_graph/src/utility/CameraPoseVisualization.cpp:1[m[K:
[01m[K/usr/include/eigen3/Eigen/src/Core/util/XprHelper.h:148:88:[m[K [01;35m[Kwarning: [m[Kignoring attributes on template argument ‘[01m[KEigen::internal::packet_traits<double>::type {aka __vector(2) double}[m[K’ [[01;35m[K-Wignored-attributes[m[K]
   typedef typename find_best_packet_helper<Size,typename packet_traits<T>::type>::type [01;35m[Ktype[m[K;
                                                                                        [01;35m[K^~~~[m[K
In file included from [01m[K/usr/include/eigen3/Eigen/Core:343:0[m[K,
                 from [01m[K/usr/include/eigen3/Eigen/Dense:1[m[K,
                 from [01m[K/home/davencyw/catkinws/dynvinsmono/src/VINS-Mono/pose_graph/src/utility/CameraPoseVisualization.h:7[m[K,
                 from [01m[K/home/davencyw/catkinws/dynvinsmono/src/VINS-Mono/pose_graph/src/utility/CameraPoseVisualization.cpp:1[m[K:
/usr/include/eigen3/Eigen/src/Core/DenseCoeffsBase.h: In instantiation of ‘[01m[Kclass Eigen::DenseCoeffsBase<Eigen::Matrix<double, 4, 1>, 0>[m[K’:
[01m[K/usr/include/eigen3/Eigen/src/Core/DenseCoeffsBase.h:288:7:[m[K   required from ‘[01m[Kclass Eigen::DenseCoeffsBase<Eigen::Matrix<double, 4, 1>, 1>[m[K’
[01m[K/usr/include/eigen3/Eigen/src/Core/DenseCoeffsBase.h:527:7:[m[K   required from ‘[01m[Kclass Eigen::DenseCoeffsBase<Eigen::Matrix<double, 4, 1>, 3>[m[K’
[01m[K/usr/include/eigen3/Eigen/src/Core/util/XprHelper.h:457:8:[m[K   required from ‘[01m[Kstruct Eigen::internal::special_scalar_op_base<Eigen::Matrix<double, 4, 1>, double, double, Eigen::DenseCoeffsBase<Eigen::Matrix<double, 4, 1>, 3>, false>[m[K’
[01m[K/usr/include/eigen3/Eigen/src/Core/DenseBase.h:41:34:[m[K   required from ‘[01m[Kclass Eigen::DenseBase<Eigen::Matrix<double, 4, 1> >[m[K’
[01m[K/usr/include/eigen3/Eigen/src/Core/MatrixBase.h:48:34:[m[K   required from ‘[01m[Kclass Eigen::MatrixBase<Eigen::Matrix<double, 4, 1> >[m[K’
[01m[K/usr/include/eigen3/Eigen/src/Core/PlainObjectBase.h:91:7:[m[K   required from ‘[01m[Kclass Eigen::PlainObjectBase<Eigen::Matrix<double, 4, 1> >[m[K’
[01m[K/usr/include/eigen3/Eigen/src/Core/Matrix.h:178:7:[m[K   required from ‘[01m[Kclass Eigen::Matrix<double, 4, 1>[m[K’
[01m[K/usr/include/eigen3/Eigen/src/Geometry/Quaternion.h:287:16:[m[K   required from ‘[01m[Kclass Eigen::Quaternion<double>[m[K’
[01m[K/usr/include/eigen3/Eigen/src/Geometry/arch/Geometry_SSE.h:75:3:[m[K   required from here
[01m[K/usr/include/eigen3/Eigen/src/Core/DenseCoeffsBase.h:55:30:[m[K [01;35m[Kwarning: [m[Kignoring attributes on template argument ‘[01m[KEigen::internal::packet_traits<double>::type {aka __vector(2) double}[m[K’ [[01;35m[K-Wignored-attributes[m[K]
                      >::type [01;35m[KPacketReturnType[m[K;
                              [01;35m[K^~~~~~~~~~~~~~~~[m[K
In file included from [01m[K/usr/include/eigen3/Eigen/Core:298:0[m[K,
                 from [01m[K/usr/include/eigen3/Eigen/Dense:1[m[K,
                 from [01m[K/home/davencyw/catkinws/dynvinsmono/src/VINS-Mono/pose_graph/src/utility/CameraPoseVisualization.h:7[m[K,
                 from [01m[K/home/davencyw/catkinws/dynvinsmono/src/VINS-Mono/pose_graph/src/utility/CameraPoseVisualization.cpp:1[m[K:
/usr/include/eigen3/Eigen/src/Core/util/XprHelper.h: In instantiation of ‘[01m[Kstruct Eigen::internal::find_best_packet<double, 3>[m[K’:
[01m[K/usr/include/eigen3/Eigen/src/Core/Matrix.h:144:57:[m[K   required from ‘[01m[Kstruct Eigen::internal::traits<Eigen::Matrix<double, 3, 1> >[m[K’
[01m[K/usr/include/eigen3/Eigen/src/Core/PlainObjectBase.h:91:7:[m[K   required from ‘[01m[Kclass Eigen::PlainObjectBase<Eigen::Matrix<double, 3, 1> >[m[K’
[01m[K/usr/include/eigen3/Eigen/src/Core/Matrix.h:178:7:[m[K   required from ‘[01m[Kclass Eigen::Matrix<double, 3, 1>[m[K’
[01m[K/home/davencyw/catkinws/dynvinsmono/src/VINS-Mono/pose_graph/src/utility/CameraPoseVisualization.cpp:3:48:[m[K   required from here
[01m[K/usr/include/eigen3/Eigen/src/Core/util/XprHelper.h:130:44:[m[K [01;35m[Kwarning: [m[Kignoring attributes on template argument ‘[01m[KEigen::internal::packet_traits<double>::type {aka __vector(2) double}[m[K’ [[01;35m[K-Wignored-attributes[m[K]
          bool Stop = Size==Dynamic || [01;35m[K(Size%unpacket_traits<PacketType>::size)[m[K==0 || is_same<PacketType,typename unpacket_traits<PacketType>::half>::value>
                                       [01;35m[K~~~~~^~~~~~~~~~~~~~~~~~~~~~~~~~~~~~~~~~~[m[K
[01m[K/usr/include/eigen3/Eigen/src/Core/util/XprHelper.h:130:83:[m[K [01;35m[Kwarning: [m[Kignoring attributes on template argument ‘[01m[KEigen::internal::packet_traits<double>::type {aka __vector(2) double}[m[K’ [[01;35m[K-Wignored-attributes[m[K]
          bool Stop = [01;35m[KSize==Dynamic || (Size%unpacket_traits<PacketType>::size)==0 || is_same<PacketType,typename unpacket_traits<PacketType>::half>[m[K::value>
                      [01;35m[K~~~~~~~~~~~~~~~~~~~~~~~~~~~~~~~~~~~~~~~~~~~~~~~~~~~~~~~~~~~~~^~~~~~~~~~~~~~~~~~~~~~~~~~~~~~~~~~~~~~~~~~~~~~~~~~~~~~~~~~~~~~~~~[m[K
[01m[K/usr/include/eigen3/Eigen/src/Core/util/XprHelper.h:130:83:[m[K [01;35m[Kwarning: [m[Kignoring attributes on template argument ‘[01m[KEigen::internal::packet_traits<double>::type {aka __vector(2) double}[m[K’ [[01;35m[K-Wignored-attributes[m[K]
[01m[K/usr/include/eigen3/Eigen/src/Core/util/XprHelper.h:130:83:[m[K [01;35m[Kwarning: [m[Kignoring attributes on template argument ‘[01m[KEigen::internal::unpacket_traits<__vector(2) double>::half {aka __vector(2) double}[m[K’ [[01;35m[K-Wignored-attributes[m[K]
In file included from [01m[K/usr/include/eigen3/Eigen/Core:298:0[m[K,
                 from [01m[K/usr/include/eigen3/Eigen/Dense:1[m[K,
                 from [01m[K/home/davencyw/catkinws/dynvinsmono/src/VINS-Mono/pose_graph/src/utility/CameraPoseVisualization.h:7[m[K,
                 from [01m[K/home/davencyw/catkinws/dynvinsmono/src/VINS-Mono/pose_graph/src/utility/CameraPoseVisualization.cpp:1[m[K:
[01m[K/usr/include/eigen3/Eigen/src/Core/util/XprHelper.h:148:88:[m[K [01;35m[Kwarning: [m[Kignoring attributes on template argument ‘[01m[KEigen::internal::packet_traits<double>::type {aka __vector(2) double}[m[K’ [[01;35m[K-Wignored-attributes[m[K]
   typedef typename find_best_packet_helper<Size,typename packet_traits<T>::type>::type [01;35m[Ktype[m[K;
                                                                                        [01;35m[K^~~~[m[K
In file included from [01m[K/usr/include/eigen3/Eigen/Core:343:0[m[K,
                 from [01m[K/usr/include/eigen3/Eigen/Dense:1[m[K,
                 from [01m[K/home/davencyw/catkinws/dynvinsmono/src/VINS-Mono/pose_graph/src/utility/CameraPoseVisualization.h:7[m[K,
                 from [01m[K/home/davencyw/catkinws/dynvinsmono/src/VINS-Mono/pose_graph/src/utility/CameraPoseVisualization.cpp:1[m[K:
/usr/include/eigen3/Eigen/src/Core/DenseCoeffsBase.h: In instantiation of ‘[01m[Kclass Eigen::DenseCoeffsBase<Eigen::Matrix<double, 3, 1>, 0>[m[K’:
[01m[K/usr/include/eigen3/Eigen/src/Core/DenseCoeffsBase.h:288:7:[m[K   required from ‘[01m[Kclass Eigen::DenseCoeffsBase<Eigen::Matrix<double, 3, 1>, 1>[m[K’
[01m[K/usr/include/eigen3/Eigen/src/Core/DenseCoeffsBase.h:527:7:[m[K   required from ‘[01m[Kclass Eigen::DenseCoeffsBase<Eigen::Matrix<double, 3, 1>, 3>[m[K’
[01m[K/usr/include/eigen3/Eigen/src/Core/util/XprHelper.h:457:8:[m[K   required from ‘[01m[Kstruct Eigen::internal::special_scalar_op_base<Eigen::Matrix<double, 3, 1>, double, double, Eigen::DenseCoeffsBase<Eigen::Matrix<double, 3, 1>, 3>, false>[m[K’
[01m[K/usr/include/eigen3/Eigen/src/Core/DenseBase.h:41:34:[m[K   required from ‘[01m[Kclass Eigen::DenseBase<Eigen::Matrix<double, 3, 1> >[m[K’
[01m[K/usr/include/eigen3/Eigen/src/Core/MatrixBase.h:48:34:[m[K   required from ‘[01m[Kclass Eigen::MatrixBase<Eigen::Matrix<double, 3, 1> >[m[K’
[01m[K/usr/include/eigen3/Eigen/src/Core/PlainObjectBase.h:91:7:[m[K   required from ‘[01m[Kclass Eigen::PlainObjectBase<Eigen::Matrix<double, 3, 1> >[m[K’
[01m[K/usr/include/eigen3/Eigen/src/Core/Matrix.h:178:7:[m[K   required from ‘[01m[Kclass Eigen::Matrix<double, 3, 1>[m[K’
[01m[K/home/davencyw/catkinws/dynvinsmono/src/VINS-Mono/pose_graph/src/utility/CameraPoseVisualization.cpp:3:48:[m[K   required from here
[01m[K/usr/include/eigen3/Eigen/src/Core/DenseCoeffsBase.h:55:30:[m[K [01;35m[Kwarning: [m[Kignoring attributes on template argument ‘[01m[KEigen::internal::packet_traits<double>::type {aka __vector(2) double}[m[K’ [[01;35m[K-Wignored-attributes[m[K]
                      >::type [01;35m[KPacketReturnType[m[K;
                              [01;35m[K^~~~~~~~~~~~~~~~[m[K
/usr/include/eigen3/Eigen/src/Core/DenseCoeffsBase.h: In instantiation of ‘[01m[Kclass Eigen::DenseCoeffsBase<Eigen::CwiseUnaryOp<Eigen::internal::scalar_multiple_op<double>, const Eigen::Matrix<double, 3, 1> >, 0>[m[K’:
[01m[K/usr/include/eigen3/Eigen/src/Core/util/XprHelper.h:457:8:[m[K   required from ‘[01m[Kstruct Eigen::internal::special_scalar_op_base<Eigen::CwiseUnaryOp<Eigen::internal::scalar_multiple_op<double>, const Eigen::Matrix<double, 3, 1> >, double, double, Eigen::DenseCoeffsBase<Eigen::CwiseUnaryOp<Eigen::internal::scalar_multiple_op<double>, const Eigen::Matrix<double, 3, 1> >, 0>, false>[m[K’
[01m[K/usr/include/eigen3/Eigen/src/Core/DenseBase.h:41:34:[m[K   required from ‘[01m[Kclass Eigen::DenseBase<Eigen::CwiseUnaryOp<Eigen::internal::scalar_multiple_op<double>, const Eigen::Matrix<double, 3, 1> > >[m[K’
[01m[K/usr/include/eigen3/Eigen/src/Core/MatrixBase.h:48:34:[m[K   required from ‘[01m[Kclass Eigen::MatrixBase<Eigen::CwiseUnaryOp<Eigen::internal::scalar_multiple_op<double>, const Eigen::Matrix<double, 3, 1> > >[m[K’
[01m[K/usr/include/eigen3/Eigen/src/Core/CwiseUnaryOp.h:94:7:[m[K   required from ‘[01m[Kclass Eigen::CwiseUnaryOpImpl<Eigen::internal::scalar_multiple_op<double>, const Eigen::Matrix<double, 3, 1>, Eigen::Dense>[m[K’
[01m[K/usr/include/eigen3/Eigen/src/Core/CwiseUnaryOp.h:56:7:[m[K   required from ‘[01m[Kclass Eigen::CwiseUnaryOp<Eigen::internal::scalar_multiple_op<double>, const Eigen::Matrix<double, 3, 1> >[m[K’
[01m[K/home/davencyw/catkinws/dynvinsmono/src/VINS-Mono/pose_graph/src/utility/CameraPoseVisualization.cpp:126:31:[m[K   required from here
[01m[K/usr/include/eigen3/Eigen/src/Core/DenseCoeffsBase.h:55:30:[m[K [01;35m[Kwarning: [m[Kignoring attributes on template argument ‘[01m[KEigen::internal::packet_traits<double>::type {aka __vector(2) double}[m[K’ [[01;35m[K-Wignored-attributes[m[K]
In file included from [01m[K/usr/include/eigen3/Eigen/Core:298:0[m[K,
                 from [01m[K/usr/include/eigen3/Eigen/Dense:1[m[K,
                 from [01m[K/home/davencyw/catkinws/dynvinsmono/src/VINS-Mono/pose_graph/src/utility/CameraPoseVisualization.h:7[m[K,
                 from [01m[K/home/davencyw/catkinws/dynvinsmono/src/VINS-Mono/pose_graph/src/utility/CameraPoseVisualization.cpp:1[m[K:
/usr/include/eigen3/Eigen/src/Core/util/XprHelper.h: In instantiation of ‘[01m[Kstruct Eigen::internal::find_best_packet<double, 9>[m[K’:
[01m[K/usr/include/eigen3/Eigen/src/Core/Matrix.h:144:57:[m[K   required from ‘[01m[Kstruct Eigen::internal::traits<Eigen::Matrix<double, 3, 3> >[m[K’
[01m[K/usr/include/eigen3/Eigen/src/Core/DiagonalMatrix.h:106:8:[m[K   required from ‘[01m[Kstruct Eigen::internal::traits<Eigen::DiagonalMatrix<double, 3> >[m[K’
[01m[K/usr/include/eigen3/Eigen/src/Core/EigenBase.h:40:59:[m[K   required from ‘[01m[Kstruct Eigen::EigenBase<Eigen::DiagonalMatrix<double, 3> >[m[K’
[01m[K/usr/include/eigen3/Eigen/src/Core/DiagonalMatrix.h:18:7:[m[K   required from ‘[01m[Kclass Eigen::DiagonalBase<Eigen::DiagonalMatrix<double, 3> >[m[K’
[01m[K/usr/include/eigen3/Eigen/src/Core/DiagonalMatrix.h:117:7:[m[K   required from ‘[01m[Kclass Eigen::DiagonalMatrix<double, 3>[m[K’
[01m[K/home/davencyw/catkinws/dynvinsmono/src/VINS-Mono/pose_graph/src/utility/CameraPoseVisualization.cpp:126:35:[m[K   required from here
[01m[K/usr/include/eigen3/Eigen/src/Core/util/XprHelper.h:130:44:[m[K [01;35m[Kwarning: [m[Kignoring attributes on template argument ‘[01m[KEigen::internal::packet_traits<double>::type {aka __vector(2) double}[m[K’ [[01;35m[K-Wignored-attributes[m[K]
          bool Stop = Size==Dynamic || [01;35m[K(Size%unpacket_traits<PacketType>::size)[m[K==0 || is_same<PacketType,typename unpacket_traits<PacketType>::half>::value>
                                       [01;35m[K~~~~~^~~~~~~~~~~~~~~~~~~~~~~~~~~~~~~~~~~[m[K
[01m[K/usr/include/eigen3/Eigen/src/Core/util/XprHelper.h:130:83:[m[K [01;35m[Kwarning: [m[Kignoring attributes on template argument ‘[01m[KEigen::internal::packet_traits<double>::type {aka __vector(2) double}[m[K’ [[01;35m[K-Wignored-attributes[m[K]
          bool Stop = [01;35m[KSize==Dynamic || (Size%unpacket_traits<PacketType>::size)==0 || is_same<PacketType,typename unpacket_traits<PacketType>::half>[m[K::value>
                      [01;35m[K~~~~~~~~~~~~~~~~~~~~~~~~~~~~~~~~~~~~~~~~~~~~~~~~~~~~~~~~~~~~~^~~~~~~~~~~~~~~~~~~~~~~~~~~~~~~~~~~~~~~~~~~~~~~~~~~~~~~~~~~~~~~~~[m[K
[01m[K/usr/include/eigen3/Eigen/src/Core/util/XprHelper.h:130:83:[m[K [01;35m[Kwarning: [m[Kignoring attributes on template argument ‘[01m[KEigen::internal::packet_traits<double>::type {aka __vector(2) double}[m[K’ [[01;35m[K-Wignored-attributes[m[K]
[01m[K/usr/include/eigen3/Eigen/src/Core/util/XprHelper.h:130:83:[m[K [01;35m[Kwarning: [m[Kignoring attributes on template argument ‘[01m[KEigen::internal::unpacket_traits<__vector(2) double>::half {aka __vector(2) double}[m[K’ [[01;35m[K-Wignored-attributes[m[K]
In file included from [01m[K/usr/include/eigen3/Eigen/Core:298:0[m[K,
                 from [01m[K/usr/include/eigen3/Eigen/Dense:1[m[K,
                 from [01m[K/home/davencyw/catkinws/dynvinsmono/src/VINS-Mono/pose_graph/src/utility/CameraPoseVisualization.h:7[m[K,
                 from [01m[K/home/davencyw/catkinws/dynvinsmono/src/VINS-Mono/pose_graph/src/utility/CameraPoseVisualization.cpp:1[m[K:
[01m[K/usr/include/eigen3/Eigen/src/Core/util/XprHelper.h:148:88:[m[K [01;35m[Kwarning: [m[Kignoring attributes on template argument ‘[01m[KEigen::internal::packet_traits<double>::type {aka __vector(2) double}[m[K’ [[01;35m[K-Wignored-attributes[m[K]
   typedef typename find_best_packet_helper<Size,typename packet_traits<T>::type>::type [01;35m[Ktype[m[K;
                                                                                        [01;35m[K^~~~[m[K
In file included from [01m[K/usr/include/eigen3/Eigen/Core:343:0[m[K,
                 from [01m[K/usr/include/eigen3/Eigen/Dense:1[m[K,
                 from [01m[K/home/davencyw/catkinws/dynvinsmono/src/VINS-Mono/pose_graph/src/utility/CameraPoseVisualization.h:7[m[K,
                 from [01m[K/home/davencyw/catkinws/dynvinsmono/src/VINS-Mono/pose_graph/src/utility/CameraPoseVisualization.cpp:1[m[K:
/usr/include/eigen3/Eigen/src/Core/DenseCoeffsBase.h: In instantiation of ‘[01m[Kclass Eigen::DenseCoeffsBase<Eigen::CwiseBinaryOp<Eigen::internal::scalar_sum_op<double>, const Eigen::Matrix<double, 3, 1>, const Eigen::Matrix<double, 3, 1> >, 0>[m[K’:
[01m[K/usr/include/eigen3/Eigen/src/Core/util/XprHelper.h:457:8:[m[K   required from ‘[01m[Kstruct Eigen::internal::special_scalar_op_base<Eigen::CwiseBinaryOp<Eigen::internal::scalar_sum_op<double>, const Eigen::Matrix<double, 3, 1>, const Eigen::Matrix<double, 3, 1> >, double, double, Eigen::DenseCoeffsBase<Eigen::CwiseBinaryOp<Eigen::internal::scalar_sum_op<double>, const Eigen::Matrix<double, 3, 1>, const Eigen::Matrix<double, 3, 1> >, 0>, false>[m[K’
[01m[K/usr/include/eigen3/Eigen/src/Core/DenseBase.h:41:34:[m[K   required from ‘[01m[Kclass Eigen::DenseBase<Eigen::CwiseBinaryOp<Eigen::internal::scalar_sum_op<double>, const Eigen::Matrix<double, 3, 1>, const Eigen::Matrix<double, 3, 1> > >[m[K’
[01m[K/usr/include/eigen3/Eigen/src/Core/MatrixBase.h:48:34:[m[K   required from ‘[01m[Kclass Eigen::MatrixBase<Eigen::CwiseBinaryOp<Eigen::internal::scalar_sum_op<double>, const Eigen::Matrix<double, 3, 1>, const Eigen::Matrix<double, 3, 1> > >[m[K’
[01m[K/usr/include/eigen3/Eigen/src/Core/CwiseBinaryOp.h:148:7:[m[K   required from ‘[01m[Kclass Eigen::CwiseBinaryOpImpl<Eigen::internal::scalar_sum_op<double>, const Eigen::Matrix<double, 3, 1>, const Eigen::Matrix<double, 3, 1>, Eigen::Dense>[m[K’
[01m[K/usr/include/eigen3/Eigen/src/Core/CwiseBinaryOp.h:78:7:[m[K   required from ‘[01m[Kclass Eigen::CwiseBinaryOp<Eigen::internal::scalar_sum_op<double>, const Eigen::Matrix<double, 3, 1>, const Eigen::Matrix<double, 3, 1> >[m[K’
[01m[K/home/davencyw/catkinws/dynvinsmono/src/VINS-Mono/pose_graph/src/utility/CameraPoseVisualization.cpp:126:39:[m[K   required from here
[01m[K/usr/include/eigen3/Eigen/src/Core/DenseCoeffsBase.h:55:30:[m[K [01;35m[Kwarning: [m[Kignoring attributes on template argument ‘[01m[KEigen::internal::packet_traits<double>::type {aka __vector(2) double}[m[K’ [[01;35m[K-Wignored-attributes[m[K]
                      >::type [01;35m[KPacketReturnType[m[K;
                              [01;35m[K^~~~~~~~~~~~~~~~[m[K
In file included from [01m[K/usr/include/eigen3/Eigen/Core:298:0[m[K,
                 from [01m[K/usr/include/eigen3/Eigen/Dense:1[m[K,
                 from [01m[K/home/davencyw/catkinws/dynvinsmono/src/VINS-Mono/pose_graph/src/utility/CameraPoseVisualization.h:7[m[K,
                 from [01m[K/home/davencyw/catkinws/dynvinsmono/src/VINS-Mono/pose_graph/src/utility/CameraPoseVisualization.cpp:1[m[K:
/usr/include/eigen3/Eigen/src/Core/util/XprHelper.h: In instantiation of ‘[01m[Kstruct Eigen::internal::find_best_packet<double, 16>[m[K’:
[01m[K/usr/include/eigen3/Eigen/src/Core/Matrix.h:144:57:[m[K   required from ‘[01m[Kstruct Eigen::internal::traits<Eigen::Matrix<double, 4, 4, 1, 4, 4> >[m[K’
[01m[K/usr/include/eigen3/Eigen/src/Geometry/Transform.h:236:72:[m[K   required from ‘[01m[Kclass Eigen::Transform<double, 3, 2, 1>[m[K’
[01m[K/opt/ros/kinetic/include/opencv-3.3.1-dev/opencv2/core/affine.hpp:243:12:[m[K   required from ‘[01m[Kstatic cv::Affine3<T> cv::Affine3<T>::Identity() [with T = double][m[K’
[01m[K/opt/ros/kinetic/include/opencv-3.3.1-dev/opencv2/viz/widgets.hpp:747:97:[m[K   required from here
[01m[K/usr/include/eigen3/Eigen/src/Core/util/XprHelper.h:130:44:[m[K [01;35m[Kwarning: [m[Kignoring attributes on template argument ‘[01m[KEigen::internal::packet_traits<double>::type {aka __vector(2) double}[m[K’ [[01;35m[K-Wignored-attributes[m[K]
          bool Stop = Size==Dynamic || [01;35m[K(Size%unpacket_traits<PacketType>::size)[m[K==0 || is_same<PacketType,typename unpacket_traits<PacketType>::half>::value>
                                       [01;35m[K~~~~~^~~~~~~~~~~~~~~~~~~~~~~~~~~~~~~~~~~[m[K
[01m[K/usr/include/eigen3/Eigen/src/Core/util/XprHelper.h:130:83:[m[K [01;35m[Kwarning: [m[Kignoring attributes on template argument ‘[01m[KEigen::internal::packet_traits<double>::type {aka __vector(2) double}[m[K’ [[01;35m[K-Wignored-attributes[m[K]
          bool Stop = [01;35m[KSize==Dynamic || (Size%unpacket_traits<PacketType>::size)==0 || is_same<PacketType,typename unpacket_traits<PacketType>::half>[m[K::value>
                      [01;35m[K~~~~~~~~~~~~~~~~~~~~~~~~~~~~~~~~~~~~~~~~~~~~~~~~~~~~~~~~~~~~~^~~~~~~~~~~~~~~~~~~~~~~~~~~~~~~~~~~~~~~~~~~~~~~~~~~~~~~~~~~~~~~~~[m[K
[01m[K/usr/include/eigen3/Eigen/src/Core/util/XprHelper.h:130:83:[m[K [01;35m[Kwarning: [m[Kignoring attributes on template argument ‘[01m[KEigen::internal::packet_traits<double>::type {aka __vector(2) double}[m[K’ [[01;35m[K-Wignored-attributes[m[K]
[01m[K/usr/include/eigen3/Eigen/src/Core/util/XprHelper.h:130:83:[m[K [01;35m[Kwarning: [m[Kignoring attributes on template argument ‘[01m[KEigen::internal::unpacket_traits<__vector(2) double>::half {aka __vector(2) double}[m[K’ [[01;35m[K-Wignored-attributes[m[K]
In file included from [01m[K/usr/include/eigen3/Eigen/Core:298:0[m[K,
                 from [01m[K/usr/include/eigen3/Eigen/Dense:1[m[K,
                 from [01m[K/home/davencyw/catkinws/dynvinsmono/src/VINS-Mono/pose_graph/src/utility/CameraPoseVisualization.h:7[m[K,
                 from [01m[K/home/davencyw/catkinws/dynvinsmono/src/VINS-Mono/pose_graph/src/utility/CameraPoseVisualization.cpp:1[m[K:
[01m[K/usr/include/eigen3/Eigen/src/Core/util/XprHelper.h:148:88:[m[K [01;35m[Kwarning: [m[Kignoring attributes on template argument ‘[01m[KEigen::internal::packet_traits<double>::type {aka __vector(2) double}[m[K’ [[01;35m[K-Wignored-attributes[m[K]
   typedef typename find_best_packet_helper<Size,typename packet_traits<T>::type>::type [01;35m[Ktype[m[K;
                                                                                        [01;35m[K^~~~[m[K
In file included from [01m[K/usr/include/eigen3/Eigen/Core:343:0[m[K,
                 from [01m[K/usr/include/eigen3/Eigen/Dense:1[m[K,
                 from [01m[K/home/davencyw/catkinws/dynvinsmono/src/VINS-Mono/pose_graph/src/utility/CameraPoseVisualization.h:7[m[K,
                 from [01m[K/home/davencyw/catkinws/dynvinsmono/src/VINS-Mono/pose_graph/src/utility/CameraPoseVisualization.cpp:1[m[K:
/usr/include/eigen3/Eigen/src/Core/DenseCoeffsBase.h: In instantiation of ‘[01m[Kclass Eigen::DenseCoeffsBase<Eigen::Matrix<double, 4, 4, 1, 4, 4>, 0>[m[K’:
[01m[K/usr/include/eigen3/Eigen/src/Core/DenseCoeffsBase.h:288:7:[m[K   required from ‘[01m[Kclass Eigen::DenseCoeffsBase<Eigen::Matrix<double, 4, 4, 1, 4, 4>, 1>[m[K’
[01m[K/usr/include/eigen3/Eigen/src/Core/DenseCoeffsBase.h:527:7:[m[K   required from ‘[01m[Kclass Eigen::DenseCoeffsBase<Eigen::Matrix<double, 4, 4, 1, 4, 4>, 3>[m[K’
[01m[K/usr/include/eigen3/Eigen/src/Core/util/XprHelper.h:457:8:[m[K   required from ‘[01m[Kstruct Eigen::internal::special_scalar_op_base<Eigen::Matrix<double, 4, 4, 1, 4, 4>, double, double, Eigen::DenseCoeffsBase<Eigen::Matrix<double, 4, 4, 1, 4, 4>, 3>, false>[m[K’
[01m[K/usr/include/eigen3/Eigen/src/Core/DenseBase.h:41:34:[m[K   required from ‘[01m[Kclass Eigen::DenseBase<Eigen::Matrix<double, 4, 4, 1, 4, 4> >[m[K’
[01m[K/usr/include/eigen3/Eigen/src/Core/MatrixBase.h:48:34:[m[K   required from ‘[01m[Kclass Eigen::MatrixBase<Eigen::Matrix<double, 4, 4, 1, 4, 4> >[m[K’
[01m[K/usr/include/eigen3/Eigen/src/Core/PlainObjectBase.h:91:7:[m[K   required from ‘[01m[Kclass Eigen::PlainObjectBase<Eigen::Matrix<double, 4, 4, 1, 4, 4> >[m[K’
[01m[K/usr/include/eigen3/Eigen/src/Core/Matrix.h:178:7:[m[K   required from ‘[01m[Kclass Eigen::Matrix<double, 4, 4, 1, 4, 4>[m[K’
[01m[K/usr/include/eigen3/Eigen/src/Geometry/Transform.h:249:14:[m[K   required from ‘[01m[Kclass Eigen::Transform<double, 3, 2, 1>[m[K’
[01m[K/opt/ros/kinetic/include/opencv-3.3.1-dev/opencv2/core/affine.hpp:243:12:[m[K   required from ‘[01m[Kstatic cv::Affine3<T> cv::Affine3<T>::Identity() [with T = double][m[K’
[01m[K/opt/ros/kinetic/include/opencv-3.3.1-dev/opencv2/viz/widgets.hpp:747:97:[m[K   required from here
[01m[K/usr/include/eigen3/Eigen/src/Core/DenseCoeffsBase.h:55:30:[m[K [01;35m[Kwarning: [m[Kignoring attributes on template argument ‘[01m[KEigen::internal::packet_traits<double>::type {aka __vector(2) double}[m[K’ [[01;35m[K-Wignored-attributes[m[K]
                      >::type [01;35m[KPacketReturnType[m[K;
                              [01;35m[K^~~~~~~~~~~~~~~~[m[K
/usr/include/eigen3/Eigen/src/Core/DenseCoeffsBase.h: In instantiation of ‘[01m[Kclass Eigen::DenseCoeffsBase<Eigen::Matrix<double, 4, 4>, 0>[m[K’:
[01m[K/usr/include/eigen3/Eigen/src/Core/DenseCoeffsBase.h:288:7:[m[K   required from ‘[01m[Kclass Eigen::DenseCoeffsBase<Eigen::Matrix<double, 4, 4>, 1>[m[K’
[01m[K/usr/include/eigen3/Eigen/src/Core/DenseCoeffsBase.h:527:7:[m[K   required from ‘[01m[Kclass Eigen::DenseCoeffsBase<Eigen::Matrix<double, 4, 4>, 3>[m[K’
[01m[K/usr/include/eigen3/Eigen/src/Core/util/XprHelper.h:457:8:[m[K   required from ‘[01m[Kstruct Eigen::internal::special_scalar_op_base<Eigen::Matrix<double, 4, 4>, double, double, Eigen::DenseCoeffsBase<Eigen::Matrix<double, 4, 4>, 3>, false>[m[K’
[01m[K/usr/include/eigen3/Eigen/src/Core/DenseBase.h:41:34:[m[K   required from ‘[01m[Kclass Eigen::DenseBase<Eigen::Matrix<double, 4, 4> >[m[K’
[01m[K/usr/include/eigen3/Eigen/src/Core/MatrixBase.h:48:34:[m[K   required from ‘[01m[Kclass Eigen::MatrixBase<Eigen::Matrix<double, 4, 4> >[m[K’
[01m[K/usr/include/eigen3/Eigen/src/Core/PlainObjectBase.h:91:7:[m[K   required from ‘[01m[Kclass Eigen::PlainObjectBase<Eigen::Matrix<double, 4, 4> >[m[K’
[01m[K/usr/include/eigen3/Eigen/src/Core/Matrix.h:178:7:[m[K   required from ‘[01m[Kclass Eigen::Matrix<double, 4, 4>[m[K’
[01m[K/usr/include/eigen3/Eigen/src/Geometry/Transform.h:249:14:[m[K   required from ‘[01m[Kclass Eigen::Transform<double, 3, 2>[m[K’
[01m[K/opt/ros/kinetic/include/opencv-3.3.1-dev/opencv2/core/affine.hpp:243:12:[m[K   required from ‘[01m[Kstatic cv::Affine3<T> cv::Affine3<T>::Identity() [with T = double][m[K’
[01m[K/opt/ros/kinetic/include/opencv-3.3.1-dev/opencv2/viz/widgets.hpp:747:97:[m[K   required from here
[01m[K/usr/include/eigen3/Eigen/src/Core/DenseCoeffsBase.h:55:30:[m[K [01;35m[Kwarning: [m[Kignoring attributes on template argument ‘[01m[KEigen::internal::packet_traits<double>::type {aka __vector(2) double}[m[K’ [[01;35m[K-Wignored-attributes[m[K]
/usr/include/eigen3/Eigen/src/Core/DenseCoeffsBase.h: In instantiation of ‘[01m[Kclass Eigen::DenseCoeffsBase<Eigen::Block<const Eigen::Matrix<double, 4, 1>, 3, 1, false>, 0>[m[K’:
[01m[K/usr/include/eigen3/Eigen/src/Core/DenseCoeffsBase.h:454:7:[m[K   required from ‘[01m[Kclass Eigen::DenseCoeffsBase<Eigen::Block<const Eigen::Matrix<double, 4, 1>, 3, 1, false>, 2>[m[K’
[01m[K/usr/include/eigen3/Eigen/src/Core/util/XprHelper.h:457:8:[m[K   required from ‘[01m[Kstruct Eigen::internal::special_scalar_op_base<Eigen::Block<const Eigen::Matrix<double, 4, 1>, 3, 1, false>, double, double, Eigen::DenseCoeffsBase<Eigen::Block<const Eigen::Matrix<double, 4, 1>, 3, 1, false>, 2>, false>[m[K’
[01m[K/usr/include/eigen3/Eigen/src/Core/DenseBase.h:41:34:[m[K   required from ‘[01m[Kclass Eigen::DenseBase<Eigen::Block<const Eigen::Matrix<double, 4, 1>, 3, 1, false> >[m[K’
[01m[K/usr/include/eigen3/Eigen/src/Core/MatrixBase.h:48:34:[m[K   required from ‘[01m[Kclass Eigen::MatrixBase<Eigen::Block<const Eigen::Matrix<double, 4, 1>, 3, 1, false> >[m[K’
[01m[K/usr/include/eigen3/Eigen/src/Core/MapBase.h:27:34:[m[K   required from ‘[01m[Kclass Eigen::MapBase<Eigen::Block<const Eigen::Matrix<double, 4, 1>, 3, 1, false>, 0>[m[K’
[01m[K/usr/include/eigen3/Eigen/src/Core/Block.h:333:7:[m[K   [ skipping 2 instantiation contexts, use -ftemplate-backtrace-limit=0 to disable ]
[01m[K/usr/include/eigen3/Eigen/src/Core/Block.h:104:81:[m[K   required from ‘[01m[Kclass Eigen::Block<const Eigen::Matrix<double, 4, 1>, 3, 1, false>[m[K’
[01m[K/usr/include/eigen3/Eigen/src/Core/VectorBlock.h:57:47:[m[K   required from ‘[01m[Kclass Eigen::VectorBlock<const Eigen::Matrix<double, 4, 1>, 3>[m[K’
[01m[K/usr/include/eigen3/Eigen/src/Geometry/Quaternion.h:476:30:[m[K   required from ‘[01m[KEigen::QuaternionBase<Derived>::Vector3 Eigen::QuaternionBase<Derived>::_transformVector(const Vector3&) const [with Derived = Eigen::Quaternion<double>; Eigen::QuaternionBase<Derived>::Vector3 = Eigen::Matrix<double, 3, 1>; typename Eigen::internal::traits<T>::Scalar = double][m[K’
[01m[K/usr/include/eigen3/Eigen/src/Geometry/RotationBase.h:128:32:[m[K   required from ‘[01m[Kstatic Eigen::internal::rotation_base_generic_product_selector<RotationDerived, OtherVectorType, true>::ReturnType Eigen::internal::rotation_base_generic_product_selector<RotationDerived, OtherVectorType, true>::run(const RotationDerived&, const OtherVectorType&) [with RotationDerived = Eigen::Quaternion<double>; OtherVectorType = Eigen::CwiseUnaryOp<Eigen::internal::scalar_multiple_op<double>, const Eigen::Matrix<double, 3, 1> >; Eigen::internal::rotation_base_generic_product_selector<RotationDerived, OtherVectorType, true>::ReturnType = Eigen::Matrix<double, 3, 1>; typename RotationDerived::Scalar = double][m[K’
[01m[K/usr/include/eigen3/Eigen/src/Geometry/RotationBase.h:72:89:[m[K   required from ‘[01m[Ktypename Eigen::internal::rotation_base_generic_product_selector<Derived, OtherDerived, OtherDerived:: IsVectorAtCompileTime>::ReturnType Eigen::RotationBase<Derived, _Dim>::operator*(const Eigen::EigenBase<OtherDerived>&) const [with OtherDerived = Eigen::CwiseUnaryOp<Eigen::internal::scalar_multiple_op<double>, const Eigen::Matrix<double, 3, 1> >; Derived = Eigen::Quaternion<double>; int _Dim = 3; typename Eigen::internal::rotation_base_generic_product_selector<Derived, OtherDerived, OtherDerived:: IsVectorAtCompileTime>::ReturnType = Eigen::Matrix<double, 3, 1>][m[K’
[01m[K/home/davencyw/catkinws/dynvinsmono/src/VINS-Mono/pose_graph/src/utility/CameraPoseVisualization.cpp:126:35:[m[K   required from here
[01m[K/usr/include/eigen3/Eigen/src/Core/DenseCoeffsBase.h:55:30:[m[K [01;35m[Kwarning: [m[Kignoring attributes on template argument ‘[01m[KEigen::internal::packet_traits<double>::type {aka __vector(2) double}[m[K’ [[01;35m[K-Wignored-attributes[m[K]
/usr/include/eigen3/Eigen/src/Core/DenseCoeffsBase.h: In instantiation of ‘[01m[Kclass Eigen::DenseCoeffsBase<Eigen::CwiseBinaryOp<Eigen::internal::scalar_sum_op<double>, const Eigen::Matrix<double, 3, 1>, const Eigen::CwiseUnaryOp<Eigen::internal::scalar_multiple_op<double>, const Eigen::Matrix<double, 3, 1> > >, 0>[m[K’:
[01m[K/usr/include/eigen3/Eigen/src/Core/util/XprHelper.h:457:8:[m[K   required from ‘[01m[Kstruct Eigen::internal::special_scalar_op_base<Eigen::CwiseBinaryOp<Eigen::internal::scalar_sum_op<double>, const Eigen::Matrix<double, 3, 1>, const Eigen::CwiseUnaryOp<Eigen::internal::scalar_multiple_op<double>, const Eigen::Matrix<double, 3, 1> > >, double, double, Eigen::DenseCoeffsBase<Eigen::CwiseBinaryOp<Eigen::internal::scalar_sum_op<double>, const Eigen::Matrix<double, 3, 1>, const Eigen::CwiseUnaryOp<Eigen::internal::scalar_multiple_op<double>, const Eigen::Matrix<double, 3, 1> > >, 0>, false>[m[K’
[01m[K/usr/include/eigen3/Eigen/src/Core/DenseBase.h:41:34:[m[K   required from ‘[01m[Kclass Eigen::DenseBase<Eigen::CwiseBinaryOp<Eigen::internal::scalar_sum_op<double>, const Eigen::Matrix<double, 3, 1>, const Eigen::CwiseUnaryOp<Eigen::internal::scalar_multiple_op<double>, const Eigen::Matrix<double, 3, 1> > > >[m[K’
[01m[K/usr/include/eigen3/Eigen/src/Core/MatrixBase.h:48:34:[m[K   required from ‘[01m[Kclass Eigen::MatrixBase<Eigen::CwiseBinaryOp<Eigen::internal::scalar_sum_op<double>, const Eigen::Matrix<double, 3, 1>, const Eigen::CwiseUnaryOp<Eigen::internal::scalar_multiple_op<double>, const Eigen::Matrix<double, 3, 1> > > >[m[K’
[01m[K/usr/include/eigen3/Eigen/src/Core/CwiseBinaryOp.h:148:7:[m[K   required from ‘[01m[Kclass Eigen::CwiseBinaryOpImpl<Eigen::internal::scalar_sum_op<double>, const Eigen::Matrix<double, 3, 1>, const Eigen::CwiseUnaryOp<Eigen::internal::scalar_multiple_op<double>, const Eigen::Matrix<double, 3, 1> >, Eigen::Dense>[m[K’
[01m[K/usr/include/eigen3/Eigen/src/Core/CwiseBinaryOp.h:78:7:[m[K   required from ‘[01m[Kclass Eigen::CwiseBinaryOp<Eigen::internal::scalar_sum_op<double>, const Eigen::Matrix<double, 3, 1>, const Eigen::CwiseUnaryOp<Eigen::internal::scalar_multiple_op<double>, const Eigen::Matrix<double, 3, 1> > >[m[K’
[01m[K/usr/include/eigen3/Eigen/src/Geometry/Quaternion.h:478:14:[m[K   required from ‘[01m[KEigen::QuaternionBase<Derived>::Vector3 Eigen::QuaternionBase<Derived>::_transformVector(const Vector3&) const [with Derived = Eigen::Quaternion<double>; Eigen::QuaternionBase<Derived>::Vector3 = Eigen::Matrix<double, 3, 1>; typename Eigen::internal::traits<T>::Scalar = double][m[K’
[01m[K/usr/include/eigen3/Eigen/src/Geometry/RotationBase.h:128:32:[m[K   required from ‘[01m[Kstatic Eigen::internal::rotation_base_generic_product_selector<RotationDerived, OtherVectorType, true>::ReturnType Eigen::internal::rotation_base_generic_product_selector<RotationDerived, OtherVectorType, true>::run(const RotationDerived&, const OtherVectorType&) [with RotationDerived = Eigen::Quaternion<double>; OtherVectorType = Eigen::CwiseUnaryOp<Eigen::internal::scalar_multiple_op<double>, const Eigen::Matrix<double, 3, 1> >; Eigen::internal::rotation_base_generic_product_selector<RotationDerived, OtherVectorType, true>::ReturnType = Eigen::Matrix<double, 3, 1>; typename RotationDerived::Scalar = double][m[K’
[01m[K/usr/include/eigen3/Eigen/src/Geometry/RotationBase.h:72:89:[m[K   required from ‘[01m[Ktypename Eigen::internal::rotation_base_generic_product_selector<Derived, OtherDerived, OtherDerived:: IsVectorAtCompileTime>::ReturnType Eigen::RotationBase<Derived, _Dim>::operator*(const Eigen::EigenBase<OtherDerived>&) const [with OtherDerived = Eigen::CwiseUnaryOp<Eigen::internal::scalar_multiple_op<double>, const Eigen::Matrix<double, 3, 1> >; Derived = Eigen::Quaternion<double>; int _Dim = 3; typename Eigen::internal::rotation_base_generic_product_selector<Derived, OtherDerived, OtherDerived:: IsVectorAtCompileTime>::ReturnType = Eigen::Matrix<double, 3, 1>][m[K’
[01m[K/home/davencyw/catkinws/dynvinsmono/src/VINS-Mono/pose_graph/src/utility/CameraPoseVisualization.cpp:126:35:[m[K   required from here
[01m[K/usr/include/eigen3/Eigen/src/Core/DenseCoeffsBase.h:55:30:[m[K [01;35m[Kwarning: [m[Kignoring attributes on template argument ‘[01m[KEigen::internal::packet_traits<double>::type {aka __vector(2) double}[m[K’ [[01;35m[K-Wignored-attributes[m[K]
/usr/include/eigen3/Eigen/src/Core/DenseCoeffsBase.h: In instantiation of ‘[01m[Kclass Eigen::DenseCoeffsBase<Eigen::CwiseBinaryOp<Eigen::internal::scalar_sum_op<double>, const Eigen::CwiseBinaryOp<Eigen::internal::scalar_sum_op<double>, const Eigen::Matrix<double, 3, 1>, const Eigen::CwiseUnaryOp<Eigen::internal::scalar_multiple_op<double>, const Eigen::Matrix<double, 3, 1> > >, const Eigen::Matrix<double, 3, 1> >, 0>[m[K’:
[01m[K/usr/include/eigen3/Eigen/src/Core/util/XprHelper.h:457:8:[m[K   required from ‘[01m[Kstruct Eigen::internal::special_scalar_op_base<Eigen::CwiseBinaryOp<Eigen::internal::scalar_sum_op<double>, const Eigen::CwiseBinaryOp<Eigen::internal::scalar_sum_op<double>, const Eigen::Matrix<double, 3, 1>, const Eigen::CwiseUnaryOp<Eigen::internal::scalar_multiple_op<double>, const Eigen::Matrix<double, 3, 1> > >, const Eigen::Matrix<double, 3, 1> >, double, double, Eigen::DenseCoeffsBase<Eigen::CwiseBinaryOp<Eigen::internal::scalar_sum_op<double>, const Eigen::CwiseBinaryOp<Eigen::internal::scalar_sum_op<double>, const Eigen::Matrix<double, 3, 1>, const Eigen::CwiseUnaryOp<Eigen::internal::scalar_multiple_op<double>, const Eigen::Matrix<double, 3, 1> > >, const Eigen::Matrix<double, 3, 1> >, 0>, false>[m[K’
[01m[K/usr/include/eigen3/Eigen/src/Core/DenseBase.h:41:34:[m[K   required from ‘[01m[Kclass Eigen::DenseBase<Eigen::CwiseBinaryOp<Eigen::internal::scalar_sum_op<double>, const Eigen::CwiseBinaryOp<Eigen::internal::scalar_sum_op<double>, const Eigen::Matrix<double, 3, 1>, const Eigen::CwiseUnaryOp<Eigen::internal::scalar_multiple_op<double>, const Eigen::Matrix<double, 3, 1> > >, const Eigen::Matrix<double, 3, 1> > >[m[K’
[01m[K/usr/include/eigen3/Eigen/src/Core/MatrixBase.h:48:34:[m[K   required from ‘[01m[Kclass Eigen::MatrixBase<Eigen::CwiseBinaryOp<Eigen::internal::scalar_sum_op<double>, const Eigen::CwiseBinaryOp<Eigen::internal::scalar_sum_op<double>, const Eigen::Matrix<double, 3, 1>, const Eigen::CwiseUnaryOp<Eigen::internal::scalar_multiple_op<double>, const Eigen::Matrix<double, 3, 1> > >, const Eigen::Matrix<double, 3, 1> > >[m[K’
[01m[K/usr/include/eigen3/Eigen/src/Core/CwiseBinaryOp.h:148:7:[m[K   required from ‘[01m[Kclass Eigen::CwiseBinaryOpImpl<Eigen::internal::scalar_sum_op<double>, const Eigen::CwiseBinaryOp<Eigen::internal::scalar_sum_op<double>, const Eigen::Matrix<double, 3, 1>, const Eigen::CwiseUnaryOp<Eigen::internal::scalar_multiple_op<double>, const Eigen::Matrix<double, 3, 1> > >, const Eigen::Matrix<double, 3, 1>, Eigen::Dense>[m[K’
[01m[K/usr/include/eigen3/Eigen/src/Core/CwiseBinaryOp.h:78:7:[m[K   required from ‘[01m[Kclass Eigen::CwiseBinaryOp<Eigen::internal::scalar_sum_op<double>, const Eigen::CwiseBinaryOp<Eigen::internal::scalar_sum_op<double>, const Eigen::Matrix<double, 3, 1>, const Eigen::CwiseUnaryOp<Eigen::internal::scalar_multiple_op<double>, const Eigen::Matrix<double, 3, 1> > >, const Eigen::Matrix<double, 3, 1> >[m[K’
[01m[K/usr/include/eigen3/Eigen/src/Geometry/Quaternion.h:478:31:[m[K   required from ‘[01m[KEigen::QuaternionBase<Derived>::Vector3 Eigen::QuaternionBase<Derived>::_transformVector(const Vector3&) const [with Derived = Eigen::Quaternion<double>; Eigen::QuaternionBase<Derived>::Vector3 = Eigen::Matrix<double, 3, 1>; typename Eigen::internal::traits<T>::Scalar = double][m[K’
[01m[K/usr/include/eigen3/Eigen/src/Geometry/RotationBase.h:128:32:[m[K   required from ‘[01m[Kstatic Eigen::internal::rotation_base_generic_product_selector<RotationDerived, OtherVectorType, true>::ReturnType Eigen::internal::rotation_base_generic_product_selector<RotationDerived, OtherVectorType, true>::run(const RotationDerived&, const OtherVectorType&) [with RotationDerived = Eigen::Quaternion<double>; OtherVectorType = Eigen::CwiseUnaryOp<Eigen::internal::scalar_multiple_op<double>, const Eigen::Matrix<double, 3, 1> >; Eigen::internal::rotation_base_generic_product_selector<RotationDerived, OtherVectorType, true>::ReturnType = Eigen::Matrix<double, 3, 1>; typename RotationDerived::Scalar = double][m[K’
[01m[K/usr/include/eigen3/Eigen/src/Geometry/RotationBase.h:72:89:[m[K   required from ‘[01m[Ktypename Eigen::internal::rotation_base_generic_product_selector<Derived, OtherDerived, OtherDerived:: IsVectorAtCompileTime>::ReturnType Eigen::RotationBase<Derived, _Dim>::operator*(const Eigen::EigenBase<OtherDerived>&) const [with OtherDerived = Eigen::CwiseUnaryOp<Eigen::internal::scalar_multiple_op<double>, const Eigen::Matrix<double, 3, 1> >; Derived = Eigen::Quaternion<double>; int _Dim = 3; typename Eigen::internal::rotation_base_generic_product_selector<Derived, OtherDerived, OtherDerived:: IsVectorAtCompileTime>::ReturnType = Eigen::Matrix<double, 3, 1>][m[K’
[01m[K/home/davencyw/catkinws/dynvinsmono/src/VINS-Mono/pose_graph/src/utility/CameraPoseVisualization.cpp:126:35:[m[K   required from here
[01m[K/usr/include/eigen3/Eigen/src/Core/DenseCoeffsBase.h:55:30:[m[K [01;35m[Kwarning: [m[Kignoring attributes on template argument ‘[01m[KEigen::internal::packet_traits<double>::type {aka __vector(2) double}[m[K’ [[01;35m[K-Wignored-attributes[m[K]
In file included from [01m[K/usr/include/eigen3/Eigen/Core:349:0[m[K,
                 from [01m[K/usr/include/eigen3/Eigen/Dense:1[m[K,
                 from [01m[K/home/davencyw/catkinws/dynvinsmono/src/VINS-Mono/pose_graph/src/utility/CameraPoseVisualization.h:7[m[K,
                 from [01m[K/home/davencyw/catkinws/dynvinsmono/src/VINS-Mono/pose_graph/src/utility/CameraPoseVisualization.cpp:1[m[K:
/usr/include/eigen3/Eigen/src/Core/CoreEvaluators.h: In instantiation of ‘[01m[Kstruct Eigen::internal::evaluator<Eigen::Block<const Eigen::Matrix<double, 4, 1>, 3, 1, false> >[m[K’:
[01m[K/usr/include/eigen3/Eigen/src/Core/util/XprHelper.h:312:102:[m[K   required from ‘[01m[Kstruct Eigen::internal::plain_object_eval<Eigen::Block<const Eigen::Matrix<double, 4, 1>, 3, 1, false>, Eigen::Dense>[m[K’
[01m[K/usr/include/eigen3/Eigen/src/Geometry/OrthoMethods.h:37:51:[m[K   required from ‘[01m[Ktypename Eigen::MatrixBase<Derived>::cross_product_return_type<OtherDerived>::type Eigen::MatrixBase<Derived>::cross(const Eigen::MatrixBase<OtherDerived>&) const [with OtherDerived = Eigen::Matrix<double, 3, 1>; Derived = Eigen::Block<const Eigen::Matrix<double, 4, 1>, 3, 1, false>; typename Eigen::MatrixBase<Derived>::cross_product_return_type<OtherDerived>::type = Eigen::Matrix<double, 3, 1>][m[K’
[01m[K/usr/include/eigen3/Eigen/src/Geometry/Quaternion.h:476:13:[m[K   required from ‘[01m[KEigen::QuaternionBase<Derived>::Vector3 Eigen::QuaternionBase<Derived>::_transformVector(const Vector3&) const [with Derived = Eigen::Quaternion<double>; Eigen::QuaternionBase<Derived>::Vector3 = Eigen::Matrix<double, 3, 1>; typename Eigen::internal::traits<T>::Scalar = double][m[K’
[01m[K/usr/include/eigen3/Eigen/src/Geometry/RotationBase.h:128:32:[m[K   required from ‘[01m[Kstatic Eigen::internal::rotation_base_generic_product_selector<RotationDerived, OtherVectorType, true>::ReturnType Eigen::internal::rotation_base_generic_product_selector<RotationDerived, OtherVectorType, true>::run(const RotationDerived&, const OtherVectorType&) [with RotationDerived = Eigen::Quaternion<double>; OtherVectorType = Eigen::CwiseUnaryOp<Eigen::internal::scalar_multiple_op<double>, const Eigen::Matrix<double, 3, 1> >; Eigen::internal::rotation_base_generic_product_selector<RotationDerived, OtherVectorType, true>::ReturnType = Eigen::Matrix<double, 3, 1>; typename RotationDerived::Scalar = double][m[K’
[01m[K/usr/include/eigen3/Eigen/src/Geometry/RotationBase.h:72:89:[m[K   required from ‘[01m[Ktypename Eigen::internal::rotation_base_generic_product_selector<Derived, OtherDerived, OtherDerived:: IsVectorAtCompileTime>::ReturnType Eigen::RotationBase<Derived, _Dim>::operator*(const Eigen::EigenBase<OtherDerived>&) const [with OtherDerived = Eigen::CwiseUnaryOp<Eigen::internal::scalar_multiple_op<double>, const Eigen::Matrix<double, 3, 1> >; Derived = Eigen::Quaternion<double>; int _Dim = 3; typename Eigen::internal::rotation_base_generic_product_selector<Derived, OtherDerived, OtherDerived:: IsVectorAtCompileTime>::ReturnType = Eigen::Matrix<double, 3, 1>][m[K’
[01m[K/home/davencyw/catkinws/dynvinsmono/src/VINS-Mono/pose_graph/src/utility/CameraPoseVisualization.cpp:126:35:[m[K   required from here
[01m[K/usr/include/eigen3/Eigen/src/Core/CoreEvaluators.h:697:8:[m[K [01;35m[Kwarning: [m[Kignoring attributes on template argument ‘[01m[KEigen::internal::packet_traits<double>::type {aka __vector(2) double}[m[K’ [[01;35m[K-Wignored-attributes[m[K]
   enum [01;35m[K{[m[K
        [01;35m[K^[m[K
In file included from [01m[K/usr/include/eigen3/Eigen/Core:350:0[m[K,
                 from [01m[K/usr/include/eigen3/Eigen/Dense:1[m[K,
                 from [01m[K/home/davencyw/catkinws/dynvinsmono/src/VINS-Mono/pose_graph/src/utility/CameraPoseVisualization.h:7[m[K,
                 from [01m[K/home/davencyw/catkinws/dynvinsmono/src/VINS-Mono/pose_graph/src/utility/CameraPoseVisualization.cpp:1[m[K:
/usr/include/eigen3/Eigen/src/Core/AssignEvaluator.h: In instantiation of ‘[01m[Kstruct Eigen::internal::copy_using_evaluator_traits<Eigen::internal::evaluator<Eigen::Matrix<double, 3, 1> >, Eigen::internal::evaluator<Eigen::Matrix<double, 3, 1> >, Eigen::internal::assign_op<double> >[m[K’:
[01m[K/usr/include/eigen3/Eigen/src/Core/AssignEvaluator.h:547:49:[m[K   required from ‘[01m[Kclass Eigen::internal::generic_dense_assignment_kernel<Eigen::internal::evaluator<Eigen::Matrix<double, 3, 1> >, Eigen::internal::evaluator<Eigen::Matrix<double, 3, 1> >, Eigen::internal::assign_op<double>, 0>[m[K’
[01m[K/usr/include/eigen3/Eigen/src/Core/AssignEvaluator.h:651:10:[m[K   required from ‘[01m[Kvoid Eigen::internal::call_dense_assignment_loop(const DstXprType&, const SrcXprType&, const Functor&) [with DstXprType = Eigen::Matrix<double, 3, 1>; SrcXprType = Eigen::Matrix<double, 3, 1>; Functor = Eigen::internal::assign_op<double>][m[K’
[01m[K/usr/include/eigen3/Eigen/src/Core/AssignEvaluator.h:790:31:[m[K   required from ‘[01m[Kstatic void Eigen::internal::Assignment<DstXprType, SrcXprType, Functor, Eigen::internal::Dense2Dense, Scalar>::run(DstXprType&, const SrcXprType&, const Functor&) [with DstXprType = Eigen::Matrix<double, 3, 1>; SrcXprType = Eigen::Matrix<double, 3, 1>; Functor = Eigen::internal::assign_op<double>; Scalar = double][m[K’
[01m[K/usr/include/eigen3/Eigen/src/Core/AssignEvaluator.h:747:49:[m[K   required from ‘[01m[Kvoid Eigen::internal::call_assignment_no_alias(Dst&, const Src&, const Func&) [with Dst = Eigen::Matrix<double, 3, 1>; Src = Eigen::Matrix<double, 3, 1>; Func = Eigen::internal::assign_op<double>][m[K’
[01m[K/usr/include/eigen3/Eigen/src/Core/PlainObjectBase.h:700:41:[m[K   required from ‘[01m[KDerived& Eigen::PlainObjectBase<Derived>::_set_noalias(const Eigen::DenseBase<OtherDerived>&) [with OtherDerived = Eigen::Matrix<double, 3, 1>; Derived = Eigen::Matrix<double, 3, 1>][m[K’
[01m[K/usr/include/eigen3/Eigen/src/Core/Matrix.h:278:27:[m[K   required from ‘[01m[KEigen::Matrix<_Scalar, _Rows, _Cols, _Options, _MaxRows, _MaxCols>::Matrix(Eigen::Matrix<_Scalar, _Rows, _Cols, _Options, _MaxRows, _MaxCols>&&) [with _Scalar = double; int _Rows = 3; int _Cols = 1; int _Options = 0; int _MaxRows = 3; int _MaxCols = 1][m[K’
[01m[K/home/davencyw/catkinws/dynvinsmono/src/VINS-Mono/pose_graph/src/utility/CameraPoseVisualization.cpp:3:86:[m[K   required from here
[01m[K/usr/include/eigen3/Eigen/src/Core/AssignEvaluator.h:74:57:[m[K [01;35m[Kwarning: [m[Kenum constant in boolean context [[01;35m[K-Wint-in-bool-context[m[K]
     MayLinearVectorize = [01;35m[KMightVectorize && MayLinearize && DstHasDirectAccess[m[K
                          [01;35m[K~~~~~~~~~~~~~~~~~~~~~~~~~~~~~~~^~~~~~~~~~~~~~~~~~~~~[m[K
[01m[K/usr/include/eigen3/Eigen/src/Core/AssignEvaluator.h:78:41:[m[K [01;35m[Kwarning: [m[Kenum constant in boolean context [[01;35m[K-Wint-in-bool-context[m[K]
     MaySliceVectorize  = [01;35m[KMightVectorize && DstHasDirectAccess[m[K
                          [01;35m[K~~~~~~~~~~~~~~~^~~~~~~~~~~~~~~~~~~~~[m[K
/usr/include/eigen3/Eigen/src/Core/AssignEvaluator.h: In instantiation of ‘[01m[Kstruct Eigen::internal::copy_using_evaluator_traits<Eigen::internal::evaluator<Eigen::Matrix<double, 3, 1> >, Eigen::internal::evaluator<Eigen::CwiseBinaryOp<Eigen::internal::scalar_sum_op<double>, const Eigen::Matrix<double, 3, 1>, const Eigen::Matrix<double, 3, 1> > >, Eigen::internal::assign_op<double> >[m[K’:
[01m[K/usr/include/eigen3/Eigen/src/Core/AssignEvaluator.h:547:49:[m[K   required from ‘[01m[Kclass Eigen::internal::generic_dense_assignment_kernel<Eigen::internal::evaluator<Eigen::Matrix<double, 3, 1> >, Eigen::internal::evaluator<Eigen::CwiseBinaryOp<Eigen::internal::scalar_sum_op<double>, const Eigen::Matrix<double, 3, 1>, const Eigen::Matrix<double, 3, 1> > >, Eigen::internal::assign_op<double>, 0>[m[K’
[01m[K/usr/include/eigen3/Eigen/src/Core/AssignEvaluator.h:651:10:[m[K   required from ‘[01m[Kvoid Eigen::internal::call_dense_assignment_loop(const DstXprType&, const SrcXprType&, const Functor&) [with DstXprType = Eigen::Matrix<double, 3, 1>; SrcXprType = Eigen::CwiseBinaryOp<Eigen::internal::scalar_sum_op<double>, const Eigen::Matrix<double, 3, 1>, const Eigen::Matrix<double, 3, 1> >; Functor = Eigen::internal::assign_op<double>][m[K’
[01m[K/usr/include/eigen3/Eigen/src/Core/AssignEvaluator.h:790:31:[m[K   required from ‘[01m[Kstatic void Eigen::internal::Assignment<DstXprType, SrcXprType, Functor, Eigen::internal::Dense2Dense, Scalar>::run(DstXprType&, const SrcXprType&, const Functor&) [with DstXprType = Eigen::Matrix<double, 3, 1>; SrcXprType = Eigen::CwiseBinaryOp<Eigen::internal::scalar_sum_op<double>, const Eigen::Matrix<double, 3, 1>, const Eigen::Matrix<double, 3, 1> >; Functor = Eigen::internal::assign_op<double>; Scalar = double][m[K’
[01m[K/usr/include/eigen3/Eigen/src/Core/AssignEvaluator.h:747:49:[m[K   required from ‘[01m[Kvoid Eigen::internal::call_assignment_no_alias(Dst&, const Src&, const Func&) [with Dst = Eigen::Matrix<double, 3, 1>; Src = Eigen::CwiseBinaryOp<Eigen::internal::scalar_sum_op<double>, const Eigen::Matrix<double, 3, 1>, const Eigen::Matrix<double, 3, 1> >; Func = Eigen::internal::assign_op<double>][m[K’
[01m[K/usr/include/eigen3/Eigen/src/Core/PlainObjectBase.h:700:41:[m[K   required from ‘[01m[KDerived& Eigen::PlainObjectBase<Derived>::_set_noalias(const Eigen::DenseBase<OtherDerived>&) [with OtherDerived = Eigen::CwiseBinaryOp<Eigen::internal::scalar_sum_op<double>, const Eigen::Matrix<double, 3, 1>, const Eigen::Matrix<double, 3, 1> >; Derived = Eigen::Matrix<double, 3, 1>][m[K’
[01m[K/usr/include/eigen3/Eigen/src/Core/PlainObjectBase.h:510:19:[m[K   required from ‘[01m[KEigen::PlainObjectBase<Derived>::PlainObjectBase(const Eigen::DenseBase<OtherDerived>&) [with OtherDerived = Eigen::CwiseBinaryOp<Eigen::internal::scalar_sum_op<double>, const Eigen::Matrix<double, 3, 1>, const Eigen::Matrix<double, 3, 1> >; Derived = Eigen::Matrix<double, 3, 1>][m[K’
[01m[K/usr/include/eigen3/Eigen/src/Core/Matrix.h:379:29:[m[K   required from ‘[01m[KEigen::Matrix<_Scalar, _Rows, _Cols, _Options, _MaxRows, _MaxCols>::Matrix(const Eigen::EigenBase<OtherDerived>&) [with OtherDerived = Eigen::CwiseBinaryOp<Eigen::internal::scalar_sum_op<double>, const Eigen::Matrix<double, 3, 1>, const Eigen::Matrix<double, 3, 1> >; _Scalar = double; int _Rows = 3; int _Cols = 1; int _Options = 0; int _MaxRows = 3; int _MaxCols = 1][m[K’
[01m[K/home/davencyw/catkinws/dynvinsmono/src/VINS-Mono/pose_graph/src/utility/CameraPoseVisualization.cpp:126:47:[m[K   required from here
[01m[K/usr/include/eigen3/Eigen/src/Core/AssignEvaluator.h:74:57:[m[K [01;35m[Kwarning: [m[Kenum constant in boolean context [[01;35m[K-Wint-in-bool-context[m[K]
     MayLinearVectorize = [01;35m[KMightVectorize && MayLinearize && DstHasDirectAccess[m[K
                          [01;35m[K~~~~~~~~~~~~~~~~~~~~~~~~~~~~~~~^~~~~~~~~~~~~~~~~~~~~[m[K
[01m[K/usr/include/eigen3/Eigen/src/Core/AssignEvaluator.h:78:41:[m[K [01;35m[Kwarning: [m[Kenum constant in boolean context [[01;35m[K-Wint-in-bool-context[m[K]
     MaySliceVectorize  = [01;35m[KMightVectorize && DstHasDirectAccess[m[K
                          [01;35m[K~~~~~~~~~~~~~~~^~~~~~~~~~~~~~~~~~~~~[m[K
/usr/include/eigen3/Eigen/src/Core/AssignEvaluator.h: In instantiation of ‘[01m[Kstruct Eigen::internal::copy_using_evaluator_traits<Eigen::internal::evaluator<Eigen::Matrix<double, 3, 1> >, Eigen::internal::evaluator<Eigen::CwiseUnaryOp<Eigen::internal::scalar_multiple_op<double>, const Eigen::Matrix<double, 3, 1> > >, Eigen::internal::assign_op<double> >[m[K’:
[01m[K/usr/include/eigen3/Eigen/src/Core/AssignEvaluator.h:547:49:[m[K   required from ‘[01m[Kclass Eigen::internal::generic_dense_assignment_kernel<Eigen::internal::evaluator<Eigen::Matrix<double, 3, 1> >, Eigen::internal::evaluator<Eigen::CwiseUnaryOp<Eigen::internal::scalar_multiple_op<double>, const Eigen::Matrix<double, 3, 1> > >, Eigen::internal::assign_op<double>, 0>[m[K’
[01m[K/usr/include/eigen3/Eigen/src/Core/AssignEvaluator.h:651:10:[m[K   required from ‘[01m[Kvoid Eigen::internal::call_dense_assignment_loop(const DstXprType&, const SrcXprType&, const Functor&) [with DstXprType = Eigen::Matrix<double, 3, 1>; SrcXprType = Eigen::CwiseUnaryOp<Eigen::internal::scalar_multiple_op<double>, const Eigen::Matrix<double, 3, 1> >; Functor = Eigen::internal::assign_op<double>][m[K’
[01m[K/usr/include/eigen3/Eigen/src/Core/AssignEvaluator.h:790:31:[m[K   required from ‘[01m[Kstatic void Eigen::internal::Assignment<DstXprType, SrcXprType, Functor, Eigen::internal::Dense2Dense, Scalar>::run(DstXprType&, const SrcXprType&, const Functor&) [with DstXprType = Eigen::Matrix<double, 3, 1>; SrcXprType = Eigen::CwiseUnaryOp<Eigen::internal::scalar_multiple_op<double>, const Eigen::Matrix<double, 3, 1> >; Functor = Eigen::internal::assign_op<double>; Scalar = double][m[K’
[01m[K/usr/include/eigen3/Eigen/src/Core/AssignEvaluator.h:747:49:[m[K   required from ‘[01m[Kvoid Eigen::internal::call_assignment_no_alias(Dst&, const Src&, const Func&) [with Dst = Eigen::Matrix<double, 3, 1>; Src = Eigen::CwiseUnaryOp<Eigen::internal::scalar_multiple_op<double>, const Eigen::Matrix<double, 3, 1> >; Func = Eigen::internal::assign_op<double>][m[K’
[01m[K/usr/include/eigen3/Eigen/src/Core/PlainObjectBase.h:700:41:[m[K   required from ‘[01m[KDerived& Eigen::PlainObjectBase<Derived>::_set_noalias(const Eigen::DenseBase<OtherDerived>&) [with OtherDerived = Eigen::CwiseUnaryOp<Eigen::internal::scalar_multiple_op<double>, const Eigen::Matrix<double, 3, 1> >; Derived = Eigen::Matrix<double, 3, 1>][m[K’
[01m[K/usr/include/eigen3/Eigen/src/Core/PlainObjectBase.h:510:19:[m[K   required from ‘[01m[KEigen::PlainObjectBase<Derived>::PlainObjectBase(const Eigen::DenseBase<OtherDerived>&) [with OtherDerived = Eigen::CwiseUnaryOp<Eigen::internal::scalar_multiple_op<double>, const Eigen::Matrix<double, 3, 1> >; Derived = Eigen::Matrix<double, 3, 1>][m[K’
[01m[K/usr/include/eigen3/Eigen/src/Core/Matrix.h:379:29:[m[K   required from ‘[01m[KEigen::Matrix<_Scalar, _Rows, _Cols, _Options, _MaxRows, _MaxCols>::Matrix(const Eigen::EigenBase<OtherDerived>&) [with OtherDerived = Eigen::CwiseUnaryOp<Eigen::internal::scalar_multiple_op<double>, const Eigen::Matrix<double, 3, 1> >; _Scalar = double; int _Rows = 3; int _Cols = 1; int _Options = 0; int _MaxRows = 3; int _MaxCols = 1][m[K’
[01m[K/usr/include/eigen3/Eigen/src/Geometry/RotationBase.h:128:32:[m[K   required from ‘[01m[Kstatic Eigen::internal::rotation_base_generic_product_selector<RotationDerived, OtherVectorType, true>::ReturnType Eigen::internal::rotation_base_generic_product_selector<RotationDerived, OtherVectorType, true>::run(const RotationDerived&, const OtherVectorType&) [with RotationDerived = Eigen::Quaternion<double>; OtherVectorType = Eigen::CwiseUnaryOp<Eigen::internal::scalar_multiple_op<double>, const Eigen::Matrix<double, 3, 1> >; Eigen::internal::rotation_base_generic_product_selector<RotationDerived, OtherVectorType, true>::ReturnType = Eigen::Matrix<double, 3, 1>; typename RotationDerived::Scalar = double][m[K’
[01m[K/usr/include/eigen3/Eigen/src/Geometry/RotationBase.h:72:89:[m[K   required from ‘[01m[Ktypename Eigen::internal::rotation_base_generic_product_selector<Derived, OtherDerived, OtherDerived:: IsVectorAtCompileTime>::ReturnType Eigen::RotationBase<Derived, _Dim>::operator*(const Eigen::EigenBase<OtherDerived>&) const [with OtherDerived = Eigen::CwiseUnaryOp<Eigen::internal::scalar_multiple_op<double>, const Eigen::Matrix<double, 3, 1> >; Derived = Eigen::Quaternion<double>; int _Dim = 3; typename Eigen::internal::rotation_base_generic_product_selector<Derived, OtherDerived, OtherDerived:: IsVectorAtCompileTime>::ReturnType = Eigen::Matrix<double, 3, 1>][m[K’
[01m[K/home/davencyw/catkinws/dynvinsmono/src/VINS-Mono/pose_graph/src/utility/CameraPoseVisualization.cpp:126:35:[m[K   required from here
[01m[K/usr/include/eigen3/Eigen/src/Core/AssignEvaluator.h:74:57:[m[K [01;35m[Kwarning: [m[Kenum constant in boolean context [[01;35m[K-Wint-in-bool-context[m[K]
     MayLinearVectorize = [01;35m[KMightVectorize && MayLinearize && DstHasDirectAccess[m[K
                          [01;35m[K~~~~~~~~~~~~~~~~~~~~~~~~~~~~~~~^~~~~~~~~~~~~~~~~~~~~[m[K
[01m[K/usr/include/eigen3/Eigen/src/Core/AssignEvaluator.h:78:41:[m[K [01;35m[Kwarning: [m[Kenum constant in boolean context [[01;35m[K-Wint-in-bool-context[m[K]
     MaySliceVectorize  = [01;35m[KMightVectorize && DstHasDirectAccess[m[K
                          [01;35m[K~~~~~~~~~~~~~~~^~~~~~~~~~~~~~~~~~~~~[m[K
/usr/include/eigen3/Eigen/src/Core/AssignEvaluator.h: In instantiation of ‘[01m[Kstruct Eigen::internal::copy_using_evaluator_traits<Eigen::internal::evaluator<Eigen::Matrix<double, 3, 1> >, Eigen::internal::evaluator<Eigen::Matrix<double, 3, 1> >, Eigen::internal::add_assign_op<double> >[m[K’:
[01m[K/usr/include/eigen3/Eigen/src/Core/AssignEvaluator.h:547:49:[m[K   required from ‘[01m[Kclass Eigen::internal::generic_dense_assignment_kernel<Eigen::internal::evaluator<Eigen::Matrix<double, 3, 1> >, Eigen::internal::evaluator<Eigen::Matrix<double, 3, 1> >, Eigen::internal::add_assign_op<double>, 0>[m[K’
[01m[K/usr/include/eigen3/Eigen/src/Core/AssignEvaluator.h:651:10:[m[K   required from ‘[01m[Kvoid Eigen::internal::call_dense_assignment_loop(const DstXprType&, const SrcXprType&, const Functor&) [with DstXprType = Eigen::Matrix<double, 3, 1>; SrcXprType = Eigen::Matrix<double, 3, 1>; Functor = Eigen::internal::add_assign_op<double>][m[K’
[01m[K/usr/include/eigen3/Eigen/src/Core/AssignEvaluator.h:790:31:[m[K   required from ‘[01m[Kstatic void Eigen::internal::Assignment<DstXprType, SrcXprType, Functor, Eigen::internal::Dense2Dense, Scalar>::run(DstXprType&, const SrcXprType&, const Functor&) [with DstXprType = Eigen::Matrix<double, 3, 1>; SrcXprType = Eigen::Matrix<double, 3, 1>; Functor = Eigen::internal::add_assign_op<double>; Scalar = double][m[K’
[01m[K/usr/include/eigen3/Eigen/src/Core/AssignEvaluator.h:747:49:[m[K   required from ‘[01m[Kvoid Eigen::internal::call_assignment_no_alias(Dst&, const Src&, const Func&) [with Dst = Eigen::Matrix<double, 3, 1>; Src = Eigen::Matrix<double, 3, 1>; Func = Eigen::internal::add_assign_op<double>][m[K’
[01m[K/usr/include/eigen3/Eigen/src/Core/AssignEvaluator.h:712:27:[m[K   required from ‘[01m[Kvoid Eigen::internal::call_assignment(Dst&, const Src&, const Func&, typename Eigen::internal::enable_if<(! Eigen::internal::evaluator_assume_aliasing<Src>::value), void*>::type) [with Dst = Eigen::Matrix<double, 3, 1>; Src = Eigen::Matrix<double, 3, 1>; Func = Eigen::internal::add_assign_op<double>; typename Eigen::internal::enable_if<(! Eigen::internal::evaluator_assume_aliasing<Src>::value), void*>::type = void*][m[K’
[01m[K/usr/include/eigen3/Eigen/src/Core/CwiseBinaryOp.h:177:18:[m[K   required from ‘[01m[KDerived& Eigen::MatrixBase<Derived>::operator+=(const Eigen::MatrixBase<OtherDerived>&) [with OtherDerived = Eigen::Matrix<double, 3, 1>; Derived = Eigen::Matrix<double, 3, 1>][m[K’
[01m[K/usr/include/eigen3/Eigen/src/Geometry/Quaternion.h:477:8:[m[K   required from ‘[01m[KEigen::QuaternionBase<Derived>::Vector3 Eigen::QuaternionBase<Derived>::_transformVector(const Vector3&) const [with Derived = Eigen::Quaternion<double>; Eigen::QuaternionBase<Derived>::Vector3 = Eigen::Matrix<double, 3, 1>; typename Eigen::internal::traits<T>::Scalar = double][m[K’
[01m[K/usr/include/eigen3/Eigen/src/Geometry/RotationBase.h:128:32:[m[K   required from ‘[01m[Kstatic Eigen::internal::rotation_base_generic_product_selector<RotationDerived, OtherVectorType, true>::ReturnType Eigen::internal::rotation_base_generic_product_selector<RotationDerived, OtherVectorType, true>::run(const RotationDerived&, const OtherVectorType&) [with RotationDerived = Eigen::Quaternion<double>; OtherVectorType = Eigen::CwiseUnaryOp<Eigen::internal::scalar_multiple_op<double>, const Eigen::Matrix<double, 3, 1> >; Eigen::internal::rotation_base_generic_product_selector<RotationDerived, OtherVectorType, true>::ReturnType = Eigen::Matrix<double, 3, 1>; typename RotationDerived::Scalar = double][m[K’
[01m[K/usr/include/eigen3/Eigen/src/Geometry/RotationBase.h:72:89:[m[K   required from ‘[01m[Ktypename Eigen::internal::rotation_base_generic_product_selector<Derived, OtherDerived, OtherDerived:: IsVectorAtCompileTime>::ReturnType Eigen::RotationBase<Derived, _Dim>::operator*(const Eigen::EigenBase<OtherDerived>&) const [with OtherDerived = Eigen::CwiseUnaryOp<Eigen::internal::scalar_multiple_op<double>, const Eigen::Matrix<double, 3, 1> >; Derived = Eigen::Quaternion<double>; int _Dim = 3; typename Eigen::internal::rotation_base_generic_product_selector<Derived, OtherDerived, OtherDerived:: IsVectorAtCompileTime>::ReturnType = Eigen::Matrix<double, 3, 1>][m[K’
[01m[K/home/davencyw/catkinws/dynvinsmono/src/VINS-Mono/pose_graph/src/utility/CameraPoseVisualization.cpp:126:35:[m[K   required from here
[01m[K/usr/include/eigen3/Eigen/src/Core/AssignEvaluator.h:74:57:[m[K [01;35m[Kwarning: [m[Kenum constant in boolean context [[01;35m[K-Wint-in-bool-context[m[K]
     MayLinearVectorize = [01;35m[KMightVectorize && MayLinearize && DstHasDirectAccess[m[K
                          [01;35m[K~~~~~~~~~~~~~~~~~~~~~~~~~~~~~~~^~~~~~~~~~~~~~~~~~~~~[m[K
[01m[K/usr/include/eigen3/Eigen/src/Core/AssignEvaluator.h:78:41:[m[K [01;35m[Kwarning: [m[Kenum constant in boolean context [[01;35m[K-Wint-in-bool-context[m[K]
     MaySliceVectorize  = [01;35m[KMightVectorize && DstHasDirectAccess[m[K
                          [01;35m[K~~~~~~~~~~~~~~~^~~~~~~~~~~~~~~~~~~~~[m[K
/usr/include/eigen3/Eigen/src/Core/AssignEvaluator.h: In instantiation of ‘[01m[Kstruct Eigen::internal::copy_using_evaluator_traits<Eigen::internal::evaluator<Eigen::Matrix<double, 3, 1> >, Eigen::internal::evaluator<Eigen::CwiseBinaryOp<Eigen::internal::scalar_sum_op<double>, const Eigen::CwiseBinaryOp<Eigen::internal::scalar_sum_op<double>, const Eigen::Matrix<double, 3, 1>, const Eigen::CwiseUnaryOp<Eigen::internal::scalar_multiple_op<double>, const Eigen::Matrix<double, 3, 1> > >, const Eigen::Matrix<double, 3, 1> > >, Eigen::internal::assign_op<double> >[m[K’:
[01m[K/usr/include/eigen3/Eigen/src/Core/AssignEvaluator.h:547:49:[m[K   required from ‘[01m[Kclass Eigen::internal::generic_dense_assignment_kernel<Eigen::internal::evaluator<Eigen::Matrix<double, 3, 1> >, Eigen::internal::evaluator<Eigen::CwiseBinaryOp<Eigen::internal::scalar_sum_op<double>, const Eigen::CwiseBinaryOp<Eigen::internal::scalar_sum_op<double>, const Eigen::Matrix<double, 3, 1>, const Eigen::CwiseUnaryOp<Eigen::internal::scalar_multiple_op<double>, const Eigen::Matrix<double, 3, 1> > >, const Eigen::Matrix<double, 3, 1> > >, Eigen::internal::assign_op<double>, 0>[m[K’
[01m[K/usr/include/eigen3/Eigen/src/Core/AssignEvaluator.h:651:10:[m[K   required from ‘[01m[Kvoid Eigen::internal::call_dense_assignment_loop(const DstXprType&, const SrcXprType&, const Functor&) [with DstXprType = Eigen::Matrix<double, 3, 1>; SrcXprType = Eigen::CwiseBinaryOp<Eigen::internal::scalar_sum_op<double>, const Eigen::CwiseBinaryOp<Eigen::internal::scalar_sum_op<double>, const Eigen::Matrix<double, 3, 1>, const Eigen::CwiseUnaryOp<Eigen::internal::scalar_multiple_op<double>, const Eigen::Matrix<double, 3, 1> > >, const Eigen::Matrix<double, 3, 1> >; Functor = Eigen::internal::assign_op<double>][m[K’
[01m[K/usr/include/eigen3/Eigen/src/Core/AssignEvaluator.h:790:31:[m[K   required from ‘[01m[Kstatic void Eigen::internal::Assignment<DstXprType, SrcXprType, Functor, Eigen::internal::Dense2Dense, Scalar>::run(DstXprType&, const SrcXprType&, const Functor&) [with DstXprType = Eigen::Matrix<double, 3, 1>; SrcXprType = Eigen::CwiseBinaryOp<Eigen::internal::scalar_sum_op<double>, const Eigen::CwiseBinaryOp<Eigen::internal::scalar_sum_op<double>, const Eigen::Matrix<double, 3, 1>, const Eigen::CwiseUnaryOp<Eigen::internal::scalar_multiple_op<double>, const Eigen::Matrix<double, 3, 1> > >, const Eigen::Matrix<double, 3, 1> >; Functor = Eigen::internal::assign_op<double>; Scalar = double][m[K’
[01m[K/usr/include/eigen3/Eigen/src/Core/AssignEvaluator.h:747:49:[m[K   required from ‘[01m[Kvoid Eigen::internal::call_assignment_no_alias(Dst&, const Src&, const Func&) [with Dst = Eigen::Matrix<double, 3, 1>; Src = Eigen::CwiseBinaryOp<Eigen::internal::scalar_sum_op<double>, const Eigen::CwiseBinaryOp<Eigen::internal::scalar_sum_op<double>, const Eigen::Matrix<double, 3, 1>, const Eigen::CwiseUnaryOp<Eigen::internal::scalar_multiple_op<double>, const Eigen::Matrix<double, 3, 1> > >, const Eigen::Matrix<double, 3, 1> >; Func = Eigen::internal::assign_op<double>][m[K’
[01m[K/usr/include/eigen3/Eigen/src/Core/PlainObjectBase.h:700:41:[m[K   required from ‘[01m[KDerived& Eigen::PlainObjectBase<Derived>::_set_noalias(const Eigen::DenseBase<OtherDerived>&) [with OtherDerived = Eigen::CwiseBinaryOp<Eigen::internal::scalar_sum_op<double>, const Eigen::CwiseBinaryOp<Eigen::internal::scalar_sum_op<double>, const Eigen::Matrix<double, 3, 1>, const Eigen::CwiseUnaryOp<Eigen::internal::scalar_multiple_op<double>, const Eigen::Matrix<double, 3, 1> > >, const Eigen::Matrix<double, 3, 1> >; Derived = Eigen::Matrix<double, 3, 1>][m[K’
[01m[K/usr/include/eigen3/Eigen/src/Core/PlainObjectBase.h:510:19:[m[K   required from ‘[01m[KEigen::PlainObjectBase<Derived>::PlainObjectBase(const Eigen::DenseBase<OtherDerived>&) [with OtherDerived = Eigen::CwiseBinaryOp<Eigen::internal::scalar_sum_op<double>, const Eigen::CwiseBinaryOp<Eigen::internal::scalar_sum_op<double>, const Eigen::Matrix<double, 3, 1>, const Eigen::CwiseUnaryOp<Eigen::internal::scalar_multiple_op<double>, const Eigen::Matrix<double, 3, 1> > >, const Eigen::Matrix<double, 3, 1> >; Derived = Eigen::Matrix<double, 3, 1>][m[K’
[01m[K/usr/include/eigen3/Eigen/src/Core/Matrix.h:379:29:[m[K   required from ‘[01m[KEigen::Matrix<_Scalar, _Rows, _Cols, _Options, _MaxRows, _MaxCols>::Matrix(const Eigen::EigenBase<OtherDerived>&) [with OtherDerived = Eigen::CwiseBinaryOp<Eigen::internal::scalar_sum_op<double>, const Eigen::CwiseBinaryOp<Eigen::internal::scalar_sum_op<double>, const Eigen::Matrix<double, 3, 1>, const Eigen::CwiseUnaryOp<Eigen::internal::scalar_multiple_op<double>, const Eigen::Matrix<double, 3, 1> > >, const Eigen::Matrix<double, 3, 1> >; _Scalar = double; int _Rows = 3; int _Cols = 1; int _Options = 0; int _MaxRows = 3; int _MaxCols = 1][m[K’
[01m[K/usr/include/eigen3/Eigen/src/Geometry/Quaternion.h:478:53:[m[K   required from ‘[01m[KEigen::QuaternionBase<Derived>::Vector3 Eigen::QuaternionBase<Derived>::_transformVector(const Vector3&) const [with Derived = Eigen::Quaternion<double>; Eigen::QuaternionBase<Derived>::Vector3 = Eigen::Matrix<double, 3, 1>; typename Eigen::internal::traits<T>::Scalar = double][m[K’
[01m[K/usr/include/eigen3/Eigen/src/Geometry/RotationBase.h:128:32:[m[K   required from ‘[01m[Kstatic Eigen::internal::rotation_base_generic_product_selector<RotationDerived, OtherVectorType, true>::ReturnType Eigen::internal::rotation_base_generic_product_selector<RotationDerived, OtherVectorType, true>::run(const RotationDerived&, const OtherVectorType&) [with RotationDerived = Eigen::Quaternion<double>; OtherVectorType = Eigen::CwiseUnaryOp<Eigen::internal::scalar_multiple_op<double>, const Eigen::Matrix<double, 3, 1> >; Eigen::internal::rotation_base_generic_product_selector<RotationDerived, OtherVectorType, true>::ReturnType = Eigen::Matrix<double, 3, 1>; typename RotationDerived::Scalar = double][m[K’
[01m[K/usr/include/eigen3/Eigen/src/Geometry/RotationBase.h:72:89:[m[K   required from ‘[01m[Ktypename Eigen::internal::rotation_base_generic_product_selector<Derived, OtherDerived, OtherDerived:: IsVectorAtCompileTime>::ReturnType Eigen::RotationBase<Derived, _Dim>::operator*(const Eigen::EigenBase<OtherDerived>&) const [with OtherDerived = Eigen::CwiseUnaryOp<Eigen::internal::scalar_multiple_op<double>, const Eigen::Matrix<double, 3, 1> >; Derived = Eigen::Quaternion<double>; int _Dim = 3; typename Eigen::internal::rotation_base_generic_product_selector<Derived, OtherDerived, OtherDerived:: IsVectorAtCompileTime>::ReturnType = Eigen::Matrix<double, 3, 1>][m[K’
[01m[K/home/davencyw/catkinws/dynvinsmono/src/VINS-Mono/pose_graph/src/utility/CameraPoseVisualization.cpp:126:35:[m[K   required from here
[01m[K/usr/include/eigen3/Eigen/src/Core/AssignEvaluator.h:74:57:[m[K [01;35m[Kwarning: [m[Kenum constant in boolean context [[01;35m[K-Wint-in-bool-context[m[K]
     MayLinearVectorize = [01;35m[KMightVectorize && MayLinearize && DstHasDirectAccess[m[K
                          [01;35m[K~~~~~~~~~~~~~~~~~~~~~~~~~~~~~~~^~~~~~~~~~~~~~~~~~~~~[m[K
[01m[K/usr/include/eigen3/Eigen/src/Core/AssignEvaluator.h:78:41:[m[K [01;35m[Kwarning: [m[Kenum constant in boolean context [[01;35m[K-Wint-in-bool-context[m[K]
     MaySliceVectorize  = [01;35m[KMightVectorize && DstHasDirectAccess[m[K
                          [01;35m[K~~~~~~~~~~~~~~~^~~~~~~~~~~~~~~~~~~~~[m[K
In file included from [01m[K/home/davencyw/catkinws/dynvinsmono/src/VINS-Mono/pose_graph/src/ThirdParty/VocabularyBinary.cpp:1:0[m[K:
[01m[K/home/davencyw/catkinws/dynvinsmono/src/VINS-Mono/pose_graph/src/ThirdParty/VocabularyBinary.hpp:[m[K In constructor ‘[01m[KVINSLoop::Vocabulary::Vocabulary()[m[K’:
[01m[K/home/davencyw/catkinws/dynvinsmono/src/VINS-Mono/pose_graph/src/ThirdParty/VocabularyBinary.hpp:31:11:[m[K [01;35m[Kwarning: [m[K‘[01m[KVINSLoop::Vocabulary::nodes[m[K’ will be initialized after [[01;35m[K-Wreorder[m[K]
     Node* [01;35m[Knodes[m[K;
           [01;35m[K^~~~~[m[K
[01m[K/home/davencyw/catkinws/dynvinsmono/src/VINS-Mono/pose_graph/src/ThirdParty/VocabularyBinary.hpp:29:13:[m[K [01;35m[Kwarning: [m[K  ‘[01m[Kint32_t VINSLoop::Vocabulary::nWords[m[K’ [[01;35m[K-Wreorder[m[K]
     int32_t [01;35m[KnWords[m[K;
             [01;35m[K^~~~~~[m[K
[01m[K/home/davencyw/catkinws/dynvinsmono/src/VINS-Mono/pose_graph/src/ThirdParty/VocabularyBinary.cpp:5:1:[m[K [01;35m[Kwarning: [m[K  when initialized here [[01;35m[K-Wreorder[m[K]
 [01;35m[KVINSLoop[m[K::Vocabulary::Vocabulary()
 [01;35m[K^~~~~~~~[m[K
