[35m[1mScanning dependencies of target pose_graph[0m
[  7%] [32mBuilding CXX object CMakeFiles/pose_graph.dir/src/pose_graph_node.cpp.o[0m
[ 14%] [32mBuilding CXX object CMakeFiles/pose_graph.dir/src/pose_graph.cpp.o[0m
[01m[K/home/davencyw/catkinws/dynvinsmono/src/VINS-Mono/pose_graph/src/pose_graph.cpp:[m[K In member function ‘[01m[Kint PoseGraph::detectLoop(KeyFrame*, int)[m[K’:
[01m[K/home/davencyw/catkinws/dynvinsmono/src/VINS-Mono/pose_graph/src/pose_graph.cpp:378:47:[m[K [01;35m[Kwarning: [m[Kcomparison between signed and unsigned integer expressions [-Wsign-compare]
             if (min_index == -1 || (ret[i].Id < min_index && ret[i].Score > 0.015))
[01;32m[K                                               ^[m[K
[ 21%] [32mBuilding CXX object CMakeFiles/pose_graph.dir/src/keyframe.cpp.o[0m
In file included from [01m[K/home/davencyw/catkinws/dynvinsmono/src/VINS-Mono/pose_graph/src/ThirdParty/DBoW/DBoW2.h:63:0[m[K,
                 from [01m[K/home/davencyw/catkinws/dynvinsmono/src/VINS-Mono/pose_graph/src/keyframe.h:13[m[K,
                 from [01m[K/home/davencyw/catkinws/dynvinsmono/src/VINS-Mono/pose_graph/src/pose_graph.h:17[m[K,
                 from [01m[K/home/davencyw/catkinws/dynvinsmono/src/VINS-Mono/pose_graph/src/pose_graph.cpp:1[m[K:
/home/davencyw/catkinws/dynvinsmono/src/VINS-Mono/pose_graph/src/ThirdParty/DBoW/TemplatedVocabulary.h: In instantiation of ‘[01m[Kvoid DBoW2::TemplatedVocabulary<TDescriptor, F>::loadBin(const string&) [with TDescriptor = boost::dynamic_bitset<>; F = DBoW2::FBrief; std::__cxx11::string = std::__cxx11::basic_string<char>][m[K’:
[01m[K/home/davencyw/catkinws/dynvinsmono/src/VINS-Mono/pose_graph/src/ThirdParty/DBoW/TemplatedVocabulary.h:439:12:[m[K   required from ‘[01m[KDBoW2::TemplatedVocabulary<TDescriptor, F>::TemplatedVocabulary(const string&) [with TDescriptor = boost::dynamic_bitset<>; F = DBoW2::FBrief; std::__cxx11::string = std::__cxx11::basic_string<char>][m[K’
[01m[K/home/davencyw/catkinws/dynvinsmono/src/VINS-Mono/pose_graph/src/pose_graph.cpp:38:39:[m[K   required from here
[01m[K/home/davencyw/catkinws/dynvinsmono/src/VINS-Mono/pose_graph/src/ThirdParty/DBoW/TemplatedVocabulary.h:1529:29:[m[K [01;35m[Kwarning: [m[Kcomparison between signed and unsigned integer expressions [-Wsign-compare]
   for(unsigned int i = 0; i < voc.nNodes; ++i)
[01;32m[K                             ^[m[K
[01m[K/home/davencyw/catkinws/dynvinsmono/src/VINS-Mono/pose_graph/src/ThirdParty/DBoW/TemplatedVocabulary.h:1553:29:[m[K [01;35m[Kwarning: [m[Kcomparison between signed and unsigned integer expressions [-Wsign-compare]
   for(unsigned int i = 0; i < voc.nWords; ++i)
[01;32m[K                             ^[m[K
[ 28%] [32mBuilding CXX object CMakeFiles/pose_graph.dir/src/utility/CameraPoseVisualization.cpp.o[0m
[ 35%] [32mBuilding CXX object CMakeFiles/pose_graph.dir/src/ThirdParty/DBoW/FBrief.cpp.o[0m
[ 42%] [32mBuilding CXX object CMakeFiles/pose_graph.dir/src/ThirdParty/DBoW/ScoringObject.cpp.o[0m
[ 50%] [32mBuilding CXX object CMakeFiles/pose_graph.dir/src/ThirdParty/DVision/BRIEF.cpp.o[0m
[ 57%] [32mBuilding CXX object CMakeFiles/pose_graph.dir/src/ThirdParty/VocabularyBinary.cpp.o[0m
In file included from [01m[K/home/davencyw/catkinws/dynvinsmono/src/VINS-Mono/pose_graph/src/ThirdParty/VocabularyBinary.cpp:1:0[m[K:
[01m[K/home/davencyw/catkinws/dynvinsmono/src/VINS-Mono/pose_graph/src/ThirdParty/VocabularyBinary.hpp:[m[K In constructor ‘[01m[KVINSLoop::Vocabulary::Vocabulary()[m[K’:
[01m[K/home/davencyw/catkinws/dynvinsmono/src/VINS-Mono/pose_graph/src/ThirdParty/VocabularyBinary.hpp:31:11:[m[K [01;35m[Kwarning: [m[K‘[01m[KVINSLoop::Vocabulary::nodes[m[K’ will be initialized after [-Wreorder]
     Node* nodes;
[01;32m[K           ^[m[K
[01m[K/home/davencyw/catkinws/dynvinsmono/src/VINS-Mono/pose_graph/src/ThirdParty/VocabularyBinary.hpp:29:13:[m[K [01;35m[Kwarning: [m[K  ‘[01m[Kint32_t VINSLoop::Vocabulary::nWords[m[K’ [-Wreorder]
     int32_t nWords;
[01;32m[K             ^[m[K
[01m[K/home/davencyw/catkinws/dynvinsmono/src/VINS-Mono/pose_graph/src/ThirdParty/VocabularyBinary.cpp:5:1:[m[K [01;35m[Kwarning: [m[K  when initialized here [-Wreorder]
 VINSLoop::Vocabulary::Vocabulary()
[01;32m[K ^[m[K
[ 64%] [32m[1mLinking CXX executable /home/davencyw/catkinws/dynvinsmono/devel/.private/pose_graph/lib/pose_graph/pose_graph[0m
[100%] Built target pose_graph
