In file included from [01m[K/home/davencyw/catkinws/dynvinsmono/src/VINS-Mono/vins_estimator/src/dynenv/cluster.cc:1:0[m[K:
[01m[K/home/davencyw/catkinws/dynvinsmono/src/VINS-Mono/vins_estimator/src/dynenv/cluster.h:75:27:[m[K [01;31m[Kerror: [m[Ka parameter cannot be declared ‘[01m[Kconstexpr[m[K’
          constexpr double eps, constexpr unsigned int minpts);
[01;32m[K                           ^[m[K
[01m[K/home/davencyw/catkinws/dynvinsmono/src/VINS-Mono/vins_estimator/src/dynenv/cluster.h:75:55:[m[K [01;31m[Kerror: [m[Ka parameter cannot be declared ‘[01m[Kconstexpr[m[K’
          constexpr double eps, constexpr unsigned int minpts);
[01;32m[K                                                       ^[m[K
[01m[K/home/davencyw/catkinws/dynvinsmono/src/VINS-Mono/vins_estimator/src/dynenv/cluster.cc:[m[K In member function ‘[01m[Kvirtual std::vector<Cluster> DbscanCluster::computecluster(std::vector<std::pair<FeaturePerId*, double> >&)[m[K’:
[01m[K/home/davencyw/catkinws/dynvinsmono/src/VINS-Mono/vins_estimator/src/dynenv/cluster.cc:220:1:[m[K [01;31m[Kerror: [m[Kexpected ‘[01m[K;[m[K’ before ‘[01m[K}[m[K’ token
 }
[01;32m[K ^[m[K
make[2]: *** [CMakeFiles/libdynenv.dir/src/dynenv/cluster.cc.o] Error 1
make[1]: *** [CMakeFiles/libdynenv.dir/all] Error 2
make[1]: *** Waiting for unfinished jobs....
In file included from [01m[K/home/davencyw/catkinws/dynvinsmono/src/VINS-Mono/vins_estimator/src/utility/../estimator.h:25:0[m[K,
                 from [01m[K/home/davencyw/catkinws/dynvinsmono/src/VINS-Mono/vins_estimator/src/utility/visualization.h:3[m[K,
                 from [01m[K/home/davencyw/catkinws/dynvinsmono/src/VINS-Mono/vins_estimator/src/utility/visualization.cpp:1[m[K:
[01m[K/home/davencyw/catkinws/dynvinsmono/src/VINS-Mono/vins_estimator/src/utility/../dynenv/cluster.h:75:27:[m[K [01;31m[Kerror: [m[Ka parameter cannot be declared ‘[01m[Kconstexpr[m[K’
          constexpr double eps, constexpr unsigned int minpts);
[01;32m[K                           ^[m[K
[01m[K/home/davencyw/catkinws/dynvinsmono/src/VINS-Mono/vins_estimator/src/utility/../dynenv/cluster.h:75:55:[m[K [01;31m[Kerror: [m[Ka parameter cannot be declared ‘[01m[Kconstexpr[m[K’
          constexpr double eps, constexpr unsigned int minpts);
[01;32m[K                                                       ^[m[K
make[2]: *** [CMakeFiles/libutility.dir/src/utility/visualization.cpp.o] Error 1
make[1]: *** [CMakeFiles/libutility.dir/all] Error 2
make: *** [all] Error 2
