In file included from [01m[K/home/davencyw/catkinws/dynvinsmono/src/VINS-Mono/vins_estimator/src/utility/../estimator.h:26:0[m[K,
                 from [01m[K/home/davencyw/catkinws/dynvinsmono/src/VINS-Mono/vins_estimator/src/utility/visualization.h:3[m[K,
                 from [01m[K/home/davencyw/catkinws/dynvinsmono/src/VINS-Mono/vins_estimator/src/utility/visualization.cpp:1[m[K:
[01m[K/home/davencyw/catkinws/dynvinsmono/src/VINS-Mono/vins_estimator/src/utility/../dynenv/pointclassifier.h:[m[K In member function ‘[01m[Kdouble ClassifyPoint::ExponentialWeighting(double)[m[K’:
[01m[K/home/davencyw/catkinws/dynvinsmono/src/VINS-Mono/vins_estimator/src/utility/../dynenv/pointclassifier.h:21:12:[m[K [01;31m[Kerror: [m[Kexpected primary-expression before ‘[01m[K=[m[K’ token
     return [01;31m[K=[m[K 1.0 - (local_weight - 1.0) / (expweightdist - 1.0);
            [01;31m[K^[m[K
[01m[K/home/davencyw/catkinws/dynvinsmono/src/VINS-Mono/vins_estimator/src/utility/../dynenv/pointclassifier.h:[m[K In member function ‘[01m[Kvirtual void classifyPointsDep3::classify(FeatureManager&)[m[K’:
[01m[K/home/davencyw/catkinws/dynvinsmono/src/VINS-Mono/vins_estimator/src/utility/../dynenv/pointclassifier.h:57:17:[m[K [01;31m[Kerror: [m[K‘[01m[Kdouble ClassifyPoint::Weighting(double, double)[m[K’ is private within this context
           0.5 * [01;31m[KWeighting[m[K(it_per_id.residual, it_per_id.estimated_depth);
                 [01;31m[K^~~~~~~~~[m[K
[01m[K/home/davencyw/catkinws/dynvinsmono/src/VINS-Mono/vins_estimator/src/utility/../dynenv/pointclassifier.h:24:17:[m[K [01;36m[Knote: [m[Kdeclared private here
   inline double [01;36m[KWeighting[m[K(const double residual, const double depth) {
                 [01;36m[K^~~~~~~~~[m[K
[01m[K/home/davencyw/catkinws/dynvinsmono/src/VINS-Mono/vins_estimator/src/utility/../dynenv/pointclassifier.h:57:72:[m[K [01;31m[Kerror: [m[K‘[01m[Kdouble ClassifyPoint::Weighting(double, double)[m[K’ is private within this context
           0.5 * Weighting(it_per_id.residual, it_per_id.estimated_depth[01;31m[K)[m[K;
                                                                        [01;31m[K^[m[K
[01m[K/home/davencyw/catkinws/dynvinsmono/src/VINS-Mono/vins_estimator/src/utility/../dynenv/pointclassifier.h:24:17:[m[K [01;36m[Knote: [m[Kdeclared private here
   inline double [01;36m[KWeighting[m[K(const double residual, const double depth) {
                 [01;36m[K^~~~~~~~~[m[K
[01m[K/home/davencyw/catkinws/dynvinsmono/src/VINS-Mono/vins_estimator/src/utility/../dynenv/pointclassifier.h:[m[K In member function ‘[01m[Kvirtual void classifyPointsNoDep::classify(FeatureManager&)[m[K’:
[01m[K/home/davencyw/catkinws/dynvinsmono/src/VINS-Mono/vins_estimator/src/utility/../dynenv/pointclassifier.h:68:11:[m[K [01;31m[Kerror: [m[K‘[01m[Kdouble ClassifyPoint::Weighting(double, double)[m[K’ is private within this context
           [01;31m[KWeighting[m[K(it_per_id.residual, it_per_id.estimated_depth);
           [01;31m[K^~~~~~~~~[m[K
[01m[K/home/davencyw/catkinws/dynvinsmono/src/VINS-Mono/vins_estimator/src/utility/../dynenv/pointclassifier.h:24:17:[m[K [01;36m[Knote: [m[Kdeclared private here
   inline double [01;36m[KWeighting[m[K(const double residual, const double depth) {
                 [01;36m[K^~~~~~~~~[m[K
[01m[K/home/davencyw/catkinws/dynvinsmono/src/VINS-Mono/vins_estimator/src/utility/../dynenv/pointclassifier.h:68:66:[m[K [01;31m[Kerror: [m[K‘[01m[Kdouble ClassifyPoint::Weighting(double, double)[m[K’ is private within this context
           Weighting(it_per_id.residual, it_per_id.estimated_depth[01;31m[K)[m[K;
                                                                  [01;31m[K^[m[K
[01m[K/home/davencyw/catkinws/dynvinsmono/src/VINS-Mono/vins_estimator/src/utility/../dynenv/pointclassifier.h:24:17:[m[K [01;36m[Knote: [m[Kdeclared private here
   inline double [01;36m[KWeighting[m[K(const double residual, const double depth) {
                 [01;36m[K^~~~~~~~~[m[K
make[2]: *** [CMakeFiles/libutility.dir/src/utility/visualization.cpp.o] Error 1
make[1]: *** [CMakeFiles/libutility.dir/all] Error 2
make: *** [all] Error 2
