[01m[K/home/davencyw/catkinws/dynvinsmono/src/VINS-Mono/vins_estimator/src/dynenv/cluster.cc:[m[K In member function ‘[01m[Kvoid DbscanCluster::dbscan(const std::vector<std::pair<FeaturePerId*, double> >&, double, unsigned int)[m[K’:
[01m[K/home/davencyw/catkinws/dynvinsmono/src/VINS-Mono/vins_estimator/src/dynenv/cluster.cc:231:19:[m[K [01;31m[Kerror: [m[Kconflicting declaration ‘[01m[KEigen::VectorXi labels[m[K’
   Eigen::VectorXi labels = Eigen::VectorXi::Constant(numcandidates, UNDEFINED_);
[01;32m[K                   ^[m[K
[01m[K/home/davencyw/catkinws/dynvinsmono/src/VINS-Mono/vins_estimator/src/dynenv/cluster.cc:229:31:[m[K [01;36m[Knote: [m[Kprevious declaration as ‘[01m[Kstd::map<unsigned int, int> labels[m[K’
   std::map<unsigned int, int> labels;
[01;32m[K                               ^[m[K
[01m[K/home/davencyw/catkinws/dynvinsmono/src/VINS-Mono/vins_estimator/src/dynenv/cluster.cc:251:8:[m[K [01;31m[Kerror: [m[Kexpected primary-expression before ‘[01m[K)[m[K’ token
   for ()
[01;32m[K        ^[m[K
[01m[K/home/davencyw/catkinws/dynvinsmono/src/VINS-Mono/vins_estimator/src/dynenv/cluster.cc:252:1:[m[K [01;31m[Kerror: [m[Kexpected primary-expression before ‘[01m[K}[m[K’ token
 }
[01;32m[K ^[m[K
[01m[K/home/davencyw/catkinws/dynvinsmono/src/VINS-Mono/vins_estimator/src/dynenv/cluster.cc:252:1:[m[K [01;31m[Kerror: [m[Kexpected ‘[01m[K;[m[K’ before ‘[01m[K}[m[K’ token
[01m[K/home/davencyw/catkinws/dynvinsmono/src/VINS-Mono/vins_estimator/src/dynenv/cluster.cc:252:1:[m[K [01;31m[Kerror: [m[Kexpected primary-expression before ‘[01m[K}[m[K’ token
[01m[K/home/davencyw/catkinws/dynvinsmono/src/VINS-Mono/vins_estimator/src/dynenv/cluster.cc:252:1:[m[K [01;31m[Kerror: [m[Kexpected ‘[01m[K)[m[K’ before ‘[01m[K}[m[K’ token
[01m[K/home/davencyw/catkinws/dynvinsmono/src/VINS-Mono/vins_estimator/src/dynenv/cluster.cc:252:1:[m[K [01;31m[Kerror: [m[Kexpected primary-expression before ‘[01m[K}[m[K’ token
make[2]: *** [CMakeFiles/libdynenv.dir/src/dynenv/cluster.cc.o] Error 1
make[1]: *** [CMakeFiles/libdynenv.dir/all] Error 2
make: *** [all] Error 2
