In file included from [01m[K/home/davencyw/catkinws/dynvinsmono/src/VINS-Mono/vins_estimator/src/estimator.h:11:0[m[K,
                 from [01m[K/home/davencyw/catkinws/dynvinsmono/src/VINS-Mono/vins_estimator/src/estimator.cpp:1[m[K:
[01m[K/home/davencyw/catkinws/dynvinsmono/src/VINS-Mono/vins_estimator/src/utility/visualization.h:38:36:[m[K [01;31m[Kerror: [m[Kvariable or field ‘[01m[KpubImageFeatureClassification[m[K’ declared void
 void pubImageFeatureClassification([01;31m[KEstimator[m[K *estimator, cv::Mat image);
                                    [01;31m[K^~~~~~~~~[m[K
[01m[K/home/davencyw/catkinws/dynvinsmono/src/VINS-Mono/vins_estimator/src/utility/visualization.h:38:36:[m[K [01;31m[Kerror: [m[K‘[01m[KEstimator[m[K’ was not declared in this scope
[01m[K/home/davencyw/catkinws/dynvinsmono/src/VINS-Mono/vins_estimator/src/utility/visualization.h:38:36:[m[K [01;36m[Knote: [m[Ksuggested alternative:
In file included from [01m[K/opt/ros/kinetic/include/opencv-3.3.1-dev/opencv2/stitching.hpp:50:0[m[K,
                 from [01m[K/opt/ros/kinetic/include/opencv-3.3.1-dev/opencv2/opencv.hpp:86[m[K,
                 from [01m[K/home/davencyw/catkinws/dynvinsmono/src/VINS-Mono/vins_estimator/src/parameters.h:7[m[K,
                 from [01m[K/home/davencyw/catkinws/dynvinsmono/src/VINS-Mono/vins_estimator/src/feature_manager.h:16[m[K,
                 from [01m[K/home/davencyw/catkinws/dynvinsmono/src/VINS-Mono/vins_estimator/src/estimator.h:3[m[K,
                 from [01m[K/home/davencyw/catkinws/dynvinsmono/src/VINS-Mono/vins_estimator/src/estimator.cpp:1[m[K:
[01m[K/opt/ros/kinetic/include/opencv-3.3.1-dev/opencv2/stitching/detail/motion_estimators.hpp:65:18:[m[K [01;36m[Knote: [m[K  ‘[01m[Kcv::detail::Estimator[m[K’
 class CV_EXPORTS [01;36m[KEstimator[m[K
                  [01;36m[K^~~~~~~~~[m[K
In file included from [01m[K/home/davencyw/catkinws/dynvinsmono/src/VINS-Mono/vins_estimator/src/estimator.h:11:0[m[K,
                 from [01m[K/home/davencyw/catkinws/dynvinsmono/src/VINS-Mono/vins_estimator/src/estimator.cpp:1[m[K:
[01m[K/home/davencyw/catkinws/dynvinsmono/src/VINS-Mono/vins_estimator/src/utility/visualization.h:38:47:[m[K [01;31m[Kerror: [m[K‘[01m[Kestimator[m[K’ was not declared in this scope
 void pubImageFeatureClassification(Estimator *[01;31m[Kestimator[m[K, cv::Mat image);
                                               [01;31m[K^~~~~~~~~[m[K
[01m[K/home/davencyw/catkinws/dynvinsmono/src/VINS-Mono/vins_estimator/src/utility/visualization.h:38:66:[m[K [01;31m[Kerror: [m[Kexpected primary-expression before ‘[01m[Kimage[m[K’
 void pubImageFeatureClassification(Estimator *estimator, cv::Mat [01;31m[Kimage[m[K);
                                                                  [01;31m[K^~~~~[m[K
[01m[K/home/davencyw/catkinws/dynvinsmono/src/VINS-Mono/vins_estimator/src/utility/visualization.h:44:28:[m[K [01;31m[Kerror: [m[K‘[01m[KEstimator[m[K’ does not name a type
 void printStatistics(const [01;31m[KEstimator[m[K &estimator, double t);
                            [01;31m[K^~~~~~~~~[m[K
[01m[K/home/davencyw/catkinws/dynvinsmono/src/VINS-Mono/vins_estimator/src/utility/visualization.h:46:24:[m[K [01;31m[Kerror: [m[K‘[01m[KEstimator[m[K’ does not name a type
 void pubOdometry(const [01;31m[KEstimator[m[K &estimator, const std_msgs::Header &header);
                        [01;31m[K^~~~~~~~~[m[K
[01m[K/home/davencyw/catkinws/dynvinsmono/src/VINS-Mono/vins_estimator/src/utility/visualization.h:48:28:[m[K [01;31m[Kerror: [m[K‘[01m[KEstimator[m[K’ does not name a type
 void pubInitialGuess(const [01;31m[KEstimator[m[K &estimator,
                            [01;31m[K^~~~~~~~~[m[K
[01m[K/home/davencyw/catkinws/dynvinsmono/src/VINS-Mono/vins_estimator/src/utility/visualization.h:51:24:[m[K [01;31m[Kerror: [m[K‘[01m[KEstimator[m[K’ does not name a type
 void pubKeyPoses(const [01;31m[KEstimator[m[K &estimator, const std_msgs::Header &header);
                        [01;31m[K^~~~~~~~~[m[K
[01m[K/home/davencyw/catkinws/dynvinsmono/src/VINS-Mono/vins_estimator/src/utility/visualization.h:53:26:[m[K [01;31m[Kerror: [m[K‘[01m[KEstimator[m[K’ does not name a type
 void pubCameraPose(const [01;31m[KEstimator[m[K &estimator, const std_msgs::Header &header);
                          [01;31m[K^~~~~~~~~[m[K
[01m[K/home/davencyw/catkinws/dynvinsmono/src/VINS-Mono/vins_estimator/src/utility/visualization.h:55:26:[m[K [01;31m[Kerror: [m[K‘[01m[KEstimator[m[K’ does not name a type
 void pubPointCloud(const [01;31m[KEstimator[m[K &estimator, const std_msgs::Header &header);
                          [01;31m[K^~~~~~~~~[m[K
[01m[K/home/davencyw/catkinws/dynvinsmono/src/VINS-Mono/vins_estimator/src/utility/visualization.h:57:18:[m[K [01;31m[Kerror: [m[K‘[01m[KEstimator[m[K’ does not name a type
 void pubTF(const [01;31m[KEstimator[m[K &estimator, const std_msgs::Header &header);
                  [01;31m[K^~~~~~~~~[m[K
[01m[K/home/davencyw/catkinws/dynvinsmono/src/VINS-Mono/vins_estimator/src/utility/visualization.h:59:24:[m[K [01;31m[Kerror: [m[K‘[01m[KEstimator[m[K’ does not name a type
 void pubKeyframe(const [01;31m[KEstimator[m[K &estimator);
                        [01;31m[K^~~~~~~~~[m[K
[01m[K/home/davencyw/catkinws/dynvinsmono/src/VINS-Mono/vins_estimator/src/utility/visualization.h:61:30:[m[K [01;31m[Kerror: [m[K‘[01m[KEstimator[m[K’ does not name a type
 void pubRelocalization(const [01;31m[KEstimator[m[K &estimator);
                              [01;31m[K^~~~~~~~~[m[K
In file included from [01m[K/home/davencyw/catkinws/dynvinsmono/src/VINS-Mono/vins_estimator/src/estimator.h:11:0[m[K,
                 from [01m[K/home/davencyw/catkinws/dynvinsmono/src/VINS-Mono/vins_estimator/src/estimator_node.cpp:12[m[K:
[01m[K/home/davencyw/catkinws/dynvinsmono/src/VINS-Mono/vins_estimator/src/utility/visualization.h:38:36:[m[K [01;31m[Kerror: [m[Kvariable or field ‘[01m[KpubImageFeatureClassification[m[K’ declared void
 void pubImageFeatureClassification([01;31m[KEstimator[m[K *estimator, cv::Mat image);
                                    [01;31m[K^~~~~~~~~[m[K
[01m[K/home/davencyw/catkinws/dynvinsmono/src/VINS-Mono/vins_estimator/src/utility/visualization.h:38:36:[m[K [01;31m[Kerror: [m[K‘[01m[KEstimator[m[K’ was not declared in this scope
[01m[K/home/davencyw/catkinws/dynvinsmono/src/VINS-Mono/vins_estimator/src/utility/visualization.h:38:36:[m[K [01;36m[Knote: [m[Ksuggested alternative:
In file included from [01m[K/opt/ros/kinetic/include/opencv-3.3.1-dev/opencv2/stitching.hpp:50:0[m[K,
                 from [01m[K/opt/ros/kinetic/include/opencv-3.3.1-dev/opencv2/opencv.hpp:86[m[K,
                 from [01m[K/home/davencyw/catkinws/dynvinsmono/src/VINS-Mono/vins_estimator/src/estimator_node.cpp:6[m[K:
[01m[K/opt/ros/kinetic/include/opencv-3.3.1-dev/opencv2/stitching/detail/motion_estimators.hpp:65:18:[m[K [01;36m[Knote: [m[K  ‘[01m[Kcv::detail::Estimator[m[K’
 class CV_EXPORTS [01;36m[KEstimator[m[K
                  [01;36m[K^~~~~~~~~[m[K
In file included from [01m[K/home/davencyw/catkinws/dynvinsmono/src/VINS-Mono/vins_estimator/src/estimator.h:11:0[m[K,
                 from [01m[K/home/davencyw/catkinws/dynvinsmono/src/VINS-Mono/vins_estimator/src/estimator_node.cpp:12[m[K:
[01m[K/home/davencyw/catkinws/dynvinsmono/src/VINS-Mono/vins_estimator/src/utility/visualization.h:38:47:[m[K [01;31m[Kerror: [m[K‘[01m[Kestimator[m[K’ was not declared in this scope
 void pubImageFeatureClassification(Estimator *[01;31m[Kestimator[m[K, cv::Mat image);
                                               [01;31m[K^~~~~~~~~[m[K
[01m[K/home/davencyw/catkinws/dynvinsmono/src/VINS-Mono/vins_estimator/src/utility/visualization.h:38:66:[m[K [01;31m[Kerror: [m[Kexpected primary-expression before ‘[01m[Kimage[m[K’
 void pubImageFeatureClassification(Estimator *estimator, cv::Mat [01;31m[Kimage[m[K);
                                                                  [01;31m[K^~~~~[m[K
[01m[K/home/davencyw/catkinws/dynvinsmono/src/VINS-Mono/vins_estimator/src/utility/visualization.h:44:28:[m[K [01;31m[Kerror: [m[K‘[01m[KEstimator[m[K’ does not name a type
 void printStatistics(const [01;31m[KEstimator[m[K &estimator, double t);
                            [01;31m[K^~~~~~~~~[m[K
[01m[K/home/davencyw/catkinws/dynvinsmono/src/VINS-Mono/vins_estimator/src/utility/visualization.h:46:24:[m[K [01;31m[Kerror: [m[K‘[01m[KEstimator[m[K’ does not name a type
 void pubOdometry(const [01;31m[KEstimator[m[K &estimator, const std_msgs::Header &header);
                        [01;31m[K^~~~~~~~~[m[K
[01m[K/home/davencyw/catkinws/dynvinsmono/src/VINS-Mono/vins_estimator/src/utility/visualization.h:48:28:[m[K [01;31m[Kerror: [m[K‘[01m[KEstimator[m[K’ does not name a type
 void pubInitialGuess(const [01;31m[KEstimator[m[K &estimator,
                            [01;31m[K^~~~~~~~~[m[K
[01m[K/home/davencyw/catkinws/dynvinsmono/src/VINS-Mono/vins_estimator/src/utility/visualization.h:51:24:[m[K [01;31m[Kerror: [m[K‘[01m[KEstimator[m[K’ does not name a type
 void pubKeyPoses(const [01;31m[KEstimator[m[K &estimator, const std_msgs::Header &header);
                        [01;31m[K^~~~~~~~~[m[K
[01m[K/home/davencyw/catkinws/dynvinsmono/src/VINS-Mono/vins_estimator/src/utility/visualization.h:53:26:[m[K [01;31m[Kerror: [m[K‘[01m[KEstimator[m[K’ does not name a type
 void pubCameraPose(const [01;31m[KEstimator[m[K &estimator, const std_msgs::Header &header);
                          [01;31m[K^~~~~~~~~[m[K
[01m[K/home/davencyw/catkinws/dynvinsmono/src/VINS-Mono/vins_estimator/src/utility/visualization.h:55:26:[m[K [01;31m[Kerror: [m[K‘[01m[KEstimator[m[K’ does not name a type
 void pubPointCloud(const [01;31m[KEstimator[m[K &estimator, const std_msgs::Header &header);
                          [01;31m[K^~~~~~~~~[m[K
[01m[K/home/davencyw/catkinws/dynvinsmono/src/VINS-Mono/vins_estimator/src/utility/visualization.h:57:18:[m[K [01;31m[Kerror: [m[K‘[01m[KEstimator[m[K’ does not name a type
 void pubTF(const [01;31m[KEstimator[m[K &estimator, const std_msgs::Header &header);
                  [01;31m[K^~~~~~~~~[m[K
[01m[K/home/davencyw/catkinws/dynvinsmono/src/VINS-Mono/vins_estimator/src/utility/visualization.h:59:24:[m[K [01;31m[Kerror: [m[K‘[01m[KEstimator[m[K’ does not name a type
 void pubKeyframe(const [01;31m[KEstimator[m[K &estimator);
                        [01;31m[K^~~~~~~~~[m[K
[01m[K/home/davencyw/catkinws/dynvinsmono/src/VINS-Mono/vins_estimator/src/utility/visualization.h:61:30:[m[K [01;31m[Kerror: [m[K‘[01m[KEstimator[m[K’ does not name a type
 void pubRelocalization(const [01;31m[KEstimator[m[K &estimator);
                              [01;31m[K^~~~~~~~~[m[K
[01m[K/home/davencyw/catkinws/dynvinsmono/src/VINS-Mono/vins_estimator/src/estimator_node.cpp:[m[K In function ‘[01m[Kvoid process()[m[K’:
[01m[K/home/davencyw/catkinws/dynvinsmono/src/VINS-Mono/vins_estimator/src/estimator_node.cpp:314:41:[m[K [01;31m[Kerror: [m[Kinvalid initialization of reference of type ‘[01m[Kconst int&[m[K’ from expression of type ‘[01m[KEstimator[m[K’
       printStatistics(estimator, whole_t[01;31m[K)[m[K;
                                         [01;31m[K^[m[K
In file included from [01m[K/home/davencyw/catkinws/dynvinsmono/src/VINS-Mono/vins_estimator/src/estimator.h:11:0[m[K,
                 from [01m[K/home/davencyw/catkinws/dynvinsmono/src/VINS-Mono/vins_estimator/src/estimator_node.cpp:12[m[K:
[01m[K/home/davencyw/catkinws/dynvinsmono/src/VINS-Mono/vins_estimator/src/utility/visualization.h:44:6:[m[K [01;36m[Knote: [m[Kin passing argument 1 of ‘[01m[Kvoid printStatistics(const int&, double)[m[K’
 void [01;36m[KprintStatistics[m[K(const Estimator &estimator, double t);
      [01;36m[K^~~~~~~~~~~~~~~[m[K
[01m[K/home/davencyw/catkinws/dynvinsmono/src/VINS-Mono/vins_estimator/src/estimator_node.cpp:318:36:[m[K [01;31m[Kerror: [m[Kinvalid initialization of reference of type ‘[01m[Kconst int&[m[K’ from expression of type ‘[01m[KEstimator[m[K’
       pubOdometry(estimator, header[01;31m[K)[m[K;
                                    [01;31m[K^[m[K
In file included from [01m[K/home/davencyw/catkinws/dynvinsmono/src/VINS-Mono/vins_estimator/src/estimator.h:11:0[m[K,
                 from [01m[K/home/davencyw/catkinws/dynvinsmono/src/VINS-Mono/vins_estimator/src/estimator_node.cpp:12[m[K:
[01m[K/home/davencyw/catkinws/dynvinsmono/src/VINS-Mono/vins_estimator/src/utility/visualization.h:46:6:[m[K [01;36m[Knote: [m[Kin passing argument 1 of ‘[01m[Kvoid pubOdometry(const int&, const Header&)[m[K’
 void [01;36m[KpubOdometry[m[K(const Estimator &estimator, const std_msgs::Header &header);
      [01;36m[K^~~~~~~~~~~[m[K
[01m[K/home/davencyw/catkinws/dynvinsmono/src/VINS-Mono/vins_estimator/src/estimator_node.cpp:319:36:[m[K [01;31m[Kerror: [m[Kinvalid initialization of reference of type ‘[01m[Kconst int&[m[K’ from expression of type ‘[01m[KEstimator[m[K’
       pubKeyPoses(estimator, header[01;31m[K)[m[K;
                                    [01;31m[K^[m[K
In file included from [01m[K/home/davencyw/catkinws/dynvinsmono/src/VINS-Mono/vins_estimator/src/estimator.h:11:0[m[K,
                 from [01m[K/home/davencyw/catkinws/dynvinsmono/src/VINS-Mono/vins_estimator/src/estimator_node.cpp:12[m[K:
[01m[K/home/davencyw/catkinws/dynvinsmono/src/VINS-Mono/vins_estimator/src/utility/visualization.h:51:6:[m[K [01;36m[Knote: [m[Kin passing argument 1 of ‘[01m[Kvoid pubKeyPoses(const int&, const Header&)[m[K’
 void [01;36m[KpubKeyPoses[m[K(const Estimator &estimator, const std_msgs::Header &header);
      [01;36m[K^~~~~~~~~~~[m[K
[01m[K/home/davencyw/catkinws/dynvinsmono/src/VINS-Mono/vins_estimator/src/estimator_node.cpp:320:38:[m[K [01;31m[Kerror: [m[Kinvalid initialization of reference of type ‘[01m[Kconst int&[m[K’ from expression of type ‘[01m[KEstimator[m[K’
       pubCameraPose(estimator, header[01;31m[K)[m[K;
                                      [01;31m[K^[m[K
In file included from [01m[K/home/davencyw/catkinws/dynvinsmono/src/VINS-Mono/vins_estimator/src/estimator.h:11:0[m[K,
                 from [01m[K/home/davencyw/catkinws/dynvinsmono/src/VINS-Mono/vins_estimator/src/estimator_node.cpp:12[m[K:
[01m[K/home/davencyw/catkinws/dynvinsmono/src/VINS-Mono/vins_estimator/src/utility/visualization.h:53:6:[m[K [01;36m[Knote: [m[Kin passing argument 1 of ‘[01m[Kvoid pubCameraPose(const int&, const Header&)[m[K’
 void [01;36m[KpubCameraPose[m[K(const Estimator &estimator, const std_msgs::Header &header);
      [01;36m[K^~~~~~~~~~~~~[m[K
[01m[K/home/davencyw/catkinws/dynvinsmono/src/VINS-Mono/vins_estimator/src/estimator_node.cpp:321:38:[m[K [01;31m[Kerror: [m[Kinvalid initialization of reference of type ‘[01m[Kconst int&[m[K’ from expression of type ‘[01m[KEstimator[m[K’
       pubPointCloud(estimator, header[01;31m[K)[m[K;
                                      [01;31m[K^[m[K
In file included from [01m[K/home/davencyw/catkinws/dynvinsmono/src/VINS-Mono/vins_estimator/src/estimator.h:11:0[m[K,
                 from [01m[K/home/davencyw/catkinws/dynvinsmono/src/VINS-Mono/vins_estimator/src/estimator_node.cpp:12[m[K:
[01m[K/home/davencyw/catkinws/dynvinsmono/src/VINS-Mono/vins_estimator/src/utility/visualization.h:55:6:[m[K [01;36m[Knote: [m[Kin passing argument 1 of ‘[01m[Kvoid pubPointCloud(const int&, const Header&)[m[K’
 void [01;36m[KpubPointCloud[m[K(const Estimator &estimator, const std_msgs::Header &header);
      [01;36m[K^~~~~~~~~~~~~[m[K
[01m[K/home/davencyw/catkinws/dynvinsmono/src/VINS-Mono/vins_estimator/src/estimator_node.cpp:322:30:[m[K [01;31m[Kerror: [m[Kinvalid initialization of reference of type ‘[01m[Kconst int&[m[K’ from expression of type ‘[01m[KEstimator[m[K’
       pubTF(estimator, header[01;31m[K)[m[K;
                              [01;31m[K^[m[K
In file included from [01m[K/home/davencyw/catkinws/dynvinsmono/src/VINS-Mono/vins_estimator/src/estimator.h:11:0[m[K,
                 from [01m[K/home/davencyw/catkinws/dynvinsmono/src/VINS-Mono/vins_estimator/src/estimator_node.cpp:12[m[K:
[01m[K/home/davencyw/catkinws/dynvinsmono/src/VINS-Mono/vins_estimator/src/utility/visualization.h:57:6:[m[K [01;36m[Knote: [m[Kin passing argument 1 of ‘[01m[Kvoid pubTF(const int&, const Header&)[m[K’
 void [01;36m[KpubTF[m[K(const Estimator &estimator, const std_msgs::Header &header);
      [01;36m[K^~~~~[m[K
[01m[K/home/davencyw/catkinws/dynvinsmono/src/VINS-Mono/vins_estimator/src/estimator_node.cpp:323:28:[m[K [01;31m[Kerror: [m[Kinvalid initialization of reference of type ‘[01m[Kconst int&[m[K’ from expression of type ‘[01m[KEstimator[m[K’
       pubKeyframe(estimator[01;31m[K)[m[K;
                            [01;31m[K^[m[K
In file included from [01m[K/home/davencyw/catkinws/dynvinsmono/src/VINS-Mono/vins_estimator/src/estimator.h:11:0[m[K,
                 from [01m[K/home/davencyw/catkinws/dynvinsmono/src/VINS-Mono/vins_estimator/src/estimator_node.cpp:12[m[K:
[01m[K/home/davencyw/catkinws/dynvinsmono/src/VINS-Mono/vins_estimator/src/utility/visualization.h:59:6:[m[K [01;36m[Knote: [m[Kin passing argument 1 of ‘[01m[Kvoid pubKeyframe(const int&)[m[K’
 void [01;36m[KpubKeyframe[m[K(const Estimator &estimator);
      [01;36m[K^~~~~~~~~~~[m[K
[01m[K/home/davencyw/catkinws/dynvinsmono/src/VINS-Mono/vins_estimator/src/estimator_node.cpp:329:36:[m[K [01;31m[Kerror: [m[Kinvalid initialization of reference of type ‘[01m[Kconst int&[m[K’ from expression of type ‘[01m[KEstimator[m[K’
         pubRelocalization(estimator[01;31m[K)[m[K;
                                    [01;31m[K^[m[K
In file included from [01m[K/home/davencyw/catkinws/dynvinsmono/src/VINS-Mono/vins_estimator/src/estimator.h:11:0[m[K,
                 from [01m[K/home/davencyw/catkinws/dynvinsmono/src/VINS-Mono/vins_estimator/src/estimator_node.cpp:12[m[K:
[01m[K/home/davencyw/catkinws/dynvinsmono/src/VINS-Mono/vins_estimator/src/utility/visualization.h:61:6:[m[K [01;36m[Knote: [m[Kin passing argument 1 of ‘[01m[Kvoid pubRelocalization(const int&)[m[K’
 void [01;36m[KpubRelocalization[m[K(const Estimator &estimator);
      [01;36m[K^~~~~~~~~~~~~~~~~[m[K
[01m[K/home/davencyw/catkinws/dynvinsmono/src/VINS-Mono/vins_estimator/src/estimator.cpp:[m[K In member function ‘[01m[Kvoid Estimator::solveOdometry()[m[K’:
[01m[K/home/davencyw/catkinws/dynvinsmono/src/VINS-Mono/vins_estimator/src/estimator.cpp:437:5:[m[K [01;31m[Kerror: [m[K‘[01m[KpubImageFeatureClassification[m[K’ was not declared in this scope
     [01;31m[KpubImageFeatureClassification[m[K(this, orig_image);
     [01;31m[K^~~~~~~~~~~~~~~~~~~~~~~~~~~~~[m[K
[01m[K/home/davencyw/catkinws/dynvinsmono/src/VINS-Mono/vins_estimator/src/estimator.cpp:437:5:[m[K [01;36m[Knote: [m[Ksuggested alternative: ‘[01m[Kpub_image_feature_classification[m[K’
     [01;36m[KpubImageFeatureClassification[m[K(this, orig_image);
     [01;36m[K^~~~~~~~~~~~~~~~~~~~~~~~~~~~~[m[K
     [32m[Kpub_image_feature_classification[m[K
make[2]: *** [CMakeFiles/vins_estimator.dir/src/estimator_node.cpp.o] Error 1
make[2]: *** Waiting for unfinished jobs....
make[2]: *** [CMakeFiles/vins_estimator.dir/src/estimator.cpp.o] Error 1
make[1]: *** [CMakeFiles/vins_estimator.dir/all] Error 2
make: *** [all] Error 2
