[01m[K/home/davencyw/catkinws/dynvinsmono/src/VINS-Mono/vins_estimator/src/dynenv/cluster.cc:[m[K In member function ‘[01m[Kvoid ClusterAlgorithm::cluster(FeatureManager&, int, std::deque<Cluster>&)[m[K’:
[01m[K/home/davencyw/catkinws/dynvinsmono/src/VINS-Mono/vins_estimator/src/dynenv/cluster.cc:12:57:[m[K [01;31m[Kerror: [m[Kno matching function for call to ‘[01m[KClusterAlgorithm::selectPoints(FeatureManager&, std::vector<FeaturePerId*>&, const int&)[m[K’
   selectPoints(f_manager, cluster_candidates, framecount);
[01;32m[K                                                         ^[m[K
In file included from [01m[K/home/davencyw/catkinws/dynvinsmono/src/VINS-Mono/vins_estimator/src/dynenv/cluster.cc:1:0[m[K:
[01m[K/home/davencyw/catkinws/dynvinsmono/src/VINS-Mono/vins_estimator/src/dynenv/cluster.h:31:8:[m[K [01;36m[Knote: [m[Kcandidate: void ClusterAlgorithm::selectPoints(FeatureManager&, std::vector<FeaturePerId*>&, std::deque<Cluster>&, int)
   void selectPoints(FeatureManager &f_manager,
[01;32m[K        ^[m[K
[01m[K/home/davencyw/catkinws/dynvinsmono/src/VINS-Mono/vins_estimator/src/dynenv/cluster.h:31:8:[m[K [01;36m[Knote: [m[K  candidate expects 4 arguments, 3 provided
[01m[K/home/davencyw/catkinws/dynvinsmono/src/VINS-Mono/vins_estimator/src/dynenv/cluster.cc:[m[K In member function ‘[01m[Kvoid ClusterAlgorithm::selectPoints(FeatureManager&, std::vector<FeaturePerId*>&, std::deque<Cluster>&, int)[m[K’:
[01m[K/home/davencyw/catkinws/dynvinsmono/src/VINS-Mono/vins_estimator/src/dynenv/cluster.cc:65:49:[m[K [01;31m[Kerror: [m[Kno matching function for call to ‘[01m[Kstd::vector<FeaturePerId*>::push_back(FeaturePerId*, int)[m[K’
       cluster_candidates.push_back(&it_per_id, 0);
[01;32m[K                                                 ^[m[K
In file included from [01m[K/usr/include/c++/5/vector:64:0[m[K,
                 from [01m[K/usr/include/c++/5/bits/random.h:34[m[K,
                 from [01m[K/usr/include/c++/5/random:49[m[K,
                 from [01m[K/usr/include/c++/5/bits/stl_algo.h:66[m[K,
                 from [01m[K/usr/include/c++/5/algorithm:62[m[K,
                 from [01m[K/home/davencyw/catkinws/dynvinsmono/src/VINS-Mono/vins_estimator/src/dynenv/../feature_manager.h:4[m[K,
                 from [01m[K/home/davencyw/catkinws/dynvinsmono/src/VINS-Mono/vins_estimator/src/dynenv/cluster.h:4[m[K,
                 from [01m[K/home/davencyw/catkinws/dynvinsmono/src/VINS-Mono/vins_estimator/src/dynenv/cluster.cc:1[m[K:
[01m[K/usr/include/c++/5/bits/stl_vector.h:913:7:[m[K [01;36m[Knote: [m[Kcandidate: void std::vector<_Tp, _Alloc>::push_back(const value_type&) [with _Tp = FeaturePerId*; _Alloc = std::allocator<FeaturePerId*>; std::vector<_Tp, _Alloc>::value_type = FeaturePerId*]
       push_back(const value_type& __x)
[01;32m[K       ^[m[K
[01m[K/usr/include/c++/5/bits/stl_vector.h:913:7:[m[K [01;36m[Knote: [m[K  candidate expects 1 argument, 2 provided
[01m[K/usr/include/c++/5/bits/stl_vector.h:931:7:[m[K [01;36m[Knote: [m[Kcandidate: void std::vector<_Tp, _Alloc>::push_back(std::vector<_Tp, _Alloc>::value_type&&) [with _Tp = FeaturePerId*; _Alloc = std::allocator<FeaturePerId*>; std::vector<_Tp, _Alloc>::value_type = FeaturePerId*]
       push_back(value_type&& __x)
[01;32m[K       ^[m[K
[01m[K/usr/include/c++/5/bits/stl_vector.h:931:7:[m[K [01;36m[Knote: [m[K  candidate expects 1 argument, 2 provided
make[2]: *** [CMakeFiles/libdynenv.dir/src/dynenv/cluster.cc.o] Error 1
make[1]: *** [CMakeFiles/libdynenv.dir/all] Error 2
make[1]: *** Waiting for unfinished jobs....
make: *** [all] Error 2
