[01m[K/home/davencyw/catkinws/dynvinsmono/src/VINS-Mono/vins_estimator/src/factor/projection_factor.cpp:[m[K In member function ‘[01m[Kvirtual bool ProjectionFactor::Evaluate(const double* const*, double*, double**) const[m[K’:
[01m[K/home/davencyw/catkinws/dynvinsmono/src/VINS-Mono/vins_estimator/src/factor/projection_factor.cpp:58:10:[m[K [01;31m[Kerror: [m[Kredeclaration of ‘[01m[Kdouble dep_j[m[K’
   double [01;31m[Kdep_j[m[K = pts_camera_j.z();
          [01;31m[K^~~~~[m[K
[01m[K/home/davencyw/catkinws/dynvinsmono/src/VINS-Mono/vins_estimator/src/factor/projection_factor.cpp:51:10:[m[K [01;36m[Knote: [m[K‘[01m[Kdouble dep_j[m[K’ previously declared here
   double [01;36m[Kdep_j[m[K = pts_camera_j.z();
          [01;36m[K^~~~~[m[K
[01m[K/home/davencyw/catkinws/dynvinsmono/src/VINS-Mono/vins_estimator/src/factor/projection_factor.cpp:60:31:[m[K [01;31m[Kerror: [m[Kno match for ‘[01m[Koperator=[m[K’ (operand types are ‘[01m[KEigen::CwiseBinaryOp<Eigen::internal::scalar_difference_op<double>, const Eigen::Block<const Eigen::CwiseUnaryOp<Eigen::internal::scalar_quotient1_op<double>, const Eigen::Matrix<double, 3, 1> >, 2, 1, false>, const Eigen::Block<const Eigen::Matrix<double, 3, 1>, 2, 1, false> >[m[K’ and ‘[01m[Kconst Eigen::Product<Eigen::Matrix<double, 2, 2>, Eigen::CwiseBinaryOp<Eigen::internal::scalar_difference_op<double>, const Eigen::Block<const Eigen::CwiseUnaryOp<Eigen::internal::scalar_quotient1_op<double>, const Eigen::Matrix<double, 3, 1> >, 2, 1, false>, const Eigen::Block<const Eigen::Matrix<double, 3, 1>, 2, 1, false> >, 0>[m[K’)
   residual_comp = sqrt_info * [01;31m[Kresidual_comp[m[K;
                               [01;31m[K^~~~~~~~~~~~~[m[K
In file included from [01m[K/usr/include/eigen3/Eigen/Core:369:0[m[K,
                 from [01m[K/usr/include/eigen3/Eigen/Dense:1[m[K,
                 from [01m[K/home/davencyw/catkinws/dynvinsmono/src/VINS-Mono/vins_estimator/src/factor/../parameters.h:5[m[K,
                 from [01m[K/home/davencyw/catkinws/dynvinsmono/src/VINS-Mono/vins_estimator/src/factor/projection_factor.h:3[m[K,
                 from [01m[K/home/davencyw/catkinws/dynvinsmono/src/VINS-Mono/vins_estimator/src/factor/projection_factor.cpp:1[m[K:
[01m[K/usr/include/eigen3/Eigen/src/Core/CwiseBinaryOp.h:78:7:[m[K [01;36m[Knote: [m[Kcandidate: Eigen::CwiseBinaryOp<Eigen::internal::scalar_difference_op<double>, const Eigen::Block<const Eigen::CwiseUnaryOp<Eigen::internal::scalar_quotient1_op<double>, const Eigen::Matrix<double, 3, 1> >, 2, 1, false>, const Eigen::Block<const Eigen::Matrix<double, 3, 1>, 2, 1, false> >& Eigen::CwiseBinaryOp<Eigen::internal::scalar_difference_op<double>, const Eigen::Block<const Eigen::CwiseUnaryOp<Eigen::internal::scalar_quotient1_op<double>, const Eigen::Matrix<double, 3, 1> >, 2, 1, false>, const Eigen::Block<const Eigen::Matrix<double, 3, 1>, 2, 1, false> >::operator=(const Eigen::CwiseBinaryOp<Eigen::internal::scalar_difference_op<double>, const Eigen::Block<const Eigen::CwiseUnaryOp<Eigen::internal::scalar_quotient1_op<double>, const Eigen::Matrix<double, 3, 1> >, 2, 1, false>, const Eigen::Block<const Eigen::Matrix<double, 3, 1>, 2, 1, false> >&) <deleted>
 class [01;36m[KCwiseBinaryOp[m[K :
       [01;36m[K^~~~~~~~~~~~~[m[K
[01m[K/usr/include/eigen3/Eigen/src/Core/CwiseBinaryOp.h:78:7:[m[K [01;36m[Knote: [m[K  no known conversion for argument 1 from ‘[01m[Kconst Eigen::Product<Eigen::Matrix<double, 2, 2>, Eigen::CwiseBinaryOp<Eigen::internal::scalar_difference_op<double>, const Eigen::Block<const Eigen::CwiseUnaryOp<Eigen::internal::scalar_quotient1_op<double>, const Eigen::Matrix<double, 3, 1> >, 2, 1, false>, const Eigen::Block<const Eigen::Matrix<double, 3, 1>, 2, 1, false> >, 0>[m[K’ to ‘[01m[Kconst Eigen::CwiseBinaryOp<Eigen::internal::scalar_difference_op<double>, const Eigen::Block<const Eigen::CwiseUnaryOp<Eigen::internal::scalar_quotient1_op<double>, const Eigen::Matrix<double, 3, 1> >, 2, 1, false>, const Eigen::Block<const Eigen::Matrix<double, 3, 1>, 2, 1, false> >&[m[K’
[01m[K/usr/include/eigen3/Eigen/src/Core/CwiseBinaryOp.h:78:7:[m[K [01;36m[Knote: [m[Kcandidate: Eigen::CwiseBinaryOp<Eigen::internal::scalar_difference_op<double>, const Eigen::Block<const Eigen::CwiseUnaryOp<Eigen::internal::scalar_quotient1_op<double>, const Eigen::Matrix<double, 3, 1> >, 2, 1, false>, const Eigen::Block<const Eigen::Matrix<double, 3, 1>, 2, 1, false> >& Eigen::CwiseBinaryOp<Eigen::internal::scalar_difference_op<double>, const Eigen::Block<const Eigen::CwiseUnaryOp<Eigen::internal::scalar_quotient1_op<double>, const Eigen::Matrix<double, 3, 1> >, 2, 1, false>, const Eigen::Block<const Eigen::Matrix<double, 3, 1>, 2, 1, false> >::operator=(Eigen::CwiseBinaryOp<Eigen::internal::scalar_difference_op<double>, const Eigen::Block<const Eigen::CwiseUnaryOp<Eigen::internal::scalar_quotient1_op<double>, const Eigen::Matrix<double, 3, 1> >, 2, 1, false>, const Eigen::Block<const Eigen::Matrix<double, 3, 1>, 2, 1, false> >&&) <deleted>
[01m[K/usr/include/eigen3/Eigen/src/Core/CwiseBinaryOp.h:78:7:[m[K [01;36m[Knote: [m[K  no known conversion for argument 1 from ‘[01m[Kconst Eigen::Product<Eigen::Matrix<double, 2, 2>, Eigen::CwiseBinaryOp<Eigen::internal::scalar_difference_op<double>, const Eigen::Block<const Eigen::CwiseUnaryOp<Eigen::internal::scalar_quotient1_op<double>, const Eigen::Matrix<double, 3, 1> >, 2, 1, false>, const Eigen::Block<const Eigen::Matrix<double, 3, 1>, 2, 1, false> >, 0>[m[K’ to ‘[01m[KEigen::CwiseBinaryOp<Eigen::internal::scalar_difference_op<double>, const Eigen::Block<const Eigen::CwiseUnaryOp<Eigen::internal::scalar_quotient1_op<double>, const Eigen::Matrix<double, 3, 1> >, 2, 1, false>, const Eigen::Block<const Eigen::Matrix<double, 3, 1>, 2, 1, false> >&&[m[K’
make[2]: *** [CMakeFiles/libfactor.dir/src/factor/projection_factor.cpp.o] Error 1
make[1]: *** [CMakeFiles/libfactor.dir/all] Error 2
make: *** [all] Error 2
