[01m[K/home/davencyw/catkinws/dynvinsmono/src/VINS-Mono/vins_estimator/src/utility/visualization.cpp:[m[K In function ‘[01m[Kvoid pubImageFeatureClassification(const Estimator&, cv::Mat)[m[K’:
[01m[K/home/davencyw/catkinws/dynvinsmono/src/VINS-Mono/vins_estimator/src/utility/visualization.cpp:458:17:[m[K [01;31m[Kerror: [m[Kno matching function for call to ‘[01m[Kimshow(cv::Mat&)[m[K’
   cv::imshow(mat);
[01;32m[K                 ^[m[K
In file included from [01m[K/opt/ros/kinetic/include/opencv-3.3.1-dev/opencv2/opencv.hpp:65:0[m[K,
                 from [01m[K/home/davencyw/catkinws/dynvinsmono/src/VINS-Mono/vins_estimator/src/utility/../parameters.h:7[m[K,
                 from [01m[K/home/davencyw/catkinws/dynvinsmono/src/VINS-Mono/vins_estimator/src/utility/../feature_manager.h:16[m[K,
                 from [01m[K/home/davencyw/catkinws/dynvinsmono/src/VINS-Mono/vins_estimator/src/utility/../estimator.h:3[m[K,
                 from [01m[K/home/davencyw/catkinws/dynvinsmono/src/VINS-Mono/vins_estimator/src/utility/visualization.h:3[m[K,
                 from [01m[K/home/davencyw/catkinws/dynvinsmono/src/VINS-Mono/vins_estimator/src/utility/visualization.cpp:1[m[K:
[01m[K/opt/ros/kinetic/include/opencv-3.3.1-dev/opencv2/highgui.hpp:389:19:[m[K [01;36m[Knote: [m[Kcandidate: void cv::imshow(const cv::String&, cv::InputArray)
 CV_EXPORTS_W void imshow(const String& winname, InputArray mat);
[01;32m[K                   ^[m[K
[01m[K/opt/ros/kinetic/include/opencv-3.3.1-dev/opencv2/highgui.hpp:389:19:[m[K [01;36m[Knote: [m[K  candidate expects 2 arguments, 1 provided
[01m[K/opt/ros/kinetic/include/opencv-3.3.1-dev/opencv2/highgui.hpp:613:17:[m[K [01;36m[Knote: [m[Kcandidate: void cv::imshow(const cv::String&, const cv::ogl::Texture2D&)
 CV_EXPORTS void imshow(const String& winname, const ogl::Texture2D& tex);
[01;32m[K                 ^[m[K
[01m[K/opt/ros/kinetic/include/opencv-3.3.1-dev/opencv2/highgui.hpp:613:17:[m[K [01;36m[Knote: [m[K  candidate expects 2 arguments, 1 provided
At global scope:
[01m[Kcc1plus:[m[K [01;35m[Kwarning: [m[Kunrecognized command line option ‘[01m[K-Wno-ignored-attributes[m[K’
make[2]: *** [CMakeFiles/libutility.dir/src/utility/visualization.cpp.o] Error 1
make[1]: *** [CMakeFiles/libutility.dir/all] Error 2
make: *** [all] Error 2
