In file included from [01m[K/home/davencyw/catkinws/dynvinsmono/src/VINS-Mono/vins_estimator/src/utility/../estimator.h:25:0[m[K,
                 from [01m[K/home/davencyw/catkinws/dynvinsmono/src/VINS-Mono/vins_estimator/src/utility/visualization.h:3[m[K,
                 from [01m[K/home/davencyw/catkinws/dynvinsmono/src/VINS-Mono/vins_estimator/src/utility/visualization.cpp:1[m[K:
[01m[K/home/davencyw/catkinws/dynvinsmono/src/VINS-Mono/vins_estimator/src/utility/../dynenv/cluster.h:19:2:[m[K [01;31m[Kerror: [m[Kexpected ‘[01m[K;[m[K’ after struct definition
 }
  [01;31m[K^[m[K
  [32m[K;[m[K
[01m[K/home/davencyw/catkinws/dynvinsmono/src/VINS-Mono/vins_estimator/src/utility/../dynenv/cluster.h:37:24:[m[K [01;31m[Kerror: [m[Kinvalid covariant return type for ‘[01m[Kvirtual std::vector<Cluster> SimpleCluster::cluster(FeatureManager&, int)[m[K’
   std::vector<Cluster> [01;31m[Kcluster[m[K(FeatureManager &f_manager,
                        [01;31m[K^~~~~~~[m[K
[01m[K/home/davencyw/catkinws/dynvinsmono/src/VINS-Mono/vins_estimator/src/utility/../dynenv/cluster.h:23:33:[m[K [01;31m[Kerror: [m[K  overriding ‘[01m[Kvirtual std::vector<Eigen::Matrix<double, 2, 1> > ClusterAlgorithm::cluster(FeatureManager&, int)[m[K’
   virtual std::vector<Vector2d> [01;31m[Kcluster[m[K(FeatureManager &f_manager,
                                 [01;31m[K^~~~~~~[m[K
[01m[K/home/davencyw/catkinws/dynvinsmono/src/VINS-Mono/vins_estimator/src/utility/../dynenv/cluster.h:[m[K In member function ‘[01m[Kvirtual std::vector<Cluster> SimpleCluster::cluster(FeatureManager&, int)[m[K’:
[01m[K/home/davencyw/catkinws/dynvinsmono/src/VINS-Mono/vins_estimator/src/utility/../dynenv/cluster.h:136:12:[m[K [01;31m[Kerror: [m[K‘[01m[Kcluster_centers[m[K’ was not declared in this scope
     return [01;31m[Kcluster_centers[m[K;
            [01;31m[K^~~~~~~~~~~~~~~[m[K
[01m[K/home/davencyw/catkinws/dynvinsmono/src/VINS-Mono/vins_estimator/src/utility/visualization.cpp:[m[K In function ‘[01m[Kvoid pubImageFeatureClassification(const Estimator&, cv::Mat)[m[K’:
[01m[K/home/davencyw/catkinws/dynvinsmono/src/VINS-Mono/vins_estimator/src/utility/visualization.cpp:455:33:[m[K [01;31m[Kerror: [m[K‘[01m[Kconst class Estimator[m[K’ has no member named ‘[01m[Kcluster_centers[m[K’
   for (auto &center : estimator.[01;31m[Kcluster_centers[m[K) {
                                 [01;31m[K^~~~~~~~~~~~~~~[m[K
make[2]: *** [CMakeFiles/libutility.dir/src/utility/visualization.cpp.o] Error 1
make[1]: *** [CMakeFiles/libutility.dir/all] Error 2
make: *** [all] Error 2
