[01m[K/home/davencyw/catkinws/dynvinsmono/src/VINS-Mono/vins_estimator/src/dynenv/cluster.cc:[m[K In member function ‘[01m[Kvoid ClusterAlgorithm::moveCluster(std::deque<std::vector<Cluster> >&)[m[K’:
[01m[K/home/davencyw/catkinws/dynvinsmono/src/VINS-Mono/vins_estimator/src/dynenv/cluster.cc:84:74:[m[K [01;31m[Kerror: [m[Kno matching function for call to ‘[01m[Kcv::Point_<float>::Point_(<unresolved overloaded function type>, float&)[m[K’
       cv::Point2f cluster_i_center(cluster_i.center.x, cluster_i_center.y);
[01;32m[K                                                                          ^[m[K
In file included from [01m[K/opt/ros/kinetic/include/opencv-3.3.1-dev/opencv2/core.hpp:58:0[m[K,
                 from [01m[K/opt/ros/kinetic/include/opencv-3.3.1-dev/opencv2/opencv.hpp:52[m[K,
                 from [01m[K/home/davencyw/catkinws/dynvinsmono/src/VINS-Mono/vins_estimator/src/dynenv/../parameters.h:7[m[K,
                 from [01m[K/home/davencyw/catkinws/dynvinsmono/src/VINS-Mono/vins_estimator/src/dynenv/../feature_manager.h:16[m[K,
                 from [01m[K/home/davencyw/catkinws/dynvinsmono/src/VINS-Mono/vins_estimator/src/dynenv/cluster.h:4[m[K,
                 from [01m[K/home/davencyw/catkinws/dynvinsmono/src/VINS-Mono/vins_estimator/src/dynenv/cluster.cc:1[m[K:
[01m[K/opt/ros/kinetic/include/opencv-3.3.1-dev/opencv2/core/types.hpp:167:5:[m[K [01;36m[Knote: [m[Kcandidate: cv::Point_<_Tp>::Point_(const cv::Vec<_Tp, 2>&) [with _Tp = float]
     Point_(const Vec<_Tp, 2>& v);
[01;32m[K     ^[m[K
[01m[K/opt/ros/kinetic/include/opencv-3.3.1-dev/opencv2/core/types.hpp:167:5:[m[K [01;36m[Knote: [m[K  candidate expects 1 argument, 2 provided
[01m[K/opt/ros/kinetic/include/opencv-3.3.1-dev/opencv2/core/types.hpp:166:5:[m[K [01;36m[Knote: [m[Kcandidate: cv::Point_<_Tp>::Point_(const cv::Size_<_Tp>&) [with _Tp = float]
     Point_(const Size_<_Tp>& sz);
[01;32m[K     ^[m[K
[01m[K/opt/ros/kinetic/include/opencv-3.3.1-dev/opencv2/core/types.hpp:166:5:[m[K [01;36m[Knote: [m[K  candidate expects 1 argument, 2 provided
[01m[K/opt/ros/kinetic/include/opencv-3.3.1-dev/opencv2/core/types.hpp:165:5:[m[K [01;36m[Knote: [m[Kcandidate: cv::Point_<_Tp>::Point_(const cv::Point_<_Tp>&) [with _Tp = float]
     Point_(const Point_& pt);
[01;32m[K     ^[m[K
[01m[K/opt/ros/kinetic/include/opencv-3.3.1-dev/opencv2/core/types.hpp:165:5:[m[K [01;36m[Knote: [m[K  candidate expects 1 argument, 2 provided
[01m[K/opt/ros/kinetic/include/opencv-3.3.1-dev/opencv2/core/types.hpp:164:5:[m[K [01;36m[Knote: [m[Kcandidate: cv::Point_<_Tp>::Point_(_Tp, _Tp) [with _Tp = float]
     Point_(_Tp _x, _Tp _y);
[01;32m[K     ^[m[K
[01m[K/opt/ros/kinetic/include/opencv-3.3.1-dev/opencv2/core/types.hpp:164:5:[m[K [01;36m[Knote: [m[K  no known conversion for argument 1 from ‘[01m[K<unresolved overloaded function type>[m[K’ to ‘[01m[Kfloat[m[K’
[01m[K/opt/ros/kinetic/include/opencv-3.3.1-dev/opencv2/core/types.hpp:163:5:[m[K [01;36m[Knote: [m[Kcandidate: cv::Point_<_Tp>::Point_() [with _Tp = float]
     Point_();
[01;32m[K     ^[m[K
[01m[K/opt/ros/kinetic/include/opencv-3.3.1-dev/opencv2/core/types.hpp:163:5:[m[K [01;36m[Knote: [m[K  candidate expects 0 arguments, 2 provided
make[2]: *** [CMakeFiles/libdynenv.dir/src/dynenv/cluster.cc.o] Error 1
make[1]: *** [CMakeFiles/libdynenv.dir/all] Error 2
make: *** [all] Error 2
