[01m[K/home/davencyw/catkinws/dynvinsmono/src/VINS-Mono/vins_estimator/src/dynenv/weightsIO.cc:[m[K In member function ‘[01m[Kvoid IO::writestep(const FeatureManager&)[m[K’:
[01m[K/home/davencyw/catkinws/dynvinsmono/src/VINS-Mono/vins_estimator/src/dynenv/weightsIO.cc:11:55:[m[K [01;31m[Kerror: [m[Kno matching function for call to ‘[01m[Kstd::basic_ofstream<char>::open(std::ofstream&, const openmode&)[m[K’
   _weights_step_file.open(_weights_step_file, ios::app[01;31m[K)[m[K;
                                                       [01;31m[K^[m[K
In file included from [01m[K/opt/ros/kinetic/include/opencv-3.3.1-dev/opencv2/videostab/global_motion.hpp:47:0[m[K,
                 from [01m[K/opt/ros/kinetic/include/opencv-3.3.1-dev/opencv2/videostab/stabilizer.hpp:50[m[K,
                 from [01m[K/opt/ros/kinetic/include/opencv-3.3.1-dev/opencv2/videostab.hpp:78[m[K,
                 from [01m[K/opt/ros/kinetic/include/opencv-3.3.1-dev/opencv2/opencv.hpp:98[m[K,
                 from [01m[K/home/davencyw/catkinws/dynvinsmono/src/VINS-Mono/vins_estimator/src/dynenv/../parameters.h:7[m[K,
                 from [01m[K/home/davencyw/catkinws/dynvinsmono/src/VINS-Mono/vins_estimator/src/dynenv/../feature_manager.h:16[m[K,
                 from [01m[K/home/davencyw/catkinws/dynvinsmono/src/VINS-Mono/vins_estimator/src/dynenv/weightsIO.h:4[m[K,
                 from [01m[K/home/davencyw/catkinws/dynvinsmono/src/VINS-Mono/vins_estimator/src/dynenv/weightsIO.cc:1[m[K:
[01m[K/usr/include/c++/7/fstream:799:7:[m[K [01;36m[Knote: [m[Kcandidate: void std::basic_ofstream<_CharT, _Traits>::open(const char*, std::ios_base::openmode) [with _CharT = char; _Traits = std::char_traits<char>; std::ios_base::openmode = std::_Ios_Openmode]
       [01;36m[Kopen[m[K(const char* __s,
       [01;36m[K^~~~[m[K
[01m[K/usr/include/c++/7/fstream:799:7:[m[K [01;36m[Knote: [m[K  no known conversion for argument 1 from ‘[01m[Kstd::ofstream {aka std::basic_ofstream<char>}[m[K’ to ‘[01m[Kconst char*[m[K’
[01m[K/usr/include/c++/7/fstream:820:7:[m[K [01;36m[Knote: [m[Kcandidate: void std::basic_ofstream<_CharT, _Traits>::open(const string&, std::ios_base::openmode) [with _CharT = char; _Traits = std::char_traits<char>; std::__cxx11::string = std::__cxx11::basic_string<char>; std::ios_base::openmode = std::_Ios_Openmode]
       [01;36m[Kopen[m[K(const std::string& __s,
       [01;36m[K^~~~[m[K
[01m[K/usr/include/c++/7/fstream:820:7:[m[K [01;36m[Knote: [m[K  no known conversion for argument 1 from ‘[01m[Kstd::ofstream {aka std::basic_ofstream<char>}[m[K’ to ‘[01m[Kconst string& {aka const std::__cxx11::basic_string<char>&}[m[K’
make[2]: *** [CMakeFiles/libdynenv.dir/src/dynenv/weightsIO.cc.o] Error 1
make[1]: *** [CMakeFiles/libdynenv.dir/all] Error 2
make[1]: *** Waiting for unfinished jobs....
make: *** [all] Error 2
