[01m[K/home/davencyw/catkinws/dynvinsmono/src/VINS-Mono/vins_estimator/src/dynenv/cluster.cc:[m[K In member function ‘[01m[Kvoid DbscanCluster::expandCluster(int, const std::vector<int>&, const std::map<unsigned int, int>&, int, unsigned int)[m[K’:
[01m[K/home/davencyw/catkinws/dynvinsmono/src/VINS-Mono/vins_estimator/src/dynenv/cluster.cc:261:19:[m[K [01;31m[Kerror: [m[Kpassing ‘[01m[Kconst std::map<unsigned int, int>[m[K’ as ‘[01m[Kthis[m[K’ argument discards qualifiers [-fpermissive]
   labels[feature_i] = clustercount;
[01;32m[K                   ^[m[K
In file included from [01m[K/usr/include/c++/5/map:61:0[m[K,
                 from [01m[K/opt/ros/kinetic/include/ros/console.h:42[m[K,
                 from [01m[K/opt/ros/kinetic/include/ros/assert.h:35[m[K,
                 from [01m[K/home/davencyw/catkinws/dynvinsmono/src/VINS-Mono/vins_estimator/src/dynenv/../feature_manager.h:13[m[K,
                 from [01m[K/home/davencyw/catkinws/dynvinsmono/src/VINS-Mono/vins_estimator/src/dynenv/cluster.h:4[m[K,
                 from [01m[K/home/davencyw/catkinws/dynvinsmono/src/VINS-Mono/vins_estimator/src/dynenv/cluster.cc:1[m[K:
[01m[K/usr/include/c++/5/bits/stl_map.h:494:7:[m[K [01;36m[Knote: [m[K  in call to ‘[01m[Kstd::map<_Key, _Tp, _Compare, _Alloc>::mapped_type& std::map<_Key, _Tp, _Compare, _Alloc>::operator[](std::map<_Key, _Tp, _Compare, _Alloc>::key_type&&) [with _Key = unsigned int; _Tp = int; _Compare = std::less<unsigned int>; _Alloc = std::allocator<std::pair<const unsigned int, int> >; std::map<_Key, _Tp, _Compare, _Alloc>::mapped_type = int; std::map<_Key, _Tp, _Compare, _Alloc>::key_type = unsigned int][m[K’
       operator[](key_type&& __k)
[01;32m[K       ^[m[K
[01m[K/home/davencyw/catkinws/dynvinsmono/src/VINS-Mono/vins_estimator/src/dynenv/cluster.cc:263:39:[m[K [01;31m[Kerror: [m[Kpassing ‘[01m[Kconst std::map<unsigned int, int>[m[K’ as ‘[01m[Kthis[m[K’ argument discards qualifiers [-fpermissive]
     if (labels[neighbours[neighbour_i]] == UNDEFINED_) {
[01;32m[K                                       ^[m[K
In file included from [01m[K/usr/include/c++/5/map:61:0[m[K,
                 from [01m[K/opt/ros/kinetic/include/ros/console.h:42[m[K,
                 from [01m[K/opt/ros/kinetic/include/ros/assert.h:35[m[K,
                 from [01m[K/home/davencyw/catkinws/dynvinsmono/src/VINS-Mono/vins_estimator/src/dynenv/../feature_manager.h:13[m[K,
                 from [01m[K/home/davencyw/catkinws/dynvinsmono/src/VINS-Mono/vins_estimator/src/dynenv/cluster.h:4[m[K,
                 from [01m[K/home/davencyw/catkinws/dynvinsmono/src/VINS-Mono/vins_estimator/src/dynenv/cluster.cc:1[m[K:
[01m[K/usr/include/c++/5/bits/stl_map.h:494:7:[m[K [01;36m[Knote: [m[K  in call to ‘[01m[Kstd::map<_Key, _Tp, _Compare, _Alloc>::mapped_type& std::map<_Key, _Tp, _Compare, _Alloc>::operator[](std::map<_Key, _Tp, _Compare, _Alloc>::key_type&&) [with _Key = unsigned int; _Tp = int; _Compare = std::less<unsigned int>; _Alloc = std::allocator<std::pair<const unsigned int, int> >; std::map<_Key, _Tp, _Compare, _Alloc>::mapped_type = int; std::map<_Key, _Tp, _Compare, _Alloc>::key_type = unsigned int][m[K’
       operator[](key_type&& __k)
[01;32m[K       ^[m[K
[01m[K/home/davencyw/catkinws/dynvinsmono/src/VINS-Mono/vins_estimator/src/dynenv/cluster.cc:264:37:[m[K [01;31m[Kerror: [m[Kpassing ‘[01m[Kconst std::map<unsigned int, int>[m[K’ as ‘[01m[Kthis[m[K’ argument discards qualifiers [-fpermissive]
       labels[neighbours[neighbour_i]] = clustercount;
[01;32m[K                                     ^[m[K
In file included from [01m[K/usr/include/c++/5/map:61:0[m[K,
                 from [01m[K/opt/ros/kinetic/include/ros/console.h:42[m[K,
                 from [01m[K/opt/ros/kinetic/include/ros/assert.h:35[m[K,
                 from [01m[K/home/davencyw/catkinws/dynvinsmono/src/VINS-Mono/vins_estimator/src/dynenv/../feature_manager.h:13[m[K,
                 from [01m[K/home/davencyw/catkinws/dynvinsmono/src/VINS-Mono/vins_estimator/src/dynenv/cluster.h:4[m[K,
                 from [01m[K/home/davencyw/catkinws/dynvinsmono/src/VINS-Mono/vins_estimator/src/dynenv/cluster.cc:1[m[K:
[01m[K/usr/include/c++/5/bits/stl_map.h:494:7:[m[K [01;36m[Knote: [m[K  in call to ‘[01m[Kstd::map<_Key, _Tp, _Compare, _Alloc>::mapped_type& std::map<_Key, _Tp, _Compare, _Alloc>::operator[](std::map<_Key, _Tp, _Compare, _Alloc>::key_type&&) [with _Key = unsigned int; _Tp = int; _Compare = std::less<unsigned int>; _Alloc = std::allocator<std::pair<const unsigned int, int> >; std::map<_Key, _Tp, _Compare, _Alloc>::mapped_type = int; std::map<_Key, _Tp, _Compare, _Alloc>::key_type = unsigned int][m[K’
       operator[](key_type&& __k)
[01;32m[K       ^[m[K
[01m[K/home/davencyw/catkinws/dynvinsmono/src/VINS-Mono/vins_estimator/src/dynenv/cluster.cc:268:46:[m[K [01;31m[Kerror: [m[Kno matching function for call to ‘[01m[KDbscanCluster::expandCluster(const value_type&, const std::map<unsigned int, int>&, std::vector<int>&, const int&, const unsigned int&)[m[K’
                       clustercount, minpoints);
[01;32m[K                                              ^[m[K
[01m[K/home/davencyw/catkinws/dynvinsmono/src/VINS-Mono/vins_estimator/src/dynenv/cluster.cc:256:6:[m[K [01;36m[Knote: [m[Kcandidate: void DbscanCluster::expandCluster(int, const std::vector<int>&, const std::map<unsigned int, int>&, int, unsigned int)
 void DbscanCluster::expandCluster(const int feature_i,
[01;32m[K      ^[m[K
[01m[K/home/davencyw/catkinws/dynvinsmono/src/VINS-Mono/vins_estimator/src/dynenv/cluster.cc:256:6:[m[K [01;36m[Knote: [m[K  no known conversion for argument 2 from ‘[01m[Kconst std::map<unsigned int, int>[m[K’ to ‘[01m[Kconst std::vector<int>&[m[K’
make[2]: *** [CMakeFiles/libdynenv.dir/src/dynenv/cluster.cc.o] Error 1
make[1]: *** [CMakeFiles/libdynenv.dir/all] Error 2
make[1]: *** Waiting for unfinished jobs....
make: *** [all] Error 2
