[01m[K/home/davencyw/catkinws/dynvinsmono/src/VINS-Mono/vins_estimator/src/dynenv/cluster.cc:[m[K In member function ‘[01m[Kvirtual void SimpleCluster::computecluster(FeatureManager&, std::vector<FeaturePerId*>&, int, std::deque<Cluster>&)[m[K’:
[01m[K/home/davencyw/catkinws/dynvinsmono/src/VINS-Mono/vins_estimator/src/dynenv/cluster.cc:104:37:[m[K [01;31m[Kerror: [m[Krequest for member ‘[01m[Kfirst[m[K’ in ‘[01m[Kit_per_id[m[K’, which is of pointer type ‘[01m[KFeaturePerId*[m[K’ (maybe you meant to use ‘[01m[K->[m[K’ ?)
       const Vector2d dist(it_per_id.first->feature_per_frame.back().uv -
[01;32m[K                                     ^[m[K
[01m[K/home/davencyw/catkinws/dynvinsmono/src/VINS-Mono/vins_estimator/src/dynenv/cluster.cc:108:17:[m[K [01;31m[Kerror: [m[Krequest for member ‘[01m[Ksecond[m[K’ in ‘[01m[Kit_per_id[m[K’, which is of pointer type ‘[01m[KFeaturePerId*[m[K’ (maybe you meant to use ‘[01m[K->[m[K’ ?)
       it_per_id.second = distscalar;
[01;32m[K                 ^[m[K
[01m[K/home/davencyw/catkinws/dynvinsmono/src/VINS-Mono/vins_estimator/src/dynenv/cluster.cc:132:34:[m[K [01;31m[Kerror: [m[Krequest for member ‘[01m[Kfirst[m[K’ in ‘[01m[Kit_per_id[m[K’, which is of pointer type ‘[01m[KFeaturePerId*[m[K’ (maybe you meant to use ‘[01m[K->[m[K’ ?)
       const auto puv = it_per_id.first->feature_per_frame.back().uv;
[01;32m[K                                  ^[m[K
[01m[K/home/davencyw/catkinws/dynvinsmono/src/VINS-Mono/vins_estimator/src/dynenv/cluster.cc:135:34:[m[K [01;31m[Kerror: [m[Krequest for member ‘[01m[Kfirst[m[K’ in ‘[01m[Kit_per_id[m[K’, which is of pointer type ‘[01m[KFeaturePerId*[m[K’ (maybe you meant to use ‘[01m[K->[m[K’ ?)
       averageweight += it_per_id.first->weight;
[01;32m[K                                  ^[m[K
[01m[K/home/davencyw/catkinws/dynvinsmono/src/VINS-Mono/vins_estimator/src/dynenv/cluster.cc:136:39:[m[K [01;31m[Kerror: [m[Krequest for member ‘[01m[Kfirst[m[K’ in ‘[01m[Kit_per_id[m[K’, which is of pointer type ‘[01m[KFeaturePerId*[m[K’ (maybe you meant to use ‘[01m[K->[m[K’ ?)
       averageopticalflow += it_per_id.first->feature_per_frame.back().velocity;
[01;32m[K                                       ^[m[K
[01m[K/home/davencyw/catkinws/dynvinsmono/src/VINS-Mono/vins_estimator/src/dynenv/cluster.cc:155:11:[m[K [01;31m[Kerror: [m[K‘[01m[Kfeatures_in_cluster[m[K’ was not declared in this scope
           features_in_cluster.push_back(std::make_pair(&it_per_id, 0));
[01;32m[K           ^[m[K
In file included from [01m[K/usr/include/c++/5/bits/stl_algobase.h:71:0[m[K,
                 from [01m[K/usr/include/c++/5/algorithm:61[m[K,
                 from [01m[K/home/davencyw/catkinws/dynvinsmono/src/VINS-Mono/vins_estimator/src/dynenv/../feature_manager.h:4[m[K,
                 from [01m[K/home/davencyw/catkinws/dynvinsmono/src/VINS-Mono/vins_estimator/src/dynenv/cluster.h:4[m[K,
                 from [01m[K/home/davencyw/catkinws/dynvinsmono/src/VINS-Mono/vins_estimator/src/dynenv/cluster.cc:1[m[K:
/usr/include/c++/5/bits/predefined_ops.h: In instantiation of ‘[01m[Kbool __gnu_cxx::__ops::_Iter_pred<_Predicate>::operator()(_Iterator) [with _Iterator = __gnu_cxx::__normal_iterator<FeaturePerId**, std::vector<FeaturePerId*> >; _Predicate = SimpleCluster::computecluster(FeatureManager&, std::vector<FeaturePerId*>&, int, std::deque<Cluster>&)::<lambda(std::pair<FeaturePerId*, double>)>][m[K’:
[01m[K/usr/include/c++/5/bits/stl_algo.h:866:20:[m[K   required from ‘[01m[K_ForwardIterator std::__remove_if(_ForwardIterator, _ForwardIterator, _Predicate) [with _ForwardIterator = __gnu_cxx::__normal_iterator<FeaturePerId**, std::vector<FeaturePerId*> >; _Predicate = __gnu_cxx::__ops::_Iter_pred<SimpleCluster::computecluster(FeatureManager&, std::vector<FeaturePerId*>&, int, std::deque<Cluster>&)::<lambda(std::pair<FeaturePerId*, double>)> >][m[K’
[01m[K/usr/include/c++/5/bits/stl_algo.h:936:30:[m[K   required from ‘[01m[K_FIter std::remove_if(_FIter, _FIter, _Predicate) [with _FIter = __gnu_cxx::__normal_iterator<FeaturePerId**, std::vector<FeaturePerId*> >; _Predicate = SimpleCluster::computecluster(FeatureManager&, std::vector<FeaturePerId*>&, int, std::deque<Cluster>&)::<lambda(std::pair<FeaturePerId*, double>)>][m[K’
[01m[K/home/davencyw/catkinws/dynvinsmono/src/VINS-Mono/vins_estimator/src/dynenv/cluster.cc:124:25:[m[K   required from here
[01m[K/usr/include/c++/5/bits/predefined_ops.h:234:30:[m[K [01;31m[Kerror: [m[Kno match for call to ‘[01m[K(SimpleCluster::computecluster(FeatureManager&, std::vector<FeaturePerId*>&, int, std::deque<Cluster>&)::<lambda(std::pair<FeaturePerId*, double>)>) (FeaturePerId*&)[m[K’
  { return bool(_M_pred(*__it)); }
[01;32m[K                              ^[m[K
[01m[K/home/davencyw/catkinws/dynvinsmono/src/VINS-Mono/vins_estimator/src/dynenv/cluster.cc:116:63:[m[K [01;36m[Knote: [m[Kcandidate: SimpleCluster::computecluster(FeatureManager&, std::vector<FeaturePerId*>&, int, std::deque<Cluster>&)::<lambda(std::pair<FeaturePerId*, double>)>
                        [=](std::pair<FeaturePerId *, double> i) {
[01;32m[K                                                               ^[m[K
[01m[K/home/davencyw/catkinws/dynvinsmono/src/VINS-Mono/vins_estimator/src/dynenv/cluster.cc:116:63:[m[K [01;36m[Knote: [m[K  no known conversion for argument 1 from ‘[01m[KFeaturePerId*[m[K’ to ‘[01m[Kstd::pair<FeaturePerId*, double>[m[K’
make[2]: *** [CMakeFiles/libdynenv.dir/src/dynenv/cluster.cc.o] Error 1
make[1]: *** [CMakeFiles/libdynenv.dir/all] Error 2
make: *** [all] Error 2
