[01m[K/home/davencyw/catkinws/dynvinsmono/src/VINS-Mono/vins_estimator/src/dynenv/cluster.cc:[m[K In member function ‘[01m[Kvoid ClusterAlgorithm::cluster(FeatureManager&, int, std::deque<Cluster>&)[m[K’:
[01m[K/home/davencyw/catkinws/dynvinsmono/src/VINS-Mono/vins_estimator/src/dynenv/cluster.cc:8:22:[m[K [01;31m[Kerror: [m[Kno matching function for call to ‘[01m[KClusterAlgorithm::moveCluster(std::deque<Cluster>&)[m[K’
   moveCluster(cluster);
[01;32m[K                      ^[m[K
In file included from [01m[K/home/davencyw/catkinws/dynvinsmono/src/VINS-Mono/vins_estimator/src/dynenv/cluster.cc:1:0[m[K:
[01m[K/home/davencyw/catkinws/dynvinsmono/src/VINS-Mono/vins_estimator/src/dynenv/cluster.h:33:8:[m[K [01;36m[Knote: [m[Kcandidate: void ClusterAlgorithm::moveCluster()
   void moveCluster();
[01;32m[K        ^[m[K
[01m[K/home/davencyw/catkinws/dynvinsmono/src/VINS-Mono/vins_estimator/src/dynenv/cluster.h:33:8:[m[K [01;36m[Knote: [m[K  candidate expects 0 arguments, 1 provided
[01m[K/home/davencyw/catkinws/dynvinsmono/src/VINS-Mono/vins_estimator/src/dynenv/cluster.cc:[m[K At global scope:
[01m[K/home/davencyw/catkinws/dynvinsmono/src/VINS-Mono/vins_estimator/src/dynenv/cluster.cc:17:6:[m[K [01;31m[Kerror: [m[Kprototype for ‘[01m[Kvoid ClusterAlgorithm::moveCluster(std::deque<Cluster>&)[m[K’ does not match any in class ‘[01m[KClusterAlgorithm[m[K’
 void ClusterAlgorithm::moveCluster(std::deque<Cluster> &cluster) {
[01;32m[K      ^[m[K
In file included from [01m[K/home/davencyw/catkinws/dynvinsmono/src/VINS-Mono/vins_estimator/src/dynenv/cluster.cc:1:0[m[K:
[01m[K/home/davencyw/catkinws/dynvinsmono/src/VINS-Mono/vins_estimator/src/dynenv/cluster.h:33:8:[m[K [01;31m[Kerror: [m[Kcandidate is: void ClusterAlgorithm::moveCluster()
   void moveCluster();
[01;32m[K        ^[m[K
[01m[K/home/davencyw/catkinws/dynvinsmono/src/VINS-Mono/vins_estimator/src/dynenv/cluster.cc:[m[K In member function ‘[01m[Kvirtual void SimpleCluster::computecluster(FeatureManager&, int, std::deque<Cluster>&)[m[K’:
[01m[K/home/davencyw/catkinws/dynvinsmono/src/VINS-Mono/vins_estimator/src/dynenv/cluster.cc:54:9:[m[K [01;31m[Kerror: [m[K‘[01m[Kcluster_available[m[K’ was not declared in this scope
     if (cluster_available) {
[01;32m[K         ^[m[K
make[2]: *** [CMakeFiles/libdynenv.dir/src/dynenv/cluster.cc.o] Error 1
make[1]: *** [CMakeFiles/libdynenv.dir/all] Error 2
make[1]: *** Waiting for unfinished jobs....
make: *** [all] Error 2
