In file included from [01m[K/home/davencyw/catkinws/dynvinsmono/src/VINS-Mono/vins_estimator/src/dynenv/cluster.cc:1:0[m[K:
[01m[K/home/davencyw/catkinws/dynvinsmono/src/VINS-Mono/vins_estimator/src/dynenv/cluster.h:37:25:[m[K [01;31m[Kerror: [m[K‘[01m[Kstd::deque[m[K’ is not a type
   void moveCluster(std::deque << std::vector<Cluster>> &cluster);
[01;32m[K                         ^[m[K
[01m[K/home/davencyw/catkinws/dynvinsmono/src/VINS-Mono/vins_estimator/src/dynenv/cluster.h:37:31:[m[K [01;31m[Kerror: [m[Kexpected ‘[01m[K,[m[K’ or ‘[01m[K...[m[K’ before ‘[01m[K<<[m[K’ token
   void moveCluster(std::deque << std::vector<Cluster>> &cluster);
[01;32m[K                               ^[m[K
[01m[K/home/davencyw/catkinws/dynvinsmono/src/VINS-Mono/vins_estimator/src/dynenv/cluster.cc:[m[K In member function ‘[01m[Kvoid ClusterAlgorithm::cluster(FeatureManager&, int, std::deque<std::vector<Cluster> >&)[m[K’:
[01m[K/home/davencyw/catkinws/dynvinsmono/src/VINS-Mono/vins_estimator/src/dynenv/cluster.cc:10:22:[m[K [01;31m[Kerror: [m[Kno matching function for call to ‘[01m[KClusterAlgorithm::moveCluster(std::deque<std::vector<Cluster> >&)[m[K’
   moveCluster(cluster);
[01;32m[K                      ^[m[K
In file included from [01m[K/home/davencyw/catkinws/dynvinsmono/src/VINS-Mono/vins_estimator/src/dynenv/cluster.cc:1:0[m[K:
[01m[K/home/davencyw/catkinws/dynvinsmono/src/VINS-Mono/vins_estimator/src/dynenv/cluster.h:37:8:[m[K [01;36m[Knote: [m[Kcandidate: void ClusterAlgorithm::moveCluster(int)
   void moveCluster(std::deque << std::vector<Cluster>> &cluster);
[01;32m[K        ^[m[K
[01m[K/home/davencyw/catkinws/dynvinsmono/src/VINS-Mono/vins_estimator/src/dynenv/cluster.h:37:8:[m[K [01;36m[Knote: [m[K  no known conversion for argument 1 from ‘[01m[Kstd::deque<std::vector<Cluster> >[m[K’ to ‘[01m[Kint[m[K’
[01m[K/home/davencyw/catkinws/dynvinsmono/src/VINS-Mono/vins_estimator/src/dynenv/cluster.cc:[m[K At global scope:
[01m[K/home/davencyw/catkinws/dynvinsmono/src/VINS-Mono/vins_estimator/src/dynenv/cluster.cc:24:6:[m[K [01;31m[Kerror: [m[Kprototype for ‘[01m[Kvoid ClusterAlgorithm::selectPoints(FeatureManager&, std::vector<std::pair<FeaturePerId*, double> >&, std::deque<Cluster>&, int)[m[K’ does not match any in class ‘[01m[KClusterAlgorithm[m[K’
 void ClusterAlgorithm::selectPoints(
[01;32m[K      ^[m[K
In file included from [01m[K/home/davencyw/catkinws/dynvinsmono/src/VINS-Mono/vins_estimator/src/dynenv/cluster.cc:1:0[m[K:
[01m[K/home/davencyw/catkinws/dynvinsmono/src/VINS-Mono/vins_estimator/src/dynenv/cluster.h:32:8:[m[K [01;31m[Kerror: [m[Kcandidate is: void ClusterAlgorithm::selectPoints(FeatureManager&, std::vector<std::pair<FeaturePerId*, double> >&, std::deque<std::vector<Cluster> >&, int)
   void selectPoints(
[01;32m[K        ^[m[K
[01m[K/home/davencyw/catkinws/dynvinsmono/src/VINS-Mono/vins_estimator/src/dynenv/cluster.cc:78:6:[m[K [01;31m[Kerror: [m[Kprototype for ‘[01m[Kvoid ClusterAlgorithm::moveCluster(std::deque<std::vector<Cluster> >&)[m[K’ does not match any in class ‘[01m[KClusterAlgorithm[m[K’
 void ClusterAlgorithm::moveCluster(std::deque<std::vector<Cluster>> &cluster) {
[01;32m[K      ^[m[K
In file included from [01m[K/home/davencyw/catkinws/dynvinsmono/src/VINS-Mono/vins_estimator/src/dynenv/cluster.cc:1:0[m[K:
[01m[K/home/davencyw/catkinws/dynvinsmono/src/VINS-Mono/vins_estimator/src/dynenv/cluster.h:37:8:[m[K [01;31m[Kerror: [m[Kcandidate is: void ClusterAlgorithm::moveCluster(int)
   void moveCluster(std::deque << std::vector<Cluster>> &cluster);
[01;32m[K        ^[m[K
[01m[K/home/davencyw/catkinws/dynvinsmono/src/VINS-Mono/vins_estimator/src/dynenv/cluster.cc:[m[K In member function ‘[01m[Kvoid ClusterAlgorithm::addInliers(FeatureManager&, const std::vector<Cluster>&)[m[K’:
[01m[K/home/davencyw/catkinws/dynvinsmono/src/VINS-Mono/vins_estimator/src/dynenv/cluster.cc:108:11:[m[K [01;31m[Kerror: [m[K‘[01m[Kcluster_candidates[m[K’ was not declared in this scope
           cluster_candidates.push_back(std::make_pair(&it_per_id, 0));
[01;32m[K           ^[m[K
[01m[K/home/davencyw/catkinws/dynvinsmono/src/VINS-Mono/vins_estimator/src/dynenv/cluster.cc:109:30:[m[K [01;31m[Kerror: [m[K‘[01m[Kaverageweight[m[K’ was not declared in this scope
           it_per_id.weight = averageweight;
[01;32m[K                              ^[m[K
make[2]: *** [CMakeFiles/libdynenv.dir/src/dynenv/cluster.cc.o] Error 1
make[1]: *** [CMakeFiles/libdynenv.dir/all] Error 2
make[1]: *** Waiting for unfinished jobs....
In file included from [01m[K/home/davencyw/catkinws/dynvinsmono/src/VINS-Mono/vins_estimator/src/utility/../estimator.h:25:0[m[K,
                 from [01m[K/home/davencyw/catkinws/dynvinsmono/src/VINS-Mono/vins_estimator/src/utility/visualization.h:3[m[K,
                 from [01m[K/home/davencyw/catkinws/dynvinsmono/src/VINS-Mono/vins_estimator/src/utility/visualization.cpp:1[m[K:
[01m[K/home/davencyw/catkinws/dynvinsmono/src/VINS-Mono/vins_estimator/src/utility/../dynenv/cluster.h:37:25:[m[K [01;31m[Kerror: [m[K‘[01m[Kstd::deque[m[K’ is not a type
   void moveCluster(std::deque << std::vector<Cluster>> &cluster);
[01;32m[K                         ^[m[K
[01m[K/home/davencyw/catkinws/dynvinsmono/src/VINS-Mono/vins_estimator/src/utility/../dynenv/cluster.h:37:31:[m[K [01;31m[Kerror: [m[Kexpected ‘[01m[K,[m[K’ or ‘[01m[K...[m[K’ before ‘[01m[K<<[m[K’ token
   void moveCluster(std::deque << std::vector<Cluster>> &cluster);
[01;32m[K                               ^[m[K
make[2]: *** [CMakeFiles/libutility.dir/src/utility/visualization.cpp.o] Error 1
make[1]: *** [CMakeFiles/libutility.dir/all] Error 2
make: *** [all] Error 2
