[01m[K/home/davencyw/catkinws/dynvinsmono/src/VINS-Mono/vins_estimator/src/dynenv/cluster.cc:[m[K In lambda function:
[01m[K/home/davencyw/catkinws/dynvinsmono/src/VINS-Mono/vins_estimator/src/dynenv/cluster.cc:114:75:[m[K [01;31m[Kerror: [m[Kinvalid operands of types ‘[01m[Kconst int*[m[K’ and ‘[01m[KCluster*[m[K’ to binary ‘[01m[Koperator-[m[K’
                          return invalid_cluster.at(&i - clusterframe.data());
[01;32m[K                                                                           ^[m[K
In file included from [01m[K/usr/include/c++/5/bits/stl_algobase.h:71:0[m[K,
                 from [01m[K/usr/include/c++/5/algorithm:61[m[K,
                 from [01m[K/home/davencyw/catkinws/dynvinsmono/src/VINS-Mono/vins_estimator/src/dynenv/../feature_manager.h:4[m[K,
                 from [01m[K/home/davencyw/catkinws/dynvinsmono/src/VINS-Mono/vins_estimator/src/dynenv/cluster.h:4[m[K,
                 from [01m[K/home/davencyw/catkinws/dynvinsmono/src/VINS-Mono/vins_estimator/src/dynenv/cluster.cc:1[m[K:
/usr/include/c++/5/bits/predefined_ops.h: In instantiation of ‘[01m[Kbool __gnu_cxx::__ops::_Iter_pred<_Predicate>::operator()(_Iterator) [with _Iterator = __gnu_cxx::__normal_iterator<Cluster*, std::vector<Cluster> >; _Predicate = ClusterAlgorithm::moveCluster(std::deque<std::vector<Cluster> >&)::<lambda(const int&)>][m[K’:
[01m[K/usr/include/c++/5/bits/stl_algo.h:866:20:[m[K   required from ‘[01m[K_ForwardIterator std::__remove_if(_ForwardIterator, _ForwardIterator, _Predicate) [with _ForwardIterator = __gnu_cxx::__normal_iterator<Cluster*, std::vector<Cluster> >; _Predicate = __gnu_cxx::__ops::_Iter_pred<ClusterAlgorithm::moveCluster(std::deque<std::vector<Cluster> >&)::<lambda(const int&)> >][m[K’
[01m[K/usr/include/c++/5/bits/stl_algo.h:936:30:[m[K   required from ‘[01m[K_FIter std::remove_if(_FIter, _FIter, _Predicate) [with _FIter = __gnu_cxx::__normal_iterator<Cluster*, std::vector<Cluster> >; _Predicate = ClusterAlgorithm::moveCluster(std::deque<std::vector<Cluster> >&)::<lambda(const int&)>][m[K’
[01m[K/home/davencyw/catkinws/dynvinsmono/src/VINS-Mono/vins_estimator/src/dynenv/cluster.cc:115:25:[m[K   required from here
[01m[K/usr/include/c++/5/bits/predefined_ops.h:234:30:[m[K [01;31m[Kerror: [m[Kno match for call to ‘[01m[K(ClusterAlgorithm::moveCluster(std::deque<std::vector<Cluster> >&)::<lambda(const int&)>) (Cluster&)[m[K’
  { return bool(_M_pred(*__it)); }
[01;32m[K                              ^[m[K
[01m[K/home/davencyw/catkinws/dynvinsmono/src/VINS-Mono/vins_estimator/src/dynenv/cluster.cc:113:70:[m[K [01;36m[Knote: [m[Kcandidate: ClusterAlgorithm::moveCluster(std::deque<std::vector<Cluster> >&)::<lambda(const int&)>
                        [&invalid_cluster, &clusterframe](int const &i) {
[01;32m[K                                                                      ^[m[K
[01m[K/home/davencyw/catkinws/dynvinsmono/src/VINS-Mono/vins_estimator/src/dynenv/cluster.cc:113:70:[m[K [01;36m[Knote: [m[K  no known conversion for argument 1 from ‘[01m[KCluster[m[K’ to ‘[01m[Kconst int&[m[K’
make[2]: *** [CMakeFiles/libdynenv.dir/src/dynenv/cluster.cc.o] Error 1
make[1]: *** [CMakeFiles/libdynenv.dir/all] Error 2
make: *** [all] Error 2
