In file included from [01m[K/home/davencyw/catkinws/dynvinsmono/src/VINS-Mono/vins_estimator/src/utility/../estimator.h:25:0[m[K,
                 from [01m[K/home/davencyw/catkinws/dynvinsmono/src/VINS-Mono/vins_estimator/src/utility/visualization.h:3[m[K,
                 from [01m[K/home/davencyw/catkinws/dynvinsmono/src/VINS-Mono/vins_estimator/src/utility/visualization.cpp:1[m[K:
[01m[K/home/davencyw/catkinws/dynvinsmono/src/VINS-Mono/vins_estimator/src/utility/../dynenv/cluster.h:[m[K In member function ‘[01m[Kvirtual std::vector<Eigen::Matrix<double, 2, 1> > SimpleCluster::cluster(FeatureManager&, int)[m[K’:
[01m[K/home/davencyw/catkinws/dynvinsmono/src/VINS-Mono/vins_estimator/src/utility/../dynenv/cluster.h:46:9:[m[K [01;31m[Kerror: [m[K‘[01m[Kcenter[m[K’ was not declared in this scope
         [01;31m[Kcenter[m[K += it_per_id.feature_per_frame.back().uv;
         [01;31m[K^~~~~~[m[K
[01m[K/home/davencyw/catkinws/dynvinsmono/src/VINS-Mono/vins_estimator/src/utility/../dynenv/cluster.h:46:9:[m[K [01;36m[Knote: [m[Ksuggested alternative: ‘[01m[Kcluster[m[K’
         [01;36m[Kcenter[m[K += it_per_id.feature_per_frame.back().uv;
         [01;36m[K^~~~~~[m[K
         [32m[Kcluster[m[K
[01m[K/home/davencyw/catkinws/dynvinsmono/src/VINS-Mono/vins_estimator/src/utility/../dynenv/cluster.h:58:45:[m[K [01;31m[Kerror: [m[Krequest for member ‘[01m[Kfeature_per_frame[m[K’ in ‘[01m[Kit_per_id.std::pair<FeaturePerId*, double>::first[m[K’, which is of pointer type ‘[01m[KFeaturePerId*[m[K’ (maybe you meant to use ‘[01m[K->[m[K’ ?)
         const Vector2d dist(it_per_id.first.[01;31m[Kfeature_per_frame[m[K.back().uv -
                                             [01;31m[K^~~~~~~~~~~~~~~~~[m[K
[01m[K/home/davencyw/catkinws/dynvinsmono/src/VINS-Mono/vins_estimator/src/utility/../dynenv/cluster.h:67:26:[m[K [01;31m[Kerror: [m[K‘[01m[Kv[m[K’ was not declared in this scope
           std::remove_if([01;31m[Kv[m[K.begin(), v.end(),
                          [01;31m[K^[m[K
[01m[K/home/davencyw/catkinws/dynvinsmono/src/VINS-Mono/vins_estimator/src/utility/../dynenv/cluster.h:[m[K In lambda function:
[01m[K/home/davencyw/catkinws/dynvinsmono/src/VINS-Mono/vins_estimator/src/utility/../dynenv/cluster.h:68:59:[m[K [01;31m[Kerror: [m[KISO C++ forbids comparison between pointer and integer [[01;31m[K-fpermissive[m[K]
                          [](FeaturePerId *i) { return i < [01;31m[K10[m[K; }),
                                                           [01;31m[K^~[m[K
make[2]: *** [CMakeFiles/libutility.dir/src/utility/visualization.cpp.o] Error 1
make[1]: *** [CMakeFiles/libutility.dir/all] Error 2
make: *** [all] Error 2
