[01m[K/home/davencyw/catkinws/dynvinsmono/src/VINS-Mono/vins_estimator/src/estimator_node.cpp:[m[K In function ‘[01m[Kvoid img_callback(const ImageConstPtr&)[m[K’:
[01m[K/home/davencyw/catkinws/dynvinsmono/src/VINS-Mono/vins_estimator/src/estimator_node.cpp:173:6:[m[K [01;31m[Kerror: [m[Kredefinition of ‘[01m[Kvoid img_callback(const ImageConstPtr&)[m[K’
 void [01;31m[Kimg_callback[m[K(const sensor_msgs::ImageConstPtr &img_msg) {}
      [01;31m[K^~~~~~~~~~~~[m[K
[01m[K/home/davencyw/catkinws/dynvinsmono/src/VINS-Mono/vins_estimator/src/estimator_node.cpp:140:6:[m[K [01;36m[Knote: [m[K‘[01m[Kvoid img_callback(const ImageConstPtr&)[m[K’ previously defined here
 void [01;36m[Kimg_callback[m[K(const sensor_msgs::ImageConstPtr &img_msg) {
      [01;36m[K^~~~~~~~~~~~[m[K
[01m[K/home/davencyw/catkinws/dynvinsmono/src/VINS-Mono/vins_estimator/src/estimator_node.cpp:[m[K In function ‘[01m[Kvoid process()[m[K’:
[01m[K/home/davencyw/catkinws/dynvinsmono/src/VINS-Mono/vins_estimator/src/estimator_node.cpp:333:15:[m[K [01;31m[Kerror: [m[Kconflicting declaration ‘[01m[Kcv::Mat image[m[K’
       cv::Mat [01;31m[Kimage[m[K = image_buf.back->data;
               [01;31m[K^~~~~[m[K
[01m[K/home/davencyw/catkinws/dynvinsmono/src/VINS-Mono/vins_estimator/src/estimator_node.cpp:301:64:[m[K [01;36m[Knote: [m[Kprevious declaration as ‘[01m[Kstd::map<int, std::vector<std::pair<int, Eigen::Matrix<double, 7, 1> > > > image[m[K’
       map<int, vector<pair<int, Eigen::Matrix<double, 7, 1>>>> [01;36m[Kimage[m[K;
                                                                [01;36m[K^~~~~[m[K
[01m[K/home/davencyw/catkinws/dynvinsmono/src/VINS-Mono/vins_estimator/src/estimator_node.cpp:333:33:[m[K [01;31m[Kerror: [m[Kinvalid use of member function ‘[01m[Kstd::queue<_Tp, _Sequence>::const_reference std::queue<_Tp, _Sequence>::back() const [with _Tp = boost::shared_ptr<const sensor_msgs::Image_<std::allocator<void> > >; _Sequence = std::deque<boost::shared_ptr<const sensor_msgs::Image_<std::allocator<void> > >, std::allocator<boost::shared_ptr<const sensor_msgs::Image_<std::allocator<void> > > > >; std::queue<_Tp, _Sequence>::const_reference = const boost::shared_ptr<const sensor_msgs::Image_<std::allocator<void> > >&][m[K’ (did you forget the ‘[01m[K()[m[K’ ?)
       cv::Mat image = [01;31m[Kimage_buf.back[m[K->data;
                       [01;31m[K~~~~~~~~~~^~~~[m[K
[01m[K/home/davencyw/catkinws/dynvinsmono/src/VINS-Mono/vins_estimator/src/estimator_node.cpp:333:37:[m[K [01;31m[Kerror: [m[Kbase operand of ‘[01m[K->[m[K’ is not a pointer
       cv::Mat image = image_buf.back[01;31m[K->[m[Kdata;
                                     [01;31m[K^~[m[K
[01m[K/home/davencyw/catkinws/dynvinsmono/src/VINS-Mono/vins_estimator/src/estimator_node.cpp:336:61:[m[K [01;31m[Kerror: [m[Ktoo many arguments to function ‘[01m[Kvoid pubImageFeatureClassification(const Estimator&, const Header&)[m[K’
       pubImageFeatureClassification(estimator, header, image[01;31m[K)[m[K;
                                                             [01;31m[K^[m[K
In file included from [01m[K/home/davencyw/catkinws/dynvinsmono/src/VINS-Mono/vins_estimator/src/estimator_node.cpp:13:0[m[K:
[01m[K/home/davencyw/catkinws/dynvinsmono/src/VINS-Mono/vins_estimator/src/utility/visualization.h:37:6:[m[K [01;36m[Knote: [m[Kdeclared here
 void [01;36m[KpubImageFeatureClassification[m[K(const Estimator &estimator,
      [01;36m[K^~~~~~~~~~~~~~~~~~~~~~~~~~~~~[m[K
make[2]: *** [CMakeFiles/vins_estimator.dir/src/estimator_node.cpp.o] Error 1
make[2]: *** Waiting for unfinished jobs....
make[1]: *** [CMakeFiles/vins_estimator.dir/all] Error 2
make: *** [all] Error 2
