In file included from [01m[K/home/davencyw/catkinws/dynvinsmono/src/VINS-Mono/vins_estimator/src/dynenv/cluster.cc:1:0[m[K:
[01m[K/home/davencyw/catkinws/dynvinsmono/src/VINS-Mono/vins_estimator/src/dynenv/cluster.h:33:8:[m[K [01;31m[Kerror: [m[K‘[01m[Kvoid ClusterAlgorithm::cluster(FeatureManager&, int, std::deque<Cluster>&)[m[K’ cannot be overloaded
   void cluster(FeatureManager &f_manager, const int framecount,
[01;32m[K        ^[m[K
[01m[K/home/davencyw/catkinws/dynvinsmono/src/VINS-Mono/vins_estimator/src/dynenv/cluster.h:22:16:[m[K [01;31m[Kerror: [m[Kwith ‘[01m[Kvirtual void ClusterAlgorithm::cluster(FeatureManager&, int, std::deque<Cluster>&)[m[K’
   virtual void cluster(FeatureManager &f_manager, const int framecount,
[01;32m[K                ^[m[K
[01m[K/home/davencyw/catkinws/dynvinsmono/src/VINS-Mono/vins_estimator/src/dynenv/cluster.h:[m[K In member function ‘[01m[Kvoid ClusterAlgorithm::cluster(FeatureManager&, int, std::deque<Cluster>&)[m[K’:
[01m[K/home/davencyw/catkinws/dynvinsmono/src/VINS-Mono/vins_estimator/src/dynenv/cluster.h:35:50:[m[K [01;31m[Kerror: [m[K‘[01m[Kcomputecluster[m[K’ was not declared in this scope
     computecluster(f_manager, framecount, cluster);
[01;32m[K                                                  ^[m[K
[01m[K/home/davencyw/catkinws/dynvinsmono/src/VINS-Mono/vins_estimator/src/dynenv/cluster.h:[m[K At global scope:
[01m[K/home/davencyw/catkinws/dynvinsmono/src/VINS-Mono/vins_estimator/src/dynenv/cluster.h:50:8:[m[K [01;31m[Kerror: [m[K‘[01m[Kvoid SimpleCluster::computecluster(FeatureManager&, int, std::deque<Cluster>&)[m[K’ marked ‘[01m[Koverride[m[K’, but does not override
   void computecluster(FeatureManager &f_manager, const int framecount,
[01;32m[K        ^[m[K
[01m[K/home/davencyw/catkinws/dynvinsmono/src/VINS-Mono/vins_estimator/src/dynenv/cluster.cc:4:57:[m[K [01;31m[Kerror: [m[Kno ‘[01m[Kvoid SimpleCluster::cluster(FeatureManager&, int, std::deque<Cluster>&)[m[K’ member function declared in class ‘[01m[KSimpleCluster[m[K’
                             std::deque<Cluster> &cluster) {
[01;32m[K                                                         ^[m[K
make[2]: *** [CMakeFiles/libdynenv.dir/src/dynenv/cluster.cc.o] Error 1
make[1]: *** [CMakeFiles/libdynenv.dir/all] Error 2
make[1]: *** Waiting for unfinished jobs....
In file included from [01m[K/home/davencyw/catkinws/dynvinsmono/src/VINS-Mono/vins_estimator/src/utility/../estimator.h:25:0[m[K,
                 from [01m[K/home/davencyw/catkinws/dynvinsmono/src/VINS-Mono/vins_estimator/src/utility/visualization.h:3[m[K,
                 from [01m[K/home/davencyw/catkinws/dynvinsmono/src/VINS-Mono/vins_estimator/src/utility/visualization.cpp:1[m[K:
[01m[K/home/davencyw/catkinws/dynvinsmono/src/VINS-Mono/vins_estimator/src/utility/../dynenv/cluster.h:33:8:[m[K [01;31m[Kerror: [m[K‘[01m[Kvoid ClusterAlgorithm::cluster(FeatureManager&, int, std::deque<Cluster>&)[m[K’ cannot be overloaded
   void cluster(FeatureManager &f_manager, const int framecount,
[01;32m[K        ^[m[K
[01m[K/home/davencyw/catkinws/dynvinsmono/src/VINS-Mono/vins_estimator/src/utility/../dynenv/cluster.h:22:16:[m[K [01;31m[Kerror: [m[Kwith ‘[01m[Kvirtual void ClusterAlgorithm::cluster(FeatureManager&, int, std::deque<Cluster>&)[m[K’
   virtual void cluster(FeatureManager &f_manager, const int framecount,
[01;32m[K                ^[m[K
[01m[K/home/davencyw/catkinws/dynvinsmono/src/VINS-Mono/vins_estimator/src/utility/../dynenv/cluster.h:[m[K In member function ‘[01m[Kvoid ClusterAlgorithm::cluster(FeatureManager&, int, std::deque<Cluster>&)[m[K’:
[01m[K/home/davencyw/catkinws/dynvinsmono/src/VINS-Mono/vins_estimator/src/utility/../dynenv/cluster.h:35:50:[m[K [01;31m[Kerror: [m[K‘[01m[Kcomputecluster[m[K’ was not declared in this scope
     computecluster(f_manager, framecount, cluster);
[01;32m[K                                                  ^[m[K
[01m[K/home/davencyw/catkinws/dynvinsmono/src/VINS-Mono/vins_estimator/src/utility/../dynenv/cluster.h:[m[K At global scope:
[01m[K/home/davencyw/catkinws/dynvinsmono/src/VINS-Mono/vins_estimator/src/utility/../dynenv/cluster.h:50:8:[m[K [01;31m[Kerror: [m[K‘[01m[Kvoid SimpleCluster::computecluster(FeatureManager&, int, std::deque<Cluster>&)[m[K’ marked ‘[01m[Koverride[m[K’, but does not override
   void computecluster(FeatureManager &f_manager, const int framecount,
[01;32m[K        ^[m[K
make[2]: *** [CMakeFiles/libutility.dir/src/utility/visualization.cpp.o] Error 1
make[1]: *** [CMakeFiles/libutility.dir/all] Error 2
make: *** [all] Error 2
