In file included from [01m[K/home/davencyw/catkinws/dynvinsmono/src/VINS-Mono/vins_estimator/src/utility/../estimator.h:25:0[m[K,
                 from [01m[K/home/davencyw/catkinws/dynvinsmono/src/VINS-Mono/vins_estimator/src/utility/visualization.h:3[m[K,
                 from [01m[K/home/davencyw/catkinws/dynvinsmono/src/VINS-Mono/vins_estimator/src/utility/visualization.cpp:1[m[K:
[01m[K/home/davencyw/catkinws/dynvinsmono/src/VINS-Mono/vins_estimator/src/utility/../dynenv/cluster.h:[m[K In member function ‘[01m[Kvirtual std::vector<Eigen::Matrix<double, 2, 1> > SimpleCluster::cluster(FeatureManager&, int)[m[K’:
[01m[K/home/davencyw/catkinws/dynvinsmono/src/VINS-Mono/vins_estimator/src/utility/../dynenv/cluster.h:104:66:[m[K [01;31m[Kerror: [m[Ktoo few arguments to function ‘[01m[Kdouble cv::pointPolygonTest(cv::InputArray, cv::Point2f, bool)[m[K’
         const double result = cv::pointPolygonTest(outputarray, p[01;31m[K)[m[K;
                                                                  [01;31m[K^[m[K
In file included from [01m[K/opt/ros/kinetic/include/opencv-3.3.1-dev/opencv2/opencv.hpp:71:0[m[K,
                 from [01m[K/home/davencyw/catkinws/dynvinsmono/src/VINS-Mono/vins_estimator/src/utility/../parameters.h:7[m[K,
                 from [01m[K/home/davencyw/catkinws/dynvinsmono/src/VINS-Mono/vins_estimator/src/utility/../feature_manager.h:16[m[K,
                 from [01m[K/home/davencyw/catkinws/dynvinsmono/src/VINS-Mono/vins_estimator/src/utility/../estimator.h:3[m[K,
                 from [01m[K/home/davencyw/catkinws/dynvinsmono/src/VINS-Mono/vins_estimator/src/utility/visualization.h:3[m[K,
                 from [01m[K/home/davencyw/catkinws/dynvinsmono/src/VINS-Mono/vins_estimator/src/utility/visualization.cpp:1[m[K:
[01m[K/opt/ros/kinetic/include/opencv-3.3.1-dev/opencv2/imgproc.hpp:4207:21:[m[K [01;36m[Knote: [m[Kdeclared here
 CV_EXPORTS_W double [01;36m[KpointPolygonTest[m[K( InputArray contour, Point2f pt, bool measureDist );
                     [01;36m[K^~~~~~~~~~~~~~~~[m[K
[01m[K/home/davencyw/catkinws/dynvinsmono/src/VINS-Mono/vins_estimator/src/utility/visualization.cpp:[m[K In function ‘[01m[Kvoid pubImageFeatureClassification(const Estimator&, const Header&, cv::Mat)[m[K’:
[01m[K/home/davencyw/catkinws/dynvinsmono/src/VINS-Mono/vins_estimator/src/utility/visualization.cpp:448:3:[m[K [01;31m[Kerror: [m[K‘[01m[Kelse[m[K’ without a previous ‘[01m[Kif[m[K’
   [01;31m[Kelse[m[K if (it_per_id.clusterid < 0) {
   [01;31m[K^~~~[m[K
[01m[K/home/davencyw/catkinws/dynvinsmono/src/VINS-Mono/vins_estimator/src/utility/visualization.cpp:448:12:[m[K [01;31m[Kerror: [m[K‘[01m[Kit_per_id[m[K’ was not declared in this scope
   else if ([01;31m[Kit_per_id[m[K.clusterid < 0) {
            [01;31m[K^~~~~~~~~[m[K
[01m[K/home/davencyw/catkinws/dynvinsmono/src/VINS-Mono/vins_estimator/src/utility/visualization.cpp:448:12:[m[K [01;36m[Knote: [m[Ksuggested alternative: ‘[01m[Kctermid[m[K’
   else if ([01;36m[Kit_per_id[m[K.clusterid < 0) {
            [01;36m[K^~~~~~~~~[m[K
            [32m[Kctermid[m[K
[01m[K/home/davencyw/catkinws/dynvinsmono/src/VINS-Mono/vins_estimator/src/utility/visualization.cpp:449:23:[m[K [01;31m[Kerror: [m[K‘[01m[Kpoint[m[K’ was not declared in this scope
     cv::circle(image, [01;31m[Kpoint[m[K, 10, cv::Scalar(0, 0, 255), 2);
                       [01;31m[K^~~~~[m[K
[01m[K/home/davencyw/catkinws/dynvinsmono/src/VINS-Mono/vins_estimator/src/utility/visualization.cpp:449:23:[m[K [01;36m[Knote: [m[Ksuggested alternative: ‘[01m[Kuint[m[K’
     cv::circle(image, [01;36m[Kpoint[m[K, 10, cv::Scalar(0, 0, 255), 2);
                       [01;36m[K^~~~~[m[K
                       [32m[Kuint[m[K
[01m[K/home/davencyw/catkinws/dynvinsmono/src/VINS-Mono/vins_estimator/src/utility/visualization.cpp:[m[K At global scope:
[01m[K/home/davencyw/catkinws/dynvinsmono/src/VINS-Mono/vins_estimator/src/utility/visualization.cpp:454:1:[m[K [01;31m[Kerror: [m[Kexpected unqualified-id before ‘[01m[Kfor[m[K’
 [01;31m[Kfor[m[K (auto &center : estimator.cluster_centers) {
 [01;31m[K^~~[m[K
[01m[K/home/davencyw/catkinws/dynvinsmono/src/VINS-Mono/vins_estimator/src/utility/visualization.cpp:460:52:[m[K [01;31m[Kerror: [m[K‘[01m[Kimage[m[K’ was not declared in this scope
     cv_bridge::CvImage(std_msgs::Header(), "bgr8", [01;31m[Kimage[m[K).toImageMsg();
                                                    [01;31m[K^~~~~[m[K
[01m[K/home/davencyw/catkinws/dynvinsmono/src/VINS-Mono/vins_estimator/src/utility/visualization.cpp:462:1:[m[K [01;31m[Kerror: [m[K‘[01m[Kpub_image_feature_classification[m[K’ does not name a type
 [01;31m[Kpub_image_feature_classification[m[K.publish(msg);
 [01;31m[K^~~~~~~~~~~~~~~~~~~~~~~~~~~~~~~~[m[K
[01m[K/home/davencyw/catkinws/dynvinsmono/src/VINS-Mono/vins_estimator/src/utility/visualization.cpp:463:1:[m[K [01;31m[Kerror: [m[Kexpected declaration before ‘[01m[K}[m[K’ token
 [01;31m[K}[m[K
 [01;31m[K^[m[K
make[2]: *** [CMakeFiles/libutility.dir/src/utility/visualization.cpp.o] Error 1
make[1]: *** [CMakeFiles/libutility.dir/all] Error 2
make: *** [all] Error 2
