[01m[K/home/davencyw/catkinws/dynvinsmono/src/VINS-Mono/vins_estimator/src/estimator_node.cpp:[m[K In function ‘[01m[Kvoid process()[m[K’:
[01m[K/home/davencyw/catkinws/dynvinsmono/src/VINS-Mono/vins_estimator/src/estimator_node.cpp:332:15:[m[K [01;31m[Kerror: [m[Kconflicting declaration ‘[01m[Kcv::Mat image[m[K’
       cv::Mat [01;31m[Kimage[m[K = cv::Mat(480, 752, CV_8UC3, cv::Scalar(255, 255, 255));
               [01;31m[K^~~~~[m[K
[01m[K/home/davencyw/catkinws/dynvinsmono/src/VINS-Mono/vins_estimator/src/estimator_node.cpp:300:64:[m[K [01;36m[Knote: [m[Kprevious declaration as ‘[01m[Kstd::map<int, std::vector<std::pair<int, Eigen::Matrix<double, 7, 1> > > > image[m[K’
       map<int, vector<pair<int, Eigen::Matrix<double, 7, 1>>>> [01;36m[Kimage[m[K;
                                                                [01;36m[K^~~~~[m[K
[01m[K/home/davencyw/catkinws/dynvinsmono/src/VINS-Mono/vins_estimator/src/estimator_node.cpp:337:22:[m[K [01;31m[Kerror: [m[Kno match for ‘[01m[Koperator=[m[K’ (operand types are ‘[01m[Kstd::map<int, std::vector<std::pair<int, Eigen::Matrix<double, 7, 1> > > >[m[K’ and ‘[01m[Kcv::Mat[m[K’)
         image = ptr->[01;31m[Kimage[m[K;
                      [01;31m[K^~~~~[m[K
In file included from [01m[K/usr/include/c++/7/map:61:0[m[K,
                 from [01m[K/opt/ros/kinetic/include/sensor_msgs/Image.h:11[m[K,
                 from [01m[K/opt/ros/kinetic/include/cv_bridge/cv_bridge.h:39[m[K,
                 from [01m[K/home/davencyw/catkinws/dynvinsmono/src/VINS-Mono/vins_estimator/src/estimator_node.cpp:2[m[K:
[01m[K/usr/include/c++/7/bits/stl_map.h:99:11:[m[K [01;36m[Knote: [m[Kcandidate: std::map<_Key, _Tp, _Compare, _Alloc>& std::map<_Key, _Tp, _Compare, _Alloc>::operator=(const std::map<_Key, _Tp, _Compare, _Alloc>&) [with _Key = int; _Tp = std::vector<std::pair<int, Eigen::Matrix<double, 7, 1> > >; _Compare = std::less<int>; _Alloc = std::allocator<std::pair<const int, std::vector<std::pair<int, Eigen::Matrix<double, 7, 1> > > > >]
     class [01;36m[Kmap[m[K
           [01;36m[K^~~[m[K
[01m[K/usr/include/c++/7/bits/stl_map.h:99:11:[m[K [01;36m[Knote: [m[K  no known conversion for argument 1 from ‘[01m[Kcv::Mat[m[K’ to ‘[01m[Kconst std::map<int, std::vector<std::pair<int, Eigen::Matrix<double, 7, 1> > > >&[m[K’
[01m[K/usr/include/c++/7/bits/stl_map.h:315:7:[m[K [01;36m[Knote: [m[Kcandidate: std::map<_Key, _Tp, _Compare, _Alloc>& std::map<_Key, _Tp, _Compare, _Alloc>::operator=(std::map<_Key, _Tp, _Compare, _Alloc>&&) [with _Key = int; _Tp = std::vector<std::pair<int, Eigen::Matrix<double, 7, 1> > >; _Compare = std::less<int>; _Alloc = std::allocator<std::pair<const int, std::vector<std::pair<int, Eigen::Matrix<double, 7, 1> > > > >]
       [01;36m[Koperator[m[K=(map&&) = default;
       [01;36m[K^~~~~~~~[m[K
[01m[K/usr/include/c++/7/bits/stl_map.h:315:7:[m[K [01;36m[Knote: [m[K  no known conversion for argument 1 from ‘[01m[Kcv::Mat[m[K’ to ‘[01m[Kstd::map<int, std::vector<std::pair<int, Eigen::Matrix<double, 7, 1> > > >&&[m[K’
[01m[K/usr/include/c++/7/bits/stl_map.h:329:7:[m[K [01;36m[Knote: [m[Kcandidate: std::map<_Key, _Tp, _Compare, _Alloc>& std::map<_Key, _Tp, _Compare, _Alloc>::operator=(std::initializer_list<std::pair<const _Key, _Tp> >) [with _Key = int; _Tp = std::vector<std::pair<int, Eigen::Matrix<double, 7, 1> > >; _Compare = std::less<int>; _Alloc = std::allocator<std::pair<const int, std::vector<std::pair<int, Eigen::Matrix<double, 7, 1> > > > >]
       [01;36m[Koperator[m[K=(initializer_list<value_type> __l)
       [01;36m[K^~~~~~~~[m[K
[01m[K/usr/include/c++/7/bits/stl_map.h:329:7:[m[K [01;36m[Knote: [m[K  no known conversion for argument 1 from ‘[01m[Kcv::Mat[m[K’ to ‘[01m[Kstd::initializer_list<std::pair<const int, std::vector<std::pair<int, Eigen::Matrix<double, 7, 1> > > > >[m[K’
[01m[K/home/davencyw/catkinws/dynvinsmono/src/VINS-Mono/vins_estimator/src/estimator_node.cpp:341:56:[m[K [01;31m[Kerror: [m[K‘[01m[Kptr[m[K’ was not declared in this scope
       pubImageFeatureClassification(estimator, header, [01;31m[Kptr[m[K->image);
                                                        [01;31m[K^~~[m[K
[01m[K/home/davencyw/catkinws/dynvinsmono/src/VINS-Mono/vins_estimator/src/estimator_node.cpp:341:56:[m[K [01;36m[Knote: [m[Ksuggested alternative: ‘[01m[Kpath[m[K’
       pubImageFeatureClassification(estimator, header, [01;36m[Kptr[m[K->image);
                                                        [01;36m[K^~~[m[K
                                                        [32m[Kpath[m[K
make[2]: *** [CMakeFiles/vins_estimator.dir/src/estimator_node.cpp.o] Error 1
make[1]: *** [CMakeFiles/vins_estimator.dir/all] Error 2
make: *** [all] Error 2
