In file included from [01m[K/home/davencyw/catkinws/dynvinsmono/src/VINS-Mono/vins_estimator/src/utility/../estimator.h:25:0[m[K,
                 from [01m[K/home/davencyw/catkinws/dynvinsmono/src/VINS-Mono/vins_estimator/src/utility/visualization.h:3[m[K,
                 from [01m[K/home/davencyw/catkinws/dynvinsmono/src/VINS-Mono/vins_estimator/src/utility/visualization.cpp:1[m[K:
[01m[K/home/davencyw/catkinws/dynvinsmono/src/VINS-Mono/vins_estimator/src/utility/../dynenv/cluster.h:37:8:[m[K [01;31m[Kerror: [m[K‘[01m[Kvoid SimpleCluster::cluster(FeatureManager&, int, std::vector<Cluster>&)[m[K’ marked ‘[01m[Koverride[m[K’, but does not override
   void [01;31m[Kcluster[m[K(FeatureManager &f_manager, const int framecount,
        [01;31m[K^~~~~~~[m[K
[01m[K/home/davencyw/catkinws/dynvinsmono/src/VINS-Mono/vins_estimator/src/utility/../dynenv/cluster.h:[m[K In member function ‘[01m[Kvoid SimpleCluster::cluster(FeatureManager&, int, std::vector<Cluster>&)[m[K’:
[01m[K/home/davencyw/catkinws/dynvinsmono/src/VINS-Mono/vins_estimator/src/utility/../dynenv/cluster.h:44:36:[m[K [01;31m[Kerror: [m[K‘[01m[Kclass std::vector<Cluster>[m[K’ has no member named ‘[01m[Kconvexhull[m[K’
       for (auto &point_i : cluster.[01;31m[Kconvexhull[m[K) {
                                    [01;31m[K^~~~~~~~~~[m[K
[01m[K/home/davencyw/catkinws/dynvinsmono/src/VINS-Mono/vins_estimator/src/utility/../dynenv/cluster.h:45:30:[m[K [01;31m[Kerror: [m[K‘[01m[Kclass std::vector<Cluster>[m[K’ has no member named ‘[01m[Kaverageopticalflow[m[K’
         point_i.x += cluster.[01;31m[Kaverageopticalflow[m[K.x();
                              [01;31m[K^~~~~~~~~~~~~~~~~~[m[K
[01m[K/home/davencyw/catkinws/dynvinsmono/src/VINS-Mono/vins_estimator/src/utility/../dynenv/cluster.h:46:30:[m[K [01;31m[Kerror: [m[K‘[01m[Kclass std::vector<Cluster>[m[K’ has no member named ‘[01m[Kaverageopticalflow[m[K’
         point_i.y += cluster.[01;31m[Kaverageopticalflow[m[K.y();
                              [01;31m[K^~~~~~~~~~~~~~~~~~[m[K
[01m[K/home/davencyw/catkinws/dynvinsmono/src/VINS-Mono/vins_estimator/src/utility/../dynenv/cluster.h:69:42:[m[K [01;31m[Kerror: [m[K‘[01m[Kclass std::vector<Cluster>[m[K’ has no member named ‘[01m[Kconvexhull[m[K’
             cv::pointPolygonTest(cluster.[01;31m[Kconvexhull[m[K, p, false);
                                          [01;31m[K^~~~~~~~~~[m[K
make[2]: *** [CMakeFiles/libutility.dir/src/utility/visualization.cpp.o] Error 1
make[1]: *** [CMakeFiles/libutility.dir/all] Error 2
make: *** [all] Error 2
