In file included from [01m[K/home/davencyw/catkinws/dynvinsmono/src/VINS-Mono/vins_estimator/src/utility/../estimator.h:25:0[m[K,
                 from [01m[K/home/davencyw/catkinws/dynvinsmono/src/VINS-Mono/vins_estimator/src/utility/visualization.h:3[m[K,
                 from [01m[K/home/davencyw/catkinws/dynvinsmono/src/VINS-Mono/vins_estimator/src/utility/visualization.cpp:1[m[K:
[01m[K/home/davencyw/catkinws/dynvinsmono/src/VINS-Mono/vins_estimator/src/utility/../dynenv/cluster.h:[m[K In member function ‘[01m[Kvirtual std::vector<Eigen::Matrix<double, 2, 1> > SimpleCluster::cluster(FeatureManager&, int)[m[K’:
[01m[K/home/davencyw/catkinws/dynvinsmono/src/VINS-Mono/vins_estimator/src/utility/../dynenv/cluster.h:34:41:[m[K [01;31m[Kerror: [m[Kwrong number of template arguments (1, should be 2)
     std::vector<std::pair<FeaturePerId *[01;31m[K>[m[K, double> features_in_cluster;
                                         [01;31m[K^[m[K
In file included from [01m[K/usr/include/c++/7/utility:70:0[m[K,
                 from [01m[K/usr/include/c++/7/algorithm:60[m[K,
                 from [01m[K/home/davencyw/catkinws/dynvinsmono/src/VINS-Mono/vins_estimator/src/utility/../feature_manager.h:4[m[K,
                 from [01m[K/home/davencyw/catkinws/dynvinsmono/src/VINS-Mono/vins_estimator/src/utility/../estimator.h:3[m[K,
                 from [01m[K/home/davencyw/catkinws/dynvinsmono/src/VINS-Mono/vins_estimator/src/utility/visualization.h:3[m[K,
                 from [01m[K/home/davencyw/catkinws/dynvinsmono/src/VINS-Mono/vins_estimator/src/utility/visualization.cpp:1[m[K:
[01m[K/usr/include/c++/7/bits/stl_pair.h:198:12:[m[K [01;36m[Knote: [m[Kprovided for ‘[01m[Ktemplate<class _T1, class _T2> struct std::pair[m[K’
     struct [01;36m[Kpair[m[K
            [01;36m[K^~~~[m[K
In file included from [01m[K/home/davencyw/catkinws/dynvinsmono/src/VINS-Mono/vins_estimator/src/utility/../estimator.h:25:0[m[K,
                 from [01m[K/home/davencyw/catkinws/dynvinsmono/src/VINS-Mono/vins_estimator/src/utility/visualization.h:3[m[K,
                 from [01m[K/home/davencyw/catkinws/dynvinsmono/src/VINS-Mono/vins_estimator/src/utility/visualization.cpp:1[m[K:
[01m[K/home/davencyw/catkinws/dynvinsmono/src/VINS-Mono/vins_estimator/src/utility/../dynenv/cluster.h:34:50:[m[K [01;31m[Kerror: [m[Ktemplate argument 1 is invalid
     std::vector<std::pair<FeaturePerId *>, double[01;31m[K>[m[K features_in_cluster;
                                                  [01;31m[K^[m[K
[01m[K/home/davencyw/catkinws/dynvinsmono/src/VINS-Mono/vins_estimator/src/utility/../dynenv/cluster.h:46:9:[m[K [01;31m[Kerror: [m[K‘[01m[Kcenter[m[K’ was not declared in this scope
         [01;31m[Kcenter[m[K += it_per_id.feature_per_frame.back().uv;
         [01;31m[K^~~~~~[m[K
[01m[K/home/davencyw/catkinws/dynvinsmono/src/VINS-Mono/vins_estimator/src/utility/../dynenv/cluster.h:46:9:[m[K [01;36m[Knote: [m[Ksuggested alternative: ‘[01m[Kcluster[m[K’
         [01;36m[Kcenter[m[K += it_per_id.feature_per_frame.back().uv;
         [01;36m[K^~~~~~[m[K
         [32m[Kcluster[m[K
[01m[K/home/davencyw/catkinws/dynvinsmono/src/VINS-Mono/vins_estimator/src/utility/../dynenv/cluster.h:47:29:[m[K [01;31m[Kerror: [m[Krequest for member ‘[01m[Kpush_back[m[K’ in ‘[01m[Kfeatures_in_cluster[m[K’, which is of non-class type ‘[01m[Kint[m[K’
         features_in_cluster.[01;31m[Kpush_back[m[K(std::make_pair(&it_per_id, 0));
                             [01;31m[K^~~~~~~~~[m[K
[01m[K/home/davencyw/catkinws/dynvinsmono/src/VINS-Mono/vins_estimator/src/utility/../dynenv/cluster.h:57:30:[m[K [01;31m[Kerror: [m[K‘[01m[Kbegin[m[K’ was not declared in this scope
       for (auto &it_per_id : [01;31m[Kfeatures_in_cluster[m[K) {
                              [01;31m[K^~~~~~~~~~~~~~~~~~~[m[K
[01m[K/home/davencyw/catkinws/dynvinsmono/src/VINS-Mono/vins_estimator/src/utility/../dynenv/cluster.h:57:30:[m[K [01;36m[Knote: [m[Ksuggested alternatives:
In file included from [01m[K/usr/include/c++/7/list:62:0[m[K,
                 from [01m[K/home/davencyw/catkinws/dynvinsmono/src/VINS-Mono/vins_estimator/src/utility/../feature_manager.h:5[m[K,
                 from [01m[K/home/davencyw/catkinws/dynvinsmono/src/VINS-Mono/vins_estimator/src/utility/../estimator.h:3[m[K,
                 from [01m[K/home/davencyw/catkinws/dynvinsmono/src/VINS-Mono/vins_estimator/src/utility/visualization.h:3[m[K,
                 from [01m[K/home/davencyw/catkinws/dynvinsmono/src/VINS-Mono/vins_estimator/src/utility/visualization.cpp:1[m[K:
[01m[K/usr/include/c++/7/bits/range_access.h:105:37:[m[K [01;36m[Knote: [m[K  ‘[01m[Kstd::begin[m[K’
   template<typename _Tp> const _Tp* [01;36m[Kbegin[m[K(const valarray<_Tp>&);
                                     [01;36m[K^~~~~[m[K
[01m[K/usr/include/c++/7/bits/range_access.h:105:37:[m[K [01;36m[Knote: [m[K  ‘[01m[Kstd::begin[m[K’
In file included from [01m[K/usr/local/include/boost/range/functions.hpp:18:0[m[K,
                 from [01m[K/usr/local/include/boost/range/iterator_range_core.hpp:38[m[K,
                 from [01m[K/usr/local/include/boost/lexical_cast.hpp:30[m[K,
                 from [01m[K/opt/ros/kinetic/include/ros/transport_hints.h:34[m[K,
                 from [01m[K/opt/ros/kinetic/include/ros/subscribe_options.h:33[m[K,
                 from [01m[K/opt/ros/kinetic/include/ros/node_handle.h:42[m[K,
                 from [01m[K/opt/ros/kinetic/include/ros/ros.h:45[m[K,
                 from [01m[K/home/davencyw/catkinws/dynvinsmono/src/VINS-Mono/vins_estimator/src/utility/../parameters.h:3[m[K,
                 from [01m[K/home/davencyw/catkinws/dynvinsmono/src/VINS-Mono/vins_estimator/src/utility/../feature_manager.h:16[m[K,
                 from [01m[K/home/davencyw/catkinws/dynvinsmono/src/VINS-Mono/vins_estimator/src/utility/../estimator.h:3[m[K,
                 from [01m[K/home/davencyw/catkinws/dynvinsmono/src/VINS-Mono/vins_estimator/src/utility/visualization.h:3[m[K,
                 from [01m[K/home/davencyw/catkinws/dynvinsmono/src/VINS-Mono/vins_estimator/src/utility/visualization.cpp:1[m[K:
[01m[K/usr/local/include/boost/range/begin.hpp:106:61:[m[K [01;36m[Knote: [m[K  ‘[01m[Kboost::range_adl_barrier::begin[m[K’
 inline BOOST_DEDUCED_TYPENAME range_iterator<const T>::type [01;36m[Kbegin[m[K( const T& r )
                                                             [01;36m[K^~~~~[m[K
In file included from [01m[K/usr/local/include/boost/mpl/list/aux_/begin_end.hpp:17:0[m[K,
                 from [01m[K/usr/local/include/boost/mpl/list/list0.hpp:27[m[K,
                 from [01m[K/usr/local/include/boost/mpl/list/list10.hpp:18[m[K,
                 from [01m[K/usr/local/include/boost/mpl/list/list20.hpp:18[m[K,
                 from [01m[K/usr/local/include/boost/mpl/list.hpp:36[m[K,
                 from [01m[K/usr/local/include/boost/math/policies/policy.hpp:9[m[K,
                 from [01m[K/usr/local/include/boost/math/policies/error_handling.hpp:21[m[K,
                 from [01m[K/usr/local/include/boost/math/special_functions/round.hpp:14[m[K,
                 from [01m[K/opt/ros/kinetic/include/ros/time.h:58[m[K,
                 from [01m[K/opt/ros/kinetic/include/ros/console.h:39[m[K,
                 from [01m[K/opt/ros/kinetic/include/ros/assert.h:35[m[K,
                 from [01m[K/home/davencyw/catkinws/dynvinsmono/src/VINS-Mono/vins_estimator/src/utility/../feature_manager.h:13[m[K,
                 from [01m[K/home/davencyw/catkinws/dynvinsmono/src/VINS-Mono/vins_estimator/src/utility/../estimator.h:3[m[K,
                 from [01m[K/home/davencyw/catkinws/dynvinsmono/src/VINS-Mono/vins_estimator/src/utility/visualization.h:3[m[K,
                 from [01m[K/home/davencyw/catkinws/dynvinsmono/src/VINS-Mono/vins_estimator/src/utility/visualization.cpp:1[m[K:
[01m[K/usr/local/include/boost/mpl/begin_end_fwd.hpp:22:38:[m[K [01;36m[Knote: [m[K  ‘[01m[Kboost::mpl::begin[m[K’
 template< typename Sequence > struct [01;36m[Kbegin[m[K;
                                      [01;36m[K^~~~~[m[K
In file included from [01m[K/usr/local/include/boost/range/functions.hpp:18:0[m[K,
                 from [01m[K/usr/local/include/boost/range/iterator_range_core.hpp:38[m[K,
                 from [01m[K/usr/local/include/boost/lexical_cast.hpp:30[m[K,
                 from [01m[K/opt/ros/kinetic/include/ros/transport_hints.h:34[m[K,
                 from [01m[K/opt/ros/kinetic/include/ros/subscribe_options.h:33[m[K,
                 from [01m[K/opt/ros/kinetic/include/ros/node_handle.h:42[m[K,
                 from [01m[K/opt/ros/kinetic/include/ros/ros.h:45[m[K,
                 from [01m[K/home/davencyw/catkinws/dynvinsmono/src/VINS-Mono/vins_estimator/src/utility/../parameters.h:3[m[K,
                 from [01m[K/home/davencyw/catkinws/dynvinsmono/src/VINS-Mono/vins_estimator/src/utility/../feature_manager.h:16[m[K,
                 from [01m[K/home/davencyw/catkinws/dynvinsmono/src/VINS-Mono/vins_estimator/src/utility/../estimator.h:3[m[K,
                 from [01m[K/home/davencyw/catkinws/dynvinsmono/src/VINS-Mono/vins_estimator/src/utility/visualization.h:3[m[K,
                 from [01m[K/home/davencyw/catkinws/dynvinsmono/src/VINS-Mono/vins_estimator/src/utility/visualization.cpp:1[m[K:
[01m[K/usr/local/include/boost/range/begin.hpp:106:61:[m[K [01;36m[Knote: [m[K  ‘[01m[Kboost::range_adl_barrier::begin[m[K’
 inline BOOST_DEDUCED_TYPENAME range_iterator<const T>::type [01;36m[Kbegin[m[K( const T& r )
                                                             [01;36m[K^~~~~[m[K
In file included from [01m[K/home/davencyw/catkinws/dynvinsmono/src/VINS-Mono/vins_estimator/src/utility/../estimator.h:25:0[m[K,
                 from [01m[K/home/davencyw/catkinws/dynvinsmono/src/VINS-Mono/vins_estimator/src/utility/visualization.h:3[m[K,
                 from [01m[K/home/davencyw/catkinws/dynvinsmono/src/VINS-Mono/vins_estimator/src/utility/visualization.cpp:1[m[K:
[01m[K/home/davencyw/catkinws/dynvinsmono/src/VINS-Mono/vins_estimator/src/utility/../dynenv/cluster.h:57:30:[m[K [01;31m[Kerror: [m[K‘[01m[Kend[m[K’ was not declared in this scope
       for (auto &it_per_id : [01;31m[Kfeatures_in_cluster[m[K) {
                              [01;31m[K^~~~~~~~~~~~~~~~~~~[m[K
[01m[K/home/davencyw/catkinws/dynvinsmono/src/VINS-Mono/vins_estimator/src/utility/../dynenv/cluster.h:57:30:[m[K [01;36m[Knote: [m[Ksuggested alternatives:
In file included from [01m[K/usr/include/c++/7/list:62:0[m[K,
                 from [01m[K/home/davencyw/catkinws/dynvinsmono/src/VINS-Mono/vins_estimator/src/utility/../feature_manager.h:5[m[K,
                 from [01m[K/home/davencyw/catkinws/dynvinsmono/src/VINS-Mono/vins_estimator/src/utility/../estimator.h:3[m[K,
                 from [01m[K/home/davencyw/catkinws/dynvinsmono/src/VINS-Mono/vins_estimator/src/utility/visualization.h:3[m[K,
                 from [01m[K/home/davencyw/catkinws/dynvinsmono/src/VINS-Mono/vins_estimator/src/utility/visualization.cpp:1[m[K:
[01m[K/usr/include/c++/7/bits/range_access.h:107:37:[m[K [01;36m[Knote: [m[K  ‘[01m[Kstd::end[m[K’
   template<typename _Tp> const _Tp* [01;36m[Kend[m[K(const valarray<_Tp>&);
                                     [01;36m[K^~~[m[K
[01m[K/usr/include/c++/7/bits/range_access.h:107:37:[m[K [01;36m[Knote: [m[K  ‘[01m[Kstd::end[m[K’
In file included from [01m[K/usr/local/include/boost/range/functions.hpp:19:0[m[K,
                 from [01m[K/usr/local/include/boost/range/iterator_range_core.hpp:38[m[K,
                 from [01m[K/usr/local/include/boost/lexical_cast.hpp:30[m[K,
                 from [01m[K/opt/ros/kinetic/include/ros/transport_hints.h:34[m[K,
                 from [01m[K/opt/ros/kinetic/include/ros/subscribe_options.h:33[m[K,
                 from [01m[K/opt/ros/kinetic/include/ros/node_handle.h:42[m[K,
                 from [01m[K/opt/ros/kinetic/include/ros/ros.h:45[m[K,
                 from [01m[K/home/davencyw/catkinws/dynvinsmono/src/VINS-Mono/vins_estimator/src/utility/../parameters.h:3[m[K,
                 from [01m[K/home/davencyw/catkinws/dynvinsmono/src/VINS-Mono/vins_estimator/src/utility/../feature_manager.h:16[m[K,
                 from [01m[K/home/davencyw/catkinws/dynvinsmono/src/VINS-Mono/vins_estimator/src/utility/../estimator.h:3[m[K,
                 from [01m[K/home/davencyw/catkinws/dynvinsmono/src/VINS-Mono/vins_estimator/src/utility/visualization.h:3[m[K,
                 from [01m[K/home/davencyw/catkinws/dynvinsmono/src/VINS-Mono/vins_estimator/src/utility/visualization.cpp:1[m[K:
[01m[K/usr/local/include/boost/range/end.hpp:100:61:[m[K [01;36m[Knote: [m[K  ‘[01m[Kboost::range_adl_barrier::end[m[K’
 inline BOOST_DEDUCED_TYPENAME range_iterator<const T>::type [01;36m[Kend[m[K( const T& r )
                                                             [01;36m[K^~~[m[K
In file included from [01m[K/usr/local/include/boost/mpl/list/aux_/begin_end.hpp:17:0[m[K,
                 from [01m[K/usr/local/include/boost/mpl/list/list0.hpp:27[m[K,
                 from [01m[K/usr/local/include/boost/mpl/list/list10.hpp:18[m[K,
                 from [01m[K/usr/local/include/boost/mpl/list/list20.hpp:18[m[K,
                 from [01m[K/usr/local/include/boost/mpl/list.hpp:36[m[K,
                 from [01m[K/usr/local/include/boost/math/policies/policy.hpp:9[m[K,
                 from [01m[K/usr/local/include/boost/math/policies/error_handling.hpp:21[m[K,
                 from [01m[K/usr/local/include/boost/math/special_functions/round.hpp:14[m[K,
                 from [01m[K/opt/ros/kinetic/include/ros/time.h:58[m[K,
                 from [01m[K/opt/ros/kinetic/include/ros/console.h:39[m[K,
                 from [01m[K/opt/ros/kinetic/include/ros/assert.h:35[m[K,
                 from [01m[K/home/davencyw/catkinws/dynvinsmono/src/VINS-Mono/vins_estimator/src/utility/../feature_manager.h:13[m[K,
                 from [01m[K/home/davencyw/catkinws/dynvinsmono/src/VINS-Mono/vins_estimator/src/utility/../estimator.h:3[m[K,
                 from [01m[K/home/davencyw/catkinws/dynvinsmono/src/VINS-Mono/vins_estimator/src/utility/visualization.h:3[m[K,
                 from [01m[K/home/davencyw/catkinws/dynvinsmono/src/VINS-Mono/vins_estimator/src/utility/visualization.cpp:1[m[K:
[01m[K/usr/local/include/boost/mpl/begin_end_fwd.hpp:23:38:[m[K [01;36m[Knote: [m[K  ‘[01m[Kboost::mpl::end[m[K’
 template< typename Sequence > struct [01;36m[Kend[m[K;
                                      [01;36m[K^~~[m[K
In file included from [01m[K/usr/local/include/boost/range/functions.hpp:19:0[m[K,
                 from [01m[K/usr/local/include/boost/range/iterator_range_core.hpp:38[m[K,
                 from [01m[K/usr/local/include/boost/lexical_cast.hpp:30[m[K,
                 from [01m[K/opt/ros/kinetic/include/ros/transport_hints.h:34[m[K,
                 from [01m[K/opt/ros/kinetic/include/ros/subscribe_options.h:33[m[K,
                 from [01m[K/opt/ros/kinetic/include/ros/node_handle.h:42[m[K,
                 from [01m[K/opt/ros/kinetic/include/ros/ros.h:45[m[K,
                 from [01m[K/home/davencyw/catkinws/dynvinsmono/src/VINS-Mono/vins_estimator/src/utility/../parameters.h:3[m[K,
                 from [01m[K/home/davencyw/catkinws/dynvinsmono/src/VINS-Mono/vins_estimator/src/utility/../feature_manager.h:16[m[K,
                 from [01m[K/home/davencyw/catkinws/dynvinsmono/src/VINS-Mono/vins_estimator/src/utility/../estimator.h:3[m[K,
                 from [01m[K/home/davencyw/catkinws/dynvinsmono/src/VINS-Mono/vins_estimator/src/utility/visualization.h:3[m[K,
                 from [01m[K/home/davencyw/catkinws/dynvinsmono/src/VINS-Mono/vins_estimator/src/utility/visualization.cpp:1[m[K:
[01m[K/usr/local/include/boost/range/end.hpp:100:61:[m[K [01;36m[Knote: [m[K  ‘[01m[Kboost::range_adl_barrier::end[m[K’
 inline BOOST_DEDUCED_TYPENAME range_iterator<const T>::type [01;36m[Kend[m[K( const T& r )
                                                             [01;36m[K^~~[m[K
In file included from [01m[K/home/davencyw/catkinws/dynvinsmono/src/VINS-Mono/vins_estimator/src/utility/../estimator.h:25:0[m[K,
                 from [01m[K/home/davencyw/catkinws/dynvinsmono/src/VINS-Mono/vins_estimator/src/utility/visualization.h:3[m[K,
                 from [01m[K/home/davencyw/catkinws/dynvinsmono/src/VINS-Mono/vins_estimator/src/utility/visualization.cpp:1[m[K:
[01m[K/home/davencyw/catkinws/dynvinsmono/src/VINS-Mono/vins_estimator/src/utility/../dynenv/cluster.h:66:27:[m[K [01;31m[Kerror: [m[Krequest for member ‘[01m[Kerase[m[K’ in ‘[01m[Kfeatures_in_cluster[m[K’, which is of non-class type ‘[01m[Kint[m[K’
       features_in_cluster.[01;31m[Kerase[m[K(
                           [01;31m[K^~~~~[m[K
[01m[K/home/davencyw/catkinws/dynvinsmono/src/VINS-Mono/vins_estimator/src/utility/../dynenv/cluster.h:67:26:[m[K [01;31m[Kerror: [m[K‘[01m[Kv[m[K’ was not declared in this scope
           std::remove_if([01;31m[Kv[m[K.begin(), v.end(),
                          [01;31m[K^[m[K
[01m[K/home/davencyw/catkinws/dynvinsmono/src/VINS-Mono/vins_estimator/src/utility/../dynenv/cluster.h:[m[K In lambda function:
[01m[K/home/davencyw/catkinws/dynvinsmono/src/VINS-Mono/vins_estimator/src/utility/../dynenv/cluster.h:68:59:[m[K [01;31m[Kerror: [m[KISO C++ forbids comparison between pointer and integer [[01;31m[K-fpermissive[m[K]
                          [](FeaturePerId *i) { return i < [01;31m[K10[m[K; }),
                                                           [01;31m[K^~[m[K
[01m[K/home/davencyw/catkinws/dynvinsmono/src/VINS-Mono/vins_estimator/src/utility/../dynenv/cluster.h:[m[K In member function ‘[01m[Kvirtual std::vector<Eigen::Matrix<double, 2, 1> > SimpleCluster::cluster(FeatureManager&, int)[m[K’:
[01m[K/home/davencyw/catkinws/dynvinsmono/src/VINS-Mono/vins_estimator/src/utility/../dynenv/cluster.h:71:66:[m[K [01;31m[Kerror: [m[Krequest for member ‘[01m[Ksize[m[K’ in ‘[01m[Kfeatures_in_cluster[m[K’, which is of non-class type ‘[01m[Kint[m[K’
       for (int it_per_id_i(0); it_per_id_i < features_in_cluster.[01;31m[Ksize[m[K();
                                                                  [01;31m[K^~~~[m[K
make[2]: *** [CMakeFiles/libutility.dir/src/utility/visualization.cpp.o] Error 1
make[1]: *** [CMakeFiles/libutility.dir/all] Error 2
make: *** [all] Error 2
