In file included from [01m[K/home/davencyw/catkinws/dynvinsmono/src/VINS-Mono/vins_estimator/src/utility/visualization.h:18:0[m[K,
                 from [01m[K/home/davencyw/catkinws/dynvinsmono/src/VINS-Mono/vins_estimator/src/utility/visualization.cpp:1[m[K:
[01m[K/home/davencyw/catkinws/dynvinsmono/src/VINS-Mono/vins_estimator/src/utility/../estimator.h:37:56:[m[K [01;31m[Kerror: [m[K‘[01m[Kreproject_error_max[m[K’ has not been declared
                      double reproject_error_tolerance, [01;31m[Kreproject_error_max[m[K,
                                                        [01;31m[K^~~~~~~~~~~~~~~~~~~[m[K
[01m[K/home/davencyw/catkinws/dynvinsmono/src/VINS-Mono/vins_estimator/src/utility/../estimator.h:38:22:[m[K [01;31m[Kerror: [m[K‘[01m[Kexpweightdist[m[K’ has not been declared
                      [01;31m[Kexpweightdist[m[K) {
                      [01;31m[K^~~~~~~~~~~~~[m[K
[01m[K/home/davencyw/catkinws/dynvinsmono/src/VINS-Mono/vins_estimator/src/utility/../estimator.h:[m[K In member function ‘[01m[Kvoid Estimator::setClassifier(std::__cxx11::string, double, int, int)[m[K’:
[01m[K/home/davencyw/catkinws/dynvinsmono/src/VINS-Mono/vins_estimator/src/utility/../estimator.h:47:19:[m[K [01;31m[Kerror: [m[K‘[01m[Kdouble ClassifyPoint::reproject_error_max[m[K’ is protected within this context
       classifier->[01;31m[Kreproject_error_max[m[K = reproject_error_max;
                   [01;31m[K^~~~~~~~~~~~~~~~~~~[m[K
In file included from [01m[K/home/davencyw/catkinws/dynvinsmono/src/VINS-Mono/vins_estimator/src/utility/../estimator.h:25:0[m[K,
                 from [01m[K/home/davencyw/catkinws/dynvinsmono/src/VINS-Mono/vins_estimator/src/utility/visualization.h:18[m[K,
                 from [01m[K/home/davencyw/catkinws/dynvinsmono/src/VINS-Mono/vins_estimator/src/utility/visualization.cpp:1[m[K:
[01m[K/home/davencyw/catkinws/dynvinsmono/src/VINS-Mono/vins_estimator/src/utility/../dynenv/pointclassifier.h:27:32:[m[K [01;36m[Knote: [m[Kdeclared protected here
   double reproject_error_max = [01;36m[K10000.0[m[K;
                                [01;36m[K^~~~~~~[m[K
In file included from [01m[K/home/davencyw/catkinws/dynvinsmono/src/VINS-Mono/vins_estimator/src/utility/visualization.h:18:0[m[K,
                 from [01m[K/home/davencyw/catkinws/dynvinsmono/src/VINS-Mono/vins_estimator/src/utility/visualization.cpp:1[m[K:
[01m[K/home/davencyw/catkinws/dynvinsmono/src/VINS-Mono/vins_estimator/src/utility/../estimator.h:47:41:[m[K [01;31m[Kerror: [m[K‘[01m[Kreproject_error_max[m[K’ was not declared in this scope
       classifier->reproject_error_max = [01;31m[Kreproject_error_max[m[K;
                                         [01;31m[K^~~~~~~~~~~~~~~~~~~[m[K
[01m[K/home/davencyw/catkinws/dynvinsmono/src/VINS-Mono/vins_estimator/src/utility/../estimator.h:47:41:[m[K [01;36m[Knote: [m[Ksuggested alternative: ‘[01m[Kreproject_error_tolerance[m[K’
       classifier->reproject_error_max = [01;36m[Kreproject_error_max[m[K;
                                         [01;36m[K^~~~~~~~~~~~~~~~~~~[m[K
                                         [32m[Kreproject_error_tolerance[m[K
[01m[K/home/davencyw/catkinws/dynvinsmono/src/VINS-Mono/vins_estimator/src/utility/../estimator.h:48:19:[m[K [01;31m[Kerror: [m[K‘[01m[Kdouble ClassifyPoint::reproject_error_tolerance[m[K’ is protected within this context
       classifier->[01;31m[Kreproject_error_tolerance[m[K = reproject_error_tolerance;
                   [01;31m[K^~~~~~~~~~~~~~~~~~~~~~~~~[m[K
In file included from [01m[K/home/davencyw/catkinws/dynvinsmono/src/VINS-Mono/vins_estimator/src/utility/../estimator.h:25:0[m[K,
                 from [01m[K/home/davencyw/catkinws/dynvinsmono/src/VINS-Mono/vins_estimator/src/utility/visualization.h:18[m[K,
                 from [01m[K/home/davencyw/catkinws/dynvinsmono/src/VINS-Mono/vins_estimator/src/utility/visualization.cpp:1[m[K:
[01m[K/home/davencyw/catkinws/dynvinsmono/src/VINS-Mono/vins_estimator/src/utility/../dynenv/pointclassifier.h:26:38:[m[K [01;36m[Knote: [m[Kdeclared protected here
   double reproject_error_tolerance = [01;36m[K0.1[m[K;
                                      [01;36m[K^~~[m[K
In file included from [01m[K/home/davencyw/catkinws/dynvinsmono/src/VINS-Mono/vins_estimator/src/utility/visualization.h:18:0[m[K,
                 from [01m[K/home/davencyw/catkinws/dynvinsmono/src/VINS-Mono/vins_estimator/src/utility/visualization.cpp:1[m[K:
[01m[K/home/davencyw/catkinws/dynvinsmono/src/VINS-Mono/vins_estimator/src/utility/../estimator.h:49:19:[m[K [01;31m[Kerror: [m[K‘[01m[Kdouble ClassifyPoint::expweightdist[m[K’ is protected within this context
       classifier->[01;31m[Kexpweightdist[m[K = expweightdist;
                   [01;31m[K^~~~~~~~~~~~~[m[K
In file included from [01m[K/home/davencyw/catkinws/dynvinsmono/src/VINS-Mono/vins_estimator/src/utility/../estimator.h:25:0[m[K,
                 from [01m[K/home/davencyw/catkinws/dynvinsmono/src/VINS-Mono/vins_estimator/src/utility/visualization.h:18[m[K,
                 from [01m[K/home/davencyw/catkinws/dynvinsmono/src/VINS-Mono/vins_estimator/src/utility/visualization.cpp:1[m[K:
[01m[K/home/davencyw/catkinws/dynvinsmono/src/VINS-Mono/vins_estimator/src/utility/../dynenv/pointclassifier.h:28:26:[m[K [01;36m[Knote: [m[Kdeclared protected here
   double expweightdist = [01;36m[K0.001[m[K;
                          [01;36m[K^~~~~[m[K
In file included from [01m[K/home/davencyw/catkinws/dynvinsmono/src/VINS-Mono/vins_estimator/src/utility/visualization.h:18:0[m[K,
                 from [01m[K/home/davencyw/catkinws/dynvinsmono/src/VINS-Mono/vins_estimator/src/utility/visualization.cpp:1[m[K:
[01m[K/home/davencyw/catkinws/dynvinsmono/src/VINS-Mono/vins_estimator/src/utility/../estimator.h:49:35:[m[K [01;31m[Kerror: [m[K‘[01m[Kexpweightdist[m[K’ was not declared in this scope
       classifier->expweightdist = [01;31m[Kexpweightdist[m[K;
                                   [01;31m[K^~~~~~~~~~~~~[m[K
make[2]: *** [CMakeFiles/libutility.dir/src/utility/visualization.cpp.o] Error 1
make[1]: *** [CMakeFiles/libutility.dir/all] Error 2
make: *** [all] Error 2
