[01m[K/home/davencyw/catkinws/dynvinsmono/src/VINS-Mono/vins_estimator/src/dynenv/cluster.cc:[m[K In member function ‘[01m[Kvoid ClusterAlgorithm::selectPoints(FeatureManager&, std::vector<FeaturePerId*>&)[m[K’:
[01m[K/home/davencyw/catkinws/dynvinsmono/src/VINS-Mono/vins_estimator/src/dynenv/cluster.cc:28:9:[m[K [01;31m[Kerror: [m[K‘[01m[Kframecount[m[K’ was not declared in this scope
         framecount) {
[01;32m[K         ^[m[K
[01m[K/home/davencyw/catkinws/dynvinsmono/src/VINS-Mono/vins_estimator/src/dynenv/cluster.cc:33:10:[m[K [01;31m[Kerror: [m[K‘[01m[K((ClusterAlgorithm*)this)->ClusterAlgorithm::cluster[m[K’ does not have class type
     if (!cluster.empty()) {
[01;32m[K          ^[m[K
[01m[K/home/davencyw/catkinws/dynvinsmono/src/VINS-Mono/vins_estimator/src/dynenv/cluster.cc:36:29:[m[K [01;31m[Kerror: [m[K‘[01m[K((ClusterAlgorithm*)this)->ClusterAlgorithm::cluster[m[K’ does not have class type
       const int numclusters(cluster.size());
[01;32m[K                             ^[m[K
[01m[K/home/davencyw/catkinws/dynvinsmono/src/VINS-Mono/vins_estimator/src/dynenv/cluster.cc:39:30:[m[K [01;31m[Kerror: [m[Kinvalid initialization of reference of type ‘[01m[Kvoid (ClusterAlgorithm::*&&)(FeatureManager&, int, std::deque<Cluster>&)[m[K’ from expression of type ‘[01m[K<unresolved overloaded function type>[m[K’
       for (auto &cluster_i : cluster) {
[01;32m[K                              ^[m[K
[01m[K/home/davencyw/catkinws/dynvinsmono/src/VINS-Mono/vins_estimator/src/dynenv/cluster.cc:39:30:[m[K [01;31m[Kerror: [m[Kno matching function for call to ‘[01m[Kbegin(void (ClusterAlgorithm::*&)(FeatureManager&, int, std::deque<Cluster>&))[m[K’
In file included from [01m[K/usr/include/c++/5/string:51:0[m[K,
                 from [01m[K/usr/include/c++/5/random:40[m[K,
                 from [01m[K/usr/include/c++/5/bits/stl_algo.h:66[m[K,
                 from [01m[K/usr/include/c++/5/algorithm:62[m[K,
                 from [01m[K/home/davencyw/catkinws/dynvinsmono/src/VINS-Mono/vins_estimator/src/dynenv/../feature_manager.h:4[m[K,
                 from [01m[K/home/davencyw/catkinws/dynvinsmono/src/VINS-Mono/vins_estimator/src/dynenv/cluster.h:4[m[K,
                 from [01m[K/home/davencyw/catkinws/dynvinsmono/src/VINS-Mono/vins_estimator/src/dynenv/cluster.cc:1[m[K:
[01m[K/usr/include/c++/5/bits/range_access.h:105:37:[m[K [01;36m[Knote: [m[Kcandidate: template<class _Tp> const _Tp* std::begin(const std::valarray<_Tp>&)
   template<typename _Tp> const _Tp* begin(const valarray<_Tp>&);
[01;32m[K                                     ^[m[K
[01m[K/usr/include/c++/5/bits/range_access.h:105:37:[m[K [01;36m[Knote: [m[K  template argument deduction/substitution failed:
[01m[K/home/davencyw/catkinws/dynvinsmono/src/VINS-Mono/vins_estimator/src/dynenv/cluster.cc:39:30:[m[K [01;36m[Knote: [m[K  mismatched types ‘[01m[Kconst std::valarray<_Tp>[m[K’ and ‘[01m[Kvoid (ClusterAlgorithm::*)(FeatureManager&, int, std::deque<Cluster>&)[m[K’
       for (auto &cluster_i : cluster) {
[01;32m[K                              ^[m[K
In file included from [01m[K/usr/include/c++/5/string:51:0[m[K,
                 from [01m[K/usr/include/c++/5/random:40[m[K,
                 from [01m[K/usr/include/c++/5/bits/stl_algo.h:66[m[K,
                 from [01m[K/usr/include/c++/5/algorithm:62[m[K,
                 from [01m[K/home/davencyw/catkinws/dynvinsmono/src/VINS-Mono/vins_estimator/src/dynenv/../feature_manager.h:4[m[K,
                 from [01m[K/home/davencyw/catkinws/dynvinsmono/src/VINS-Mono/vins_estimator/src/dynenv/cluster.h:4[m[K,
                 from [01m[K/home/davencyw/catkinws/dynvinsmono/src/VINS-Mono/vins_estimator/src/dynenv/cluster.cc:1[m[K:
[01m[K/usr/include/c++/5/bits/range_access.h:104:31:[m[K [01;36m[Knote: [m[Kcandidate: template<class _Tp> _Tp* std::begin(std::valarray<_Tp>&)
   template<typename _Tp> _Tp* begin(valarray<_Tp>&);
[01;32m[K                               ^[m[K
[01m[K/usr/include/c++/5/bits/range_access.h:104:31:[m[K [01;36m[Knote: [m[K  template argument deduction/substitution failed:
[01m[K/home/davencyw/catkinws/dynvinsmono/src/VINS-Mono/vins_estimator/src/dynenv/cluster.cc:39:30:[m[K [01;36m[Knote: [m[K  mismatched types ‘[01m[Kstd::valarray<_Tp>[m[K’ and ‘[01m[Kvoid (ClusterAlgorithm::*)(FeatureManager&, int, std::deque<Cluster>&)[m[K’
       for (auto &cluster_i : cluster) {
[01;32m[K                              ^[m[K
In file included from [01m[K/usr/include/c++/5/string:51:0[m[K,
                 from [01m[K/usr/include/c++/5/random:40[m[K,
                 from [01m[K/usr/include/c++/5/bits/stl_algo.h:66[m[K,
                 from [01m[K/usr/include/c++/5/algorithm:62[m[K,
                 from [01m[K/home/davencyw/catkinws/dynvinsmono/src/VINS-Mono/vins_estimator/src/dynenv/../feature_manager.h:4[m[K,
                 from [01m[K/home/davencyw/catkinws/dynvinsmono/src/VINS-Mono/vins_estimator/src/dynenv/cluster.h:4[m[K,
                 from [01m[K/home/davencyw/catkinws/dynvinsmono/src/VINS-Mono/vins_estimator/src/dynenv/cluster.cc:1[m[K:
[01m[K/usr/include/c++/5/bits/range_access.h:87:5:[m[K [01;36m[Knote: [m[Kcandidate: template<class _Tp, long unsigned int _Nm> constexpr _Tp* std::begin(_Tp (&)[_Nm])
     begin(_Tp (&__arr)[_Nm])
[01;32m[K     ^[m[K
[01m[K/usr/include/c++/5/bits/range_access.h:87:5:[m[K [01;36m[Knote: [m[K  template argument deduction/substitution failed:
[01m[K/home/davencyw/catkinws/dynvinsmono/src/VINS-Mono/vins_estimator/src/dynenv/cluster.cc:39:30:[m[K [01;36m[Knote: [m[K  mismatched types ‘[01m[K_Tp [_Nm][m[K’ and ‘[01m[Kvoid (ClusterAlgorithm::*)(FeatureManager&, int, std::deque<Cluster>&)[m[K’
       for (auto &cluster_i : cluster) {
[01;32m[K                              ^[m[K
In file included from [01m[K/usr/include/c++/5/string:51:0[m[K,
                 from [01m[K/usr/include/c++/5/random:40[m[K,
                 from [01m[K/usr/include/c++/5/bits/stl_algo.h:66[m[K,
                 from [01m[K/usr/include/c++/5/algorithm:62[m[K,
                 from [01m[K/home/davencyw/catkinws/dynvinsmono/src/VINS-Mono/vins_estimator/src/dynenv/../feature_manager.h:4[m[K,
                 from [01m[K/home/davencyw/catkinws/dynvinsmono/src/VINS-Mono/vins_estimator/src/dynenv/cluster.h:4[m[K,
                 from [01m[K/home/davencyw/catkinws/dynvinsmono/src/VINS-Mono/vins_estimator/src/dynenv/cluster.cc:1[m[K:
[01m[K/usr/include/c++/5/bits/range_access.h:58:5:[m[K [01;36m[Knote: [m[Kcandidate: template<class _Container> decltype (__cont.begin()) std::begin(const _Container&)
     begin(const _Container& __cont) -> decltype(__cont.begin())
[01;32m[K     ^[m[K
[01m[K/usr/include/c++/5/bits/range_access.h:58:5:[m[K [01;36m[Knote: [m[K  template argument deduction/substitution failed:
/usr/include/c++/5/bits/range_access.h: In substitution of ‘[01m[Ktemplate<class _Container> decltype (__cont.begin()) std::begin(const _Container&) [with _Container = void (ClusterAlgorithm::*)(FeatureManager&, int, std::deque<Cluster>&)][m[K’:
[01m[K/home/davencyw/catkinws/dynvinsmono/src/VINS-Mono/vins_estimator/src/dynenv/cluster.cc:39:30:[m[K   required from here
[01m[K/usr/include/c++/5/bits/range_access.h:58:5:[m[K [01;31m[Kerror: [m[Krequest for member ‘[01m[Kbegin[m[K’ in ‘[01m[K__cont[m[K’, which is of non-class type ‘[01m[Kvoid (ClusterAlgorithm::* const)(FeatureManager&, int, std::deque<Cluster>&)[m[K’
[01m[K/usr/include/c++/5/bits/range_access.h:48:5:[m[K [01;36m[Knote: [m[Kcandidate: template<class _Container> decltype (__cont.begin()) std::begin(_Container&)
     begin(_Container& __cont) -> decltype(__cont.begin())
[01;32m[K     ^[m[K
[01m[K/usr/include/c++/5/bits/range_access.h:48:5:[m[K [01;36m[Knote: [m[K  template argument deduction/substitution failed:
/usr/include/c++/5/bits/range_access.h: In substitution of ‘[01m[Ktemplate<class _Container> decltype (__cont.begin()) std::begin(_Container&) [with _Container = void (ClusterAlgorithm::*)(FeatureManager&, int, std::deque<Cluster>&)][m[K’:
[01m[K/home/davencyw/catkinws/dynvinsmono/src/VINS-Mono/vins_estimator/src/dynenv/cluster.cc:39:30:[m[K   required from here
[01m[K/usr/include/c++/5/bits/range_access.h:48:5:[m[K [01;31m[Kerror: [m[Krequest for member ‘[01m[Kbegin[m[K’ in ‘[01m[K__cont[m[K’, which is of non-class type ‘[01m[Kvoid (ClusterAlgorithm::*)(FeatureManager&, int, std::deque<Cluster>&)[m[K’
In file included from [01m[K/usr/include/c++/5/utility:75:0[m[K,
                 from [01m[K/usr/include/c++/5/algorithm:60[m[K,
                 from [01m[K/home/davencyw/catkinws/dynvinsmono/src/VINS-Mono/vins_estimator/src/dynenv/../feature_manager.h:4[m[K,
                 from [01m[K/home/davencyw/catkinws/dynvinsmono/src/VINS-Mono/vins_estimator/src/dynenv/cluster.h:4[m[K,
                 from [01m[K/home/davencyw/catkinws/dynvinsmono/src/VINS-Mono/vins_estimator/src/dynenv/cluster.cc:1[m[K:
[01m[K/usr/include/c++/5/initializer_list:89:5:[m[K [01;36m[Knote: [m[Kcandidate: template<class _Tp> constexpr const _Tp* std::begin(std::initializer_list<_Tp>)
     begin(initializer_list<_Tp> __ils) noexcept
[01;32m[K     ^[m[K
[01m[K/usr/include/c++/5/initializer_list:89:5:[m[K [01;36m[Knote: [m[K  template argument deduction/substitution failed:
[01m[K/home/davencyw/catkinws/dynvinsmono/src/VINS-Mono/vins_estimator/src/dynenv/cluster.cc:39:30:[m[K [01;36m[Knote: [m[K  mismatched types ‘[01m[Kstd::initializer_list<_Tp>[m[K’ and ‘[01m[Kvoid (ClusterAlgorithm::*)(FeatureManager&, int, std::deque<Cluster>&)[m[K’
       for (auto &cluster_i : cluster) {
[01;32m[K                              ^[m[K
[01m[K/home/davencyw/catkinws/dynvinsmono/src/VINS-Mono/vins_estimator/src/dynenv/cluster.cc:39:30:[m[K [01;31m[Kerror: [m[Kno matching function for call to ‘[01m[Kend(void (ClusterAlgorithm::*&)(FeatureManager&, int, std::deque<Cluster>&))[m[K’
In file included from [01m[K/usr/include/c++/5/string:51:0[m[K,
                 from [01m[K/usr/include/c++/5/random:40[m[K,
                 from [01m[K/usr/include/c++/5/bits/stl_algo.h:66[m[K,
                 from [01m[K/usr/include/c++/5/algorithm:62[m[K,
                 from [01m[K/home/davencyw/catkinws/dynvinsmono/src/VINS-Mono/vins_estimator/src/dynenv/../feature_manager.h:4[m[K,
                 from [01m[K/home/davencyw/catkinws/dynvinsmono/src/VINS-Mono/vins_estimator/src/dynenv/cluster.h:4[m[K,
                 from [01m[K/home/davencyw/catkinws/dynvinsmono/src/VINS-Mono/vins_estimator/src/dynenv/cluster.cc:1[m[K:
[01m[K/usr/include/c++/5/bits/range_access.h:107:37:[m[K [01;36m[Knote: [m[Kcandidate: template<class _Tp> const _Tp* std::end(const std::valarray<_Tp>&)
   template<typename _Tp> const _Tp* end(const valarray<_Tp>&);
[01;32m[K                                     ^[m[K
[01m[K/usr/include/c++/5/bits/range_access.h:107:37:[m[K [01;36m[Knote: [m[K  template argument deduction/substitution failed:
[01m[K/home/davencyw/catkinws/dynvinsmono/src/VINS-Mono/vins_estimator/src/dynenv/cluster.cc:39:30:[m[K [01;36m[Knote: [m[K  mismatched types ‘[01m[Kconst std::valarray<_Tp>[m[K’ and ‘[01m[Kvoid (ClusterAlgorithm::*)(FeatureManager&, int, std::deque<Cluster>&)[m[K’
       for (auto &cluster_i : cluster) {
[01;32m[K                              ^[m[K
In file included from [01m[K/usr/include/c++/5/string:51:0[m[K,
                 from [01m[K/usr/include/c++/5/random:40[m[K,
                 from [01m[K/usr/include/c++/5/bits/stl_algo.h:66[m[K,
                 from [01m[K/usr/include/c++/5/algorithm:62[m[K,
                 from [01m[K/home/davencyw/catkinws/dynvinsmono/src/VINS-Mono/vins_estimator/src/dynenv/../feature_manager.h:4[m[K,
                 from [01m[K/home/davencyw/catkinws/dynvinsmono/src/VINS-Mono/vins_estimator/src/dynenv/cluster.h:4[m[K,
                 from [01m[K/home/davencyw/catkinws/dynvinsmono/src/VINS-Mono/vins_estimator/src/dynenv/cluster.cc:1[m[K:
[01m[K/usr/include/c++/5/bits/range_access.h:106:31:[m[K [01;36m[Knote: [m[Kcandidate: template<class _Tp> _Tp* std::end(std::valarray<_Tp>&)
   template<typename _Tp> _Tp* end(valarray<_Tp>&);
[01;32m[K                               ^[m[K
[01m[K/usr/include/c++/5/bits/range_access.h:106:31:[m[K [01;36m[Knote: [m[K  template argument deduction/substitution failed:
[01m[K/home/davencyw/catkinws/dynvinsmono/src/VINS-Mono/vins_estimator/src/dynenv/cluster.cc:39:30:[m[K [01;36m[Knote: [m[K  mismatched types ‘[01m[Kstd::valarray<_Tp>[m[K’ and ‘[01m[Kvoid (ClusterAlgorithm::*)(FeatureManager&, int, std::deque<Cluster>&)[m[K’
       for (auto &cluster_i : cluster) {
[01;32m[K                              ^[m[K
In file included from [01m[K/usr/include/c++/5/string:51:0[m[K,
                 from [01m[K/usr/include/c++/5/random:40[m[K,
                 from [01m[K/usr/include/c++/5/bits/stl_algo.h:66[m[K,
                 from [01m[K/usr/include/c++/5/algorithm:62[m[K,
                 from [01m[K/home/davencyw/catkinws/dynvinsmono/src/VINS-Mono/vins_estimator/src/dynenv/../feature_manager.h:4[m[K,
                 from [01m[K/home/davencyw/catkinws/dynvinsmono/src/VINS-Mono/vins_estimator/src/dynenv/cluster.h:4[m[K,
                 from [01m[K/home/davencyw/catkinws/dynvinsmono/src/VINS-Mono/vins_estimator/src/dynenv/cluster.cc:1[m[K:
[01m[K/usr/include/c++/5/bits/range_access.h:97:5:[m[K [01;36m[Knote: [m[Kcandidate: template<class _Tp, long unsigned int _Nm> constexpr _Tp* std::end(_Tp (&)[_Nm])
     end(_Tp (&__arr)[_Nm])
[01;32m[K     ^[m[K
[01m[K/usr/include/c++/5/bits/range_access.h:97:5:[m[K [01;36m[Knote: [m[K  template argument deduction/substitution failed:
[01m[K/home/davencyw/catkinws/dynvinsmono/src/VINS-Mono/vins_estimator/src/dynenv/cluster.cc:39:30:[m[K [01;36m[Knote: [m[K  mismatched types ‘[01m[K_Tp [_Nm][m[K’ and ‘[01m[Kvoid (ClusterAlgorithm::*)(FeatureManager&, int, std::deque<Cluster>&)[m[K’
       for (auto &cluster_i : cluster) {
[01;32m[K                              ^[m[K
In file included from [01m[K/usr/include/c++/5/string:51:0[m[K,
                 from [01m[K/usr/include/c++/5/random:40[m[K,
                 from [01m[K/usr/include/c++/5/bits/stl_algo.h:66[m[K,
                 from [01m[K/usr/include/c++/5/algorithm:62[m[K,
                 from [01m[K/home/davencyw/catkinws/dynvinsmono/src/VINS-Mono/vins_estimator/src/dynenv/../feature_manager.h:4[m[K,
                 from [01m[K/home/davencyw/catkinws/dynvinsmono/src/VINS-Mono/vins_estimator/src/dynenv/cluster.h:4[m[K,
                 from [01m[K/home/davencyw/catkinws/dynvinsmono/src/VINS-Mono/vins_estimator/src/dynenv/cluster.cc:1[m[K:
[01m[K/usr/include/c++/5/bits/range_access.h:78:5:[m[K [01;36m[Knote: [m[Kcandidate: template<class _Container> decltype (__cont.end()) std::end(const _Container&)
     end(const _Container& __cont) -> decltype(__cont.end())
[01;32m[K     ^[m[K
[01m[K/usr/include/c++/5/bits/range_access.h:78:5:[m[K [01;36m[Knote: [m[K  template argument deduction/substitution failed:
/usr/include/c++/5/bits/range_access.h: In substitution of ‘[01m[Ktemplate<class _Container> decltype (__cont.end()) std::end(const _Container&) [with _Container = void (ClusterAlgorithm::*)(FeatureManager&, int, std::deque<Cluster>&)][m[K’:
[01m[K/home/davencyw/catkinws/dynvinsmono/src/VINS-Mono/vins_estimator/src/dynenv/cluster.cc:39:30:[m[K   required from here
[01m[K/usr/include/c++/5/bits/range_access.h:78:5:[m[K [01;31m[Kerror: [m[Krequest for member ‘[01m[Kend[m[K’ in ‘[01m[K__cont[m[K’, which is of non-class type ‘[01m[Kvoid (ClusterAlgorithm::* const)(FeatureManager&, int, std::deque<Cluster>&)[m[K’
[01m[K/usr/include/c++/5/bits/range_access.h:68:5:[m[K [01;36m[Knote: [m[Kcandidate: template<class _Container> decltype (__cont.end()) std::end(_Container&)
     end(_Container& __cont) -> decltype(__cont.end())
[01;32m[K     ^[m[K
[01m[K/usr/include/c++/5/bits/range_access.h:68:5:[m[K [01;36m[Knote: [m[K  template argument deduction/substitution failed:
/usr/include/c++/5/bits/range_access.h: In substitution of ‘[01m[Ktemplate<class _Container> decltype (__cont.end()) std::end(_Container&) [with _Container = void (ClusterAlgorithm::*)(FeatureManager&, int, std::deque<Cluster>&)][m[K’:
[01m[K/home/davencyw/catkinws/dynvinsmono/src/VINS-Mono/vins_estimator/src/dynenv/cluster.cc:39:30:[m[K   required from here
[01m[K/usr/include/c++/5/bits/range_access.h:68:5:[m[K [01;31m[Kerror: [m[Krequest for member ‘[01m[Kend[m[K’ in ‘[01m[K__cont[m[K’, which is of non-class type ‘[01m[Kvoid (ClusterAlgorithm::*)(FeatureManager&, int, std::deque<Cluster>&)[m[K’
In file included from [01m[K/usr/include/c++/5/utility:75:0[m[K,
                 from [01m[K/usr/include/c++/5/algorithm:60[m[K,
                 from [01m[K/home/davencyw/catkinws/dynvinsmono/src/VINS-Mono/vins_estimator/src/dynenv/../feature_manager.h:4[m[K,
                 from [01m[K/home/davencyw/catkinws/dynvinsmono/src/VINS-Mono/vins_estimator/src/dynenv/cluster.h:4[m[K,
                 from [01m[K/home/davencyw/catkinws/dynvinsmono/src/VINS-Mono/vins_estimator/src/dynenv/cluster.cc:1[m[K:
[01m[K/usr/include/c++/5/initializer_list:99:5:[m[K [01;36m[Knote: [m[Kcandidate: template<class _Tp> constexpr const _Tp* std::end(std::initializer_list<_Tp>)
     end(initializer_list<_Tp> __ils) noexcept
[01;32m[K     ^[m[K
[01m[K/usr/include/c++/5/initializer_list:99:5:[m[K [01;36m[Knote: [m[K  template argument deduction/substitution failed:
[01m[K/home/davencyw/catkinws/dynvinsmono/src/VINS-Mono/vins_estimator/src/dynenv/cluster.cc:39:30:[m[K [01;36m[Knote: [m[K  mismatched types ‘[01m[Kstd::initializer_list<_Tp>[m[K’ and ‘[01m[Kvoid (ClusterAlgorithm::*)(FeatureManager&, int, std::deque<Cluster>&)[m[K’
       for (auto &cluster_i : cluster) {
[01;32m[K                              ^[m[K
[01m[K/home/davencyw/catkinws/dynvinsmono/src/VINS-Mono/vins_estimator/src/dynenv/cluster.cc:65:49:[m[K [01;31m[Kerror: [m[Kno matching function for call to ‘[01m[Kstd::vector<FeaturePerId*>::push_back(FeaturePerId*, int)[m[K’
       cluster_candidates.push_back(&it_per_id, 0);
[01;32m[K                                                 ^[m[K
In file included from [01m[K/usr/include/c++/5/vector:64:0[m[K,
                 from [01m[K/usr/include/c++/5/bits/random.h:34[m[K,
                 from [01m[K/usr/include/c++/5/random:49[m[K,
                 from [01m[K/usr/include/c++/5/bits/stl_algo.h:66[m[K,
                 from [01m[K/usr/include/c++/5/algorithm:62[m[K,
                 from [01m[K/home/davencyw/catkinws/dynvinsmono/src/VINS-Mono/vins_estimator/src/dynenv/../feature_manager.h:4[m[K,
                 from [01m[K/home/davencyw/catkinws/dynvinsmono/src/VINS-Mono/vins_estimator/src/dynenv/cluster.h:4[m[K,
                 from [01m[K/home/davencyw/catkinws/dynvinsmono/src/VINS-Mono/vins_estimator/src/dynenv/cluster.cc:1[m[K:
[01m[K/usr/include/c++/5/bits/stl_vector.h:913:7:[m[K [01;36m[Knote: [m[Kcandidate: void std::vector<_Tp, _Alloc>::push_back(const value_type&) [with _Tp = FeaturePerId*; _Alloc = std::allocator<FeaturePerId*>; std::vector<_Tp, _Alloc>::value_type = FeaturePerId*]
       push_back(const value_type& __x)
[01;32m[K       ^[m[K
[01m[K/usr/include/c++/5/bits/stl_vector.h:913:7:[m[K [01;36m[Knote: [m[K  candidate expects 1 argument, 2 provided
[01m[K/usr/include/c++/5/bits/stl_vector.h:931:7:[m[K [01;36m[Knote: [m[Kcandidate: void std::vector<_Tp, _Alloc>::push_back(std::vector<_Tp, _Alloc>::value_type&&) [with _Tp = FeaturePerId*; _Alloc = std::allocator<FeaturePerId*>; std::vector<_Tp, _Alloc>::value_type = FeaturePerId*]
       push_back(value_type&& __x)
[01;32m[K       ^[m[K
[01m[K/usr/include/c++/5/bits/stl_vector.h:931:7:[m[K [01;36m[Knote: [m[K  candidate expects 1 argument, 2 provided
make[2]: *** [CMakeFiles/libdynenv.dir/src/dynenv/cluster.cc.o] Error 1
make[1]: *** [CMakeFiles/libdynenv.dir/all] Error 2
make[1]: *** Waiting for unfinished jobs....
make: *** [all] Error 2
