In file included from [01m[K/home/davencyw/catkinws/dynvinsmono/src/VINS-Mono/vins_estimator/src/dynenv/cluster.cc:1:0[m[K:
[01m[K/home/davencyw/catkinws/dynvinsmono/src/VINS-Mono/vins_estimator/src/dynenv/cluster.h:86:31:[m[K [01;31m[Kerror: [m[Kexpected identifier before ‘[01m[K-[m[K’ token
   static constexpr int NOISE_(-1);
[01;32m[K                               ^[m[K
[01m[K/home/davencyw/catkinws/dynvinsmono/src/VINS-Mono/vins_estimator/src/dynenv/cluster.h:86:31:[m[K [01;31m[Kerror: [m[Kexpected ‘[01m[K,[m[K’ or ‘[01m[K...[m[K’ before ‘[01m[K-[m[K’ token
[01m[K/home/davencyw/catkinws/dynvinsmono/src/VINS-Mono/vins_estimator/src/dynenv/cluster.h:87:35:[m[K [01;31m[Kerror: [m[Kexpected identifier before ‘[01m[K-[m[K’ token
   static constexpr int UNDEFINED_(-2);
[01;32m[K                                   ^[m[K
[01m[K/home/davencyw/catkinws/dynvinsmono/src/VINS-Mono/vins_estimator/src/dynenv/cluster.h:87:35:[m[K [01;31m[Kerror: [m[Kexpected ‘[01m[K,[m[K’ or ‘[01m[K...[m[K’ before ‘[01m[K-[m[K’ token
[01m[K/home/davencyw/catkinws/dynvinsmono/src/VINS-Mono/vins_estimator/src/dynenv/cluster.cc:[m[K In member function ‘[01m[Kvoid DbscanCluster::dbscan(const std::vector<std::pair<FeaturePerId*, double> >&, double, unsigned int)[m[K’:
[01m[K/home/davencyw/catkinws/dynvinsmono/src/VINS-Mono/vins_estimator/src/dynenv/cluster.cc:233:23:[m[K [01;31m[Kerror: [m[Kinvalid conversion from ‘[01m[Kint (*)(int)[m[K’ to ‘[01m[Kstd::map<unsigned int, int>::mapped_type {aka int}[m[K’ [-fpermissive]
     labels[feature_i] = UNDEFINED_;
[01;32m[K                       ^[m[K
[01m[K/home/davencyw/catkinws/dynvinsmono/src/VINS-Mono/vins_estimator/src/dynenv/cluster.cc:242:32:[m[K [01;31m[Kerror: [m[KISO C++ forbids comparison between pointer and integer [-fpermissive]
     if (labels[candidate_i] == UNDEFINED_) {
[01;32m[K                                ^[m[K
[01m[K/home/davencyw/catkinws/dynvinsmono/src/VINS-Mono/vins_estimator/src/dynenv/cluster.cc:245:29:[m[K [01;31m[Kerror: [m[Kinvalid conversion from ‘[01m[Kint (*)(int)[m[K’ to ‘[01m[Kstd::map<unsigned int, int>::mapped_type {aka int}[m[K’ [-fpermissive]
         labels[candidate_i] = NOISE_;
[01;32m[K                             ^[m[K
[01m[K/home/davencyw/catkinws/dynvinsmono/src/VINS-Mono/vins_estimator/src/dynenv/cluster.cc:[m[K In member function ‘[01m[Kvoid DbscanCluster::expandCluster(int, const std::vector<int>&, const std::map<unsigned int, int>&, int, unsigned int)[m[K’:
[01m[K/home/davencyw/catkinws/dynvinsmono/src/VINS-Mono/vins_estimator/src/dynenv/cluster.cc:261:19:[m[K [01;31m[Kerror: [m[Kpassing ‘[01m[Kconst std::map<unsigned int, int>[m[K’ as ‘[01m[Kthis[m[K’ argument discards qualifiers [-fpermissive]
   labels[feature_i] = clustercount;
[01;32m[K                   ^[m[K
In file included from [01m[K/usr/include/c++/5/map:61:0[m[K,
                 from [01m[K/opt/ros/kinetic/include/ros/console.h:42[m[K,
                 from [01m[K/opt/ros/kinetic/include/ros/assert.h:35[m[K,
                 from [01m[K/home/davencyw/catkinws/dynvinsmono/src/VINS-Mono/vins_estimator/src/dynenv/../feature_manager.h:13[m[K,
                 from [01m[K/home/davencyw/catkinws/dynvinsmono/src/VINS-Mono/vins_estimator/src/dynenv/cluster.h:4[m[K,
                 from [01m[K/home/davencyw/catkinws/dynvinsmono/src/VINS-Mono/vins_estimator/src/dynenv/cluster.cc:1[m[K:
[01m[K/usr/include/c++/5/bits/stl_map.h:494:7:[m[K [01;36m[Knote: [m[K  in call to ‘[01m[Kstd::map<_Key, _Tp, _Compare, _Alloc>::mapped_type& std::map<_Key, _Tp, _Compare, _Alloc>::operator[](std::map<_Key, _Tp, _Compare, _Alloc>::key_type&&) [with _Key = unsigned int; _Tp = int; _Compare = std::less<unsigned int>; _Alloc = std::allocator<std::pair<const unsigned int, int> >; std::map<_Key, _Tp, _Compare, _Alloc>::mapped_type = int; std::map<_Key, _Tp, _Compare, _Alloc>::key_type = unsigned int][m[K’
       operator[](key_type&& __k)
[01;32m[K       ^[m[K
[01m[K/home/davencyw/catkinws/dynvinsmono/src/VINS-Mono/vins_estimator/src/dynenv/cluster.cc:263:39:[m[K [01;31m[Kerror: [m[Kpassing ‘[01m[Kconst std::map<unsigned int, int>[m[K’ as ‘[01m[Kthis[m[K’ argument discards qualifiers [-fpermissive]
     if (labels[neighbours[neighbour_i]] == UNDEFINED_) {
[01;32m[K                                       ^[m[K
In file included from [01m[K/usr/include/c++/5/map:61:0[m[K,
                 from [01m[K/opt/ros/kinetic/include/ros/console.h:42[m[K,
                 from [01m[K/opt/ros/kinetic/include/ros/assert.h:35[m[K,
                 from [01m[K/home/davencyw/catkinws/dynvinsmono/src/VINS-Mono/vins_estimator/src/dynenv/../feature_manager.h:13[m[K,
                 from [01m[K/home/davencyw/catkinws/dynvinsmono/src/VINS-Mono/vins_estimator/src/dynenv/cluster.h:4[m[K,
                 from [01m[K/home/davencyw/catkinws/dynvinsmono/src/VINS-Mono/vins_estimator/src/dynenv/cluster.cc:1[m[K:
[01m[K/usr/include/c++/5/bits/stl_map.h:494:7:[m[K [01;36m[Knote: [m[K  in call to ‘[01m[Kstd::map<_Key, _Tp, _Compare, _Alloc>::mapped_type& std::map<_Key, _Tp, _Compare, _Alloc>::operator[](std::map<_Key, _Tp, _Compare, _Alloc>::key_type&&) [with _Key = unsigned int; _Tp = int; _Compare = std::less<unsigned int>; _Alloc = std::allocator<std::pair<const unsigned int, int> >; std::map<_Key, _Tp, _Compare, _Alloc>::mapped_type = int; std::map<_Key, _Tp, _Compare, _Alloc>::key_type = unsigned int][m[K’
       operator[](key_type&& __k)
[01;32m[K       ^[m[K
[01m[K/home/davencyw/catkinws/dynvinsmono/src/VINS-Mono/vins_estimator/src/dynenv/cluster.cc:263:44:[m[K [01;31m[Kerror: [m[KISO C++ forbids comparison between pointer and integer [-fpermissive]
     if (labels[neighbours[neighbour_i]] == UNDEFINED_) {
[01;32m[K                                            ^[m[K
[01m[K/home/davencyw/catkinws/dynvinsmono/src/VINS-Mono/vins_estimator/src/dynenv/cluster.cc:264:37:[m[K [01;31m[Kerror: [m[Kpassing ‘[01m[Kconst std::map<unsigned int, int>[m[K’ as ‘[01m[Kthis[m[K’ argument discards qualifiers [-fpermissive]
       labels[neighbours[neighbour_i]] = clustercount;
[01;32m[K                                     ^[m[K
In file included from [01m[K/usr/include/c++/5/map:61:0[m[K,
                 from [01m[K/opt/ros/kinetic/include/ros/console.h:42[m[K,
                 from [01m[K/opt/ros/kinetic/include/ros/assert.h:35[m[K,
                 from [01m[K/home/davencyw/catkinws/dynvinsmono/src/VINS-Mono/vins_estimator/src/dynenv/../feature_manager.h:13[m[K,
                 from [01m[K/home/davencyw/catkinws/dynvinsmono/src/VINS-Mono/vins_estimator/src/dynenv/cluster.h:4[m[K,
                 from [01m[K/home/davencyw/catkinws/dynvinsmono/src/VINS-Mono/vins_estimator/src/dynenv/cluster.cc:1[m[K:
[01m[K/usr/include/c++/5/bits/stl_map.h:494:7:[m[K [01;36m[Knote: [m[K  in call to ‘[01m[Kstd::map<_Key, _Tp, _Compare, _Alloc>::mapped_type& std::map<_Key, _Tp, _Compare, _Alloc>::operator[](std::map<_Key, _Tp, _Compare, _Alloc>::key_type&&) [with _Key = unsigned int; _Tp = int; _Compare = std::less<unsigned int>; _Alloc = std::allocator<std::pair<const unsigned int, int> >; std::map<_Key, _Tp, _Compare, _Alloc>::mapped_type = int; std::map<_Key, _Tp, _Compare, _Alloc>::key_type = unsigned int][m[K’
       operator[](key_type&& __k)
[01;32m[K       ^[m[K
[01m[K/home/davencyw/catkinws/dynvinsmono/src/VINS-Mono/vins_estimator/src/dynenv/cluster.cc:268:46:[m[K [01;31m[Kerror: [m[Kno matching function for call to ‘[01m[KDbscanCluster::expandCluster(const value_type&, const std::map<unsigned int, int>&, std::vector<int>&, const int&, const unsigned int&)[m[K’
                       clustercount, minpoints);
[01;32m[K                                              ^[m[K
[01m[K/home/davencyw/catkinws/dynvinsmono/src/VINS-Mono/vins_estimator/src/dynenv/cluster.cc:256:6:[m[K [01;36m[Knote: [m[Kcandidate: void DbscanCluster::expandCluster(int, const std::vector<int>&, const std::map<unsigned int, int>&, int, unsigned int)
 void DbscanCluster::expandCluster(const int feature_i,
[01;32m[K      ^[m[K
[01m[K/home/davencyw/catkinws/dynvinsmono/src/VINS-Mono/vins_estimator/src/dynenv/cluster.cc:256:6:[m[K [01;36m[Knote: [m[K  no known conversion for argument 2 from ‘[01m[Kconst std::map<unsigned int, int>[m[K’ to ‘[01m[Kconst std::vector<int>&[m[K’
In file included from [01m[K/home/davencyw/catkinws/dynvinsmono/src/VINS-Mono/vins_estimator/src/dynenv/cluster.cc:1:0[m[K:
[01m[K/home/davencyw/catkinws/dynvinsmono/src/VINS-Mono/vins_estimator/src/dynenv/cluster.h:[m[K At global scope:
[01m[K/home/davencyw/catkinws/dynvinsmono/src/VINS-Mono/vins_estimator/src/dynenv/cluster.h:87:24:[m[K [01;35m[Kwarning: [m[Kinline function ‘[01m[Kstatic constexpr int DbscanCluster::UNDEFINED_(int)[m[K’ used but never defined
   static constexpr int UNDEFINED_(-2);
[01;32m[K                        ^[m[K
[01m[K/home/davencyw/catkinws/dynvinsmono/src/VINS-Mono/vins_estimator/src/dynenv/cluster.h:86:24:[m[K [01;35m[Kwarning: [m[Kinline function ‘[01m[Kstatic constexpr int DbscanCluster::NOISE_(int)[m[K’ used but never defined
   static constexpr int NOISE_(-1);
[01;32m[K                        ^[m[K
make[2]: *** [CMakeFiles/libdynenv.dir/src/dynenv/cluster.cc.o] Error 1
make[1]: *** [CMakeFiles/libdynenv.dir/all] Error 2
make[1]: *** Waiting for unfinished jobs....
In file included from [01m[K/home/davencyw/catkinws/dynvinsmono/src/VINS-Mono/vins_estimator/src/utility/../estimator.h:25:0[m[K,
                 from [01m[K/home/davencyw/catkinws/dynvinsmono/src/VINS-Mono/vins_estimator/src/utility/visualization.h:3[m[K,
                 from [01m[K/home/davencyw/catkinws/dynvinsmono/src/VINS-Mono/vins_estimator/src/utility/visualization.cpp:1[m[K:
[01m[K/home/davencyw/catkinws/dynvinsmono/src/VINS-Mono/vins_estimator/src/utility/../dynenv/cluster.h:86:31:[m[K [01;31m[Kerror: [m[Kexpected identifier before ‘[01m[K-[m[K’ token
   static constexpr int NOISE_(-1);
[01;32m[K                               ^[m[K
[01m[K/home/davencyw/catkinws/dynvinsmono/src/VINS-Mono/vins_estimator/src/utility/../dynenv/cluster.h:86:31:[m[K [01;31m[Kerror: [m[Kexpected ‘[01m[K,[m[K’ or ‘[01m[K...[m[K’ before ‘[01m[K-[m[K’ token
[01m[K/home/davencyw/catkinws/dynvinsmono/src/VINS-Mono/vins_estimator/src/utility/../dynenv/cluster.h:87:35:[m[K [01;31m[Kerror: [m[Kexpected identifier before ‘[01m[K-[m[K’ token
   static constexpr int UNDEFINED_(-2);
[01;32m[K                                   ^[m[K
[01m[K/home/davencyw/catkinws/dynvinsmono/src/VINS-Mono/vins_estimator/src/utility/../dynenv/cluster.h:87:35:[m[K [01;31m[Kerror: [m[Kexpected ‘[01m[K,[m[K’ or ‘[01m[K...[m[K’ before ‘[01m[K-[m[K’ token
make[2]: *** [CMakeFiles/libutility.dir/src/utility/visualization.cpp.o] Error 1
make[1]: *** [CMakeFiles/libutility.dir/all] Error 2
make: *** [all] Error 2
