[01m[K/home/davencyw/catkinws/dynvinsmono/src/VINS-Mono/vins_estimator/src/dynenv/cluster.cc:[m[K In member function ‘[01m[Kvoid DbscanCluster::dbscan(const std::vector<std::pair<FeaturePerId*, double> >&, double, unsigned int)[m[K’:
[01m[K/home/davencyw/catkinws/dynvinsmono/src/VINS-Mono/vins_estimator/src/dynenv/cluster.cc:252:54:[m[K [01;31m[Kerror: [m[Kno matching function for call to ‘[01m[Kstd::vector<int>::vector(__gnu_cxx::__normal_iterator<int*, std::vector<int> >)[m[K’
       std::unique(label_vec.begin(), label_vec.end()));
[01;32m[K                                                      ^[m[K
In file included from [01m[K/usr/include/c++/5/vector:64:0[m[K,
                 from [01m[K/usr/include/c++/5/bits/random.h:34[m[K,
                 from [01m[K/usr/include/c++/5/random:49[m[K,
                 from [01m[K/usr/include/c++/5/bits/stl_algo.h:66[m[K,
                 from [01m[K/usr/include/c++/5/algorithm:62[m[K,
                 from [01m[K/home/davencyw/catkinws/dynvinsmono/src/VINS-Mono/vins_estimator/src/dynenv/../feature_manager.h:4[m[K,
                 from [01m[K/home/davencyw/catkinws/dynvinsmono/src/VINS-Mono/vins_estimator/src/dynenv/cluster.h:4[m[K,
                 from [01m[K/home/davencyw/catkinws/dynvinsmono/src/VINS-Mono/vins_estimator/src/dynenv/cluster.cc:1[m[K:
[01m[K/usr/include/c++/5/bits/stl_vector.h:401:9:[m[K [01;36m[Knote: [m[Kcandidate: template<class _InputIterator, class> std::vector<_Tp, _Alloc>::vector(_InputIterator, _InputIterator, const allocator_type&)
         vector(_InputIterator __first, _InputIterator __last,
[01;32m[K         ^[m[K
[01m[K/usr/include/c++/5/bits/stl_vector.h:401:9:[m[K [01;36m[Knote: [m[K  template argument deduction/substitution failed:
[01m[K/home/davencyw/catkinws/dynvinsmono/src/VINS-Mono/vins_estimator/src/dynenv/cluster.cc:252:54:[m[K [01;36m[Knote: [m[K  candidate expects 3 arguments, 1 provided
       std::unique(label_vec.begin(), label_vec.end()));
[01;32m[K                                                      ^[m[K
In file included from [01m[K/usr/include/c++/5/vector:64:0[m[K,
                 from [01m[K/usr/include/c++/5/bits/random.h:34[m[K,
                 from [01m[K/usr/include/c++/5/random:49[m[K,
                 from [01m[K/usr/include/c++/5/bits/stl_algo.h:66[m[K,
                 from [01m[K/usr/include/c++/5/algorithm:62[m[K,
                 from [01m[K/home/davencyw/catkinws/dynvinsmono/src/VINS-Mono/vins_estimator/src/dynenv/../feature_manager.h:4[m[K,
                 from [01m[K/home/davencyw/catkinws/dynvinsmono/src/VINS-Mono/vins_estimator/src/dynenv/cluster.h:4[m[K,
                 from [01m[K/home/davencyw/catkinws/dynvinsmono/src/VINS-Mono/vins_estimator/src/dynenv/cluster.cc:1[m[K:
[01m[K/usr/include/c++/5/bits/stl_vector.h:373:7:[m[K [01;36m[Knote: [m[Kcandidate: std::vector<_Tp, _Alloc>::vector(std::initializer_list<_Tp>, const allocator_type&) [with _Tp = int; _Alloc = std::allocator<int>; std::vector<_Tp, _Alloc>::allocator_type = std::allocator<int>]
       vector(initializer_list<value_type> __l,
[01;32m[K       ^[m[K
[01m[K/usr/include/c++/5/bits/stl_vector.h:373:7:[m[K [01;36m[Knote: [m[K  no known conversion for argument 1 from ‘[01m[K__gnu_cxx::__normal_iterator<int*, std::vector<int> >[m[K’ to ‘[01m[Kstd::initializer_list<int>[m[K’
[01m[K/usr/include/c++/5/bits/stl_vector.h:348:7:[m[K [01;36m[Knote: [m[Kcandidate: std::vector<_Tp, _Alloc>::vector(std::vector<_Tp, _Alloc>&&, const allocator_type&) [with _Tp = int; _Alloc = std::allocator<int>; std::vector<_Tp, _Alloc>::allocator_type = std::allocator<int>]
       vector(vector&& __rv, const allocator_type& __m)
[01;32m[K       ^[m[K
[01m[K/usr/include/c++/5/bits/stl_vector.h:348:7:[m[K [01;36m[Knote: [m[K  candidate expects 2 arguments, 1 provided
[01m[K/usr/include/c++/5/bits/stl_vector.h:339:7:[m[K [01;36m[Knote: [m[Kcandidate: std::vector<_Tp, _Alloc>::vector(const std::vector<_Tp, _Alloc>&, const allocator_type&) [with _Tp = int; _Alloc = std::allocator<int>; std::vector<_Tp, _Alloc>::allocator_type = std::allocator<int>]
       vector(const vector& __x, const allocator_type& __a)
[01;32m[K       ^[m[K
[01m[K/usr/include/c++/5/bits/stl_vector.h:339:7:[m[K [01;36m[Knote: [m[K  candidate expects 2 arguments, 1 provided
[01m[K/usr/include/c++/5/bits/stl_vector.h:335:7:[m[K [01;36m[Knote: [m[Kcandidate: std::vector<_Tp, _Alloc>::vector(std::vector<_Tp, _Alloc>&&) [with _Tp = int; _Alloc = std::allocator<int>]
       vector(vector&& __x) noexcept
[01;32m[K       ^[m[K
[01m[K/usr/include/c++/5/bits/stl_vector.h:335:7:[m[K [01;36m[Knote: [m[K  no known conversion for argument 1 from ‘[01m[K__gnu_cxx::__normal_iterator<int*, std::vector<int> >[m[K’ to ‘[01m[Kstd::vector<int>&&[m[K’
[01m[K/usr/include/c++/5/bits/stl_vector.h:318:7:[m[K [01;36m[Knote: [m[Kcandidate: std::vector<_Tp, _Alloc>::vector(const std::vector<_Tp, _Alloc>&) [with _Tp = int; _Alloc = std::allocator<int>]
       vector(const vector& __x)
[01;32m[K       ^[m[K
[01m[K/usr/include/c++/5/bits/stl_vector.h:318:7:[m[K [01;36m[Knote: [m[K  no known conversion for argument 1 from ‘[01m[K__gnu_cxx::__normal_iterator<int*, std::vector<int> >[m[K’ to ‘[01m[Kconst std::vector<int>&[m[K’
[01m[K/usr/include/c++/5/bits/stl_vector.h:289:7:[m[K [01;36m[Knote: [m[Kcandidate: std::vector<_Tp, _Alloc>::vector(std::vector<_Tp, _Alloc>::size_type, const value_type&, const allocator_type&) [with _Tp = int; _Alloc = std::allocator<int>; std::vector<_Tp, _Alloc>::size_type = long unsigned int; std::vector<_Tp, _Alloc>::value_type = int; std::vector<_Tp, _Alloc>::allocator_type = std::allocator<int>]
       vector(size_type __n, const value_type& __value,
[01;32m[K       ^[m[K
[01m[K/usr/include/c++/5/bits/stl_vector.h:289:7:[m[K [01;36m[Knote: [m[K  candidate expects 3 arguments, 1 provided
[01m[K/usr/include/c++/5/bits/stl_vector.h:277:7:[m[K [01;36m[Knote: [m[Kcandidate: std::vector<_Tp, _Alloc>::vector(std::vector<_Tp, _Alloc>::size_type, const allocator_type&) [with _Tp = int; _Alloc = std::allocator<int>; std::vector<_Tp, _Alloc>::size_type = long unsigned int; std::vector<_Tp, _Alloc>::allocator_type = std::allocator<int>]
       vector(size_type __n, const allocator_type& __a = allocator_type())
[01;32m[K       ^[m[K
[01m[K/usr/include/c++/5/bits/stl_vector.h:277:7:[m[K [01;36m[Knote: [m[K  no known conversion for argument 1 from ‘[01m[K__gnu_cxx::__normal_iterator<int*, std::vector<int> >[m[K’ to ‘[01m[Kstd::vector<int>::size_type {aka long unsigned int}[m[K’
[01m[K/usr/include/c++/5/bits/stl_vector.h:264:7:[m[K [01;36m[Knote: [m[Kcandidate: std::vector<_Tp, _Alloc>::vector(const allocator_type&) [with _Tp = int; _Alloc = std::allocator<int>; std::vector<_Tp, _Alloc>::allocator_type = std::allocator<int>]
       vector(const allocator_type& __a) _GLIBCXX_NOEXCEPT
[01;32m[K       ^[m[K
[01m[K/usr/include/c++/5/bits/stl_vector.h:264:7:[m[K [01;36m[Knote: [m[K  no known conversion for argument 1 from ‘[01m[K__gnu_cxx::__normal_iterator<int*, std::vector<int> >[m[K’ to ‘[01m[Kconst allocator_type& {aka const std::allocator<int>&}[m[K’
[01m[K/usr/include/c++/5/bits/stl_vector.h:253:7:[m[K [01;36m[Knote: [m[Kcandidate: std::vector<_Tp, _Alloc>::vector() [with _Tp = int; _Alloc = std::allocator<int>]
       vector()
[01;32m[K       ^[m[K
[01m[K/usr/include/c++/5/bits/stl_vector.h:253:7:[m[K [01;36m[Knote: [m[K  candidate expects 0 arguments, 1 provided
make[2]: *** [CMakeFiles/libdynenv.dir/src/dynenv/cluster.cc.o] Error 1
make[1]: *** [CMakeFiles/libdynenv.dir/all] Error 2
make: *** [all] Error 2
