[36m--[0m Using CATKIN_DEVEL_PREFIX: /home/davencyw/catkinws/dynvinsmono/devel/.private/camera_model
[36m--[0m Using CMAKE_PREFIX_PATH: /home/davencyw/catkinws/dynvinsmono/devel;/opt/ros/kinetic
[36m--[0m This workspace overlays: /home/davencyw/catkinws/dynvinsmono/devel;/opt/ros/kinetic
[36m--[0m Using PYTHON_EXECUTABLE: /usr/bin/python
[36m--[0m Using Debian Python package layout
[36m--[0m Using empy: /usr/bin/empy
[36m--[0m Using CATKIN_ENABLE_TESTING: ON
[36m--[0m Call enable_testing()
[36m--[0m Using CATKIN_TEST_RESULTS_DIR: /home/davencyw/catkinws/dynvinsmono/build/camera_model/test_results
[36m--[0m Found gmock sources under '/usr/src/gmock': gmock will be built
[36m--[0m Found gtest sources under '/usr/src/gmock': gtests will be built
[36m--[0m Using Python nosetests: /usr/bin/nosetests-2.7
[36m--[0m catkin 0.7.14
[33m[1mCMake Warning[0m at /usr/share/cmake-3.5/Modules/FindBoost.cmake:725 (message):
  Imported targets not available for Boost version 106700
[36mCall Stack (most recent call first):[0m
  /usr/share/cmake-3.5/Modules/FindBoost.cmake:763 (_Boost_COMPONENT_DEPENDENCIES)
  /usr/share/cmake-3.5/Modules/FindBoost.cmake:1332 (_Boost_MISSING_DEPENDENCIES)
  CMakeLists.txt:13 (find_package)


[33m[1mCMake Warning[0m at /usr/share/cmake-3.5/Modules/FindBoost.cmake:725 (message):
  Imported targets not available for Boost version 106700
[36mCall Stack (most recent call first):[0m
  /usr/share/cmake-3.5/Modules/FindBoost.cmake:763 (_Boost_COMPONENT_DEPENDENCIES)
  /usr/share/cmake-3.5/Modules/FindBoost.cmake:1332 (_Boost_MISSING_DEPENDENCIES)
  CMakeLists.txt:13 (find_package)


[33m[1mCMake Warning[0m at /usr/share/cmake-3.5/Modules/FindBoost.cmake:725 (message):
  Imported targets not available for Boost version 106700
[36mCall Stack (most recent call first):[0m
  /usr/share/cmake-3.5/Modules/FindBoost.cmake:763 (_Boost_COMPONENT_DEPENDENCIES)
  /usr/share/cmake-3.5/Modules/FindBoost.cmake:1332 (_Boost_MISSING_DEPENDENCIES)
  CMakeLists.txt:13 (find_package)


[36m--[0m Boost version: 1.67.0
[36m--[0m Found the following Boost libraries:
[36m--[0m   filesystem
[36m--[0m   program_options
[36m--[0m   system
[36m--[0m Found installed version of Eigen: /usr/lib/cmake/eigen3
[36m--[0m Found required Ceres dependency: Eigen version 3.2.92 in /usr/include/eigen3
[36m--[0m Found required Ceres dependency: glog
[36m--[0m Found required Ceres dependency: gflags
[36m--[0m Found Ceres version: 1.14.0 installed in: /usr/local with components: [EigenSparse, SparseLinearAlgebraLibrary, LAPACK, SuiteSparse, CXSparse, SchurSpecializations, OpenMP, Multithreading]
[36m--[0m Configuring done
[36m--[0m Generating done
[36m--[0m Build files have been written to: /home/davencyw/catkinws/dynvinsmono/build/camera_model
